2024-12-30 23:50:56.415 [info] Added views:workbench.panel.markers.view in workbench.panel.markers
2024-12-30 23:50:56.415 [info] Added views:workbench.panel.output in workbench.panel.output
2024-12-30 23:50:56.415 [info] Added views:terminal in terminal
2024-12-30 23:50:56.415 [info] Added views:outline in workbench.view.explorer
2024-12-30 23:50:56.415 [info] Added views:workbench.scm in workbench.view.scm
2024-12-30 23:50:56.415 [info] Added views:workbench.view.search in workbench.view.search
2024-12-30 23:50:56.415 [info] Added views:timeline in workbench.view.explorer
2024-12-30 23:50:56.415 [info] Added views:workbench.explorer.fileView in workbench.view.explorer
2024-12-30 23:50:57.179 [info] Added views:workbench.debug.welcome in workbench.view.debug
2024-12-30 23:50:59.280 [info] Added views:workbench.panel.repl.view in workbench.panel.repl
2024-12-30 23:51:06.319 [info] Added views:workbench.panel.markers.view in workbench.panel.markers
2024-12-30 23:51:06.319 [info] Added views:workbench.panel.output in workbench.panel.output
2024-12-30 23:51:06.319 [info] Added views:terminal in terminal
2024-12-30 23:51:06.319 [info] Added views:outline in workbench.view.explorer
2024-12-30 23:51:06.319 [info] Added views:workbench.scm in workbench.view.scm
2024-12-30 23:51:06.319 [info] Added views:workbench.view.search in workbench.view.search
2024-12-30 23:51:06.319 [info] Added views:timeline in workbench.view.explorer
2024-12-30 23:51:06.319 [info] Added views:workbench.explorer.fileView in workbench.view.explorer
2024-12-30 23:51:06.598 [info] Added views:workbench.debug.welcome in workbench.view.debug
2024-12-30 23:51:06.887 [info] Added views:dotenv.view.vault in workbench.view.extension.dotenv
2024-12-30 23:51:07.448 [info] Added views:workbench.panel.repl.view in workbench.panel.repl
2024-12-30 23:51:13.433 [info] Added views:~remote.forwardedPorts in ~remote.forwardedPortsContainer
