2025-03-08 11:32:44.957 [info] Log level: Info
2025-03-08 11:32:44.957 [info] Validating found git in: "git"
2025-03-08 11:32:44.957 [info] Using git "2.43.0" from "git"
2025-03-08 11:32:44.957 [info] > git rev-parse --show-toplevel [60ms]
2025-03-08 11:32:44.957 [info] > git rev-parse --git-dir --git-common-dir [8ms]
2025-03-08 11:32:44.957 [info] Open repository: /mnt/hdd/HDD(lost+found)/instant_chef_project/recipe_filter
2025-03-08 11:32:44.957 [info] > git config --get commit.template [19ms]
2025-03-08 11:32:44.960 [info] > git rev-parse --show-toplevel [10ms]
2025-03-08 11:32:45.041 [info] > git rev-parse --show-toplevel [40ms]
2025-03-08 11:32:45.193 [info] > git for-each-ref --format=%(refname)%00%(upstream:short)%00%(objectname)%00%(upstream:track)%00%(upstream:remotename)%00%(upstream:remoteref) refs/heads/main refs/remotes/main [209ms]
2025-03-08 11:32:45.217 [info] > git rev-parse --show-toplevel [156ms]
2025-03-08 11:32:45.245 [info] > git rev-parse --show-toplevel [3ms]
2025-03-08 11:32:45.295 [info] > git rev-parse --show-toplevel [9ms]
2025-03-08 11:32:45.317 [info] > git rev-parse --show-toplevel [6ms]
2025-03-08 11:32:45.352 [info] > git rev-parse --show-toplevel [10ms]
2025-03-08 11:32:45.373 [info] > git rev-parse --show-toplevel [3ms]
2025-03-08 11:32:46.181 [info] > git check-ignore -v -z --stdin [402ms]
2025-03-08 11:32:52.196 [info] Log level: Info
2025-03-08 11:32:52.196 [info] Validating found git in: "git"
2025-03-08 11:32:52.197 [info] Using git "2.43.0" from "git"
2025-03-08 11:32:52.197 [info] > git rev-parse --show-toplevel [41ms]
2025-03-08 11:32:52.225 [info] > git rev-parse --git-dir --git-common-dir [11ms]
2025-03-08 11:32:52.301 [info] Open repository: /mnt/hdd/HDD(lost+found)/instant_chef_project/recipe_filter
2025-03-08 11:32:52.343 [info] > git config --get commit.template [24ms]
2025-03-08 11:32:52.391 [info] > git rev-parse --show-toplevel [61ms]
2025-03-08 11:32:52.433 [info] > git for-each-ref --format=%(refname)%00%(upstream:short)%00%(objectname)%00%(upstream:track)%00%(upstream:remotename)%00%(upstream:remoteref) refs/heads/main refs/remotes/main [17ms]
2025-03-08 11:32:52.447 [info] > git rev-parse --show-toplevel [16ms]
2025-03-08 11:32:52.464 [info] > git rev-parse --show-toplevel [1ms]
2025-03-08 11:32:52.486 [info] > git rev-parse --show-toplevel [6ms]
2025-03-08 11:32:52.506 [info] > git rev-parse --show-toplevel [1ms]
2025-03-08 11:32:52.532 [info] > git rev-parse --show-toplevel [5ms]
2025-03-08 11:32:52.786 [info] > git status -z -uall [345ms]
2025-03-08 11:32:52.829 [info] > git rev-parse --show-toplevel [278ms]
2025-03-08 11:32:52.877 [info] > git rev-parse --show-toplevel [22ms]
2025-03-08 11:32:52.889 [info] > git config --get commit.template [38ms]
2025-03-08 11:32:53.160 [info] > git check-ignore -v -z --stdin [285ms]
2025-03-08 11:32:53.167 [info] > git for-each-ref --format=%(refname)%00%(upstream:short)%00%(objectname)%00%(upstream:track)%00%(upstream:remotename)%00%(upstream:remoteref) refs/heads/main refs/remotes/main [265ms]
2025-03-08 11:32:53.277 [info] > git status -z -uall [96ms]
2025-03-08 11:32:55.450 [info] > git ls-files --stage -- /mnt/hdd/HDD(lost+found)/instant_chef_project/recipe_filter/models/recipeModel.js [5ms]
2025-03-08 11:32:55.622 [info] > git show --textconv :models/recipeModel.js [187ms]
2025-03-08 11:32:55.622 [info] > git cat-file -s 864533829a7f0dd64839fc3659d21d3e5c3e7e73 [166ms]
2025-03-08 11:32:57.362 [info] > git config --get commit.template [7ms]
2025-03-08 11:32:57.365 [info] > git for-each-ref --format=%(refname)%00%(upstream:short)%00%(objectname)%00%(upstream:track)%00%(upstream:remotename)%00%(upstream:remoteref) refs/heads/main refs/remotes/main [4ms]
2025-03-08 11:32:57.433 [info] > git status -z -uall [64ms]
2025-03-08 11:33:03.925 [info] > git config --get commit.template [16ms]
2025-03-08 11:33:03.929 [info] > git for-each-ref --format=%(refname)%00%(upstream:short)%00%(objectname)%00%(upstream:track)%00%(upstream:remotename)%00%(upstream:remoteref) refs/heads/main refs/remotes/main [4ms]
2025-03-08 11:33:04.024 [info] > git status -z -uall [81ms]
2025-03-08 11:41:06.375 [info] > git config --get commit.template [3ms]
2025-03-08 11:41:06.386 [info] > git for-each-ref --format=%(refname)%00%(upstream:short)%00%(objectname)%00%(upstream:track)%00%(upstream:remotename)%00%(upstream:remoteref) refs/heads/main refs/remotes/main [3ms]
2025-03-08 11:41:06.451 [info] > git status -z -uall [58ms]
2025-03-08 11:41:11.489 [info] > git config --get commit.template [9ms]
2025-03-08 11:41:11.490 [info] > git for-each-ref --format=%(refname)%00%(upstream:short)%00%(objectname)%00%(upstream:track)%00%(upstream:remotename)%00%(upstream:remoteref) refs/heads/main refs/remotes/main [2ms]
2025-03-08 11:41:11.555 [info] > git status -z -uall [56ms]
2025-03-08 11:41:25.591 [info] > git config --get commit.template [8ms]
2025-03-08 11:41:25.592 [info] > git for-each-ref --format=%(refname)%00%(upstream:short)%00%(objectname)%00%(upstream:track)%00%(upstream:remotename)%00%(upstream:remoteref) refs/heads/main refs/remotes/main [2ms]
2025-03-08 11:41:25.642 [info] > git status -z -uall [44ms]
2025-03-08 11:41:30.679 [info] > git config --get commit.template [3ms]
2025-03-08 11:41:30.690 [info] > git for-each-ref --format=%(refname)%00%(upstream:short)%00%(objectname)%00%(upstream:track)%00%(upstream:remotename)%00%(upstream:remoteref) refs/heads/main refs/remotes/main [3ms]
2025-03-08 11:41:30.740 [info] > git status -z -uall [43ms]
2025-03-08 11:42:57.720 [info] > git config --get commit.template [8ms]
2025-03-08 11:42:57.722 [info] > git for-each-ref --format=%(refname)%00%(upstream:short)%00%(objectname)%00%(upstream:track)%00%(upstream:remotename)%00%(upstream:remoteref) refs/heads/main refs/remotes/main [3ms]
2025-03-08 11:42:57.773 [info] > git status -z -uall [43ms]
2025-03-08 11:43:17.576 [info] > git config --get commit.template [11ms]
2025-03-08 11:43:17.578 [info] > git for-each-ref --format=%(refname)%00%(upstream:short)%00%(objectname)%00%(upstream:track)%00%(upstream:remotename)%00%(upstream:remoteref) refs/heads/main refs/remotes/main [3ms]
2025-03-08 11:43:17.630 [info] > git status -z -uall [43ms]
2025-03-08 11:45:09.236 [info] > git config --get commit.template [8ms]
2025-03-08 11:45:09.238 [info] > git for-each-ref --format=%(refname)%00%(upstream:short)%00%(objectname)%00%(upstream:track)%00%(upstream:remotename)%00%(upstream:remoteref) refs/heads/main refs/remotes/main [3ms]
2025-03-08 11:45:09.291 [info] > git status -z -uall [44ms]
2025-03-08 11:46:33.277 [info] > git config --get commit.template [7ms]
2025-03-08 11:46:33.280 [info] > git for-each-ref --format=%(refname)%00%(upstream:short)%00%(objectname)%00%(upstream:track)%00%(upstream:remotename)%00%(upstream:remoteref) refs/heads/main refs/remotes/main [3ms]
2025-03-08 11:46:33.350 [info] > git status -z -uall [63ms]
2025-03-08 11:46:38.384 [info] > git config --get commit.template [9ms]
2025-03-08 11:46:38.386 [info] > git for-each-ref --format=%(refname)%00%(upstream:short)%00%(objectname)%00%(upstream:track)%00%(upstream:remotename)%00%(upstream:remoteref) refs/heads/main refs/remotes/main [3ms]
2025-03-08 11:46:38.438 [info] > git status -z -uall [44ms]
2025-03-08 11:47:57.883 [info] > git config --get commit.template [7ms]
2025-03-08 11:47:57.885 [info] > git for-each-ref --format=%(refname)%00%(upstream:short)%00%(objectname)%00%(upstream:track)%00%(upstream:remotename)%00%(upstream:remoteref) refs/heads/main refs/remotes/main [3ms]
2025-03-08 11:47:57.935 [info] > git status -z -uall [44ms]
2025-03-08 11:48:17.708 [info] > git config --get commit.template [10ms]
2025-03-08 11:48:17.709 [info] > git for-each-ref --format=%(refname)%00%(upstream:short)%00%(objectname)%00%(upstream:track)%00%(upstream:remotename)%00%(upstream:remoteref) refs/heads/main refs/remotes/main [3ms]
2025-03-08 11:48:17.760 [info] > git status -z -uall [44ms]
2025-03-08 11:48:49.746 [info] > git config --get commit.template [9ms]
2025-03-08 11:48:49.748 [info] > git for-each-ref --format=%(refname)%00%(upstream:short)%00%(objectname)%00%(upstream:track)%00%(upstream:remotename)%00%(upstream:remoteref) refs/heads/main refs/remotes/main [3ms]
2025-03-08 11:48:49.799 [info] > git status -z -uall [43ms]
2025-03-08 12:04:09.518 [info] > git config --get commit.template [11ms]
2025-03-08 12:04:09.520 [info] > git for-each-ref --format=%(refname)%00%(upstream:short)%00%(objectname)%00%(upstream:track)%00%(upstream:remotename)%00%(upstream:remoteref) refs/heads/main refs/remotes/main [4ms]
2025-03-08 12:04:09.585 [info] > git status -z -uall [57ms]
2025-03-08 12:04:12.947 [info] > git ls-files --stage -- /mnt/hdd/HDD(lost+found)/instant_chef_project/recipe_filter/routes/chatbotRoute.js [8ms]
2025-03-08 12:04:13.045 [info] > git show --textconv :routes/chatbotRoute.js [113ms]
2025-03-08 12:04:13.045 [info] > git cat-file -s a853e401d649e4a3066816d54b83e4332e124d84 [91ms]
2025-03-08 12:04:14.615 [info] > git config --get commit.template [10ms]
2025-03-08 12:04:14.617 [info] > git for-each-ref --format=%(refname)%00%(upstream:short)%00%(objectname)%00%(upstream:track)%00%(upstream:remotename)%00%(upstream:remoteref) refs/heads/main refs/remotes/main [5ms]
2025-03-08 12:04:14.710 [info] > git status -z -uall [82ms]
2025-03-08 12:04:47.615 [info] > git config --get commit.template [8ms]
2025-03-08 12:04:47.617 [info] > git for-each-ref --format=%(refname)%00%(upstream:short)%00%(objectname)%00%(upstream:track)%00%(upstream:remotename)%00%(upstream:remoteref) refs/heads/main refs/remotes/main [3ms]
2025-03-08 12:04:47.667 [info] > git status -z -uall [43ms]
2025-03-08 12:04:52.705 [info] > git config --get commit.template [9ms]
2025-03-08 12:04:52.707 [info] > git for-each-ref --format=%(refname)%00%(upstream:short)%00%(objectname)%00%(upstream:track)%00%(upstream:remotename)%00%(upstream:remoteref) refs/heads/main refs/remotes/main [3ms]
2025-03-08 12:04:52.757 [info] > git status -z -uall [43ms]
2025-03-08 12:05:10.135 [info] > git config --get commit.template [9ms]
2025-03-08 12:05:10.136 [info] > git for-each-ref --format=%(refname)%00%(upstream:short)%00%(objectname)%00%(upstream:track)%00%(upstream:remotename)%00%(upstream:remoteref) refs/heads/main refs/remotes/main [2ms]
2025-03-08 12:05:10.187 [info] > git status -z -uall [44ms]
2025-03-09 09:20:43.256 [info] > git config --get commit.template [2ms]
2025-03-09 09:20:43.266 [info] > git for-each-ref --format=%(refname)%00%(upstream:short)%00%(objectname)%00%(upstream:track)%00%(upstream:remotename)%00%(upstream:remoteref) refs/heads/main refs/remotes/main [2ms]
2025-03-09 09:20:43.345 [info] > git status -z -uall [72ms]
2025-03-09 09:20:48.380 [info] > git config --get commit.template [9ms]
2025-03-09 09:20:48.382 [info] > git for-each-ref --format=%(refname)%00%(upstream:short)%00%(objectname)%00%(upstream:track)%00%(upstream:remotename)%00%(upstream:remoteref) refs/heads/main refs/remotes/main [3ms]
2025-03-09 09:20:48.433 [info] > git status -z -uall [43ms]
2025-03-09 09:33:07.972 [info] > git for-each-ref --format=%(refname)%00%(upstream:short)%00%(objectname)%00%(upstream:track)%00%(upstream:remotename)%00%(upstream:remoteref) refs/heads/main refs/remotes/main [2ms]
2025-03-09 09:33:07.972 [info] > git config --get commit.template [12ms]
2025-03-09 09:33:08.049 [info] > git status -z -uall [68ms]
2025-03-09 09:33:12.646 [info] > git ls-files --stage -- /mnt/hdd/HDD(lost+found)/instant_chef_project/recipe_filter/recipeDb.js [5ms]
2025-03-09 09:33:12.657 [info] > git show --textconv :recipeDb.js [23ms]
2025-03-09 09:33:12.657 [info] > git cat-file -s 79b39c12d4b603c4336c5b3488853de32a2a8216 [6ms]
2025-03-09 09:33:13.072 [info] > git config --get commit.template [2ms]
2025-03-09 09:33:13.083 [info] > git for-each-ref --format=%(refname)%00%(upstream:short)%00%(objectname)%00%(upstream:track)%00%(upstream:remotename)%00%(upstream:remoteref) refs/heads/main refs/remotes/main [3ms]
2025-03-09 09:33:13.167 [info] > git status -z -uall [77ms]
2025-03-09 09:33:14.978 [info] > git show --textconv :recipes.json [21ms]
2025-03-09 09:33:14.985 [info] > git ls-files --stage -- /mnt/hdd/HDD(lost+found)/instant_chef_project/recipe_filter/recipes.json [11ms]
2025-03-09 09:33:15.006 [info] > git cat-file -s 6bf3c852268a4ef45119eb084669e6931b035885 [6ms]
2025-03-09 09:33:18.208 [info] > git config --get commit.template [10ms]
2025-03-09 09:33:18.209 [info] > git for-each-ref --format=%(refname)%00%(upstream:short)%00%(objectname)%00%(upstream:track)%00%(upstream:remotename)%00%(upstream:remoteref) refs/heads/main refs/remotes/main [3ms]
2025-03-09 09:33:18.259 [info] > git status -z -uall [44ms]
2025-03-09 09:33:26.942 [info] > git config --get commit.template [9ms]
2025-03-09 09:33:26.944 [info] > git for-each-ref --format=%(refname)%00%(upstream:short)%00%(objectname)%00%(upstream:track)%00%(upstream:remotename)%00%(upstream:remoteref) refs/heads/main refs/remotes/main [3ms]
2025-03-09 09:33:26.996 [info] > git status -z -uall [44ms]
2025-03-09 09:34:13.282 [info] > git config --get commit.template [2ms]
2025-03-09 09:34:13.289 [info] > git for-each-ref --format=%(refname)%00%(upstream:short)%00%(objectname)%00%(upstream:track)%00%(upstream:remotename)%00%(upstream:remoteref) refs/heads/main refs/remotes/main [2ms]
2025-03-09 09:34:13.349 [info] > git status -z -uall [51ms]
2025-03-09 09:34:18.376 [info] > git config --get commit.template [3ms]
2025-03-09 09:34:18.386 [info] > git for-each-ref --format=%(refname)%00%(upstream:short)%00%(objectname)%00%(upstream:track)%00%(upstream:remotename)%00%(upstream:remoteref) refs/heads/main refs/remotes/main [2ms]
2025-03-09 09:34:18.439 [info] > git status -z -uall [46ms]
2025-03-09 09:34:29.369 [info] > git config --get commit.template [4ms]
2025-03-09 09:34:29.385 [info] > git for-each-ref --format=%(refname)%00%(upstream:short)%00%(objectname)%00%(upstream:track)%00%(upstream:remotename)%00%(upstream:remoteref) refs/heads/main refs/remotes/main [4ms]
2025-03-09 09:34:29.445 [info] > git status -z -uall [49ms]
2025-03-09 09:34:34.481 [info] > git for-each-ref --format=%(refname)%00%(upstream:short)%00%(objectname)%00%(upstream:track)%00%(upstream:remotename)%00%(upstream:remoteref) refs/heads/main refs/remotes/main [5ms]
2025-03-09 09:34:34.481 [info] > git config --get commit.template [15ms]
2025-03-09 09:34:34.540 [info] > git status -z -uall [53ms]
2025-03-09 09:34:43.744 [info] > git config --get commit.template [11ms]
2025-03-09 09:34:43.746 [info] > git for-each-ref --format=%(refname)%00%(upstream:short)%00%(objectname)%00%(upstream:track)%00%(upstream:remotename)%00%(upstream:remoteref) refs/heads/main refs/remotes/main [3ms]
2025-03-09 09:34:43.799 [info] > git status -z -uall [44ms]
2025-03-09 09:34:53.093 [info] > git config --get commit.template [8ms]
2025-03-09 09:34:53.096 [info] > git for-each-ref --format=%(refname)%00%(upstream:short)%00%(objectname)%00%(upstream:track)%00%(upstream:remotename)%00%(upstream:remoteref) refs/heads/main refs/remotes/main [3ms]
2025-03-09 09:34:53.172 [info] > git status -z -uall [69ms]
2025-03-09 09:36:45.083 [info] > git config --get commit.template [10ms]
2025-03-09 09:36:45.109 [info] > git for-each-ref --format=%(refname)%00%(upstream:short)%00%(objectname)%00%(upstream:track)%00%(upstream:remotename)%00%(upstream:remoteref) refs/heads/main refs/remotes/main [6ms]
2025-03-09 09:36:45.168 [info] > git status -z -uall [50ms]
2025-03-09 09:36:50.202 [info] > git config --get commit.template [11ms]
2025-03-09 09:36:50.204 [info] > git for-each-ref --format=%(refname)%00%(upstream:short)%00%(objectname)%00%(upstream:track)%00%(upstream:remotename)%00%(upstream:remoteref) refs/heads/main refs/remotes/main [2ms]
2025-03-09 09:36:50.264 [info] > git status -z -uall [54ms]
2025-03-09 09:36:55.300 [info] > git config --get commit.template [10ms]
2025-03-09 09:36:55.302 [info] > git for-each-ref --format=%(refname)%00%(upstream:short)%00%(objectname)%00%(upstream:track)%00%(upstream:remotename)%00%(upstream:remoteref) refs/heads/main refs/remotes/main [4ms]
2025-03-09 09:36:55.358 [info] > git status -z -uall [48ms]
2025-03-09 09:37:10.140 [info] > git config --get commit.template [6ms]
2025-03-09 09:37:10.165 [info] > git for-each-ref --format=%(refname)%00%(upstream:short)%00%(objectname)%00%(upstream:track)%00%(upstream:remotename)%00%(upstream:remoteref) refs/heads/main refs/remotes/main [2ms]
2025-03-09 09:37:10.225 [info] > git status -z -uall [52ms]
2025-03-09 09:37:15.251 [info] > git config --get commit.template [3ms]
2025-03-09 09:37:15.262 [info] > git for-each-ref --format=%(refname)%00%(upstream:short)%00%(objectname)%00%(upstream:track)%00%(upstream:remotename)%00%(upstream:remoteref) refs/heads/main refs/remotes/main [3ms]
2025-03-09 09:37:15.314 [info] > git status -z -uall [44ms]
2025-03-09 09:37:40.931 [info] > git config --get commit.template [14ms]
2025-03-09 09:37:40.934 [info] > git for-each-ref --format=%(refname)%00%(upstream:short)%00%(objectname)%00%(upstream:track)%00%(upstream:remotename)%00%(upstream:remoteref) refs/heads/main refs/remotes/main [4ms]
2025-03-09 09:37:40.991 [info] > git status -z -uall [49ms]
2025-03-09 09:37:46.019 [info] > git config --get commit.template [9ms]
2025-03-09 09:37:46.021 [info] > git for-each-ref --format=%(refname)%00%(upstream:short)%00%(objectname)%00%(upstream:track)%00%(upstream:remotename)%00%(upstream:remoteref) refs/heads/main refs/remotes/main [2ms]
2025-03-09 09:37:46.073 [info] > git status -z -uall [43ms]
2025-03-09 09:37:53.151 [info] > git config --get commit.template [11ms]
2025-03-09 09:37:53.153 [info] > git for-each-ref --format=%(refname)%00%(upstream:short)%00%(objectname)%00%(upstream:track)%00%(upstream:remotename)%00%(upstream:remoteref) refs/heads/main refs/remotes/main [3ms]
2025-03-09 09:37:53.214 [info] > git status -z -uall [55ms]
2025-03-09 09:38:27.779 [info] > git config --get commit.template [12ms]
2025-03-09 09:38:27.781 [info] > git for-each-ref --format=%(refname)%00%(upstream:short)%00%(objectname)%00%(upstream:track)%00%(upstream:remotename)%00%(upstream:remoteref) refs/heads/main refs/remotes/main [4ms]
2025-03-09 09:38:27.837 [info] > git status -z -uall [49ms]
2025-03-09 09:38:32.867 [info] > git config --get commit.template [7ms]
2025-03-09 09:38:32.868 [info] > git for-each-ref --format=%(refname)%00%(upstream:short)%00%(objectname)%00%(upstream:track)%00%(upstream:remotename)%00%(upstream:remoteref) refs/heads/main refs/remotes/main [2ms]
2025-03-09 09:38:32.938 [info] > git status -z -uall [61ms]
2025-03-09 09:38:46.416 [info] > git config --get commit.template [4ms]
2025-03-09 09:38:46.428 [info] > git for-each-ref --format=%(refname)%00%(upstream:short)%00%(objectname)%00%(upstream:track)%00%(upstream:remotename)%00%(upstream:remoteref) refs/heads/main refs/remotes/main [4ms]
2025-03-09 09:38:46.486 [info] > git status -z -uall [50ms]
2025-03-09 09:38:51.511 [info] > git config --get commit.template [3ms]
2025-03-09 09:38:51.523 [info] > git for-each-ref --format=%(refname)%00%(upstream:short)%00%(objectname)%00%(upstream:track)%00%(upstream:remotename)%00%(upstream:remoteref) refs/heads/main refs/remotes/main [2ms]
2025-03-09 09:38:51.576 [info] > git status -z -uall [44ms]
2025-03-09 09:38:56.616 [info] > git config --get commit.template [13ms]
2025-03-09 09:38:56.618 [info] > git for-each-ref --format=%(refname)%00%(upstream:short)%00%(objectname)%00%(upstream:track)%00%(upstream:remotename)%00%(upstream:remoteref) refs/heads/main refs/remotes/main [3ms]
2025-03-09 09:38:56.669 [info] > git status -z -uall [42ms]
2025-03-09 09:39:05.888 [info] > git config --get commit.template [10ms]
2025-03-09 09:39:05.891 [info] > git for-each-ref --format=%(refname)%00%(upstream:short)%00%(objectname)%00%(upstream:track)%00%(upstream:remotename)%00%(upstream:remoteref) refs/heads/main refs/remotes/main [4ms]
2025-03-09 09:39:05.952 [info] > git status -z -uall [54ms]
2025-03-09 09:39:12.846 [info] > git config --get commit.template [12ms]
2025-03-09 09:39:12.848 [info] > git for-each-ref --format=%(refname)%00%(upstream:short)%00%(objectname)%00%(upstream:track)%00%(upstream:remotename)%00%(upstream:remoteref) refs/heads/main refs/remotes/main [3ms]
2025-03-09 09:39:12.912 [info] > git status -z -uall [57ms]
2025-03-09 11:58:14.476 [info] > git config --get commit.template [45ms]
2025-03-09 11:58:14.575 [info] > git for-each-ref --format=%(refname)%00%(upstream:short)%00%(objectname)%00%(upstream:track)%00%(upstream:remotename)%00%(upstream:remoteref) refs/heads/main refs/remotes/main [34ms]
2025-03-09 11:58:16.202 [info] > git status -z -uall [1618ms]
2025-03-09 11:58:21.244 [info] > git config --get commit.template [10ms]
2025-03-09 11:58:21.244 [info] > git for-each-ref --format=%(refname)%00%(upstream:short)%00%(objectname)%00%(upstream:track)%00%(upstream:remotename)%00%(upstream:remoteref) refs/heads/main refs/remotes/main [3ms]
2025-03-09 11:58:21.295 [info] > git status -z -uall [43ms]
2025-03-09 11:58:35.311 [info] > git config --get commit.template [9ms]
2025-03-09 11:58:35.313 [info] > git for-each-ref --format=%(refname)%00%(upstream:short)%00%(objectname)%00%(upstream:track)%00%(upstream:remotename)%00%(upstream:remoteref) refs/heads/main refs/remotes/main [3ms]
2025-03-09 11:58:35.364 [info] > git status -z -uall [43ms]
2025-03-09 11:59:03.741 [info] > git config --get commit.template [4ms]
2025-03-09 11:59:03.759 [info] > git for-each-ref --format=%(refname)%00%(upstream:short)%00%(objectname)%00%(upstream:track)%00%(upstream:remotename)%00%(upstream:remoteref) refs/heads/main refs/remotes/main [5ms]
2025-03-09 11:59:03.821 [info] > git status -z -uall [54ms]
2025-03-09 11:59:08.847 [info] > git config --get commit.template [3ms]
2025-03-09 11:59:08.860 [info] > git for-each-ref --format=%(refname)%00%(upstream:short)%00%(objectname)%00%(upstream:track)%00%(upstream:remotename)%00%(upstream:remoteref) refs/heads/main refs/remotes/main [3ms]
2025-03-09 11:59:08.930 [info] > git status -z -uall [65ms]
2025-03-09 16:38:34.079 [info] > git config --get commit.template [13ms]
2025-03-09 16:38:34.080 [info] > git for-each-ref --format=%(refname)%00%(upstream:short)%00%(objectname)%00%(upstream:track)%00%(upstream:remotename)%00%(upstream:remoteref) refs/heads/main refs/remotes/main [2ms]
2025-03-09 16:38:34.147 [info] > git status -z -uall [58ms]
2025-03-09 16:38:39.178 [info] > git config --get commit.template [10ms]
2025-03-09 16:38:39.180 [info] > git for-each-ref --format=%(refname)%00%(upstream:short)%00%(objectname)%00%(upstream:track)%00%(upstream:remotename)%00%(upstream:remoteref) refs/heads/main refs/remotes/main [3ms]
2025-03-09 16:38:39.232 [info] > git status -z -uall [43ms]
2025-03-09 16:38:54.309 [info] > git config --get commit.template [10ms]
2025-03-09 16:38:54.311 [info] > git for-each-ref --format=%(refname)%00%(upstream:short)%00%(objectname)%00%(upstream:track)%00%(upstream:remotename)%00%(upstream:remoteref) refs/heads/main refs/remotes/main [4ms]
2025-03-09 16:38:54.362 [info] > git status -z -uall [43ms]
2025-03-09 16:39:14.160 [info] > git config --get commit.template [9ms]
2025-03-09 16:39:14.161 [info] > git for-each-ref --format=%(refname)%00%(upstream:short)%00%(objectname)%00%(upstream:track)%00%(upstream:remotename)%00%(upstream:remoteref) refs/heads/main refs/remotes/main [2ms]
2025-03-09 16:39:14.215 [info] > git status -z -uall [46ms]
2025-03-09 16:41:32.268 [info] > git config --get commit.template [2ms]
2025-03-09 16:41:32.280 [info] > git for-each-ref --format=%(refname)%00%(upstream:short)%00%(objectname)%00%(upstream:track)%00%(upstream:remotename)%00%(upstream:remoteref) refs/heads/main refs/remotes/main [3ms]
2025-03-09 16:41:32.331 [info] > git status -z -uall [43ms]
2025-03-09 16:59:05.073 [info] > git config --get commit.template [35ms]
2025-03-09 16:59:05.084 [info] > git for-each-ref --format=%(refname)%00%(upstream:short)%00%(objectname)%00%(upstream:track)%00%(upstream:remotename)%00%(upstream:remoteref) refs/heads/main refs/remotes/main [11ms]
2025-03-09 16:59:05.162 [info] > git status -z -uall [69ms]
2025-03-09 19:51:12.163 [info] > git config --get commit.template [82ms]
2025-03-09 19:51:12.204 [info] > git for-each-ref --format=%(refname)%00%(upstream:short)%00%(objectname)%00%(upstream:track)%00%(upstream:remotename)%00%(upstream:remoteref) refs/heads/main refs/remotes/main [112ms]
2025-03-09 19:51:14.242 [info] > git status -z -uall [2031ms]
2025-03-09 19:51:16.694 [info] > git ls-files --stage -- /mnt/hdd/HDD(lost+found)/instant_chef_project/recipe_filter/models/userModel.js [16ms]
2025-03-09 19:51:16.723 [info] > git show --textconv :models/userModel.js [76ms]
2025-03-09 19:51:16.726 [info] > git cat-file -s a5cb313e2726eb59e7a8ea923203b6a557ca7015 [12ms]
2025-03-09 19:51:18.299 [info] > git ls-files --stage -- /mnt/hdd/HDD(lost+found)/instant_chef_project/recipe_filter/models/recipeModel.js [8ms]
2025-03-09 19:51:18.391 [info] > git show --textconv :models/recipeModel.js [110ms]
2025-03-09 19:51:18.392 [info] > git cat-file -s 864533829a7f0dd64839fc3659d21d3e5c3e7e73 [84ms]
2025-03-09 19:51:19.274 [info] > git config --get commit.template [2ms]
2025-03-09 19:51:19.286 [info] > git for-each-ref --format=%(refname)%00%(upstream:short)%00%(objectname)%00%(upstream:track)%00%(upstream:remotename)%00%(upstream:remoteref) refs/heads/main refs/remotes/main [4ms]
2025-03-09 19:51:19.392 [info] > git status -z -uall [97ms]
2025-03-09 20:18:22.732 [info] > git config --get commit.template [5ms]
2025-03-09 20:18:22.799 [info] > git for-each-ref --format=%(refname)%00%(upstream:short)%00%(objectname)%00%(upstream:track)%00%(upstream:remotename)%00%(upstream:remoteref) refs/heads/main refs/remotes/main [10ms]
2025-03-09 20:18:23.534 [info] > git status -z -uall [722ms]
2025-03-09 20:18:38.081 [info] > git config --get commit.template [7ms]
2025-03-09 20:18:38.098 [info] > git for-each-ref --format=%(refname)%00%(upstream:short)%00%(objectname)%00%(upstream:track)%00%(upstream:remotename)%00%(upstream:remoteref) refs/heads/main refs/remotes/main [1ms]
2025-03-09 20:18:38.172 [info] > git status -z -uall [65ms]
2025-03-09 20:18:51.702 [info] > git ls-files --stage -- /mnt/hdd/HDD(lost+found)/instant_chef_project/recipe_filter/recipeDb.js [7ms]
2025-03-09 20:18:51.750 [info] > git show --textconv :recipeDb.js [61ms]
2025-03-09 20:18:51.750 [info] > git cat-file -s 79b39c12d4b603c4336c5b3488853de32a2a8216 [42ms]
2025-03-09 20:18:52.923 [info] > git show --textconv :recipes.json [14ms]
2025-03-09 20:18:52.930 [info] > git ls-files --stage -- /mnt/hdd/HDD(lost+found)/instant_chef_project/recipe_filter/recipes.json [9ms]
2025-03-09 20:18:52.941 [info] > git cat-file -s 6bf3c852268a4ef45119eb084669e6931b035885 [2ms]
2025-03-09 20:18:54.438 [info] > git config --get commit.template [10ms]
2025-03-09 20:18:54.440 [info] > git for-each-ref --format=%(refname)%00%(upstream:short)%00%(objectname)%00%(upstream:track)%00%(upstream:remotename)%00%(upstream:remoteref) refs/heads/main refs/remotes/main [2ms]
2025-03-09 20:18:54.497 [info] > git status -z -uall [48ms]
2025-03-09 20:18:59.541 [info] > git config --get commit.template [12ms]
2025-03-09 20:18:59.543 [info] > git for-each-ref --format=%(refname)%00%(upstream:short)%00%(objectname)%00%(upstream:track)%00%(upstream:remotename)%00%(upstream:remoteref) refs/heads/main refs/remotes/main [5ms]
2025-03-09 20:18:59.595 [info] > git status -z -uall [47ms]
2025-03-09 20:19:14.930 [info] > git config --get commit.template [5ms]
2025-03-09 20:19:14.947 [info] > git for-each-ref --format=%(refname)%00%(upstream:short)%00%(objectname)%00%(upstream:track)%00%(upstream:remotename)%00%(upstream:remoteref) refs/heads/main refs/remotes/main [4ms]
2025-03-09 20:19:15.017 [info] > git status -z -uall [60ms]
2025-03-09 20:19:20.044 [info] > git config --get commit.template [3ms]
2025-03-09 20:19:20.055 [info] > git for-each-ref --format=%(refname)%00%(upstream:short)%00%(objectname)%00%(upstream:track)%00%(upstream:remotename)%00%(upstream:remoteref) refs/heads/main refs/remotes/main [3ms]
2025-03-09 20:19:20.111 [info] > git status -z -uall [47ms]
2025-03-09 20:19:30.605 [info] > git config --get commit.template [4ms]
2025-03-09 20:19:30.627 [info] > git for-each-ref --format=%(refname)%00%(upstream:short)%00%(objectname)%00%(upstream:track)%00%(upstream:remotename)%00%(upstream:remoteref) refs/heads/main refs/remotes/main [4ms]
2025-03-09 20:19:30.687 [info] > git status -z -uall [53ms]
2025-03-09 20:19:35.720 [info] > git config --get commit.template [12ms]
2025-03-09 20:19:35.722 [info] > git for-each-ref --format=%(refname)%00%(upstream:short)%00%(objectname)%00%(upstream:track)%00%(upstream:remotename)%00%(upstream:remoteref) refs/heads/main refs/remotes/main [3ms]
2025-03-09 20:19:35.778 [info] > git status -z -uall [48ms]
2025-03-09 20:19:54.385 [info] > git config --get commit.template [11ms]
2025-03-09 20:19:54.389 [info] > git for-each-ref --format=%(refname)%00%(upstream:short)%00%(objectname)%00%(upstream:track)%00%(upstream:remotename)%00%(upstream:remoteref) refs/heads/main refs/remotes/main [6ms]
2025-03-09 20:19:54.452 [info] > git status -z -uall [55ms]
2025-03-09 20:19:59.483 [info] > git config --get commit.template [10ms]
2025-03-09 20:19:59.485 [info] > git for-each-ref --format=%(refname)%00%(upstream:short)%00%(objectname)%00%(upstream:track)%00%(upstream:remotename)%00%(upstream:remoteref) refs/heads/main refs/remotes/main [3ms]
2025-03-09 20:19:59.538 [info] > git status -z -uall [45ms]
2025-03-09 20:20:07.658 [info] > git config --get commit.template [18ms]
2025-03-09 20:20:07.661 [info] > git for-each-ref --format=%(refname)%00%(upstream:short)%00%(objectname)%00%(upstream:track)%00%(upstream:remotename)%00%(upstream:remoteref) refs/heads/main refs/remotes/main [5ms]
2025-03-09 20:20:07.724 [info] > git status -z -uall [51ms]
2025-03-09 20:20:16.231 [info] > git config --get commit.template [3ms]
2025-03-09 20:20:16.242 [info] > git for-each-ref --format=%(refname)%00%(upstream:short)%00%(objectname)%00%(upstream:track)%00%(upstream:remotename)%00%(upstream:remoteref) refs/heads/main refs/remotes/main [3ms]
2025-03-09 20:20:16.303 [info] > git status -z -uall [53ms]
2025-03-09 20:20:21.339 [info] > git for-each-ref --format=%(refname)%00%(upstream:short)%00%(objectname)%00%(upstream:track)%00%(upstream:remotename)%00%(upstream:remoteref) refs/heads/main refs/remotes/main [3ms]
2025-03-09 20:20:21.339 [info] > git config --get commit.template [14ms]
2025-03-09 20:20:21.392 [info] > git status -z -uall [45ms]
2025-03-09 20:22:00.386 [info] > git config --get commit.template [13ms]
2025-03-09 20:22:00.390 [info] > git for-each-ref --format=%(refname)%00%(upstream:short)%00%(objectname)%00%(upstream:track)%00%(upstream:remotename)%00%(upstream:remoteref) refs/heads/main refs/remotes/main [4ms]
2025-03-09 20:22:00.448 [info] > git status -z -uall [51ms]
2025-03-09 20:22:05.476 [info] > git config --get commit.template [9ms]
2025-03-09 20:22:05.478 [info] > git for-each-ref --format=%(refname)%00%(upstream:short)%00%(objectname)%00%(upstream:track)%00%(upstream:remotename)%00%(upstream:remoteref) refs/heads/main refs/remotes/main [3ms]
2025-03-09 20:22:05.547 [info] > git status -z -uall [61ms]
2025-03-09 20:24:26.185 [info] > git config --get commit.template [20ms]
2025-03-09 20:24:26.189 [info] > git for-each-ref --format=%(refname)%00%(upstream:short)%00%(objectname)%00%(upstream:track)%00%(upstream:remotename)%00%(upstream:remoteref) refs/heads/main refs/remotes/main [9ms]
2025-03-09 20:24:26.293 [info] > git status -z -uall [92ms]
2025-03-09 20:24:31.330 [info] > git config --get commit.template [11ms]
2025-03-09 20:24:31.331 [info] > git for-each-ref --format=%(refname)%00%(upstream:short)%00%(objectname)%00%(upstream:track)%00%(upstream:remotename)%00%(upstream:remoteref) refs/heads/main refs/remotes/main [2ms]
2025-03-09 20:24:31.395 [info] > git status -z -uall [57ms]
2025-03-09 20:26:36.495 [info] > git config --get commit.template [13ms]
2025-03-09 20:26:36.496 [info] > git for-each-ref --format=%(refname)%00%(upstream:short)%00%(objectname)%00%(upstream:track)%00%(upstream:remotename)%00%(upstream:remoteref) refs/heads/main refs/remotes/main [3ms]
2025-03-09 20:26:36.554 [info] > git status -z -uall [50ms]
2025-03-09 20:28:15.394 [info] > git config --get commit.template [3ms]
2025-03-09 20:28:15.410 [info] > git for-each-ref --format=%(refname)%00%(upstream:short)%00%(objectname)%00%(upstream:track)%00%(upstream:remotename)%00%(upstream:remoteref) refs/heads/main refs/remotes/main [4ms]
2025-03-09 20:28:15.470 [info] > git status -z -uall [49ms]
2025-03-09 21:55:15.674 [info] > git config --get commit.template [21ms]
2025-03-09 21:55:15.733 [info] > git for-each-ref --format=%(refname)%00%(upstream:short)%00%(objectname)%00%(upstream:track)%00%(upstream:remotename)%00%(upstream:remoteref) refs/heads/main refs/remotes/main [61ms]
2025-03-09 21:55:16.653 [info] > git status -z -uall [915ms]
2025-03-09 21:57:16.941 [info] > git config --get commit.template [24ms]
2025-03-09 21:57:16.948 [info] > git for-each-ref --format=%(refname)%00%(upstream:short)%00%(objectname)%00%(upstream:track)%00%(upstream:remotename)%00%(upstream:remoteref) refs/heads/main refs/remotes/main [9ms]
2025-03-09 21:57:17.097 [info] > git status -z -uall [126ms]
2025-03-09 21:57:22.142 [info] > git config --get commit.template [8ms]
2025-03-09 21:57:22.144 [info] > git for-each-ref --format=%(refname)%00%(upstream:short)%00%(objectname)%00%(upstream:track)%00%(upstream:remotename)%00%(upstream:remoteref) refs/heads/main refs/remotes/main [3ms]
2025-03-09 21:57:22.208 [info] > git status -z -uall [57ms]
2025-03-09 22:15:23.332 [info] > git config --get commit.template [4ms]
2025-03-09 22:15:23.354 [info] > git for-each-ref --format=%(refname)%00%(upstream:short)%00%(objectname)%00%(upstream:track)%00%(upstream:remotename)%00%(upstream:remoteref) refs/heads/main refs/remotes/main [6ms]
2025-03-09 22:15:23.432 [info] > git status -z -uall [70ms]
2025-03-09 22:18:33.490 [info] > git config --get commit.template [1ms]
2025-03-09 22:18:33.505 [info] > git for-each-ref --format=%(refname)%00%(upstream:short)%00%(objectname)%00%(upstream:track)%00%(upstream:remotename)%00%(upstream:remoteref) refs/heads/main refs/remotes/main [3ms]
2025-03-09 22:18:33.564 [info] > git status -z -uall [49ms]
2025-03-09 23:51:18.113 [info] > git config --get commit.template [71ms]
2025-03-09 23:51:18.135 [info] > git for-each-ref --format=%(refname)%00%(upstream:short)%00%(objectname)%00%(upstream:track)%00%(upstream:remotename)%00%(upstream:remoteref) refs/heads/main refs/remotes/main [69ms]
2025-03-09 23:51:19.259 [info] > git status -z -uall [1117ms]
2025-03-09 23:51:24.306 [info] > git for-each-ref --format=%(refname)%00%(upstream:short)%00%(objectname)%00%(upstream:track)%00%(upstream:remotename)%00%(upstream:remoteref) refs/heads/main refs/remotes/main [3ms]
2025-03-09 23:51:24.306 [info] > git config --get commit.template [11ms]
2025-03-09 23:51:24.359 [info] > git status -z -uall [47ms]
2025-03-10 00:51:35.732 [info] > git config --get commit.template [11ms]
2025-03-10 00:51:35.826 [info] > git for-each-ref --format=%(refname)%00%(upstream:short)%00%(objectname)%00%(upstream:track)%00%(upstream:remotename)%00%(upstream:remoteref) refs/heads/main refs/remotes/main [96ms]
2025-03-10 00:51:37.512 [info] > git status -z -uall [1680ms]
2025-03-10 01:03:39.686 [info] > git config --get commit.template [7ms]
2025-03-10 01:03:39.688 [info] > git for-each-ref --format=%(refname)%00%(upstream:short)%00%(objectname)%00%(upstream:track)%00%(upstream:remotename)%00%(upstream:remoteref) refs/heads/main refs/remotes/main [2ms]
2025-03-10 01:03:39.763 [info] > git status -z -uall [67ms]
2025-03-10 02:37:25.339 [info] > git config --get commit.template [59ms]
2025-03-10 02:37:25.399 [info] > git for-each-ref --format=%(refname)%00%(upstream:short)%00%(objectname)%00%(upstream:track)%00%(upstream:remotename)%00%(upstream:remoteref) refs/heads/main refs/remotes/main [96ms]
