2024-12-30 18:21:04.276 [info] Started local extension host with pid 4012.
2024-12-30 18:21:05.910 [error] [/home/maskura/.vscode/extensions/ms-python.vscode-pylance-2024.10.1]: Extension is not compatible with Code 1.89.1. Extension requires: ^1.91.0.
2024-12-30 18:21:05.913 [error] [/home/maskura/.vscode/extensions/ms-python.python-2024.16.1-linux-x64]: Extension is not compatible with Code 1.89.1. Extension requires: ^1.94.0-20240918.
2024-12-30 18:21:05.917 [error] [/home/maskura/.vscode/extensions/ms-python.python-2024.18.0-linux-x64]: Extension is not compatible with Code 1.89.1. Extension requires: ^1.94.0-20240918.
2024-12-30 18:21:05.920 [error] [/home/maskura/.vscode/extensions/ms-python.debugpy-2024.12.0-linux-x64]: Extension is not compatible with Code 1.89.1. Extension requires: ^1.92.0.
2024-12-30 18:21:05.926 [error] [/home/maskura/.vscode/extensions/ms-python.vscode-pylance-2024.11.1]: Extension is not compatible with Code 1.89.1. Extension requires: ^1.91.0.
2024-12-30 18:21:05.930 [error] [/home/maskura/.vscode/extensions/ms-python.python-2024.18.1-linux-x64]: Extension is not compatible with Code 1.89.1. Extension requires: ^1.94.0-20240918.
2024-12-30 18:21:05.935 [error] [/home/maskura/.vscode/extensions/ms-python.python-2024.20.0-linux-x64]: Extension is not compatible with Code 1.89.1. Extension requires: ^1.94.0-20240918.
2024-12-30 18:21:05.940 [error] [/home/maskura/.vscode/extensions/ms-python.python-2024.22.0-linux-x64]: Extension is not compatible with Code 1.89.1. Extension requires: ^1.94.0-20240918.
2024-12-30 18:21:05.944 [error] [/home/maskura/.vscode/extensions/ms-python.vscode-pylance-2024.11.2]: Extension is not compatible with Code 1.89.1. Extension requires: ^1.91.0.
2024-12-30 18:21:05.945 [error] [/home/maskura/.vscode/extensions/ms-python.debugpy-2024.14.0-linux-x64]: Extension is not compatible with Code 1.89.1. Extension requires: ^1.92.0.
2024-12-30 18:21:05.951 [error] [/home/maskura/.vscode/extensions/ms-python.vscode-pylance-2024.11.3]: Extension is not compatible with Code 1.89.1. Extension requires: ^1.91.0.
2024-12-30 18:21:05.954 [error] [/home/maskura/.vscode/extensions/ms-python.vscode-pylance-2024.12.1]: Extension is not compatible with Code 1.89.1. Extension requires: ^1.91.0.
2024-12-30 18:21:10.297 [error] Cannot read properties of undefined (reading 'accessToken'): TypeError: Cannot read properties of undefined (reading 'accessToken')
    at p.z (vscode-file://vscode-app/usr/share/code/resources/app/out/vs/workbench/workbench.desktop.main.js:1686:21851)
    at p.C (vscode-file://vscode-app/usr/share/code/resources/app/out/vs/workbench/workbench.desktop.main.js:1686:22484)
    at d.value (vscode-file://vscode-app/usr/share/code/resources/app/out/vs/workbench/workbench.desktop.main.js:1686:21653)
2024-12-30 18:21:10.996 [info] [perf] Render performance baseline is 91ms
2024-12-30 18:21:13.040 [info] Started local extension host with pid 4314.
2024-12-30 18:21:18.039 [error] [/home/maskura/.vscode/extensions/ms-python.python-2024.16.1-linux-x64]: Extension is not compatible with Code 1.89.1. Extension requires: ^1.94.0-20240918.
2024-12-30 18:21:18.050 [error] [/home/maskura/.vscode/extensions/ms-python.vscode-pylance-2024.10.1]: Extension is not compatible with Code 1.89.1. Extension requires: ^1.91.0.
2024-12-30 18:21:18.060 [error] [/home/maskura/.vscode/extensions/ms-python.python-2024.18.0-linux-x64]: Extension is not compatible with Code 1.89.1. Extension requires: ^1.94.0-20240918.
2024-12-30 18:21:18.152 [error] [/home/maskura/.vscode/extensions/ms-python.debugpy-2024.12.0-linux-x64]: Extension is not compatible with Code 1.89.1. Extension requires: ^1.92.0.
2024-12-30 18:21:18.152 [error] [/home/maskura/.vscode/extensions/ms-python.vscode-pylance-2024.11.1]: Extension is not compatible with Code 1.89.1. Extension requires: ^1.91.0.
2024-12-30 18:21:18.155 [error] [/home/maskura/.vscode/extensions/ms-python.python-2024.18.1-linux-x64]: Extension is not compatible with Code 1.89.1. Extension requires: ^1.94.0-20240918.
2024-12-30 18:21:18.155 [error] [/home/maskura/.vscode/extensions/ms-python.python-2024.20.0-linux-x64]: Extension is not compatible with Code 1.89.1. Extension requires: ^1.94.0-20240918.
2024-12-30 18:21:18.160 [error] [/home/maskura/.vscode/extensions/ms-python.vscode-pylance-2024.11.3]: Extension is not compatible with Code 1.89.1. Extension requires: ^1.91.0.
2024-12-30 18:21:18.162 [error] [/home/maskura/.vscode/extensions/ms-python.vscode-pylance-2024.11.2]: Extension is not compatible with Code 1.89.1. Extension requires: ^1.91.0.
2024-12-30 18:21:18.164 [error] [/home/maskura/.vscode/extensions/ms-python.python-2024.22.0-linux-x64]: Extension is not compatible with Code 1.89.1. Extension requires: ^1.94.0-20240918.
2024-12-30 18:21:18.165 [error] [/home/maskura/.vscode/extensions/ms-python.debugpy-2024.14.0-linux-x64]: Extension is not compatible with Code 1.89.1. Extension requires: ^1.92.0.
2024-12-30 18:21:18.215 [error] [/home/maskura/.vscode/extensions/ms-python.vscode-pylance-2024.12.1]: Extension is not compatible with Code 1.89.1. Extension requires: ^1.91.0.
2024-12-30 18:21:18.485 [error] Cannot read properties of undefined (reading 'accessToken'): TypeError: Cannot read properties of undefined (reading 'accessToken')
    at p.z (vscode-file://vscode-app/usr/share/code/resources/app/out/vs/workbench/workbench.desktop.main.js:1686:21851)
    at p.C (vscode-file://vscode-app/usr/share/code/resources/app/out/vs/workbench/workbench.desktop.main.js:1686:22484)
    at d.value (vscode-file://vscode-app/usr/share/code/resources/app/out/vs/workbench/workbench.desktop.main.js:1686:21653)
2024-12-30 18:21:18.667 [info] [perf] Render performance baseline is 159ms
