2024-12-30 18:21:03.871 [info] Added views:workbench.panel.markers.view in workbench.panel.markers
2024-12-30 18:21:03.871 [info] Added views:workbench.panel.output in workbench.panel.output
2024-12-30 18:21:03.871 [info] Added views:terminal in terminal
2024-12-30 18:21:03.871 [info] Added views:outline in workbench.view.explorer
2024-12-30 18:21:03.872 [info] Added views:workbench.scm in workbench.view.scm
2024-12-30 18:21:03.872 [info] Added views:workbench.view.search in workbench.view.search
2024-12-30 18:21:03.872 [info] Added views:timeline in workbench.view.explorer
2024-12-30 18:21:03.872 [info] Added views:workbench.explorer.fileView in workbench.view.explorer
2024-12-30 18:21:04.847 [info] Added views:workbench.debug.welcome in workbench.view.debug
2024-12-30 18:21:06.978 [info] Added views:workbench.panel.repl.view in workbench.panel.repl
2024-12-30 18:21:10.351 [info] Added views:~remote.forwardedPorts in ~remote.forwardedPortsContainer
2024-12-30 18:21:12.600 [info] Added views:workbench.panel.markers.view in workbench.panel.markers
2024-12-30 18:21:12.600 [info] Added views:workbench.panel.output in workbench.panel.output
2024-12-30 18:21:12.600 [info] Added views:terminal in terminal
2024-12-30 18:21:12.600 [info] Added views:outline in workbench.view.explorer
2024-12-30 18:21:12.600 [info] Added views:workbench.scm in workbench.view.scm
2024-12-30 18:21:12.600 [info] Added views:workbench.view.search in workbench.view.search
2024-12-30 18:21:12.600 [info] Added views:timeline in workbench.view.explorer
2024-12-30 18:21:12.600 [info] Added views:workbench.explorer.fileView in workbench.view.explorer
2024-12-30 18:21:13.252 [info] Added views:workbench.debug.welcome in workbench.view.debug
2024-12-30 18:21:13.495 [info] Added views:dotenv.view.vault in workbench.view.extension.dotenv
2024-12-30 18:21:13.926 [info] Added views:workbench.panel.repl.view in workbench.panel.repl
2024-12-30 18:21:15.925 [info] Added views:~remote.forwardedPorts in ~remote.forwardedPortsContainer
