Locating server…
Booting server...
Setting up server…
Listening for messages…
Searching for Tailwind CSS projects in the workspace's folders.
{"tailwind":{"version":"3.4.4","features":["layer:base","separator:root","content-list","jit","css-at-config-as-project","relative-content-paths","transpiled-configs"],"isDefaultVersion":true}}
{"tailwind":{"version":"3.4.4","features":["layer:base","separator:root","content-list","jit","css-at-config-as-project","relative-content-paths","transpiled-configs"],"isDefaultVersion":true}}
[Global] Creating projects: [{"folder":"/mnt/hdd/HDD(lost+found)/instant_chef_project/Instant-Chef","config":"/mnt/hdd/HDD(lost+found)/instant_chef_project/Instant-Chef/tailwind.config.js","selectors":[{"pattern":"/mnt/hdd/HDD(lost+found)/instant_chef_project/Instant-Chef/tailwind.config.js","priority":0},{"pattern":"/mnt/hdd/HDD(lost+found)/instant_chef_project/Instant-Chef/**","priority":3},{"pattern":"/mnt/hdd/HDD(lost+found)/instant_chef_project/Instant-Chef/**","priority":5}],"user":false,"tailwind":{"version":"3.4.4","features":["layer:base","separator:root","content-list","jit","css-at-config-as-project","relative-content-paths","transpiled-configs"],"isDefaultVersion":true}}]
[Global] Preparing projects...
[Global] Adding watch patterns: /mnt/hdd/HDD(lost+found)/instant_chef_project/Instant-Chef/tailwind.config.js, /mnt/hdd/HDD(lost+found)/instant_chef_project/Instant-Chef
[Global] Initializing projects...
[Global] Initialized 0 projects
----------
RESTARTING
----------
Searching for Tailwind CSS projects in the workspace's folders.
{"tailwind":{"version":"3.4.17","features":["layer:base","separator:root","content-list","jit","css-at-config-as-project","relative-content-paths","transpiled-configs"],"isDefaultVersion":false}}
{"tailwind":{"version":"3.4.17","features":["layer:base","separator:root","content-list","jit","css-at-config-as-project","relative-content-paths","transpiled-configs"],"isDefaultVersion":false}}
[Global] Creating projects: [{"folder":"/mnt/hdd/HDD(lost+found)/instant_chef_project/Instant-Chef","config":"/mnt/hdd/HDD(lost+found)/instant_chef_project/Instant-Chef/tailwind.config.js","selectors":[{"pattern":"/mnt/hdd/HDD(lost+found)/instant_chef_project/Instant-Chef/tailwind.config.js","priority":0},{"pattern":"/mnt/hdd/HDD(lost+found)/instant_chef_project/Instant-Chef/**","priority":3},{"pattern":"/mnt/hdd/HDD(lost+found)/instant_chef_project/Instant-Chef/**","priority":5}],"user":false,"tailwind":{"version":"3.4.17","features":["layer:base","separator:root","content-list","jit","css-at-config-as-project","relative-content-paths","transpiled-configs"],"isDefaultVersion":false}}]
[Global] Preparing projects...
[Global] Adding watch patterns: /mnt/hdd/HDD(lost+found)/instant_chef_project/Instant-Chef/tailwind.config.js, /mnt/hdd/HDD(lost+found)/instant_chef_project/Instant-Chef
[Global] Initializing projects...
[Global] Initialized 0 projects
[tailwind.config.js] Initializing...
[tailwind.config.js] supported features: ["layer:base","separator:root","content-list","jit","css-at-config-as-project","relative-content-paths","transpiled-configs"]
[tailwind.config.js] Loaded tailwindcss v3.4.17: /mnt/hdd/HDD(lost+found)/instant_chef_project/Instant-Chef/node_modules/tailwindcss
[tailwind.config.js] Loaded Tailwind CSS config file: /mnt/hdd/HDD(lost+found)/instant_chef_project/Instant-Chef/tailwind.config.js
[tailwind.config.js] Loaded postcss v8.4.49: /mnt/hdd/HDD(lost+found)/instant_chef_project/Instant-Chef/node_modules/postcss
[tailwind.config.js] Building...

🌼   daisyUI 4.12.22
├─ ✔︎ 2 themes added		https://daisyui.com/docs/themes
╰─ ★ Star daisyUI on GitHub	https://github.com/saadeghi/daisyui

