2025-03-16 13:40:01.903 [info] Log level: Info
2025-03-16 13:40:01.903 [info] Validating found git in: "git"
2025-03-16 13:40:01.903 [info] Using git "2.43.0" from "git"
2025-03-16 13:40:01.903 [info] > git rev-parse --show-toplevel [36ms]
2025-03-16 13:40:01.903 [info] > git rev-parse --git-dir --git-common-dir [4ms]
2025-03-16 13:40:01.903 [info] Open repository: /mnt/hdd/HDD(lost+found)/instant_chef_project/recipe_filter
2025-03-16 13:40:01.903 [info] > git rev-parse --show-toplevel [24ms]
2025-03-16 13:40:01.903 [info] > git config --get commit.template [65ms]
2025-03-16 13:40:01.903 [info] > git for-each-ref --format=%(refname)%00%(upstream:short)%00%(objectname)%00%(upstream:track)%00%(upstream:remotename)%00%(upstream:remoteref) refs/heads/main refs/remotes/main [20ms]
2025-03-16 13:40:01.903 [info] > git rev-parse --show-toplevel [128ms]
2025-03-16 13:40:01.903 [info] > git rev-parse --show-toplevel [42ms]
2025-03-16 13:40:01.903 [info] > git rev-parse --show-toplevel [8ms]
2025-03-16 13:40:01.903 [info] > git rev-parse --show-toplevel [8ms]
2025-03-16 13:40:01.903 [info] > git rev-parse --show-toplevel [4ms]
2025-03-16 13:40:01.904 [info] > git rev-parse --show-toplevel [3ms]
2025-03-16 13:40:01.904 [info] > git rev-parse --show-toplevel [6ms]
2025-03-16 13:40:01.904 [info] > git status -z -uall [332ms]
2025-03-16 13:40:01.904 [info] > git config --get commit.template [34ms]
2025-03-16 13:40:01.904 [info] > git for-each-ref --format=%(refname)%00%(upstream:short)%00%(objectname)%00%(upstream:track)%00%(upstream:remotename)%00%(upstream:remoteref) refs/heads/main refs/remotes/main [12ms]
2025-03-16 13:40:01.904 [info] > git status -z -uall [164ms]
2025-03-16 13:40:03.299 [info] > git check-ignore -v -z --stdin [83ms]
2025-03-16 13:40:05.275 [info] > git show --textconv :routes/recipeRoute.js [16ms]
2025-03-16 13:40:05.310 [info] > git ls-files --stage -- /mnt/hdd/HDD(lost+found)/instant_chef_project/recipe_filter/routes/recipeRoute.js [37ms]
2025-03-16 13:40:05.327 [info] > git cat-file -s f7c28ad6726d64273fc21401760798d2d754d888 [1ms]
2025-03-16 13:40:07.454 [info] > git config --get commit.template [3ms]
2025-03-16 13:40:07.463 [info] > git for-each-ref --format=%(refname)%00%(upstream:short)%00%(objectname)%00%(upstream:track)%00%(upstream:remotename)%00%(upstream:remoteref) refs/heads/main refs/remotes/main [3ms]
2025-03-16 13:40:07.562 [info] > git status -z -uall [89ms]
2025-03-16 13:40:22.818 [info] > git config --get commit.template [23ms]
2025-03-16 13:40:22.820 [info] > git for-each-ref --format=%(refname)%00%(upstream:short)%00%(objectname)%00%(upstream:track)%00%(upstream:remotename)%00%(upstream:remoteref) refs/heads/main refs/remotes/main [17ms]
2025-03-16 13:40:22.922 [info] > git status -z -uall [91ms]
2025-03-16 13:40:24.333 [info] > git show --textconv :controllers/recipeController.js [17ms]
2025-03-16 13:40:24.345 [info] > git ls-files --stage -- /mnt/hdd/HDD(lost+found)/instant_chef_project/recipe_filter/controllers/recipeController.js [13ms]
2025-03-16 13:40:24.360 [info] > git cat-file -s 6d8f4c356faa45af5d3e2e76cbff87ee8e062b62 [3ms]
2025-03-16 13:40:27.954 [info] > git config --get commit.template [9ms]
2025-03-16 13:40:27.956 [info] > git for-each-ref --format=%(refname)%00%(upstream:short)%00%(objectname)%00%(upstream:track)%00%(upstream:remotename)%00%(upstream:remoteref) refs/heads/main refs/remotes/main [3ms]
2025-03-16 13:40:28.005 [info] > git status -z -uall [41ms]
2025-03-16 13:41:08.794 [info] > git ls-files --stage -- /mnt/hdd/HDD(lost+found)/instant_chef_project/recipe_filter/routes/chatbotRoute.js [5ms]
2025-03-16 13:41:08.801 [info] > git show --textconv :routes/chatbotRoute.js [20ms]
2025-03-16 13:41:08.808 [info] > git cat-file -s a853e401d649e4a3066816d54b83e4332e124d84 [9ms]
2025-03-16 13:45:33.517 [info] > git config --get commit.template [19ms]
2025-03-16 13:45:33.518 [info] > git for-each-ref --format=%(refname)%00%(upstream:short)%00%(objectname)%00%(upstream:track)%00%(upstream:remotename)%00%(upstream:remoteref) refs/heads/main refs/remotes/main [7ms]
2025-03-16 13:45:33.590 [info] > git status -z -uall [61ms]
2025-03-16 13:45:36.224 [info] > git show --textconv :routes/recipeRoute.js [7ms]
2025-03-16 13:45:36.229 [info] > git ls-files --stage -- /mnt/hdd/HDD(lost+found)/instant_chef_project/recipe_filter/routes/recipeRoute.js [6ms]
2025-03-16 13:45:36.236 [info] > git cat-file -s f7c28ad6726d64273fc21401760798d2d754d888 [2ms]
2025-03-16 13:45:38.619 [info] > git config --get commit.template [7ms]
2025-03-16 13:45:38.620 [info] > git for-each-ref --format=%(refname)%00%(upstream:short)%00%(objectname)%00%(upstream:track)%00%(upstream:remotename)%00%(upstream:remoteref) refs/heads/main refs/remotes/main [3ms]
2025-03-16 13:45:38.674 [info] > git status -z -uall [47ms]
2025-03-16 13:45:39.124 [info] > git show --textconv :app.js [10ms]
2025-03-16 13:45:39.136 [info] > git ls-files --stage -- /mnt/hdd/HDD(lost+found)/instant_chef_project/recipe_filter/app.js [12ms]
2025-03-16 13:45:39.149 [info] > git cat-file -s 687f8d91e16ef4f5271de6e3aa9048840121248c [2ms]
2025-03-16 13:46:04.332 [info] > git config --get commit.template [1ms]
2025-03-16 13:46:04.344 [info] > git for-each-ref --format=%(refname)%00%(upstream:short)%00%(objectname)%00%(upstream:track)%00%(upstream:remotename)%00%(upstream:remoteref) refs/heads/main refs/remotes/main [3ms]
2025-03-16 13:46:04.401 [info] > git status -z -uall [50ms]
2025-03-16 13:46:09.434 [info] > git config --get commit.template [9ms]
2025-03-16 13:46:09.436 [info] > git for-each-ref --format=%(refname)%00%(upstream:short)%00%(objectname)%00%(upstream:track)%00%(upstream:remotename)%00%(upstream:remoteref) refs/heads/main refs/remotes/main [3ms]
2025-03-16 13:46:09.486 [info] > git status -z -uall [42ms]
2025-03-16 13:52:31.737 [info] > git config --get commit.template [2ms]
2025-03-16 13:52:31.751 [info] > git for-each-ref --format=%(refname)%00%(upstream:short)%00%(objectname)%00%(upstream:track)%00%(upstream:remotename)%00%(upstream:remoteref) refs/heads/main refs/remotes/main [2ms]
2025-03-16 13:52:31.819 [info] > git status -z -uall [60ms]
2025-03-16 13:52:33.958 [info] > git show --textconv :routes/chatbotRoute.js [10ms]
2025-03-16 13:52:33.962 [info] > git ls-files --stage -- /mnt/hdd/HDD(lost+found)/instant_chef_project/recipe_filter/routes/chatbotRoute.js [4ms]
2025-03-16 13:52:33.973 [info] > git cat-file -s a853e401d649e4a3066816d54b83e4332e124d84 [7ms]
2025-03-16 13:52:36.845 [info] > git config --get commit.template [8ms]
2025-03-16 13:52:36.847 [info] > git for-each-ref --format=%(refname)%00%(upstream:short)%00%(objectname)%00%(upstream:track)%00%(upstream:remotename)%00%(upstream:remoteref) refs/heads/main refs/remotes/main [3ms]
2025-03-16 13:52:36.903 [info] > git status -z -uall [50ms]
2025-03-16 13:53:27.576 [info] > git config --get commit.template [13ms]
2025-03-16 13:53:27.578 [info] > git for-each-ref --format=%(refname)%00%(upstream:short)%00%(objectname)%00%(upstream:track)%00%(upstream:remotename)%00%(upstream:remoteref) refs/heads/main refs/remotes/main [3ms]
2025-03-16 13:53:27.649 [info] > git status -z -uall [61ms]
2025-03-16 14:23:06.417 [info] > git config --get commit.template [2ms]
2025-03-16 14:23:06.474 [info] > git for-each-ref --format=%(refname)%00%(upstream:short)%00%(objectname)%00%(upstream:track)%00%(upstream:remotename)%00%(upstream:remoteref) refs/heads/main refs/remotes/main [1ms]
2025-03-16 14:23:06.542 [info] > git status -z -uall [60ms]
2025-03-16 14:23:10.672 [info] > git show --textconv :app.js [8ms]
2025-03-16 14:23:10.677 [info] > git ls-files --stage -- /mnt/hdd/HDD(lost+found)/instant_chef_project/recipe_filter/app.js [6ms]
2025-03-16 14:23:10.685 [info] > git cat-file -s 687f8d91e16ef4f5271de6e3aa9048840121248c [2ms]
2025-03-16 14:23:11.575 [info] > git config --get commit.template [10ms]
2025-03-16 14:23:11.576 [info] > git for-each-ref --format=%(refname)%00%(upstream:short)%00%(objectname)%00%(upstream:track)%00%(upstream:remotename)%00%(upstream:remoteref) refs/heads/main refs/remotes/main [2ms]
2025-03-16 14:23:11.633 [info] > git status -z -uall [49ms]
2025-03-16 14:23:23.685 [info] > git config --get commit.template [8ms]
2025-03-16 14:23:23.687 [info] > git for-each-ref --format=%(refname)%00%(upstream:short)%00%(objectname)%00%(upstream:track)%00%(upstream:remotename)%00%(upstream:remoteref) refs/heads/main refs/remotes/main [2ms]
2025-03-16 14:23:23.734 [info] > git status -z -uall [43ms]
2025-03-16 14:23:28.767 [info] > git config --get commit.template [9ms]
2025-03-16 14:23:28.769 [info] > git for-each-ref --format=%(refname)%00%(upstream:short)%00%(objectname)%00%(upstream:track)%00%(upstream:remotename)%00%(upstream:remoteref) refs/heads/main refs/remotes/main [3ms]
2025-03-16 14:23:28.818 [info] > git status -z -uall [42ms]
2025-03-16 14:23:37.061 [info] > git config --get commit.template [3ms]
2025-03-16 14:23:37.069 [info] > git for-each-ref --format=%(refname)%00%(upstream:short)%00%(objectname)%00%(upstream:track)%00%(upstream:remotename)%00%(upstream:remoteref) refs/heads/main refs/remotes/main [2ms]
2025-03-16 14:23:37.122 [info] > git status -z -uall [49ms]
2025-03-16 14:25:45.175 [info] > git config --get commit.template [12ms]
2025-03-16 14:25:45.177 [info] > git for-each-ref --format=%(refname)%00%(upstream:short)%00%(objectname)%00%(upstream:track)%00%(upstream:remotename)%00%(upstream:remoteref) refs/heads/main refs/remotes/main [5ms]
2025-03-16 14:25:45.243 [info] > git status -z -uall [58ms]
2025-03-16 14:25:50.271 [info] > git config --get commit.template [7ms]
2025-03-16 14:25:50.272 [info] > git for-each-ref --format=%(refname)%00%(upstream:short)%00%(objectname)%00%(upstream:track)%00%(upstream:remotename)%00%(upstream:remoteref) refs/heads/main refs/remotes/main [3ms]
2025-03-16 14:25:50.326 [info] > git status -z -uall [48ms]
2025-03-16 14:25:55.354 [info] > git config --get commit.template [3ms]
2025-03-16 14:25:55.364 [info] > git for-each-ref --format=%(refname)%00%(upstream:short)%00%(objectname)%00%(upstream:track)%00%(upstream:remotename)%00%(upstream:remoteref) refs/heads/main refs/remotes/main [2ms]
2025-03-16 14:25:55.417 [info] > git status -z -uall [45ms]
2025-03-16 14:26:00.451 [info] > git config --get commit.template [9ms]
2025-03-16 14:26:00.452 [info] > git for-each-ref --format=%(refname)%00%(upstream:short)%00%(objectname)%00%(upstream:track)%00%(upstream:remotename)%00%(upstream:remoteref) refs/heads/main refs/remotes/main [3ms]
2025-03-16 14:26:00.502 [info] > git status -z -uall [44ms]
2025-03-16 14:26:06.088 [info] > git config --get commit.template [6ms]
2025-03-16 14:26:06.090 [info] > git for-each-ref --format=%(refname)%00%(upstream:short)%00%(objectname)%00%(upstream:track)%00%(upstream:remotename)%00%(upstream:remoteref) refs/heads/main refs/remotes/main [3ms]
2025-03-16 14:26:06.151 [info] > git status -z -uall [56ms]
2025-03-16 14:26:11.184 [info] > git config --get commit.template [10ms]
2025-03-16 14:26:11.185 [info] > git for-each-ref --format=%(refname)%00%(upstream:short)%00%(objectname)%00%(upstream:track)%00%(upstream:remotename)%00%(upstream:remoteref) refs/heads/main refs/remotes/main [3ms]
2025-03-16 14:26:11.237 [info] > git status -z -uall [46ms]
2025-03-16 14:26:16.794 [info] > git ls-files --stage -- /mnt/hdd/HDD(lost+found)/instant_chef_project/recipe_filter/app.js [7ms]
2025-03-16 14:26:16.805 [info] > git cat-file -s 072e9c8864de9999e25a5bf696f34d592547b0c5 [4ms]
2025-03-16 14:26:16.819 [info] > git show --textconv :app.js [4ms]
2025-03-16 14:26:17.092 [info] > git config --get commit.template [9ms]
2025-03-16 14:26:17.094 [info] > git for-each-ref --format=%(refname)%00%(upstream:short)%00%(objectname)%00%(upstream:track)%00%(upstream:remotename)%00%(upstream:remoteref) refs/heads/main refs/remotes/main [3ms]
2025-03-16 14:26:17.195 [info] > git status -z -uall [94ms]
2025-03-16 14:26:22.224 [info] > git config --get commit.template [9ms]
2025-03-16 14:26:22.226 [info] > git for-each-ref --format=%(refname)%00%(upstream:short)%00%(objectname)%00%(upstream:track)%00%(upstream:remotename)%00%(upstream:remoteref) refs/heads/main refs/remotes/main [3ms]
2025-03-16 14:26:22.280 [info] > git status -z -uall [45ms]
2025-03-16 14:26:30.598 [info] > git config --get commit.template [11ms]
2025-03-16 14:26:30.600 [info] > git for-each-ref --format=%(refname)%00%(upstream:short)%00%(objectname)%00%(upstream:track)%00%(upstream:remotename)%00%(upstream:remoteref) refs/heads/main refs/remotes/main [3ms]
2025-03-16 14:26:30.655 [info] > git status -z -uall [47ms]
2025-03-16 14:26:39.369 [info] > git ls-files --stage -- /mnt/hdd/HDD(lost+found)/instant_chef_project/recipe_filter/app.js [5ms]
2025-03-16 14:26:39.376 [info] > git cat-file -s 072e9c8864de9999e25a5bf696f34d592547b0c5 [2ms]
2025-03-16 14:26:39.388 [info] > git show --textconv :app.js [5ms]
2025-03-16 14:26:39.703 [info] > git config --get commit.template [10ms]
2025-03-16 14:26:39.705 [info] > git for-each-ref --format=%(refname)%00%(upstream:short)%00%(objectname)%00%(upstream:track)%00%(upstream:remotename)%00%(upstream:remoteref) refs/heads/main refs/remotes/main [3ms]
2025-03-16 14:26:39.755 [info] > git status -z -uall [43ms]
2025-03-16 14:26:53.186 [info] > git config --get commit.template [10ms]
2025-03-16 14:26:53.187 [info] > git for-each-ref --format=%(refname)%00%(upstream:short)%00%(objectname)%00%(upstream:track)%00%(upstream:remotename)%00%(upstream:remoteref) refs/heads/main refs/remotes/main [2ms]
2025-03-16 14:26:53.238 [info] > git status -z -uall [43ms]
2025-03-16 14:26:58.261 [info] > git config --get commit.template [8ms]
2025-03-16 14:26:58.263 [info] > git for-each-ref --format=%(refname)%00%(upstream:short)%00%(objectname)%00%(upstream:track)%00%(upstream:remotename)%00%(upstream:remoteref) refs/heads/main refs/remotes/main [3ms]
2025-03-16 14:26:58.314 [info] > git status -z -uall [43ms]
2025-03-16 14:39:32.968 [info] > git for-each-ref --format=%(refname)%00%(upstream:short)%00%(objectname)%00%(upstream:track)%00%(upstream:remotename)%00%(upstream:remoteref) refs/heads/main refs/remotes/main [2ms]
2025-03-16 14:39:32.968 [info] > git config --get commit.template [14ms]
2025-03-16 14:39:33.037 [info] > git status -z -uall [61ms]
2025-03-16 14:39:38.063 [info] > git config --get commit.template [8ms]
2025-03-16 14:39:38.065 [info] > git for-each-ref --format=%(refname)%00%(upstream:short)%00%(objectname)%00%(upstream:track)%00%(upstream:remotename)%00%(upstream:remoteref) refs/heads/main refs/remotes/main [3ms]
2025-03-16 14:39:38.115 [info] > git status -z -uall [43ms]
2025-03-16 15:09:22.433 [info] > git config --get commit.template [21ms]
2025-03-16 15:09:22.451 [info] > git for-each-ref --format=%(refname)%00%(upstream:short)%00%(objectname)%00%(upstream:track)%00%(upstream:remotename)%00%(upstream:remoteref) refs/heads/main refs/remotes/main [19ms]
2025-03-16 15:09:24.267 [info] > git status -z -uall [1810ms]
2025-03-16 15:09:29.292 [info] > git config --get commit.template [8ms]
2025-03-16 15:09:29.294 [info] > git for-each-ref --format=%(refname)%00%(upstream:short)%00%(objectname)%00%(upstream:track)%00%(upstream:remotename)%00%(upstream:remoteref) refs/heads/main refs/remotes/main [3ms]
2025-03-16 15:09:29.343 [info] > git status -z -uall [41ms]
2025-03-16 15:11:24.318 [info] > git config --get commit.template [14ms]
2025-03-16 15:11:24.319 [info] > git for-each-ref --format=%(refname)%00%(upstream:short)%00%(objectname)%00%(upstream:track)%00%(upstream:remotename)%00%(upstream:remoteref) refs/heads/main refs/remotes/main [3ms]
2025-03-16 15:11:24.388 [info] > git status -z -uall [55ms]
2025-03-16 15:11:29.417 [info] > git config --get commit.template [14ms]
2025-03-16 15:11:29.418 [info] > git for-each-ref --format=%(refname)%00%(upstream:short)%00%(objectname)%00%(upstream:track)%00%(upstream:remotename)%00%(upstream:remoteref) refs/heads/main refs/remotes/main [2ms]
2025-03-16 15:11:29.474 [info] > git status -z -uall [49ms]
2025-03-16 15:11:34.495 [info] > git config --get commit.template [9ms]
2025-03-16 15:11:34.497 [info] > git for-each-ref --format=%(refname)%00%(upstream:short)%00%(objectname)%00%(upstream:track)%00%(upstream:remotename)%00%(upstream:remoteref) refs/heads/main refs/remotes/main [2ms]
2025-03-16 15:11:34.543 [info] > git status -z -uall [41ms]
2025-03-16 15:11:39.565 [info] > git config --get commit.template [7ms]
2025-03-16 15:11:39.567 [info] > git for-each-ref --format=%(refname)%00%(upstream:short)%00%(objectname)%00%(upstream:track)%00%(upstream:remotename)%00%(upstream:remoteref) refs/heads/main refs/remotes/main [2ms]
2025-03-16 15:11:39.615 [info] > git status -z -uall [43ms]
2025-03-16 15:11:44.643 [info] > git config --get commit.template [8ms]
2025-03-16 15:11:44.644 [info] > git for-each-ref --format=%(refname)%00%(upstream:short)%00%(objectname)%00%(upstream:track)%00%(upstream:remotename)%00%(upstream:remoteref) refs/heads/main refs/remotes/main [3ms]
2025-03-16 15:11:44.693 [info] > git status -z -uall [41ms]
2025-03-16 15:11:52.463 [info] > git ls-files --stage -- /mnt/hdd/HDD(lost+found)/instant_chef_project/recipe_filter/app.js [5ms]
2025-03-16 15:11:52.474 [info] > git cat-file -s 04ce9bd3d058f7a9d565ef1b31db5ad7d86815b1 [3ms]
2025-03-16 15:11:52.489 [info] > git show --textconv :app.js [5ms]
2025-03-16 15:11:53.199 [info] > git config --get commit.template [11ms]
2025-03-16 15:11:53.200 [info] > git for-each-ref --format=%(refname)%00%(upstream:short)%00%(objectname)%00%(upstream:track)%00%(upstream:remotename)%00%(upstream:remoteref) refs/heads/main refs/remotes/main [3ms]
2025-03-16 15:11:53.276 [info] > git status -z -uall [69ms]
2025-03-16 15:11:57.318 [info] > git ls-files --stage -- /mnt/hdd/HDD(lost+found)/instant_chef_project/recipe_filter/app.js [5ms]
2025-03-16 15:11:57.329 [info] > git cat-file -s 04ce9bd3d058f7a9d565ef1b31db5ad7d86815b1 [3ms]
2025-03-16 15:11:57.344 [info] > git show --textconv :app.js [6ms]
2025-03-16 15:11:58.300 [info] > git config --get commit.template [9ms]
2025-03-16 15:11:58.302 [info] > git for-each-ref --format=%(refname)%00%(upstream:short)%00%(objectname)%00%(upstream:track)%00%(upstream:remotename)%00%(upstream:remoteref) refs/heads/main refs/remotes/main [3ms]
2025-03-16 15:11:58.348 [info] > git status -z -uall [38ms]
2025-03-16 15:12:04.267 [info] > git config --get commit.template [7ms]
2025-03-16 15:12:04.268 [info] > git for-each-ref --format=%(refname)%00%(upstream:short)%00%(objectname)%00%(upstream:track)%00%(upstream:remotename)%00%(upstream:remoteref) refs/heads/main refs/remotes/main [2ms]
2025-03-16 15:12:04.314 [info] > git status -z -uall [38ms]
2025-03-16 15:15:35.071 [info] > git config --get commit.template [27ms]
2025-03-16 15:15:35.075 [info] > git for-each-ref --format=%(refname)%00%(upstream:short)%00%(objectname)%00%(upstream:track)%00%(upstream:remotename)%00%(upstream:remoteref) refs/heads/main refs/remotes/main [4ms]
2025-03-16 15:15:35.146 [info] > git status -z -uall [54ms]
2025-03-16 15:46:14.559 [info] > git for-each-ref --format=%(refname)%00%(upstream:short)%00%(objectname)%00%(upstream:track)%00%(upstream:remotename)%00%(upstream:remoteref) refs/heads/main refs/remotes/main [2ms]
2025-03-16 15:46:14.560 [info] > git config --get commit.template [23ms]
2025-03-16 15:46:14.614 [info] > git status -z -uall [49ms]
2025-03-16 15:46:19.634 [info] > git config --get commit.template [3ms]
2025-03-16 15:46:19.643 [info] > git for-each-ref --format=%(refname)%00%(upstream:short)%00%(objectname)%00%(upstream:track)%00%(upstream:remotename)%00%(upstream:remoteref) refs/heads/main refs/remotes/main [3ms]
2025-03-16 15:46:19.693 [info] > git status -z -uall [43ms]
2025-03-16 15:46:24.509 [info] > git ls-files --stage -- /mnt/hdd/HDD(lost+found)/instant_chef_project/recipe_filter/recipeDb.js [4ms]
2025-03-16 15:46:24.517 [info] > git show --textconv :recipeDb.js [18ms]
2025-03-16 15:46:24.520 [info] > git cat-file -s 79b39c12d4b603c4336c5b3488853de32a2a8216 [4ms]
2025-03-16 15:46:37.366 [info] > git config --get commit.template [11ms]
2025-03-16 15:46:37.367 [info] > git for-each-ref --format=%(refname)%00%(upstream:short)%00%(objectname)%00%(upstream:track)%00%(upstream:remotename)%00%(upstream:remoteref) refs/heads/main refs/remotes/main [3ms]
2025-03-16 15:46:37.416 [info] > git status -z -uall [42ms]
2025-03-16 15:46:42.442 [info] > git config --get commit.template [9ms]
2025-03-16 15:46:42.444 [info] > git for-each-ref --format=%(refname)%00%(upstream:short)%00%(objectname)%00%(upstream:track)%00%(upstream:remotename)%00%(upstream:remoteref) refs/heads/main refs/remotes/main [3ms]
2025-03-16 15:46:42.492 [info] > git status -z -uall [41ms]
2025-03-16 15:46:53.333 [info] > git config --get commit.template [8ms]
2025-03-16 15:46:53.335 [info] > git for-each-ref --format=%(refname)%00%(upstream:short)%00%(objectname)%00%(upstream:track)%00%(upstream:remotename)%00%(upstream:remoteref) refs/heads/main refs/remotes/main [3ms]
2025-03-16 15:46:53.383 [info] > git status -z -uall [40ms]
2025-03-16 15:46:58.856 [info] > git show --textconv :README [8ms]
2025-03-16 15:46:58.860 [info] > git ls-files --stage -- /mnt/hdd/HDD(lost+found)/instant_chef_project/recipe_filter/README [5ms]
2025-03-16 15:46:59.101 [info] > git check-ignore -v -z --stdin [7ms]
2025-03-16 15:47:07.774 [info] > git config --get commit.template [7ms]
2025-03-16 15:47:07.777 [info] > git for-each-ref --format=%(refname)%00%(upstream:short)%00%(objectname)%00%(upstream:track)%00%(upstream:remotename)%00%(upstream:remoteref) refs/heads/main refs/remotes/main [4ms]
2025-03-16 15:47:07.831 [info] > git status -z -uall [47ms]
2025-03-16 15:47:12.854 [info] > git config --get commit.template [10ms]
2025-03-16 15:47:12.856 [info] > git for-each-ref --format=%(refname)%00%(upstream:short)%00%(objectname)%00%(upstream:track)%00%(upstream:remotename)%00%(upstream:remoteref) refs/heads/main refs/remotes/main [4ms]
2025-03-16 15:47:12.911 [info] > git status -z -uall [51ms]
2025-03-16 15:47:18.750 [info] > git show --textconv :README.md [16ms]
2025-03-16 15:47:18.758 [info] > git ls-files --stage -- /mnt/hdd/HDD(lost+found)/instant_chef_project/recipe_filter/README.md [10ms]
2025-03-16 15:47:18.828 [info] > git check-ignore -v -z --stdin [14ms]
2025-03-16 15:47:24.428 [info] > git config --get commit.template [4ms]
2025-03-16 15:47:24.442 [info] > git for-each-ref --format=%(refname)%00%(upstream:short)%00%(objectname)%00%(upstream:track)%00%(upstream:remotename)%00%(upstream:remoteref) refs/heads/main refs/remotes/main [2ms]
2025-03-16 15:47:24.556 [info] > git status -z -uall [100ms]
2025-03-16 15:47:29.586 [info] > git config --get commit.template [10ms]
2025-03-16 15:47:29.588 [info] > git for-each-ref --format=%(refname)%00%(upstream:short)%00%(objectname)%00%(upstream:track)%00%(upstream:remotename)%00%(upstream:remoteref) refs/heads/main refs/remotes/main [3ms]
2025-03-16 15:47:29.640 [info] > git status -z -uall [46ms]
2025-03-16 15:47:34.663 [info] > git config --get commit.template [8ms]
2025-03-16 15:47:34.665 [info] > git for-each-ref --format=%(refname)%00%(upstream:short)%00%(objectname)%00%(upstream:track)%00%(upstream:remotename)%00%(upstream:remoteref) refs/heads/main refs/remotes/main [3ms]
2025-03-16 15:47:34.728 [info] > git status -z -uall [56ms]
2025-03-16 15:47:39.752 [info] > git config --get commit.template [9ms]
2025-03-16 15:47:39.754 [info] > git for-each-ref --format=%(refname)%00%(upstream:short)%00%(objectname)%00%(upstream:track)%00%(upstream:remotename)%00%(upstream:remoteref) refs/heads/main refs/remotes/main [3ms]
2025-03-16 15:47:39.809 [info] > git status -z -uall [47ms]
2025-03-16 15:47:46.563 [info] > git config --get commit.template [10ms]
2025-03-16 15:47:46.565 [info] > git for-each-ref --format=%(refname)%00%(upstream:short)%00%(objectname)%00%(upstream:track)%00%(upstream:remotename)%00%(upstream:remoteref) refs/heads/main refs/remotes/main [3ms]
2025-03-16 15:47:46.638 [info] > git status -z -uall [69ms]
2025-03-16 15:47:53.624 [info] > git config --get commit.template [10ms]
2025-03-16 15:47:53.625 [info] > git for-each-ref --format=%(refname)%00%(upstream:short)%00%(objectname)%00%(upstream:track)%00%(upstream:remotename)%00%(upstream:remoteref) refs/heads/main refs/remotes/main [2ms]
2025-03-16 15:47:53.678 [info] > git status -z -uall [46ms]
2025-03-16 15:47:58.703 [info] > git config --get commit.template [9ms]
2025-03-16 15:47:58.705 [info] > git for-each-ref --format=%(refname)%00%(upstream:short)%00%(objectname)%00%(upstream:track)%00%(upstream:remotename)%00%(upstream:remoteref) refs/heads/main refs/remotes/main [3ms]
2025-03-16 15:47:58.762 [info] > git status -z -uall [49ms]
2025-03-16 15:48:03.789 [info] > git config --get commit.template [9ms]
2025-03-16 15:48:03.790 [info] > git for-each-ref --format=%(refname)%00%(upstream:short)%00%(objectname)%00%(upstream:track)%00%(upstream:remotename)%00%(upstream:remoteref) refs/heads/main refs/remotes/main [2ms]
2025-03-16 15:48:03.859 [info] > git status -z -uall [64ms]
2025-03-16 15:48:05.858 [info] > git show --textconv :README.md [7ms]
2025-03-16 15:48:05.862 [info] > git ls-files --stage -- /mnt/hdd/HDD(lost+found)/instant_chef_project/recipe_filter/README.md [5ms]
2025-03-16 15:48:08.887 [info] > git config --get commit.template [10ms]
2025-03-16 15:48:08.889 [info] > git for-each-ref --format=%(refname)%00%(upstream:short)%00%(objectname)%00%(upstream:track)%00%(upstream:remotename)%00%(upstream:remoteref) refs/heads/main refs/remotes/main [3ms]
2025-03-16 15:48:08.951 [info] > git status -z -uall [53ms]
2025-03-16 15:48:13.971 [info] > git config --get commit.template [8ms]
2025-03-16 15:48:13.973 [info] > git for-each-ref --format=%(refname)%00%(upstream:short)%00%(objectname)%00%(upstream:track)%00%(upstream:remotename)%00%(upstream:remoteref) refs/heads/main refs/remotes/main [2ms]
2025-03-16 15:48:14.028 [info] > git status -z -uall [48ms]
2025-03-16 15:48:19.053 [info] > git config --get commit.template [8ms]
2025-03-16 15:48:19.054 [info] > git for-each-ref --format=%(refname)%00%(upstream:short)%00%(objectname)%00%(upstream:track)%00%(upstream:remotename)%00%(upstream:remoteref) refs/heads/main refs/remotes/main [3ms]
2025-03-16 15:48:19.108 [info] > git status -z -uall [47ms]
2025-03-16 15:48:24.928 [info] > git config --get commit.template [8ms]
2025-03-16 15:48:24.929 [info] > git for-each-ref --format=%(refname)%00%(upstream:short)%00%(objectname)%00%(upstream:track)%00%(upstream:remotename)%00%(upstream:remoteref) refs/heads/main refs/remotes/main [2ms]
2025-03-16 15:48:24.985 [info] > git status -z -uall [50ms]
2025-03-16 15:48:30.009 [info] > git config --get commit.template [9ms]
2025-03-16 15:48:30.011 [info] > git for-each-ref --format=%(refname)%00%(upstream:short)%00%(objectname)%00%(upstream:track)%00%(upstream:remotename)%00%(upstream:remoteref) refs/heads/main refs/remotes/main [2ms]
2025-03-16 15:48:30.062 [info] > git status -z -uall [46ms]
2025-03-16 15:48:35.083 [info] > git config --get commit.template [9ms]
2025-03-16 15:48:35.085 [info] > git for-each-ref --format=%(refname)%00%(upstream:short)%00%(objectname)%00%(upstream:track)%00%(upstream:remotename)%00%(upstream:remoteref) refs/heads/main refs/remotes/main [3ms]
2025-03-16 15:48:35.139 [info] > git status -z -uall [47ms]
2025-03-16 15:49:17.349 [info] > git config --get commit.template [1ms]
2025-03-16 15:49:17.366 [info] > git for-each-ref --format=%(refname)%00%(upstream:short)%00%(objectname)%00%(upstream:track)%00%(upstream:remotename)%00%(upstream:remoteref) refs/heads/main refs/remotes/main [4ms]
2025-03-16 15:49:17.433 [info] > git status -z -uall [58ms]
2025-03-16 15:49:22.449 [info] > git config --get commit.template [3ms]
2025-03-16 15:49:22.462 [info] > git for-each-ref --format=%(refname)%00%(upstream:short)%00%(objectname)%00%(upstream:track)%00%(upstream:remotename)%00%(upstream:remoteref) refs/heads/main refs/remotes/main [3ms]
2025-03-16 15:49:22.518 [info] > git status -z -uall [48ms]
2025-03-16 15:49:37.831 [info] > git config --get commit.template [8ms]
2025-03-16 15:49:37.833 [info] > git for-each-ref --format=%(refname)%00%(upstream:short)%00%(objectname)%00%(upstream:track)%00%(upstream:remotename)%00%(upstream:remoteref) refs/heads/main refs/remotes/main [3ms]
2025-03-16 15:49:37.888 [info] > git status -z -uall [49ms]
2025-03-16 15:49:44.714 [info] > git config --get commit.template [8ms]
2025-03-16 15:49:44.715 [info] > git for-each-ref --format=%(refname)%00%(upstream:short)%00%(objectname)%00%(upstream:track)%00%(upstream:remotename)%00%(upstream:remoteref) refs/heads/main refs/remotes/main [2ms]
2025-03-16 15:49:44.770 [info] > git status -z -uall [48ms]
2025-03-16 15:49:49.798 [info] > git config --get commit.template [9ms]
2025-03-16 15:49:49.800 [info] > git for-each-ref --format=%(refname)%00%(upstream:short)%00%(objectname)%00%(upstream:track)%00%(upstream:remotename)%00%(upstream:remoteref) refs/heads/main refs/remotes/main [3ms]
2025-03-16 15:49:49.855 [info] > git status -z -uall [48ms]
2025-03-16 15:49:54.881 [info] > git config --get commit.template [10ms]
2025-03-16 15:49:54.882 [info] > git for-each-ref --format=%(refname)%00%(upstream:short)%00%(objectname)%00%(upstream:track)%00%(upstream:remotename)%00%(upstream:remoteref) refs/heads/main refs/remotes/main [3ms]
2025-03-16 15:49:54.937 [info] > git status -z -uall [48ms]
