2025-03-16 13:39:52.646 [info] Started local extension host with pid 13064.
2025-03-16 13:39:53.738 [error] [/home/maskura/.vscode/extensions/ms-python.python-2024.16.1-linux-x64]: Extension is not compatible with Code 1.89.1. Extension requires: ^1.94.0-20240918.
2025-03-16 13:39:53.744 [error] [/home/maskura/.vscode/extensions/ms-python.vscode-pylance-2024.10.1]: Extension is not compatible with Code 1.89.1. Extension requires: ^1.91.0.
2025-03-16 13:39:53.750 [error] [/home/maskura/.vscode/extensions/ms-python.debugpy-2024.12.0-linux-x64]: Extension is not compatible with Code 1.89.1. Extension requires: ^1.92.0.
2025-03-16 13:39:53.751 [error] [/home/maskura/.vscode/extensions/ms-python.python-2024.18.0-linux-x64]: Extension is not compatible with Code 1.89.1. Extension requires: ^1.94.0-20240918.
2025-03-16 13:39:53.754 [error] [/home/maskura/.vscode/extensions/ms-python.vscode-pylance-2024.11.1]: Extension is not compatible with Code 1.89.1. Extension requires: ^1.91.0.
2025-03-16 13:39:53.756 [error] [/home/maskura/.vscode/extensions/ms-python.python-2024.18.1-linux-x64]: Extension is not compatible with Code 1.89.1. Extension requires: ^1.94.0-20240918.
2025-03-16 13:39:53.759 [error] [/home/maskura/.vscode/extensions/ms-python.python-2024.20.0-linux-x64]: Extension is not compatible with Code 1.89.1. Extension requires: ^1.94.0-20240918.
2025-03-16 13:39:53.762 [error] [/home/maskura/.vscode/extensions/ms-python.vscode-pylance-2024.11.3]: Extension is not compatible with Code 1.89.1. Extension requires: ^1.91.0.
2025-03-16 13:39:53.765 [error] [/home/maskura/.vscode/extensions/ms-python.vscode-pylance-2024.11.2]: Extension is not compatible with Code 1.89.1. Extension requires: ^1.91.0.
2025-03-16 13:39:53.766 [error] [/home/maskura/.vscode/extensions/ms-python.python-2024.22.0-linux-x64]: Extension is not compatible with Code 1.89.1. Extension requires: ^1.94.0-20240918.
2025-03-16 13:39:53.767 [error] [/home/maskura/.vscode/extensions/ms-python.debugpy-2024.14.0-linux-x64]: Extension is not compatible with Code 1.89.1. Extension requires: ^1.92.0.
2025-03-16 13:39:53.769 [error] [/home/maskura/.vscode/extensions/ms-python.python-2024.22.1-linux-x64]: Extension is not compatible with Code 1.89.1. Extension requires: ^1.94.0-20240918.
2025-03-16 13:39:53.770 [error] [/home/maskura/.vscode/extensions/ms-python.debugpy-2025.0.0-linux-x64]: Extension is not compatible with Code 1.89.1. Extension requires: ^1.92.0.
2025-03-16 13:39:53.774 [error] [/home/maskura/.vscode/extensions/ms-python.vscode-pylance-2024.12.1]: Extension is not compatible with Code 1.89.1. Extension requires: ^1.91.0.
2025-03-16 13:39:53.776 [error] [/home/maskura/.vscode/extensions/ms-python.python-2025.0.0-linux-x64]: Extension is not compatible with Code 1.89.1. Extension requires: ^1.94.0-20240918.
2025-03-16 13:39:53.779 [error] [/home/maskura/.vscode/extensions/ms-python.python-2024.22.2-linux-x64]: Extension is not compatible with Code 1.89.1. Extension requires: ^1.94.0-20240918.
2025-03-16 13:39:53.783 [error] [/home/maskura/.vscode/extensions/ms-python.vscode-pylance-2025.2.1]: Extension is not compatible with Code 1.89.1. Extension requires: ^1.91.0.
2025-03-16 13:39:53.785 [error] [/home/maskura/.vscode/extensions/ms-python.debugpy-2025.0.1-linux-x64]: Extension is not compatible with Code 1.89.1. Extension requires: ^1.92.0.
2025-03-16 13:39:53.786 [error] [/home/maskura/.vscode/extensions/ms-python.debugpy-2025.4.0-linux-x64]: Extension is not compatible with Code 1.89.1. Extension requires: ^1.92.0.
2025-03-16 13:39:53.791 [error] [/home/maskura/.vscode/extensions/ms-python.vscode-pylance-2025.3.1]: Extension is not compatible with Code 1.89.1. Extension requires: ^1.91.0.
2025-03-16 13:39:53.797 [error] [/home/maskura/.vscode/extensions/ms-python.python-2025.2.0-linux-x64]: Extension is not compatible with Code 1.89.1. Extension requires: ^1.94.0-20240918.
2025-03-16 13:39:53.803 [error] [/home/maskura/.vscode/extensions/ms-python.debugpy-2025.4.1-linux-x64]: Extension is not compatible with Code 1.89.1. Extension requires: ^1.92.0.
2025-03-16 13:39:53.806 [error] [/home/maskura/.vscode/extensions/ms-python.vscode-pylance-2025.3.2]: Extension is not compatible with Code 1.89.1. Extension requires: ^1.91.0.
2025-03-16 13:40:03.921 [error] Cannot read properties of undefined (reading 'accessToken'): TypeError: Cannot read properties of undefined (reading 'accessToken')
    at p.z (vscode-file://vscode-app/usr/share/code/resources/app/out/vs/workbench/workbench.desktop.main.js:1686:21851)
    at p.C (vscode-file://vscode-app/usr/share/code/resources/app/out/vs/workbench/workbench.desktop.main.js:1686:22484)
    at d.value (vscode-file://vscode-app/usr/share/code/resources/app/out/vs/workbench/workbench.desktop.main.js:1686:21653)
2025-03-16 13:40:03.941 [error] [File Watcher (parcel)] Unexpected error: inotify_add_watch on '/mnt/hdd/HDD(lost+found)/instant_chef_project/recipe_filter/~/vscode-safe-mode/logs/20241230T235055/window1/output_20241230T235107' failed: No such file or directory (EUNKNOWN) (path: /mnt/hdd/HDD(lost+found)/instant_chef_project/recipe_filter)
2025-03-16 13:40:03.999 [error] [File Watcher (universal)] restarting watcher after error: inotify_add_watch on '/mnt/hdd/HDD(lost+found)/instant_chef_project/recipe_filter/~/vscode-safe-mode/logs/20241230T235055/window1/output_20241230T235107' failed: No such file or directory
2025-03-16 13:40:05.816 [info] [perf] Render performance baseline is 295ms
