2025-03-08 11:32:39.680 [info] Started local extension host with pid 4930.
2025-03-08 11:32:40.453 [error] [/home/maskura/.vscode/extensions/ms-python.python-2024.16.1-linux-x64]: Extension is not compatible with Code 1.89.1. Extension requires: ^1.94.0-20240918.
2025-03-08 11:32:40.487 [error] [/home/maskura/.vscode/extensions/ms-python.vscode-pylance-2024.10.1]: Extension is not compatible with Code 1.89.1. Extension requires: ^1.91.0.
2025-03-08 11:32:40.495 [error] [/home/maskura/.vscode/extensions/ms-python.python-2024.18.0-linux-x64]: Extension is not compatible with Code 1.89.1. Extension requires: ^1.94.0-20240918.
2025-03-08 11:32:40.503 [error] [/home/maskura/.vscode/extensions/ms-python.debugpy-2024.12.0-linux-x64]: Extension is not compatible with Code 1.89.1. Extension requires: ^1.92.0.
2025-03-08 11:32:40.508 [error] [/home/maskura/.vscode/extensions/ms-python.vscode-pylance-2024.11.1]: Extension is not compatible with Code 1.89.1. Extension requires: ^1.91.0.
2025-03-08 11:32:40.514 [error] [/home/maskura/.vscode/extensions/ms-python.python-2024.20.0-linux-x64]: Extension is not compatible with Code 1.89.1. Extension requires: ^1.94.0-20240918.
2025-03-08 11:32:40.518 [error] [/home/maskura/.vscode/extensions/ms-python.python-2024.18.1-linux-x64]: Extension is not compatible with Code 1.89.1. Extension requires: ^1.94.0-20240918.
2025-03-08 11:32:40.519 [error] [/home/maskura/.vscode/extensions/ms-python.vscode-pylance-2024.11.2]: Extension is not compatible with Code 1.89.1. Extension requires: ^1.91.0.
2025-03-08 11:32:40.522 [error] [/home/maskura/.vscode/extensions/ms-python.vscode-pylance-2024.11.3]: Extension is not compatible with Code 1.89.1. Extension requires: ^1.91.0.
2025-03-08 11:32:40.523 [error] [/home/maskura/.vscode/extensions/ms-python.debugpy-2024.14.0-linux-x64]: Extension is not compatible with Code 1.89.1. Extension requires: ^1.92.0.
2025-03-08 11:32:40.525 [error] [/home/maskura/.vscode/extensions/ms-python.python-2024.22.0-linux-x64]: Extension is not compatible with Code 1.89.1. Extension requires: ^1.94.0-20240918.
2025-03-08 11:32:40.527 [error] [/home/maskura/.vscode/extensions/ms-python.vscode-pylance-2024.12.1]: Extension is not compatible with Code 1.89.1. Extension requires: ^1.91.0.
2025-03-08 11:32:40.528 [error] [/home/maskura/.vscode/extensions/ms-python.python-2024.22.2-linux-x64]: Extension is not compatible with Code 1.89.1. Extension requires: ^1.94.0-20240918.
2025-03-08 11:32:40.529 [error] [/home/maskura/.vscode/extensions/ms-python.python-2024.22.1-linux-x64]: Extension is not compatible with Code 1.89.1. Extension requires: ^1.94.0-20240918.
2025-03-08 11:32:40.530 [error] [/home/maskura/.vscode/extensions/ms-python.debugpy-2025.0.0-linux-x64]: Extension is not compatible with Code 1.89.1. Extension requires: ^1.92.0.
2025-03-08 11:32:40.535 [error] [/home/maskura/.vscode/extensions/ms-python.python-2025.0.0-linux-x64]: Extension is not compatible with Code 1.89.1. Extension requires: ^1.94.0-20240918.
2025-03-08 11:32:40.540 [error] [/home/maskura/.vscode/extensions/ms-python.vscode-pylance-2025.2.1]: Extension is not compatible with Code 1.89.1. Extension requires: ^1.91.0.
2025-03-08 11:32:40.541 [error] [/home/maskura/.vscode/extensions/ms-python.debugpy-2025.0.1-linux-x64]: Extension is not compatible with Code 1.89.1. Extension requires: ^1.92.0.
2025-03-08 11:32:40.543 [error] [/home/maskura/.vscode/extensions/ms-python.debugpy-2025.4.0-linux-x64]: Extension is not compatible with Code 1.89.1. Extension requires: ^1.92.0.
2025-03-08 11:32:40.544 [error] [/home/maskura/.vscode/extensions/ms-python.python-2025.2.0-linux-x64]: Extension is not compatible with Code 1.89.1. Extension requires: ^1.94.0-20240918.
2025-03-08 11:32:40.547 [error] [/home/maskura/.vscode/extensions/ms-python.vscode-pylance-2025.3.1]: Extension is not compatible with Code 1.89.1. Extension requires: ^1.91.0.
2025-03-08 11:32:48.659 [info] Started local extension host with pid 5733.
2025-03-08 11:32:53.728 [error] [/home/maskura/.vscode/extensions/ms-python.python-2024.16.1-linux-x64]: Extension is not compatible with Code 1.89.1. Extension requires: ^1.94.0-20240918.
2025-03-08 11:32:53.732 [error] [/home/maskura/.vscode/extensions/ms-python.python-2024.18.0-linux-x64]: Extension is not compatible with Code 1.89.1. Extension requires: ^1.94.0-20240918.
2025-03-08 11:32:53.736 [error] [/home/maskura/.vscode/extensions/ms-python.vscode-pylance-2024.10.1]: Extension is not compatible with Code 1.89.1. Extension requires: ^1.91.0.
2025-03-08 11:32:53.742 [error] [/home/maskura/.vscode/extensions/ms-python.debugpy-2024.12.0-linux-x64]: Extension is not compatible with Code 1.89.1. Extension requires: ^1.92.0.
2025-03-08 11:32:53.744 [error] [/home/maskura/.vscode/extensions/ms-python.vscode-pylance-2024.11.1]: Extension is not compatible with Code 1.89.1. Extension requires: ^1.91.0.
2025-03-08 11:32:53.870 [error] [/home/maskura/.vscode/extensions/ms-python.python-2024.18.1-linux-x64]: Extension is not compatible with Code 1.89.1. Extension requires: ^1.94.0-20240918.
2025-03-08 11:32:53.872 [error] [/home/maskura/.vscode/extensions/ms-python.python-2024.20.0-linux-x64]: Extension is not compatible with Code 1.89.1. Extension requires: ^1.94.0-20240918.
2025-03-08 11:32:53.895 [error] [/home/maskura/.vscode/extensions/ms-python.vscode-pylance-2024.11.2]: Extension is not compatible with Code 1.89.1. Extension requires: ^1.91.0.
2025-03-08 11:32:53.898 [error] [/home/maskura/.vscode/extensions/ms-python.vscode-pylance-2024.11.3]: Extension is not compatible with Code 1.89.1. Extension requires: ^1.91.0.
2025-03-08 11:32:53.898 [error] [/home/maskura/.vscode/extensions/ms-python.debugpy-2024.14.0-linux-x64]: Extension is not compatible with Code 1.89.1. Extension requires: ^1.92.0.
2025-03-08 11:32:53.901 [error] [/home/maskura/.vscode/extensions/ms-python.vscode-pylance-2024.12.1]: Extension is not compatible with Code 1.89.1. Extension requires: ^1.91.0.
2025-03-08 11:32:53.903 [error] [/home/maskura/.vscode/extensions/ms-python.python-2024.22.1-linux-x64]: Extension is not compatible with Code 1.89.1. Extension requires: ^1.94.0-20240918.
2025-03-08 11:32:53.905 [error] [/home/maskura/.vscode/extensions/ms-python.python-2024.22.2-linux-x64]: Extension is not compatible with Code 1.89.1. Extension requires: ^1.94.0-20240918.
2025-03-08 11:32:53.906 [error] [/home/maskura/.vscode/extensions/ms-python.debugpy-2025.0.0-linux-x64]: Extension is not compatible with Code 1.89.1. Extension requires: ^1.92.0.
2025-03-08 11:32:53.909 [error] [/home/maskura/.vscode/extensions/ms-python.python-2024.22.0-linux-x64]: Extension is not compatible with Code 1.89.1. Extension requires: ^1.94.0-20240918.
2025-03-08 11:32:53.911 [error] [/home/maskura/.vscode/extensions/ms-python.python-2025.0.0-linux-x64]: Extension is not compatible with Code 1.89.1. Extension requires: ^1.94.0-20240918.
2025-03-08 11:32:53.922 [error] [/home/maskura/.vscode/extensions/ms-python.vscode-pylance-2025.2.1]: Extension is not compatible with Code 1.89.1. Extension requires: ^1.91.0.
2025-03-08 11:32:53.923 [error] [/home/maskura/.vscode/extensions/ms-python.debugpy-2025.0.1-linux-x64]: Extension is not compatible with Code 1.89.1. Extension requires: ^1.92.0.
2025-03-08 11:32:53.924 [error] [/home/maskura/.vscode/extensions/ms-python.debugpy-2025.4.0-linux-x64]: Extension is not compatible with Code 1.89.1. Extension requires: ^1.92.0.
2025-03-08 11:32:53.926 [error] [/home/maskura/.vscode/extensions/ms-python.python-2025.2.0-linux-x64]: Extension is not compatible with Code 1.89.1. Extension requires: ^1.94.0-20240918.
2025-03-08 11:32:53.931 [error] [/home/maskura/.vscode/extensions/ms-python.vscode-pylance-2025.3.1]: Extension is not compatible with Code 1.89.1. Extension requires: ^1.91.0.
2025-03-08 11:32:54.482 [error] Cannot read properties of undefined (reading 'accessToken'): TypeError: Cannot read properties of undefined (reading 'accessToken')
    at p.z (vscode-file://vscode-app/usr/share/code/resources/app/out/vs/workbench/workbench.desktop.main.js:1686:21851)
    at p.C (vscode-file://vscode-app/usr/share/code/resources/app/out/vs/workbench/workbench.desktop.main.js:1686:22484)
    at d.value (vscode-file://vscode-app/usr/share/code/resources/app/out/vs/workbench/workbench.desktop.main.js:1686:21653)
2025-03-08 11:32:55.761 [info] [perf] Render performance baseline is 98ms
