2025-02-18 19:16:43.409 [info] Revived process, old id a0d5a9bd783f66277f165b5fbefe1039-1 -> new id 1
2025-02-18 19:16:43.409 [info] Revived process, old id a0d5a9bd783f66277f165b5fbefe1039-2 -> new id 2
2025-02-18 19:16:43.410 [info] Revived process, old id a0d5a9bd783f66277f165b5fbefe1039-3 -> new id 3
2025-02-18 19:16:43.647 [info] Expanding terminal instance, old id a0d5a9bd783f66277f165b5fbefe1039-1 -> new id 1
2025-02-18 19:16:43.647 [info] Expanding terminal instance, old id a0d5a9bd783f66277f165b5fbefe1039-2 -> new id 2
2025-02-18 19:16:43.647 [info] Expanding terminal instance, old id a0d5a9bd783f66277f165b5fbefe1039-3 -> new id 3
2025-02-18 19:16:44.342 [warning] Persistent process "1": Process had no disconnect runners but was an orphan
2025-02-18 19:16:44.343 [info] Persistent process reconnection "1"
2025-02-18 19:16:44.345 [warning] Persistent process "2": Process had no disconnect runners but was an orphan
2025-02-18 19:16:44.345 [info] Persistent process reconnection "2"
2025-02-18 19:16:44.345 [warning] Persistent process "3": Process had no disconnect runners but was an orphan
2025-02-18 19:16:44.345 [info] Persistent process reconnection "3"
2025-02-18 19:16:44.794 [info] Persistent process "1": Replaying 4830 chars and 1 size events
2025-02-18 19:16:45.054 [info] Persistent process "2": Replaying 6359 chars and 1 size events
2025-02-18 19:16:45.103 [info] Persistent process "3": Replaying 7654 chars and 1 size events
2025-02-18 19:16:51.021 [info] Expanding terminal instance, old id a0d5a9bd783f66277f165b5fbefe1039-1 -> new id undefined
2025-02-18 19:16:51.022 [info] Expanding terminal instance, old id a0d5a9bd783f66277f165b5fbefe1039-2 -> new id undefined
2025-02-18 19:16:51.022 [info] Expanding terminal instance, old id a0d5a9bd783f66277f165b5fbefe1039-3 -> new id undefined
2025-02-18 19:16:53.627 [info] Persistent process reconnection "1"
2025-02-18 19:16:53.628 [info] Persistent process reconnection "2"
2025-02-18 19:16:53.629 [info] Persistent process reconnection "3"
2025-02-18 19:16:53.689 [info] Persistent process "1": Replaying 4949 chars and 1 size events
2025-02-18 19:16:53.820 [info] Persistent process "2": Replaying 6478 chars and 1 size events
2025-02-18 19:16:53.835 [info] Persistent process "3": Replaying 7773 chars and 1 size events
