2025-02-18 19:16:48.031 [info] Log level: Info
2025-02-18 19:16:48.031 [info] Validating found git in: "git"
2025-02-18 19:16:48.031 [info] Using git "2.43.0" from "git"
2025-02-18 19:16:48.184 [info] > git rev-parse --show-toplevel [158ms]
2025-02-18 19:16:48.202 [info] > git rev-parse --git-dir --git-common-dir [5ms]
2025-02-18 19:16:48.237 [info] Open repository: /mnt/hdd/HDD(lost+found)/instant_chef_project/recipe_filter
2025-02-18 19:16:48.364 [info] > git rev-parse --show-toplevel [70ms]
2025-02-18 19:16:48.366 [info] > git config --get commit.template [105ms]
2025-02-18 19:16:48.456 [info] > git rev-parse --show-toplevel [21ms]
2025-02-18 19:16:48.471 [info] > git rev-parse --show-toplevel [5ms]
2025-02-18 19:16:48.485 [info] > git rev-parse --show-toplevel [3ms]
2025-02-18 19:16:48.503 [info] > git rev-parse --show-toplevel [7ms]
2025-02-18 19:16:48.530 [info] > git rev-parse --show-toplevel [11ms]
2025-02-18 19:16:48.530 [info] > git for-each-ref --format=%(refname)%00%(upstream:short)%00%(objectname)%00%(upstream:track)%00%(upstream:remotename)%00%(upstream:remoteref) refs/heads/main refs/remotes/main [81ms]
2025-02-18 19:16:48.586 [info] > git rev-parse --show-toplevel [18ms]
2025-02-18 19:16:48.691 [info] > git rev-parse --show-toplevel [9ms]
2025-02-18 19:16:49.217 [info] > git check-ignore -v -z --stdin [150ms]
2025-02-18 19:16:54.807 [info] Log level: Info
2025-02-18 19:16:54.807 [info] Validating found git in: "git"
2025-02-18 19:16:54.807 [info] Using git "2.43.0" from "git"
2025-02-18 19:16:54.807 [info] > git rev-parse --show-toplevel [5ms]
2025-02-18 19:16:54.807 [info] > git rev-parse --git-dir --git-common-dir [5ms]
2025-02-18 19:16:54.807 [info] Open repository: /mnt/hdd/HDD(lost+found)/instant_chef_project/recipe_filter
2025-02-18 19:16:54.807 [info] > git config --get commit.template [17ms]
2025-02-18 19:16:54.807 [info] > git rev-parse --show-toplevel [18ms]
2025-02-18 19:16:54.807 [info] > git rev-parse --show-toplevel [9ms]
2025-02-18 19:16:54.807 [info] > git for-each-ref --format=%(refname)%00%(upstream:short)%00%(objectname)%00%(upstream:track)%00%(upstream:remotename)%00%(upstream:remoteref) refs/heads/main refs/remotes/main [29ms]
2025-02-18 19:16:54.807 [info] > git rev-parse --show-toplevel [6ms]
2025-02-18 19:16:54.808 [info] > git rev-parse --show-toplevel [3ms]
2025-02-18 19:16:54.820 [info] > git rev-parse --show-toplevel [2ms]
2025-02-18 19:16:54.835 [info] > git rev-parse --show-toplevel [5ms]
2025-02-18 19:16:54.845 [info] > git rev-parse --show-toplevel [1ms]
2025-02-18 19:16:54.863 [info] > git rev-parse --show-toplevel [2ms]
2025-02-18 19:16:54.884 [info] > git status -z -uall [142ms]
2025-02-18 19:16:54.958 [info] > git config --get commit.template [19ms]
2025-02-18 19:16:54.977 [info] > git for-each-ref --format=%(refname)%00%(upstream:short)%00%(objectname)%00%(upstream:track)%00%(upstream:remotename)%00%(upstream:remoteref) refs/heads/main refs/remotes/main [4ms]
2025-02-18 19:16:55.263 [info] > git status -z -uall [279ms]
2025-02-18 19:16:55.800 [info] > git check-ignore -v -z --stdin [41ms]
2025-02-18 19:16:58.115 [info] > git ls-files --stage -- /mnt/hdd/HDD(lost+found)/instant_chef_project/recipe_filter/routes/chatbotRoute.js [4ms]
2025-02-18 19:16:58.232 [info] > git show --textconv :routes/chatbotRoute.js [128ms]
2025-02-18 19:16:58.233 [info] > git cat-file -s d37bf1f403e1c60bb956d8e415db5b606ae310c1 [112ms]
2025-02-18 19:17:00.152 [info] > git config --get commit.template [7ms]
2025-02-18 19:17:00.154 [info] > git for-each-ref --format=%(refname)%00%(upstream:short)%00%(objectname)%00%(upstream:track)%00%(upstream:remotename)%00%(upstream:remoteref) refs/heads/main refs/remotes/main [3ms]
2025-02-18 19:17:00.213 [info] > git status -z -uall [52ms]
2025-02-18 19:17:06.521 [info] > git config --get commit.template [22ms]
2025-02-18 19:17:06.532 [info] > git for-each-ref --format=%(refname)%00%(upstream:short)%00%(objectname)%00%(upstream:track)%00%(upstream:remotename)%00%(upstream:remoteref) refs/heads/main refs/remotes/main [11ms]
2025-02-18 19:17:06.631 [info] > git status -z -uall [89ms]
2025-02-18 19:17:11.665 [info] > git for-each-ref --format=%(refname)%00%(upstream:short)%00%(objectname)%00%(upstream:track)%00%(upstream:remotename)%00%(upstream:remoteref) refs/heads/main refs/remotes/main [1ms]
2025-02-18 19:17:11.665 [info] > git config --get commit.template [12ms]
2025-02-18 19:17:11.749 [info] > git status -z -uall [76ms]
2025-02-18 19:20:05.790 [info] > git config --get commit.template [10ms]
2025-02-18 19:20:05.791 [info] > git for-each-ref --format=%(refname)%00%(upstream:short)%00%(objectname)%00%(upstream:track)%00%(upstream:remotename)%00%(upstream:remoteref) refs/heads/main refs/remotes/main [3ms]
2025-02-18 19:20:05.857 [info] > git status -z -uall [60ms]
2025-02-18 19:43:07.423 [info] > git config --get commit.template [2ms]
2025-02-18 19:43:07.435 [info] > git for-each-ref --format=%(refname)%00%(upstream:short)%00%(objectname)%00%(upstream:track)%00%(upstream:remotename)%00%(upstream:remoteref) refs/heads/main refs/remotes/main [5ms]
2025-02-18 19:43:07.513 [info] > git status -z -uall [68ms]
2025-02-18 19:43:12.542 [info] > git config --get commit.template [9ms]
2025-02-18 19:43:12.544 [info] > git for-each-ref --format=%(refname)%00%(upstream:short)%00%(objectname)%00%(upstream:track)%00%(upstream:remotename)%00%(upstream:remoteref) refs/heads/main refs/remotes/main [2ms]
2025-02-18 19:43:12.594 [info] > git status -z -uall [41ms]
2025-02-18 19:49:10.252 [info] > git config --get commit.template [3ms]
2025-02-18 19:49:10.266 [info] > git for-each-ref --format=%(refname)%00%(upstream:short)%00%(objectname)%00%(upstream:track)%00%(upstream:remotename)%00%(upstream:remoteref) refs/heads/main refs/remotes/main [5ms]
2025-02-18 19:49:10.343 [info] > git status -z -uall [64ms]
2025-02-18 19:49:14.934 [info] > git ls-files --stage -- /mnt/hdd/HDD(lost+found)/instant_chef_project/recipe_filter/recipes.json [5ms]
2025-02-18 19:49:14.962 [info] > git cat-file -s 6bf3c852268a4ef45119eb084669e6931b035885 [19ms]
2025-02-18 19:49:14.965 [info] > git show --textconv :recipes.json [47ms]
2025-02-18 19:49:15.372 [info] > git config --get commit.template [10ms]
2025-02-18 19:49:15.372 [info] > git for-each-ref --format=%(refname)%00%(upstream:short)%00%(objectname)%00%(upstream:track)%00%(upstream:remotename)%00%(upstream:remoteref) refs/heads/main refs/remotes/main [3ms]
2025-02-18 19:49:15.437 [info] > git status -z -uall [58ms]
2025-02-18 19:49:20.461 [info] > git config --get commit.template [7ms]
2025-02-18 19:49:20.463 [info] > git for-each-ref --format=%(refname)%00%(upstream:short)%00%(objectname)%00%(upstream:track)%00%(upstream:remotename)%00%(upstream:remoteref) refs/heads/main refs/remotes/main [3ms]
2025-02-18 19:49:20.523 [info] > git status -z -uall [52ms]
2025-02-18 19:57:44.440 [info] > git config --get commit.template [7ms]
2025-02-18 19:57:44.458 [info] > git for-each-ref --format=%(refname)%00%(upstream:short)%00%(objectname)%00%(upstream:track)%00%(upstream:remotename)%00%(upstream:remoteref) refs/heads/main refs/remotes/main [4ms]
2025-02-18 19:57:44.510 [info] > git status -z -uall [46ms]
2025-02-18 23:52:49.759 [info] > git config --get commit.template [2ms]
2025-02-18 23:52:49.791 [info] > git for-each-ref --format=%(refname)%00%(upstream:short)%00%(objectname)%00%(upstream:track)%00%(upstream:remotename)%00%(upstream:remoteref) refs/heads/main refs/remotes/main [3ms]
2025-02-18 23:52:49.858 [info] > git status -z -uall [59ms]
2025-02-18 23:52:54.885 [info] > git config --get commit.template [11ms]
2025-02-18 23:52:54.889 [info] > git for-each-ref --format=%(refname)%00%(upstream:short)%00%(objectname)%00%(upstream:track)%00%(upstream:remotename)%00%(upstream:remoteref) refs/heads/main refs/remotes/main [5ms]
2025-02-18 23:52:54.946 [info] > git status -z -uall [50ms]
2025-02-18 23:53:24.277 [info] > git ls-files --stage -- /mnt/hdd/HDD(lost+found)/instant_chef_project/recipe_filter/controllers/recipeController.js [5ms]
2025-02-18 23:53:24.376 [info] > git show --textconv :controllers/recipeController.js [133ms]
2025-02-18 23:53:24.416 [info] > git cat-file -s 07ecd1c63da45ac23d4b065720df3b08d7883e53 [123ms]
2025-02-18 23:53:25.665 [info] > git config --get commit.template [4ms]
2025-02-18 23:53:25.677 [info] > git for-each-ref --format=%(refname)%00%(upstream:short)%00%(objectname)%00%(upstream:track)%00%(upstream:remotename)%00%(upstream:remoteref) refs/heads/main refs/remotes/main [0ms]
2025-02-18 23:53:25.755 [info] > git status -z -uall [68ms]
2025-02-18 23:53:38.678 [info] > git config --get commit.template [3ms]
2025-02-18 23:53:38.688 [info] > git for-each-ref --format=%(refname)%00%(upstream:short)%00%(objectname)%00%(upstream:track)%00%(upstream:remotename)%00%(upstream:remoteref) refs/heads/main refs/remotes/main [2ms]
2025-02-18 23:53:38.741 [info] > git status -z -uall [46ms]
2025-02-18 23:53:53.138 [info] > git config --get commit.template [7ms]
2025-02-18 23:53:53.139 [info] > git for-each-ref --format=%(refname)%00%(upstream:short)%00%(objectname)%00%(upstream:track)%00%(upstream:remotename)%00%(upstream:remoteref) refs/heads/main refs/remotes/main [2ms]
2025-02-18 23:53:53.190 [info] > git status -z -uall [46ms]
2025-02-18 23:54:05.246 [info] > git ls-files --stage -- /mnt/hdd/HDD(lost+found)/instant_chef_project/recipe_filter/firebase/firebaseAuthMiddleware.js [4ms]
2025-02-18 23:54:05.264 [info] > git show --textconv :firebase/firebaseAuthMiddleware.js [33ms]
2025-02-18 23:54:05.264 [info] > git cat-file -s 5a1621ea798eb3689976b3b2003179f844601b87 [14ms]
2025-02-18 23:54:18.667 [info] > git config --get commit.template [9ms]
2025-02-18 23:54:18.668 [info] > git for-each-ref --format=%(refname)%00%(upstream:short)%00%(objectname)%00%(upstream:track)%00%(upstream:remotename)%00%(upstream:remoteref) refs/heads/main refs/remotes/main [3ms]
2025-02-18 23:54:18.726 [info] > git status -z -uall [51ms]
2025-02-18 23:54:23.274 [info] > git show --textconv :models/userModel.js [15ms]
2025-02-18 23:54:23.278 [info] > git ls-files --stage -- /mnt/hdd/HDD(lost+found)/instant_chef_project/recipe_filter/models/userModel.js [10ms]
2025-02-18 23:54:23.288 [info] > git cat-file -s 15d472eb947b5d77d3ab87da2efdd54c9713eacc [4ms]
2025-02-18 23:54:36.689 [info] > git config --get commit.template [8ms]
2025-02-18 23:54:36.691 [info] > git for-each-ref --format=%(refname)%00%(upstream:short)%00%(objectname)%00%(upstream:track)%00%(upstream:remotename)%00%(upstream:remoteref) refs/heads/main refs/remotes/main [3ms]
2025-02-18 23:54:36.745 [info] > git status -z -uall [48ms]
2025-02-18 23:54:55.333 [info] > git config --get commit.template [12ms]
2025-02-18 23:54:55.335 [info] > git for-each-ref --format=%(refname)%00%(upstream:short)%00%(objectname)%00%(upstream:track)%00%(upstream:remotename)%00%(upstream:remoteref) refs/heads/main refs/remotes/main [4ms]
2025-02-18 23:54:55.401 [info] > git status -z -uall [58ms]
2025-02-18 23:57:52.325 [info] > git config --get commit.template [3ms]
2025-02-18 23:57:52.336 [info] > git for-each-ref --format=%(refname)%00%(upstream:short)%00%(objectname)%00%(upstream:track)%00%(upstream:remotename)%00%(upstream:remoteref) refs/heads/main refs/remotes/main [4ms]
2025-02-18 23:57:52.394 [info] > git status -z -uall [51ms]
2025-02-18 23:57:57.418 [info] > git config --get commit.template [8ms]
2025-02-18 23:57:57.420 [info] > git for-each-ref --format=%(refname)%00%(upstream:short)%00%(objectname)%00%(upstream:track)%00%(upstream:remotename)%00%(upstream:remoteref) refs/heads/main refs/remotes/main [3ms]
2025-02-18 23:57:57.468 [info] > git status -z -uall [41ms]
2025-02-18 23:59:47.034 [info] > git config --get commit.template [4ms]
2025-02-18 23:59:47.065 [info] > git for-each-ref --format=%(refname)%00%(upstream:short)%00%(objectname)%00%(upstream:track)%00%(upstream:remotename)%00%(upstream:remoteref) refs/heads/main refs/remotes/main [10ms]
2025-02-18 23:59:47.145 [info] > git status -z -uall [70ms]
2025-02-19 00:00:17.686 [info] > git config --get commit.template [4ms]
2025-02-19 00:00:17.706 [info] > git for-each-ref --format=%(refname)%00%(upstream:short)%00%(objectname)%00%(upstream:track)%00%(upstream:remotename)%00%(upstream:remoteref) refs/heads/main refs/remotes/main [3ms]
2025-02-19 00:00:17.783 [info] > git status -z -uall [67ms]
2025-02-19 00:00:19.199 [info] > git show --textconv :controllers/recipeController.js [9ms]
2025-02-19 00:00:19.204 [info] > git ls-files --stage -- /mnt/hdd/HDD(lost+found)/instant_chef_project/recipe_filter/controllers/recipeController.js [6ms]
2025-02-19 00:00:19.213 [info] > git cat-file -s 07ecd1c63da45ac23d4b065720df3b08d7883e53 [3ms]
2025-02-19 00:00:22.812 [info] > git config --get commit.template [10ms]
2025-02-19 00:00:22.814 [info] > git for-each-ref --format=%(refname)%00%(upstream:short)%00%(objectname)%00%(upstream:track)%00%(upstream:remotename)%00%(upstream:remoteref) refs/heads/main refs/remotes/main [3ms]
2025-02-19 00:00:22.870 [info] > git status -z -uall [51ms]
2025-02-19 00:00:47.973 [info] > git config --get commit.template [6ms]
2025-02-19 00:00:47.995 [info] > git for-each-ref --format=%(refname)%00%(upstream:short)%00%(objectname)%00%(upstream:track)%00%(upstream:remotename)%00%(upstream:remoteref) refs/heads/main refs/remotes/main [4ms]
2025-02-19 00:00:48.076 [info] > git status -z -uall [74ms]
2025-02-19 00:00:53.103 [info] > git config --get commit.template [10ms]
2025-02-19 00:00:53.105 [info] > git for-each-ref --format=%(refname)%00%(upstream:short)%00%(objectname)%00%(upstream:track)%00%(upstream:remotename)%00%(upstream:remoteref) refs/heads/main refs/remotes/main [3ms]
2025-02-19 00:00:53.156 [info] > git status -z -uall [43ms]
2025-02-19 00:00:57.117 [info] > git show --textconv :firebase/firebaseAuthMiddleware.js [8ms]
2025-02-19 00:00:57.122 [info] > git ls-files --stage -- /mnt/hdd/HDD(lost+found)/instant_chef_project/recipe_filter/firebase/firebaseAuthMiddleware.js [6ms]
2025-02-19 00:00:57.130 [info] > git cat-file -s 5a1621ea798eb3689976b3b2003179f844601b87 [2ms]
2025-02-19 00:00:58.182 [info] > git config --get commit.template [10ms]
2025-02-19 00:00:58.183 [info] > git for-each-ref --format=%(refname)%00%(upstream:short)%00%(objectname)%00%(upstream:track)%00%(upstream:remotename)%00%(upstream:remoteref) refs/heads/main refs/remotes/main [2ms]
2025-02-19 00:00:58.241 [info] > git status -z -uall [53ms]
2025-02-19 00:01:03.809 [info] > git config --get commit.template [13ms]
2025-02-19 00:01:03.810 [info] > git for-each-ref --format=%(refname)%00%(upstream:short)%00%(objectname)%00%(upstream:track)%00%(upstream:remotename)%00%(upstream:remoteref) refs/heads/main refs/remotes/main [4ms]
2025-02-19 00:01:03.882 [info] > git status -z -uall [63ms]
2025-02-19 00:01:13.922 [info] > git show --textconv :controllers/recipeController.js [28ms]
2025-02-19 00:01:13.925 [info] > git ls-files --stage -- /mnt/hdd/HDD(lost+found)/instant_chef_project/recipe_filter/controllers/recipeController.js [19ms]
2025-02-19 00:01:13.937 [info] > git cat-file -s 07ecd1c63da45ac23d4b065720df3b08d7883e53 [4ms]
2025-02-19 00:01:27.874 [info] > git config --get commit.template [9ms]
2025-02-19 00:01:27.875 [info] > git for-each-ref --format=%(refname)%00%(upstream:short)%00%(objectname)%00%(upstream:track)%00%(upstream:remotename)%00%(upstream:remoteref) refs/heads/main refs/remotes/main [3ms]
2025-02-19 00:01:27.926 [info] > git status -z -uall [42ms]
2025-02-19 00:01:40.972 [info] > git config --get commit.template [15ms]
2025-02-19 00:01:40.974 [info] > git for-each-ref --format=%(refname)%00%(upstream:short)%00%(objectname)%00%(upstream:track)%00%(upstream:remotename)%00%(upstream:remoteref) refs/heads/main refs/remotes/main [3ms]
2025-02-19 00:01:41.059 [info] > git status -z -uall [68ms]
2025-02-19 00:01:46.352 [info] > git config --get commit.template [7ms]
2025-02-19 00:01:46.354 [info] > git for-each-ref --format=%(refname)%00%(upstream:short)%00%(objectname)%00%(upstream:track)%00%(upstream:remotename)%00%(upstream:remoteref) refs/heads/main refs/remotes/main [3ms]
2025-02-19 00:01:46.420 [info] > git status -z -uall [61ms]
2025-02-19 00:01:51.447 [info] > git config --get commit.template [9ms]
2025-02-19 00:01:51.450 [info] > git for-each-ref --format=%(refname)%00%(upstream:short)%00%(objectname)%00%(upstream:track)%00%(upstream:remotename)%00%(upstream:remoteref) refs/heads/main refs/remotes/main [4ms]
2025-02-19 00:01:51.508 [info] > git status -z -uall [48ms]
2025-02-19 00:01:56.527 [info] > git config --get commit.template [2ms]
2025-02-19 00:01:56.542 [info] > git for-each-ref --format=%(refname)%00%(upstream:short)%00%(objectname)%00%(upstream:track)%00%(upstream:remotename)%00%(upstream:remoteref) refs/heads/main refs/remotes/main [6ms]
2025-02-19 00:01:56.606 [info] > git status -z -uall [56ms]
2025-02-19 00:02:07.228 [info] > git config --get commit.template [1ms]
2025-02-19 00:02:07.243 [info] > git for-each-ref --format=%(refname)%00%(upstream:short)%00%(objectname)%00%(upstream:track)%00%(upstream:remotename)%00%(upstream:remoteref) refs/heads/main refs/remotes/main [4ms]
2025-02-19 00:02:07.320 [info] > git status -z -uall [68ms]
2025-02-19 00:02:12.347 [info] > git config --get commit.template [11ms]
2025-02-19 00:02:12.348 [info] > git for-each-ref --format=%(refname)%00%(upstream:short)%00%(objectname)%00%(upstream:track)%00%(upstream:remotename)%00%(upstream:remoteref) refs/heads/main refs/remotes/main [3ms]
2025-02-19 00:02:12.399 [info] > git status -z -uall [42ms]
2025-02-19 00:04:50.438 [info] > git config --get commit.template [3ms]
2025-02-19 00:04:50.453 [info] > git for-each-ref --format=%(refname)%00%(upstream:short)%00%(objectname)%00%(upstream:track)%00%(upstream:remotename)%00%(upstream:remoteref) refs/heads/main refs/remotes/main [4ms]
2025-02-19 00:04:50.518 [info] > git status -z -uall [58ms]
2025-02-19 00:04:55.544 [info] > git config --get commit.template [10ms]
2025-02-19 00:04:55.546 [info] > git for-each-ref --format=%(refname)%00%(upstream:short)%00%(objectname)%00%(upstream:track)%00%(upstream:remotename)%00%(upstream:remoteref) refs/heads/main refs/remotes/main [3ms]
2025-02-19 00:04:55.601 [info] > git status -z -uall [49ms]
2025-02-19 00:05:03.111 [info] > git for-each-ref --format=%(refname)%00%(upstream:short)%00%(objectname)%00%(upstream:track)%00%(upstream:remotename)%00%(upstream:remoteref) refs/heads/main refs/remotes/main [1ms]
2025-02-19 00:05:03.111 [info] > git config --get commit.template [10ms]
2025-02-19 00:05:03.166 [info] > git status -z -uall [47ms]
2025-02-19 00:05:14.057 [info] > git config --get commit.template [17ms]
2025-02-19 00:05:14.061 [info] > git for-each-ref --format=%(refname)%00%(upstream:short)%00%(objectname)%00%(upstream:track)%00%(upstream:remotename)%00%(upstream:remoteref) refs/heads/main refs/remotes/main [5ms]
2025-02-19 00:05:14.124 [info] > git status -z -uall [56ms]
2025-02-19 00:05:19.152 [info] > git config --get commit.template [10ms]
2025-02-19 00:05:19.153 [info] > git for-each-ref --format=%(refname)%00%(upstream:short)%00%(objectname)%00%(upstream:track)%00%(upstream:remotename)%00%(upstream:remoteref) refs/heads/main refs/remotes/main [2ms]
2025-02-19 00:05:19.203 [info] > git status -z -uall [42ms]
2025-02-19 00:05:37.615 [info] > git config --get commit.template [1ms]
2025-02-19 00:05:37.627 [info] > git for-each-ref --format=%(refname)%00%(upstream:short)%00%(objectname)%00%(upstream:track)%00%(upstream:remotename)%00%(upstream:remoteref) refs/heads/main refs/remotes/main [5ms]
2025-02-19 00:05:37.705 [info] > git status -z -uall [66ms]
2025-02-19 00:05:42.730 [info] > git config --get commit.template [9ms]
2025-02-19 00:05:42.732 [info] > git for-each-ref --format=%(refname)%00%(upstream:short)%00%(objectname)%00%(upstream:track)%00%(upstream:remotename)%00%(upstream:remoteref) refs/heads/main refs/remotes/main [3ms]
2025-02-19 00:05:42.787 [info] > git status -z -uall [47ms]
2025-02-19 00:06:04.735 [info] > git config --get commit.template [23ms]
2025-02-19 00:06:04.737 [info] > git for-each-ref --format=%(refname)%00%(upstream:short)%00%(objectname)%00%(upstream:track)%00%(upstream:remotename)%00%(upstream:remoteref) refs/heads/main refs/remotes/main [4ms]
2025-02-19 00:06:04.834 [info] > git status -z -uall [86ms]
2025-02-19 00:07:15.891 [info] > git config --get commit.template [6ms]
2025-02-19 00:07:15.907 [info] > git for-each-ref --format=%(refname)%00%(upstream:short)%00%(objectname)%00%(upstream:track)%00%(upstream:remotename)%00%(upstream:remoteref) refs/heads/main refs/remotes/main [3ms]
2025-02-19 00:07:15.969 [info] > git status -z -uall [51ms]
2025-02-19 00:07:20.992 [info] > git config --get commit.template [3ms]
2025-02-19 00:07:21.003 [info] > git for-each-ref --format=%(refname)%00%(upstream:short)%00%(objectname)%00%(upstream:track)%00%(upstream:remotename)%00%(upstream:remoteref) refs/heads/main refs/remotes/main [3ms]
2025-02-19 00:07:21.056 [info] > git status -z -uall [44ms]
2025-02-19 00:07:22.858 [info] > git show --textconv :models/userModel.js [7ms]
2025-02-19 00:07:22.862 [info] > git ls-files --stage -- /mnt/hdd/HDD(lost+found)/instant_chef_project/recipe_filter/models/userModel.js [4ms]
2025-02-19 00:07:22.871 [info] > git cat-file -s 15d472eb947b5d77d3ab87da2efdd54c9713eacc [2ms]
2025-02-19 00:07:28.938 [info] > git config --get commit.template [10ms]
2025-02-19 00:07:28.940 [info] > git for-each-ref --format=%(refname)%00%(upstream:short)%00%(objectname)%00%(upstream:track)%00%(upstream:remotename)%00%(upstream:remoteref) refs/heads/main refs/remotes/main [3ms]
2025-02-19 00:07:28.990 [info] > git status -z -uall [42ms]
2025-02-19 00:07:36.366 [info] > git config --get commit.template [10ms]
2025-02-19 00:07:36.369 [info] > git for-each-ref --format=%(refname)%00%(upstream:short)%00%(objectname)%00%(upstream:track)%00%(upstream:remotename)%00%(upstream:remoteref) refs/heads/main refs/remotes/main [3ms]
2025-02-19 00:07:36.423 [info] > git status -z -uall [47ms]
2025-02-19 00:08:39.872 [info] > git config --get commit.template [12ms]
2025-02-19 00:08:39.874 [info] > git for-each-ref --format=%(refname)%00%(upstream:short)%00%(objectname)%00%(upstream:track)%00%(upstream:remotename)%00%(upstream:remoteref) refs/heads/main refs/remotes/main [4ms]
2025-02-19 00:08:39.939 [info] > git status -z -uall [56ms]
2025-02-19 00:15:46.364 [info] > git config --get commit.template [3ms]
2025-02-19 00:15:46.387 [info] > git for-each-ref --format=%(refname)%00%(upstream:short)%00%(objectname)%00%(upstream:track)%00%(upstream:remotename)%00%(upstream:remoteref) refs/heads/main refs/remotes/main [6ms]
2025-02-19 00:15:46.467 [info] > git status -z -uall [71ms]
2025-02-19 00:16:00.916 [info] > git config --get commit.template [4ms]
2025-02-19 00:16:00.938 [info] > git for-each-ref --format=%(refname)%00%(upstream:short)%00%(objectname)%00%(upstream:track)%00%(upstream:remotename)%00%(upstream:remoteref) refs/heads/main refs/remotes/main [4ms]
2025-02-19 00:16:01.026 [info] > git status -z -uall [73ms]
2025-02-19 00:17:38.284 [info] > git config --get commit.template [18ms]
2025-02-19 00:17:38.285 [info] > git for-each-ref --format=%(refname)%00%(upstream:short)%00%(objectname)%00%(upstream:track)%00%(upstream:remotename)%00%(upstream:remoteref) refs/heads/main refs/remotes/main [8ms]
2025-02-19 00:17:38.349 [info] > git status -z -uall [57ms]
2025-02-19 00:17:41.581 [info] > git show --textconv :controllers/recipeController.js [11ms]
2025-02-19 00:17:41.585 [info] > git ls-files --stage -- /mnt/hdd/HDD(lost+found)/instant_chef_project/recipe_filter/controllers/recipeController.js [5ms]
2025-02-19 00:17:41.594 [info] > git cat-file -s 07ecd1c63da45ac23d4b065720df3b08d7883e53 [3ms]
2025-02-19 00:17:43.372 [info] > git config --get commit.template [3ms]
2025-02-19 00:17:43.383 [info] > git for-each-ref --format=%(refname)%00%(upstream:short)%00%(objectname)%00%(upstream:track)%00%(upstream:remotename)%00%(upstream:remoteref) refs/heads/main refs/remotes/main [2ms]
2025-02-19 00:17:43.453 [info] > git status -z -uall [62ms]
2025-02-19 00:17:53.262 [info] > git config --get commit.template [10ms]
2025-02-19 00:17:53.263 [info] > git for-each-ref --format=%(refname)%00%(upstream:short)%00%(objectname)%00%(upstream:track)%00%(upstream:remotename)%00%(upstream:remoteref) refs/heads/main refs/remotes/main [3ms]
2025-02-19 00:17:53.319 [info] > git status -z -uall [50ms]
2025-02-19 00:17:58.346 [info] > git config --get commit.template [10ms]
2025-02-19 00:17:58.348 [info] > git for-each-ref --format=%(refname)%00%(upstream:short)%00%(objectname)%00%(upstream:track)%00%(upstream:remotename)%00%(upstream:remoteref) refs/heads/main refs/remotes/main [2ms]
2025-02-19 00:17:58.396 [info] > git status -z -uall [42ms]
2025-02-19 00:18:05.160 [info] > git config --get commit.template [4ms]
2025-02-19 00:18:05.171 [info] > git for-each-ref --format=%(refname)%00%(upstream:short)%00%(objectname)%00%(upstream:track)%00%(upstream:remotename)%00%(upstream:remoteref) refs/heads/main refs/remotes/main [3ms]
2025-02-19 00:18:05.226 [info] > git status -z -uall [46ms]
2025-02-19 00:18:10.254 [info] > git config --get commit.template [12ms]
2025-02-19 00:18:10.255 [info] > git for-each-ref --format=%(refname)%00%(upstream:short)%00%(objectname)%00%(upstream:track)%00%(upstream:remotename)%00%(upstream:remoteref) refs/heads/main refs/remotes/main [4ms]
2025-02-19 00:18:10.311 [info] > git status -z -uall [50ms]
2025-02-19 00:18:17.595 [info] > git config --get commit.template [12ms]
2025-02-19 00:18:17.596 [info] > git for-each-ref --format=%(refname)%00%(upstream:short)%00%(objectname)%00%(upstream:track)%00%(upstream:remotename)%00%(upstream:remoteref) refs/heads/main refs/remotes/main [3ms]
2025-02-19 00:18:17.666 [info] > git status -z -uall [64ms]
2025-02-19 00:18:22.698 [info] > git config --get commit.template [9ms]
2025-02-19 00:18:22.700 [info] > git for-each-ref --format=%(refname)%00%(upstream:short)%00%(objectname)%00%(upstream:track)%00%(upstream:remotename)%00%(upstream:remoteref) refs/heads/main refs/remotes/main [3ms]
2025-02-19 00:18:22.750 [info] > git status -z -uall [42ms]
2025-02-19 00:21:20.492 [info] > git show --textconv :models/userModel.js [10ms]
2025-02-19 00:21:20.497 [info] > git ls-files --stage -- /mnt/hdd/HDD(lost+found)/instant_chef_project/recipe_filter/models/userModel.js [5ms]
2025-02-19 00:21:20.505 [info] > git cat-file -s 15d472eb947b5d77d3ab87da2efdd54c9713eacc [3ms]
2025-02-19 00:21:26.740 [info] > git config --get commit.template [9ms]
2025-02-19 00:21:26.743 [info] > git for-each-ref --format=%(refname)%00%(upstream:short)%00%(objectname)%00%(upstream:track)%00%(upstream:remotename)%00%(upstream:remoteref) refs/heads/main refs/remotes/main [3ms]
2025-02-19 00:21:26.797 [info] > git status -z -uall [48ms]
2025-02-19 00:21:31.818 [info] > git config --get commit.template [2ms]
2025-02-19 00:21:31.830 [info] > git for-each-ref --format=%(refname)%00%(upstream:short)%00%(objectname)%00%(upstream:track)%00%(upstream:remotename)%00%(upstream:remoteref) refs/heads/main refs/remotes/main [2ms]
2025-02-19 00:21:31.881 [info] > git status -z -uall [43ms]
2025-02-19 00:21:36.905 [info] > git config --get commit.template [11ms]
2025-02-19 00:21:36.906 [info] > git for-each-ref --format=%(refname)%00%(upstream:short)%00%(objectname)%00%(upstream:track)%00%(upstream:remotename)%00%(upstream:remoteref) refs/heads/main refs/remotes/main [2ms]
2025-02-19 00:21:36.974 [info] > git status -z -uall [62ms]
2025-02-19 00:21:42.002 [info] > git config --get commit.template [10ms]
2025-02-19 00:21:42.003 [info] > git for-each-ref --format=%(refname)%00%(upstream:short)%00%(objectname)%00%(upstream:track)%00%(upstream:remotename)%00%(upstream:remoteref) refs/heads/main refs/remotes/main [2ms]
2025-02-19 00:21:42.066 [info] > git status -z -uall [55ms]
2025-02-19 00:21:44.176 [info] > git show --textconv :controllers/recipeController.js [8ms]
2025-02-19 00:21:44.180 [info] > git ls-files --stage -- /mnt/hdd/HDD(lost+found)/instant_chef_project/recipe_filter/controllers/recipeController.js [5ms]
2025-02-19 00:21:44.188 [info] > git cat-file -s 07ecd1c63da45ac23d4b065720df3b08d7883e53 [3ms]
2025-02-19 00:21:49.508 [info] > git config --get commit.template [10ms]
2025-02-19 00:21:49.510 [info] > git for-each-ref --format=%(refname)%00%(upstream:short)%00%(objectname)%00%(upstream:track)%00%(upstream:remotename)%00%(upstream:remoteref) refs/heads/main refs/remotes/main [3ms]
2025-02-19 00:21:49.568 [info] > git status -z -uall [48ms]
2025-02-19 00:21:55.144 [info] > git config --get commit.template [14ms]
2025-02-19 00:21:55.147 [info] > git for-each-ref --format=%(refname)%00%(upstream:short)%00%(objectname)%00%(upstream:track)%00%(upstream:remotename)%00%(upstream:remoteref) refs/heads/main refs/remotes/main [4ms]
2025-02-19 00:21:55.211 [info] > git status -z -uall [56ms]
2025-02-19 00:22:00.233 [info] > git config --get commit.template [10ms]
2025-02-19 00:22:00.234 [info] > git for-each-ref --format=%(refname)%00%(upstream:short)%00%(objectname)%00%(upstream:track)%00%(upstream:remotename)%00%(upstream:remoteref) refs/heads/main refs/remotes/main [2ms]
2025-02-19 00:22:00.298 [info] > git status -z -uall [56ms]
2025-02-19 00:22:05.327 [info] > git config --get commit.template [9ms]
2025-02-19 00:22:05.329 [info] > git for-each-ref --format=%(refname)%00%(upstream:short)%00%(objectname)%00%(upstream:track)%00%(upstream:remotename)%00%(upstream:remoteref) refs/heads/main refs/remotes/main [2ms]
2025-02-19 00:22:05.376 [info] > git status -z -uall [40ms]
2025-02-19 00:23:32.069 [info] > git config --get commit.template [20ms]
2025-02-19 00:23:32.071 [info] > git for-each-ref --format=%(refname)%00%(upstream:short)%00%(objectname)%00%(upstream:track)%00%(upstream:remotename)%00%(upstream:remoteref) refs/heads/main refs/remotes/main [4ms]
2025-02-19 00:23:32.138 [info] > git status -z -uall [56ms]
2025-02-19 00:23:34.690 [info] > git show --textconv :models/userModel.js [20ms]
2025-02-19 00:23:34.691 [info] > git ls-files --stage -- /mnt/hdd/HDD(lost+found)/instant_chef_project/recipe_filter/models/userModel.js [10ms]
2025-02-19 00:23:34.709 [info] > git cat-file -s 15d472eb947b5d77d3ab87da2efdd54c9713eacc [8ms]
2025-02-19 00:23:37.166 [info] > git config --get commit.template [10ms]
2025-02-19 00:23:37.168 [info] > git for-each-ref --format=%(refname)%00%(upstream:short)%00%(objectname)%00%(upstream:track)%00%(upstream:remotename)%00%(upstream:remoteref) refs/heads/main refs/remotes/main [3ms]
2025-02-19 00:23:37.219 [info] > git status -z -uall [43ms]
2025-02-19 00:23:42.250 [info] > git config --get commit.template [10ms]
2025-02-19 00:23:42.252 [info] > git for-each-ref --format=%(refname)%00%(upstream:short)%00%(objectname)%00%(upstream:track)%00%(upstream:remotename)%00%(upstream:remoteref) refs/heads/main refs/remotes/main [3ms]
2025-02-19 00:23:42.309 [info] > git status -z -uall [50ms]
2025-02-19 00:23:47.338 [info] > git config --get commit.template [9ms]
2025-02-19 00:23:47.340 [info] > git for-each-ref --format=%(refname)%00%(upstream:short)%00%(objectname)%00%(upstream:track)%00%(upstream:remotename)%00%(upstream:remoteref) refs/heads/main refs/remotes/main [3ms]
2025-02-19 00:23:47.391 [info] > git status -z -uall [44ms]
2025-02-19 00:25:19.555 [info] > git config --get commit.template [2ms]
2025-02-19 00:25:19.572 [info] > git for-each-ref --format=%(refname)%00%(upstream:short)%00%(objectname)%00%(upstream:track)%00%(upstream:remotename)%00%(upstream:remoteref) refs/heads/main refs/remotes/main [4ms]
2025-02-19 00:25:19.648 [info] > git status -z -uall [67ms]
2025-02-19 00:25:24.676 [info] > git config --get commit.template [10ms]
2025-02-19 00:25:24.679 [info] > git for-each-ref --format=%(refname)%00%(upstream:short)%00%(objectname)%00%(upstream:track)%00%(upstream:remotename)%00%(upstream:remoteref) refs/heads/main refs/remotes/main [4ms]
2025-02-19 00:25:24.732 [info] > git status -z -uall [45ms]
2025-02-19 00:25:29.755 [info] > git config --get commit.template [8ms]
2025-02-19 00:25:29.757 [info] > git for-each-ref --format=%(refname)%00%(upstream:short)%00%(objectname)%00%(upstream:track)%00%(upstream:remotename)%00%(upstream:remoteref) refs/heads/main refs/remotes/main [3ms]
2025-02-19 00:25:29.816 [info] > git status -z -uall [53ms]
2025-02-19 00:25:43.079 [info] > git for-each-ref --format=%(refname)%00%(upstream:short)%00%(objectname)%00%(upstream:track)%00%(upstream:remotename)%00%(upstream:remoteref) refs/heads/main refs/remotes/main [12ms]
2025-02-19 00:25:43.079 [info] > git config --get commit.template [2ms]
2025-02-19 00:25:43.193 [info] > git status -z -uall [103ms]
2025-02-19 00:25:48.233 [info] > git config --get commit.template [11ms]
2025-02-19 00:25:48.235 [info] > git for-each-ref --format=%(refname)%00%(upstream:short)%00%(objectname)%00%(upstream:track)%00%(upstream:remotename)%00%(upstream:remoteref) refs/heads/main refs/remotes/main [3ms]
2025-02-19 00:25:48.286 [info] > git status -z -uall [42ms]
2025-02-19 00:25:53.655 [info] > git config --get commit.template [10ms]
2025-02-19 00:25:53.656 [info] > git for-each-ref --format=%(refname)%00%(upstream:short)%00%(objectname)%00%(upstream:track)%00%(upstream:remotename)%00%(upstream:remoteref) refs/heads/main refs/remotes/main [3ms]
2025-02-19 00:25:53.707 [info] > git status -z -uall [42ms]
2025-02-19 00:26:09.350 [info] > git config --get commit.template [11ms]
2025-02-19 00:26:09.353 [info] > git for-each-ref --format=%(refname)%00%(upstream:short)%00%(objectname)%00%(upstream:track)%00%(upstream:remotename)%00%(upstream:remoteref) refs/heads/main refs/remotes/main [4ms]
2025-02-19 00:26:09.404 [info] > git status -z -uall [44ms]
2025-02-19 00:26:21.431 [info] > git config --get commit.template [7ms]
2025-02-19 00:26:21.432 [info] > git for-each-ref --format=%(refname)%00%(upstream:short)%00%(objectname)%00%(upstream:track)%00%(upstream:remotename)%00%(upstream:remoteref) refs/heads/main refs/remotes/main [2ms]
2025-02-19 00:26:21.495 [info] > git status -z -uall [56ms]
2025-02-19 00:35:54.068 [info] > git config --get commit.template [15ms]
2025-02-19 00:35:54.073 [info] > git for-each-ref --format=%(refname)%00%(upstream:short)%00%(objectname)%00%(upstream:track)%00%(upstream:remotename)%00%(upstream:remoteref) refs/heads/main refs/remotes/main [5ms]
2025-02-19 00:35:54.138 [info] > git status -z -uall [55ms]
2025-02-19 00:35:59.167 [info] > git config --get commit.template [9ms]
2025-02-19 00:35:59.169 [info] > git for-each-ref --format=%(refname)%00%(upstream:short)%00%(objectname)%00%(upstream:track)%00%(upstream:remotename)%00%(upstream:remoteref) refs/heads/main refs/remotes/main [3ms]
2025-02-19 00:35:59.220 [info] > git status -z -uall [42ms]
2025-02-19 00:36:04.252 [info] > git config --get commit.template [9ms]
2025-02-19 00:36:04.254 [info] > git for-each-ref --format=%(refname)%00%(upstream:short)%00%(objectname)%00%(upstream:track)%00%(upstream:remotename)%00%(upstream:remoteref) refs/heads/main refs/remotes/main [3ms]
2025-02-19 00:36:04.305 [info] > git status -z -uall [42ms]
