2024-12-21 11:15:54.500 [info] Log level: Info
2024-12-21 11:15:54.500 [info] Validating found git in: "git"
2024-12-21 11:15:54.500 [info] Using git "2.43.0" from "git"
2024-12-21 11:15:54.545 [info] > git rev-parse --show-toplevel [68ms]
2024-12-21 11:15:54.626 [info] > git rev-parse --git-dir --git-common-dir [66ms]
2024-12-21 11:15:54.656 [info] Open repository: /mnt/hdd/HDD(lost+found)/instant_chef_project/recipe_filter
2024-12-21 11:15:54.687 [info] > git config --get commit.template [14ms]
2024-12-21 11:15:54.690 [info] > git rev-parse --show-toplevel [10ms]
2024-12-21 11:15:54.717 [info] > git rev-parse --show-toplevel [4ms]
2024-12-21 11:15:54.731 [info] > git rev-parse --show-toplevel [4ms]
2024-12-21 11:15:54.750 [info] > git rev-parse --show-toplevel [10ms]
2024-12-21 11:15:54.761 [info] > git rev-parse --show-toplevel [3ms]
2024-12-21 11:15:54.793 [info] > git for-each-ref --format=%(refname)%00%(upstream:short)%00%(objectname)%00%(upstream:track)%00%(upstream:remotename)%00%(upstream:remoteref) refs/heads/main refs/remotes/main [93ms]
2024-12-21 11:15:55.186 [info] > git status -z -uall [382ms]
2024-12-21 11:15:55.229 [info] > git merge-base refs/heads/main refs/remotes/origin/main [30ms]
2024-12-21 11:15:55.246 [info] > git config --get commit.template [16ms]
2024-12-21 11:15:55.264 [info] > git rev-list --count --left-right refs/heads/main...refs/remotes/origin/main [21ms]
2024-12-21 11:15:55.299 [info] > git diff --name-status -z --diff-filter=ADMR 29be0aa2195374872fc959d742ce0f170c16aae3...refs/remotes/origin/main [23ms]
2024-12-21 11:15:55.301 [info] > git for-each-ref --format=%(refname)%00%(upstream:short)%00%(objectname)%00%(upstream:track)%00%(upstream:remotename)%00%(upstream:remoteref) refs/heads/main refs/remotes/main [38ms]
2024-12-21 11:15:55.386 [info] > git check-ignore -v -z --stdin [93ms]
2024-12-21 11:15:55.466 [info] > git status -z -uall [65ms]
2024-12-21 11:15:56.440 [info] > git ls-files --stage -- /mnt/hdd/HDD(lost+found)/instant_chef_project/recipe_filter/recipes.json [5ms]
2024-12-21 11:15:56.471 [info] > git show --textconv :recipes.json [44ms]
2024-12-21 11:15:56.471 [info] > git cat-file -s 707edef6ee807fb93f980837b79f5d270adf335d [17ms]
2024-12-21 11:15:58.520 [info] > git config --get commit.template [11ms]
2024-12-21 11:15:58.523 [info] > git for-each-ref --format=%(refname)%00%(upstream:short)%00%(objectname)%00%(upstream:track)%00%(upstream:remotename)%00%(upstream:remoteref) refs/heads/main refs/remotes/main [4ms]
2024-12-21 11:15:58.566 [info] > git status -z -uall [33ms]
2024-12-21 11:16:03.598 [info] > git config --get commit.template [9ms]
2024-12-21 11:16:03.609 [info] > git for-each-ref --format=%(refname)%00%(upstream:short)%00%(objectname)%00%(upstream:track)%00%(upstream:remotename)%00%(upstream:remoteref) refs/heads/main refs/remotes/main [3ms]
2024-12-21 11:16:03.645 [info] > git status -z -uall [29ms]
2024-12-21 11:16:08.680 [info] > git config --get commit.template [11ms]
2024-12-21 11:16:08.681 [info] > git for-each-ref --format=%(refname)%00%(upstream:short)%00%(objectname)%00%(upstream:track)%00%(upstream:remotename)%00%(upstream:remoteref) refs/heads/main refs/remotes/main [2ms]
2024-12-21 11:16:08.715 [info] > git status -z -uall [28ms]
2024-12-21 11:16:13.755 [info] > git config --get commit.template [10ms]
2024-12-21 11:16:13.757 [info] > git for-each-ref --format=%(refname)%00%(upstream:short)%00%(objectname)%00%(upstream:track)%00%(upstream:remotename)%00%(upstream:remoteref) refs/heads/main refs/remotes/main [4ms]
2024-12-21 11:16:13.798 [info] > git status -z -uall [33ms]
2024-12-21 11:16:18.830 [info] > git config --get commit.template [9ms]
2024-12-21 11:16:18.833 [info] > git for-each-ref --format=%(refname)%00%(upstream:short)%00%(objectname)%00%(upstream:track)%00%(upstream:remotename)%00%(upstream:remoteref) refs/heads/main refs/remotes/main [4ms]
2024-12-21 11:16:18.874 [info] > git status -z -uall [34ms]
2024-12-21 11:16:23.905 [info] > git config --get commit.template [4ms]
2024-12-21 11:16:23.917 [info] > git for-each-ref --format=%(refname)%00%(upstream:short)%00%(objectname)%00%(upstream:track)%00%(upstream:remotename)%00%(upstream:remoteref) refs/heads/main refs/remotes/main [4ms]
2024-12-21 11:16:23.962 [info] > git status -z -uall [35ms]
2024-12-21 11:16:29.004 [info] > git config --get commit.template [11ms]
2024-12-21 11:16:29.006 [info] > git for-each-ref --format=%(refname)%00%(upstream:short)%00%(objectname)%00%(upstream:track)%00%(upstream:remotename)%00%(upstream:remoteref) refs/heads/main refs/remotes/main [4ms]
2024-12-21 11:16:29.054 [info] > git status -z -uall [38ms]
2024-12-21 11:16:41.317 [info] > git config --get commit.template [11ms]
2024-12-21 11:16:41.320 [info] > git for-each-ref --format=%(refname)%00%(upstream:short)%00%(objectname)%00%(upstream:track)%00%(upstream:remotename)%00%(upstream:remoteref) refs/heads/main refs/remotes/main [4ms]
2024-12-21 11:16:41.363 [info] > git status -z -uall [31ms]
2024-12-21 11:16:50.363 [info] > git config --get commit.template [8ms]
2024-12-21 11:16:50.365 [info] > git for-each-ref --format=%(refname)%00%(upstream:short)%00%(objectname)%00%(upstream:track)%00%(upstream:remotename)%00%(upstream:remoteref) refs/heads/main refs/remotes/main [3ms]
2024-12-21 11:16:50.410 [info] > git status -z -uall [38ms]
2024-12-21 11:17:45.442 [info] > git config --get commit.template [10ms]
2024-12-21 11:17:45.445 [info] > git for-each-ref --format=%(refname)%00%(upstream:short)%00%(objectname)%00%(upstream:track)%00%(upstream:remotename)%00%(upstream:remoteref) refs/heads/main refs/remotes/main [4ms]
2024-12-21 11:17:45.489 [info] > git status -z -uall [35ms]
2024-12-21 11:17:50.524 [info] > git config --get commit.template [11ms]
2024-12-21 11:17:50.527 [info] > git for-each-ref --format=%(refname)%00%(upstream:short)%00%(objectname)%00%(upstream:track)%00%(upstream:remotename)%00%(upstream:remoteref) refs/heads/main refs/remotes/main [4ms]
2024-12-21 11:17:50.573 [info] > git status -z -uall [36ms]
2024-12-21 11:20:24.762 [info] Log level: Info
2024-12-21 11:20:24.762 [info] Validating found git in: "git"
2024-12-21 11:20:24.762 [info] Using git "2.43.0" from "git"
2024-12-21 11:20:24.762 [info] > git rev-parse --show-toplevel [10ms]
2024-12-21 11:20:24.791 [info] > git rev-parse --git-dir --git-common-dir [13ms]
2024-12-21 11:20:24.839 [info] Open repository: /mnt/hdd/HDD(lost+found)/instant_chef_project/recipe_filter
2024-12-21 11:20:25.401 [info] > git rev-parse --show-toplevel [326ms]
2024-12-21 11:20:25.404 [info] > git config --get commit.template [344ms]
2024-12-21 11:20:25.829 [info] > git check-ignore -v -z --stdin [87ms]
2024-12-21 11:20:25.836 [info] > git rev-parse --show-toplevel [65ms]
2024-12-21 11:20:25.853 [info] > git for-each-ref --format=%(refname)%00%(upstream:short)%00%(objectname)%00%(upstream:track)%00%(upstream:remotename)%00%(upstream:remoteref) refs/heads/main refs/remotes/main [30ms]
2024-12-21 11:20:25.857 [info] > git rev-parse --show-toplevel [7ms]
2024-12-21 11:20:25.909 [info] > git rev-parse --show-toplevel [43ms]
2024-12-21 11:20:25.971 [info] > git rev-parse --show-toplevel [41ms]
2024-12-21 11:20:25.982 [info] > git status -z -uall [106ms]
2024-12-21 11:20:26.043 [info] > git merge-base refs/heads/main refs/remotes/origin/main [43ms]
2024-12-21 11:20:26.088 [info] > git rev-list --count --left-right refs/heads/main...refs/remotes/origin/main [33ms]
2024-12-21 11:20:26.097 [info] > git config --get commit.template [64ms]
2024-12-21 11:20:26.152 [info] > git diff --name-status -z --diff-filter=ADMR 29be0aa2195374872fc959d742ce0f170c16aae3...refs/remotes/origin/main [57ms]
2024-12-21 11:20:26.166 [info] > git for-each-ref --format=%(refname)%00%(upstream:short)%00%(objectname)%00%(upstream:track)%00%(upstream:remotename)%00%(upstream:remoteref) refs/heads/main refs/remotes/main [6ms]
2024-12-21 11:20:26.249 [info] > git status -z -uall [75ms]
2024-12-21 11:20:27.027 [info] > git show --textconv :recipes.json [17ms]
2024-12-21 11:20:27.033 [info] > git ls-files --stage -- /mnt/hdd/HDD(lost+found)/instant_chef_project/recipe_filter/recipes.json [6ms]
2024-12-21 11:20:27.047 [info] > git cat-file -s 707edef6ee807fb93f980837b79f5d270adf335d [3ms]
2024-12-21 11:20:28.834 [info] > git config --get commit.template [8ms]
2024-12-21 11:20:28.836 [info] > git for-each-ref --format=%(refname)%00%(upstream:short)%00%(objectname)%00%(upstream:track)%00%(upstream:remotename)%00%(upstream:remoteref) refs/heads/main refs/remotes/main [3ms]
2024-12-21 11:20:28.891 [info] > git status -z -uall [47ms]
2024-12-21 11:20:33.929 [info] > git config --get commit.template [9ms]
2024-12-21 11:20:33.932 [info] > git for-each-ref --format=%(refname)%00%(upstream:short)%00%(objectname)%00%(upstream:track)%00%(upstream:remotename)%00%(upstream:remoteref) refs/heads/main refs/remotes/main [3ms]
2024-12-21 11:20:33.974 [info] > git status -z -uall [36ms]
2024-12-21 11:20:39.011 [info] > git config --get commit.template [10ms]
2024-12-21 11:20:39.014 [info] > git for-each-ref --format=%(refname)%00%(upstream:short)%00%(objectname)%00%(upstream:track)%00%(upstream:remotename)%00%(upstream:remoteref) refs/heads/main refs/remotes/main [4ms]
2024-12-21 11:20:39.052 [info] > git status -z -uall [30ms]
2024-12-21 11:20:44.089 [info] > git config --get commit.template [12ms]
2024-12-21 11:20:44.092 [info] > git for-each-ref --format=%(refname)%00%(upstream:short)%00%(objectname)%00%(upstream:track)%00%(upstream:remotename)%00%(upstream:remoteref) refs/heads/main refs/remotes/main [4ms]
2024-12-21 11:20:44.139 [info] > git status -z -uall [36ms]
2024-12-21 11:20:49.179 [info] > git config --get commit.template [10ms]
2024-12-21 11:20:49.182 [info] > git for-each-ref --format=%(refname)%00%(upstream:short)%00%(objectname)%00%(upstream:track)%00%(upstream:remotename)%00%(upstream:remoteref) refs/heads/main refs/remotes/main [3ms]
2024-12-21 11:20:49.220 [info] > git status -z -uall [32ms]
2024-12-21 11:40:06.219 [info] > git config --get commit.template [5ms]
2024-12-21 11:40:06.233 [info] > git for-each-ref --format=%(refname)%00%(upstream:short)%00%(objectname)%00%(upstream:track)%00%(upstream:remotename)%00%(upstream:remoteref) refs/heads/main refs/remotes/main [2ms]
2024-12-21 11:40:06.264 [info] > git status -z -uall [26ms]
2024-12-21 11:40:10.899 [info] > git ls-files --stage -- /mnt/hdd/HDD(lost+found)/instant_chef_project/recipe_filter/controllers/recipeController.js [3ms]
2024-12-21 11:40:11.002 [info] > git show --textconv :controllers/recipeController.js [118ms]
2024-12-21 11:40:11.007 [info] > git cat-file -s 06094f8c65ce01ecfff5605755fe494404b26b56 [101ms]
2024-12-21 11:40:11.288 [info] > git config --get commit.template [3ms]
2024-12-21 11:40:11.299 [info] > git for-each-ref --format=%(refname)%00%(upstream:short)%00%(objectname)%00%(upstream:track)%00%(upstream:remotename)%00%(upstream:remoteref) refs/heads/main refs/remotes/main [2ms]
2024-12-21 11:40:11.370 [info] > git status -z -uall [64ms]
2024-12-21 11:40:16.408 [info] > git config --get commit.template [12ms]
2024-12-21 11:40:16.410 [info] > git for-each-ref --format=%(refname)%00%(upstream:short)%00%(objectname)%00%(upstream:track)%00%(upstream:remotename)%00%(upstream:remoteref) refs/heads/main refs/remotes/main [3ms]
2024-12-21 11:40:16.463 [info] > git status -z -uall [44ms]
2024-12-21 11:40:22.271 [info] > git config --get commit.template [9ms]
2024-12-21 11:40:22.273 [info] > git for-each-ref --format=%(refname)%00%(upstream:short)%00%(objectname)%00%(upstream:track)%00%(upstream:remotename)%00%(upstream:remoteref) refs/heads/main refs/remotes/main [3ms]
2024-12-21 11:40:22.322 [info] > git status -z -uall [38ms]
2024-12-21 11:40:27.361 [info] > git config --get commit.template [11ms]
2024-12-21 11:40:27.364 [info] > git for-each-ref --format=%(refname)%00%(upstream:short)%00%(objectname)%00%(upstream:track)%00%(upstream:remotename)%00%(upstream:remoteref) refs/heads/main refs/remotes/main [4ms]
2024-12-21 11:40:27.409 [info] > git status -z -uall [36ms]
2024-12-21 11:40:32.432 [info] > git config --get commit.template [7ms]
2024-12-21 11:40:32.434 [info] > git for-each-ref --format=%(refname)%00%(upstream:short)%00%(objectname)%00%(upstream:track)%00%(upstream:remotename)%00%(upstream:remoteref) refs/heads/main refs/remotes/main [3ms]
2024-12-21 11:40:32.474 [info] > git status -z -uall [32ms]
2024-12-21 11:40:37.502 [info] > git config --get commit.template [7ms]
2024-12-21 11:40:37.504 [info] > git for-each-ref --format=%(refname)%00%(upstream:short)%00%(objectname)%00%(upstream:track)%00%(upstream:remotename)%00%(upstream:remoteref) refs/heads/main refs/remotes/main [4ms]
2024-12-21 11:40:37.546 [info] > git status -z -uall [32ms]
2024-12-21 11:40:49.490 [info] > git config --get commit.template [13ms]
2024-12-21 11:40:49.493 [info] > git for-each-ref --format=%(refname)%00%(upstream:short)%00%(objectname)%00%(upstream:track)%00%(upstream:remotename)%00%(upstream:remoteref) refs/heads/main refs/remotes/main [4ms]
2024-12-21 11:40:49.540 [info] > git status -z -uall [36ms]
2024-12-21 11:40:58.821 [info] > git config --get commit.template [8ms]
2024-12-21 11:40:58.822 [info] > git for-each-ref --format=%(refname)%00%(upstream:short)%00%(objectname)%00%(upstream:track)%00%(upstream:remotename)%00%(upstream:remoteref) refs/heads/main refs/remotes/main [3ms]
2024-12-21 11:40:58.859 [info] > git status -z -uall [30ms]
2024-12-21 11:41:03.890 [info] > git config --get commit.template [3ms]
2024-12-21 11:41:03.903 [info] > git for-each-ref --format=%(refname)%00%(upstream:short)%00%(objectname)%00%(upstream:track)%00%(upstream:remotename)%00%(upstream:remoteref) refs/heads/main refs/remotes/main [4ms]
2024-12-21 11:41:03.949 [info] > git status -z -uall [36ms]
2024-12-21 11:41:12.613 [info] > git config --get commit.template [7ms]
2024-12-21 11:41:12.615 [info] > git for-each-ref --format=%(refname)%00%(upstream:short)%00%(objectname)%00%(upstream:track)%00%(upstream:remotename)%00%(upstream:remoteref) refs/heads/main refs/remotes/main [4ms]
2024-12-21 11:41:12.668 [info] > git status -z -uall [45ms]
2024-12-21 11:43:49.800 [info] > git config --get commit.template [9ms]
2024-12-21 11:43:49.803 [info] > git for-each-ref --format=%(refname)%00%(upstream:short)%00%(objectname)%00%(upstream:track)%00%(upstream:remotename)%00%(upstream:remoteref) refs/heads/main refs/remotes/main [4ms]
2024-12-21 11:43:49.849 [info] > git status -z -uall [36ms]
2024-12-21 11:43:54.884 [info] > git config --get commit.template [11ms]
2024-12-21 11:43:54.887 [info] > git for-each-ref --format=%(refname)%00%(upstream:short)%00%(objectname)%00%(upstream:track)%00%(upstream:remotename)%00%(upstream:remoteref) refs/heads/main refs/remotes/main [4ms]
2024-12-21 11:43:54.934 [info] > git status -z -uall [37ms]
2024-12-21 11:44:23.115 [info] > git config --get commit.template [9ms]
2024-12-21 11:44:23.116 [info] > git for-each-ref --format=%(refname)%00%(upstream:short)%00%(objectname)%00%(upstream:track)%00%(upstream:remotename)%00%(upstream:remoteref) refs/heads/main refs/remotes/main [4ms]
2024-12-21 11:44:23.162 [info] > git status -z -uall [37ms]
2024-12-21 11:44:44.387 [info] > git config --get commit.template [4ms]
2024-12-21 11:44:44.404 [info] > git for-each-ref --format=%(refname)%00%(upstream:short)%00%(objectname)%00%(upstream:track)%00%(upstream:remotename)%00%(upstream:remoteref) refs/heads/main refs/remotes/main [3ms]
2024-12-21 11:44:44.447 [info] > git status -z -uall [36ms]
2024-12-21 11:44:49.482 [info] > git config --get commit.template [12ms]
2024-12-21 11:44:49.484 [info] > git for-each-ref --format=%(refname)%00%(upstream:short)%00%(objectname)%00%(upstream:track)%00%(upstream:remotename)%00%(upstream:remoteref) refs/heads/main refs/remotes/main [4ms]
2024-12-21 11:44:49.533 [info] > git status -z -uall [39ms]
2024-12-21 11:45:36.591 [info] > git config --get commit.template [1ms]
2024-12-21 11:45:36.611 [info] > git for-each-ref --format=%(refname)%00%(upstream:short)%00%(objectname)%00%(upstream:track)%00%(upstream:remotename)%00%(upstream:remoteref) refs/heads/main refs/remotes/main [3ms]
2024-12-21 11:45:36.660 [info] > git status -z -uall [34ms]
2024-12-21 11:45:46.794 [info] > git config --get commit.template [27ms]
2024-12-21 11:45:46.798 [info] > git for-each-ref --format=%(refname)%00%(upstream:short)%00%(objectname)%00%(upstream:track)%00%(upstream:remotename)%00%(upstream:remoteref) refs/heads/main refs/remotes/main [5ms]
2024-12-21 11:45:46.859 [info] > git status -z -uall [48ms]
2024-12-21 11:46:20.946 [info] > git config --get commit.template [19ms]
2024-12-21 11:46:20.949 [info] > git for-each-ref --format=%(refname)%00%(upstream:short)%00%(objectname)%00%(upstream:track)%00%(upstream:remotename)%00%(upstream:remoteref) refs/heads/main refs/remotes/main [5ms]
2024-12-21 11:46:20.989 [info] > git status -z -uall [32ms]
2024-12-21 11:50:04.665 [info] > git config --get commit.template [15ms]
2024-12-21 11:50:04.666 [info] > git for-each-ref --format=%(refname)%00%(upstream:short)%00%(objectname)%00%(upstream:track)%00%(upstream:remotename)%00%(upstream:remoteref) refs/heads/main refs/remotes/main [5ms]
2024-12-21 11:50:04.710 [info] > git status -z -uall [31ms]
2024-12-21 11:50:09.743 [info] > git config --get commit.template [11ms]
2024-12-21 11:50:09.746 [info] > git for-each-ref --format=%(refname)%00%(upstream:short)%00%(objectname)%00%(upstream:track)%00%(upstream:remotename)%00%(upstream:remoteref) refs/heads/main refs/remotes/main [3ms]
2024-12-21 11:50:09.788 [info] > git status -z -uall [33ms]
2024-12-21 11:50:15.455 [info] > git config --get commit.template [11ms]
2024-12-21 11:50:15.458 [info] > git for-each-ref --format=%(refname)%00%(upstream:short)%00%(objectname)%00%(upstream:track)%00%(upstream:remotename)%00%(upstream:remoteref) refs/heads/main refs/remotes/main [4ms]
2024-12-21 11:50:15.505 [info] > git status -z -uall [36ms]
2024-12-21 11:50:20.544 [info] > git config --get commit.template [11ms]
2024-12-21 11:50:20.547 [info] > git for-each-ref --format=%(refname)%00%(upstream:short)%00%(objectname)%00%(upstream:track)%00%(upstream:remotename)%00%(upstream:remoteref) refs/heads/main refs/remotes/main [4ms]
2024-12-21 11:50:20.589 [info] > git status -z -uall [32ms]
2024-12-21 11:50:25.622 [info] > git config --get commit.template [11ms]
2024-12-21 11:50:25.624 [info] > git for-each-ref --format=%(refname)%00%(upstream:short)%00%(objectname)%00%(upstream:track)%00%(upstream:remotename)%00%(upstream:remoteref) refs/heads/main refs/remotes/main [4ms]
2024-12-21 11:50:25.665 [info] > git status -z -uall [30ms]
2024-12-21 11:50:30.697 [info] > git config --get commit.template [11ms]
2024-12-21 11:50:30.700 [info] > git for-each-ref --format=%(refname)%00%(upstream:short)%00%(objectname)%00%(upstream:track)%00%(upstream:remotename)%00%(upstream:remoteref) refs/heads/main refs/remotes/main [4ms]
2024-12-21 11:50:30.740 [info] > git status -z -uall [29ms]
2024-12-21 11:50:35.778 [info] > git config --get commit.template [15ms]
2024-12-21 11:50:35.780 [info] > git for-each-ref --format=%(refname)%00%(upstream:short)%00%(objectname)%00%(upstream:track)%00%(upstream:remotename)%00%(upstream:remoteref) refs/heads/main refs/remotes/main [5ms]
2024-12-21 11:50:35.820 [info] > git status -z -uall [32ms]
2024-12-21 11:50:55.472 [info] > git config --get commit.template [17ms]
2024-12-21 11:50:55.474 [info] > git for-each-ref --format=%(refname)%00%(upstream:short)%00%(objectname)%00%(upstream:track)%00%(upstream:remotename)%00%(upstream:remoteref) refs/heads/main refs/remotes/main [3ms]
2024-12-21 11:50:55.519 [info] > git status -z -uall [36ms]
2024-12-21 11:51:00.548 [info] > git config --get commit.template [12ms]
2024-12-21 11:51:00.550 [info] > git for-each-ref --format=%(refname)%00%(upstream:short)%00%(objectname)%00%(upstream:track)%00%(upstream:remotename)%00%(upstream:remoteref) refs/heads/main refs/remotes/main [3ms]
2024-12-21 11:51:00.598 [info] > git status -z -uall [37ms]
2024-12-21 11:51:05.626 [info] > git config --get commit.template [9ms]
2024-12-21 11:51:05.628 [info] > git for-each-ref --format=%(refname)%00%(upstream:short)%00%(objectname)%00%(upstream:track)%00%(upstream:remotename)%00%(upstream:remoteref) refs/heads/main refs/remotes/main [2ms]
2024-12-21 11:51:05.668 [info] > git status -z -uall [30ms]
2024-12-21 11:51:39.764 [info] > git config --get commit.template [9ms]
2024-12-21 11:51:39.769 [info] > git for-each-ref --format=%(refname)%00%(upstream:short)%00%(objectname)%00%(upstream:track)%00%(upstream:remotename)%00%(upstream:remoteref) refs/heads/main refs/remotes/main [6ms]
2024-12-21 11:51:39.813 [info] > git status -z -uall [33ms]
2024-12-21 11:51:44.844 [info] > git config --get commit.template [3ms]
2024-12-21 11:51:44.858 [info] > git for-each-ref --format=%(refname)%00%(upstream:short)%00%(objectname)%00%(upstream:track)%00%(upstream:remotename)%00%(upstream:remoteref) refs/heads/main refs/remotes/main [4ms]
2024-12-21 11:51:44.912 [info] > git status -z -uall [47ms]
2024-12-21 11:51:49.935 [info] > git config --get commit.template [8ms]
2024-12-21 11:51:49.937 [info] > git for-each-ref --format=%(refname)%00%(upstream:short)%00%(objectname)%00%(upstream:track)%00%(upstream:remotename)%00%(upstream:remoteref) refs/heads/main refs/remotes/main [3ms]
2024-12-21 11:51:49.972 [info] > git status -z -uall [29ms]
2024-12-21 11:51:56.067 [info] > git config --get commit.template [3ms]
2024-12-21 11:51:56.081 [info] > git for-each-ref --format=%(refname)%00%(upstream:short)%00%(objectname)%00%(upstream:track)%00%(upstream:remotename)%00%(upstream:remoteref) refs/heads/main refs/remotes/main [3ms]
2024-12-21 11:51:56.121 [info] > git status -z -uall [31ms]
2024-12-21 11:52:08.838 [info] > git config --get commit.template [17ms]
2024-12-21 11:52:08.840 [info] > git for-each-ref --format=%(refname)%00%(upstream:short)%00%(objectname)%00%(upstream:track)%00%(upstream:remotename)%00%(upstream:remoteref) refs/heads/main refs/remotes/main [5ms]
2024-12-21 11:52:08.894 [info] > git status -z -uall [44ms]
2024-12-21 11:52:13.920 [info] > git config --get commit.template [8ms]
2024-12-21 11:52:13.922 [info] > git for-each-ref --format=%(refname)%00%(upstream:short)%00%(objectname)%00%(upstream:track)%00%(upstream:remotename)%00%(upstream:remoteref) refs/heads/main refs/remotes/main [3ms]
2024-12-21 11:52:13.962 [info] > git status -z -uall [34ms]
2024-12-21 11:52:18.985 [info] > git config --get commit.template [7ms]
2024-12-21 11:52:18.987 [info] > git for-each-ref --format=%(refname)%00%(upstream:short)%00%(objectname)%00%(upstream:track)%00%(upstream:remotename)%00%(upstream:remoteref) refs/heads/main refs/remotes/main [3ms]
2024-12-21 11:52:19.027 [info] > git status -z -uall [33ms]
2024-12-21 11:52:24.069 [info] > git config --get commit.template [15ms]
2024-12-21 11:52:24.073 [info] > git for-each-ref --format=%(refname)%00%(upstream:short)%00%(objectname)%00%(upstream:track)%00%(upstream:remotename)%00%(upstream:remoteref) refs/heads/main refs/remotes/main [6ms]
2024-12-21 11:52:24.111 [info] > git status -z -uall [28ms]
2024-12-21 11:52:38.344 [info] > git config --get commit.template [17ms]
2024-12-21 11:52:38.349 [info] > git for-each-ref --format=%(refname)%00%(upstream:short)%00%(objectname)%00%(upstream:track)%00%(upstream:remotename)%00%(upstream:remoteref) refs/heads/main refs/remotes/main [6ms]
2024-12-21 11:52:38.390 [info] > git status -z -uall [33ms]
2024-12-21 11:52:43.424 [info] > git config --get commit.template [11ms]
2024-12-21 11:52:43.427 [info] > git for-each-ref --format=%(refname)%00%(upstream:short)%00%(objectname)%00%(upstream:track)%00%(upstream:remotename)%00%(upstream:remoteref) refs/heads/main refs/remotes/main [3ms]
2024-12-21 11:52:43.470 [info] > git status -z -uall [33ms]
2024-12-21 11:52:48.507 [info] > git config --get commit.template [12ms]
2024-12-21 11:52:48.509 [info] > git for-each-ref --format=%(refname)%00%(upstream:short)%00%(objectname)%00%(upstream:track)%00%(upstream:remotename)%00%(upstream:remoteref) refs/heads/main refs/remotes/main [4ms]
2024-12-21 11:52:48.555 [info] > git status -z -uall [38ms]
2024-12-21 11:53:59.182 [info] > git config --get commit.template [3ms]
2024-12-21 11:53:59.192 [info] > git for-each-ref --format=%(refname)%00%(upstream:short)%00%(objectname)%00%(upstream:track)%00%(upstream:remotename)%00%(upstream:remoteref) refs/heads/main refs/remotes/main [2ms]
2024-12-21 11:53:59.244 [info] > git status -z -uall [45ms]
2024-12-21 11:54:04.260 [info] > git config --get commit.template [3ms]
2024-12-21 11:54:04.269 [info] > git for-each-ref --format=%(refname)%00%(upstream:short)%00%(objectname)%00%(upstream:track)%00%(upstream:remotename)%00%(upstream:remoteref) refs/heads/main refs/remotes/main [2ms]
2024-12-21 11:54:04.322 [info] > git status -z -uall [47ms]
2024-12-21 11:54:09.354 [info] > git config --get commit.template [12ms]
2024-12-21 11:54:09.357 [info] > git for-each-ref --format=%(refname)%00%(upstream:short)%00%(objectname)%00%(upstream:track)%00%(upstream:remotename)%00%(upstream:remoteref) refs/heads/main refs/remotes/main [4ms]
2024-12-21 11:54:09.398 [info] > git status -z -uall [33ms]
2024-12-21 11:54:17.303 [info] > git config --get commit.template [8ms]
2024-12-21 11:54:17.305 [info] > git for-each-ref --format=%(refname)%00%(upstream:short)%00%(objectname)%00%(upstream:track)%00%(upstream:remotename)%00%(upstream:remoteref) refs/heads/main refs/remotes/main [3ms]
2024-12-21 11:54:17.341 [info] > git status -z -uall [29ms]
2024-12-21 11:54:22.372 [info] > git config --get commit.template [11ms]
2024-12-21 11:54:22.374 [info] > git for-each-ref --format=%(refname)%00%(upstream:short)%00%(objectname)%00%(upstream:track)%00%(upstream:remotename)%00%(upstream:remoteref) refs/heads/main refs/remotes/main [4ms]
2024-12-21 11:54:22.420 [info] > git status -z -uall [35ms]
2024-12-21 11:56:48.166 [info] > git config --get commit.template [11ms]
2024-12-21 11:56:48.168 [info] > git for-each-ref --format=%(refname)%00%(upstream:short)%00%(objectname)%00%(upstream:track)%00%(upstream:remotename)%00%(upstream:remoteref) refs/heads/main refs/remotes/main [3ms]
2024-12-21 11:56:48.212 [info] > git status -z -uall [36ms]
2024-12-21 11:56:53.247 [info] > git config --get commit.template [11ms]
2024-12-21 11:56:53.250 [info] > git for-each-ref --format=%(refname)%00%(upstream:short)%00%(objectname)%00%(upstream:track)%00%(upstream:remotename)%00%(upstream:remoteref) refs/heads/main refs/remotes/main [4ms]
2024-12-21 11:56:53.290 [info] > git status -z -uall [29ms]
2024-12-21 11:57:22.288 [info] > git config --get commit.template [8ms]
2024-12-21 11:57:22.290 [info] > git for-each-ref --format=%(refname)%00%(upstream:short)%00%(objectname)%00%(upstream:track)%00%(upstream:remotename)%00%(upstream:remoteref) refs/heads/main refs/remotes/main [4ms]
2024-12-21 11:57:22.334 [info] > git status -z -uall [36ms]
2024-12-21 11:57:27.377 [info] > git config --get commit.template [13ms]
2024-12-21 11:57:27.380 [info] > git for-each-ref --format=%(refname)%00%(upstream:short)%00%(objectname)%00%(upstream:track)%00%(upstream:remotename)%00%(upstream:remoteref) refs/heads/main refs/remotes/main [4ms]
2024-12-21 11:57:27.425 [info] > git status -z -uall [35ms]
2024-12-21 11:57:47.477 [info] > git config --get commit.template [12ms]
2024-12-21 11:57:47.481 [info] > git for-each-ref --format=%(refname)%00%(upstream:short)%00%(objectname)%00%(upstream:track)%00%(upstream:remotename)%00%(upstream:remoteref) refs/heads/main refs/remotes/main [4ms]
2024-12-21 11:57:47.527 [info] > git status -z -uall [36ms]
2024-12-21 11:58:29.034 [info] > git config --get commit.template [5ms]
2024-12-21 11:58:29.043 [info] > git for-each-ref --format=%(refname)%00%(upstream:short)%00%(objectname)%00%(upstream:track)%00%(upstream:remotename)%00%(upstream:remoteref) refs/heads/main refs/remotes/main [2ms]
2024-12-21 11:58:29.082 [info] > git status -z -uall [31ms]
2024-12-21 11:58:34.120 [info] > git config --get commit.template [11ms]
2024-12-21 11:58:34.122 [info] > git for-each-ref --format=%(refname)%00%(upstream:short)%00%(objectname)%00%(upstream:track)%00%(upstream:remotename)%00%(upstream:remoteref) refs/heads/main refs/remotes/main [4ms]
2024-12-21 11:58:34.165 [info] > git status -z -uall [33ms]
2024-12-21 12:00:05.203 [info] > git config --get commit.template [1ms]
2024-12-21 12:00:05.215 [info] > git for-each-ref --format=%(refname)%00%(upstream:short)%00%(objectname)%00%(upstream:track)%00%(upstream:remotename)%00%(upstream:remoteref) refs/heads/main refs/remotes/main [2ms]
2024-12-21 12:00:05.258 [info] > git status -z -uall [33ms]
2024-12-21 12:00:10.298 [info] > git config --get commit.template [19ms]
2024-12-21 12:00:10.304 [info] > git for-each-ref --format=%(refname)%00%(upstream:short)%00%(objectname)%00%(upstream:track)%00%(upstream:remotename)%00%(upstream:remoteref) refs/heads/main refs/remotes/main [7ms]
2024-12-21 12:00:10.340 [info] > git status -z -uall [28ms]
2024-12-21 12:00:15.374 [info] > git config --get commit.template [12ms]
2024-12-21 12:00:15.377 [info] > git for-each-ref --format=%(refname)%00%(upstream:short)%00%(objectname)%00%(upstream:track)%00%(upstream:remotename)%00%(upstream:remoteref) refs/heads/main refs/remotes/main [5ms]
2024-12-21 12:00:15.421 [info] > git status -z -uall [32ms]
2024-12-21 12:00:22.377 [info] > git config --get commit.template [11ms]
2024-12-21 12:00:22.379 [info] > git for-each-ref --format=%(refname)%00%(upstream:short)%00%(objectname)%00%(upstream:track)%00%(upstream:remotename)%00%(upstream:remoteref) refs/heads/main refs/remotes/main [3ms]
2024-12-21 12:00:22.428 [info] > git status -z -uall [38ms]
2024-12-21 12:01:59.419 [info] > git config --get commit.template [2ms]
2024-12-21 12:01:59.433 [info] > git for-each-ref --format=%(refname)%00%(upstream:short)%00%(objectname)%00%(upstream:track)%00%(upstream:remotename)%00%(upstream:remoteref) refs/heads/main refs/remotes/main [3ms]
2024-12-21 12:01:59.473 [info] > git status -z -uall [31ms]
2024-12-21 12:02:04.505 [info] > git config --get commit.template [10ms]
2024-12-21 12:02:04.507 [info] > git for-each-ref --format=%(refname)%00%(upstream:short)%00%(objectname)%00%(upstream:track)%00%(upstream:remotename)%00%(upstream:remoteref) refs/heads/main refs/remotes/main [3ms]
2024-12-21 12:02:04.543 [info] > git status -z -uall [29ms]
2024-12-21 12:02:18.778 [info] > git config --get commit.template [8ms]
2024-12-21 12:02:18.780 [info] > git for-each-ref --format=%(refname)%00%(upstream:short)%00%(objectname)%00%(upstream:track)%00%(upstream:remotename)%00%(upstream:remoteref) refs/heads/main refs/remotes/main [3ms]
2024-12-21 12:02:18.817 [info] > git status -z -uall [31ms]
2024-12-21 12:02:23.843 [info] > git config --get commit.template [9ms]
2024-12-21 12:02:23.846 [info] > git for-each-ref --format=%(refname)%00%(upstream:short)%00%(objectname)%00%(upstream:track)%00%(upstream:remotename)%00%(upstream:remoteref) refs/heads/main refs/remotes/main [4ms]
2024-12-21 12:02:23.888 [info] > git status -z -uall [35ms]
2024-12-21 12:03:49.506 [info] > git config --get commit.template [2ms]
2024-12-21 12:03:49.521 [info] > git for-each-ref --format=%(refname)%00%(upstream:short)%00%(objectname)%00%(upstream:track)%00%(upstream:remotename)%00%(upstream:remoteref) refs/heads/main refs/remotes/main [3ms]
2024-12-21 12:03:49.566 [info] > git status -z -uall [33ms]
2024-12-21 12:04:01.580 [info] > git config --get commit.template [4ms]
2024-12-21 12:04:01.596 [info] > git for-each-ref --format=%(refname)%00%(upstream:short)%00%(objectname)%00%(upstream:track)%00%(upstream:remotename)%00%(upstream:remoteref) refs/heads/main refs/remotes/main [7ms]
2024-12-21 12:04:01.643 [info] > git status -z -uall [36ms]
2024-12-21 12:05:00.092 [info] > git config --get commit.template [4ms]
2024-12-21 12:05:00.113 [info] > git for-each-ref --format=%(refname)%00%(upstream:short)%00%(objectname)%00%(upstream:track)%00%(upstream:remotename)%00%(upstream:remoteref) refs/heads/main refs/remotes/main [5ms]
2024-12-21 12:05:00.154 [info] > git status -z -uall [34ms]
2024-12-21 12:05:05.181 [info] > git config --get commit.template [4ms]
2024-12-21 12:05:05.195 [info] > git for-each-ref --format=%(refname)%00%(upstream:short)%00%(objectname)%00%(upstream:track)%00%(upstream:remotename)%00%(upstream:remoteref) refs/heads/main refs/remotes/main [4ms]
2024-12-21 12:05:05.244 [info] > git status -z -uall [38ms]
2024-12-21 12:05:10.279 [info] > git config --get commit.template [10ms]
2024-12-21 12:05:10.280 [info] > git for-each-ref --format=%(refname)%00%(upstream:short)%00%(objectname)%00%(upstream:track)%00%(upstream:remotename)%00%(upstream:remoteref) refs/heads/main refs/remotes/main [3ms]
2024-12-21 12:05:10.323 [info] > git status -z -uall [32ms]
2024-12-21 12:05:15.357 [info] > git config --get commit.template [10ms]
2024-12-21 12:05:15.360 [info] > git for-each-ref --format=%(refname)%00%(upstream:short)%00%(objectname)%00%(upstream:track)%00%(upstream:remotename)%00%(upstream:remoteref) refs/heads/main refs/remotes/main [4ms]
2024-12-21 12:05:15.408 [info] > git status -z -uall [37ms]
2024-12-21 12:05:20.837 [info] > git config --get commit.template [12ms]
2024-12-21 12:05:20.840 [info] > git for-each-ref --format=%(refname)%00%(upstream:short)%00%(objectname)%00%(upstream:track)%00%(upstream:remotename)%00%(upstream:remoteref) refs/heads/main refs/remotes/main [4ms]
2024-12-21 12:05:20.890 [info] > git status -z -uall [39ms]
2024-12-21 12:05:25.926 [info] > git config --get commit.template [11ms]
2024-12-21 12:05:25.929 [info] > git for-each-ref --format=%(refname)%00%(upstream:short)%00%(objectname)%00%(upstream:track)%00%(upstream:remotename)%00%(upstream:remoteref) refs/heads/main refs/remotes/main [4ms]
2024-12-21 12:05:25.976 [info] > git status -z -uall [37ms]
2024-12-21 12:05:31.018 [info] > git config --get commit.template [11ms]
2024-12-21 12:05:31.021 [info] > git for-each-ref --format=%(refname)%00%(upstream:short)%00%(objectname)%00%(upstream:track)%00%(upstream:remotename)%00%(upstream:remoteref) refs/heads/main refs/remotes/main [3ms]
2024-12-21 12:05:31.065 [info] > git status -z -uall [32ms]
2024-12-21 12:05:43.032 [info] > git config --get commit.template [4ms]
2024-12-21 12:05:43.047 [info] > git for-each-ref --format=%(refname)%00%(upstream:short)%00%(objectname)%00%(upstream:track)%00%(upstream:remotename)%00%(upstream:remoteref) refs/heads/main refs/remotes/main [4ms]
2024-12-21 12:05:43.098 [info] > git status -z -uall [43ms]
2024-12-21 12:05:48.124 [info] > git config --get commit.template [9ms]
2024-12-21 12:05:48.126 [info] > git for-each-ref --format=%(refname)%00%(upstream:short)%00%(objectname)%00%(upstream:track)%00%(upstream:remotename)%00%(upstream:remoteref) refs/heads/main refs/remotes/main [3ms]
2024-12-21 12:05:48.163 [info] > git status -z -uall [29ms]
2024-12-21 12:05:55.536 [info] > git config --get commit.template [11ms]
2024-12-21 12:05:55.539 [info] > git for-each-ref --format=%(refname)%00%(upstream:short)%00%(objectname)%00%(upstream:track)%00%(upstream:remotename)%00%(upstream:remoteref) refs/heads/main refs/remotes/main [3ms]
2024-12-21 12:05:55.591 [info] > git status -z -uall [40ms]
2024-12-21 12:06:00.620 [info] > git config --get commit.template [10ms]
2024-12-21 12:06:00.623 [info] > git for-each-ref --format=%(refname)%00%(upstream:short)%00%(objectname)%00%(upstream:track)%00%(upstream:remotename)%00%(upstream:remoteref) refs/heads/main refs/remotes/main [3ms]
2024-12-21 12:06:00.666 [info] > git status -z -uall [37ms]
2024-12-21 12:06:05.700 [info] > git config --get commit.template [11ms]
2024-12-21 12:06:05.703 [info] > git for-each-ref --format=%(refname)%00%(upstream:short)%00%(objectname)%00%(upstream:track)%00%(upstream:remotename)%00%(upstream:remoteref) refs/heads/main refs/remotes/main [5ms]
2024-12-21 12:06:05.747 [info] > git status -z -uall [35ms]
2024-12-21 12:06:22.353 [info] > git config --get commit.template [12ms]
2024-12-21 12:06:22.356 [info] > git for-each-ref --format=%(refname)%00%(upstream:short)%00%(objectname)%00%(upstream:track)%00%(upstream:remotename)%00%(upstream:remoteref) refs/heads/main refs/remotes/main [3ms]
2024-12-21 12:06:22.406 [info] > git status -z -uall [38ms]
2024-12-21 12:06:27.442 [info] > git config --get commit.template [11ms]
2024-12-21 12:06:27.445 [info] > git for-each-ref --format=%(refname)%00%(upstream:short)%00%(objectname)%00%(upstream:track)%00%(upstream:remotename)%00%(upstream:remoteref) refs/heads/main refs/remotes/main [4ms]
2024-12-21 12:06:27.493 [info] > git status -z -uall [36ms]
2024-12-21 12:08:15.053 [info] > git config --get commit.template [4ms]
2024-12-21 12:08:15.065 [info] > git for-each-ref --format=%(refname)%00%(upstream:short)%00%(objectname)%00%(upstream:track)%00%(upstream:remotename)%00%(upstream:remoteref) refs/heads/main refs/remotes/main [3ms]
2024-12-21 12:08:15.105 [info] > git status -z -uall [32ms]
2024-12-21 12:08:20.156 [info] > git config --get commit.template [18ms]
2024-12-21 12:08:20.159 [info] > git for-each-ref --format=%(refname)%00%(upstream:short)%00%(objectname)%00%(upstream:track)%00%(upstream:remotename)%00%(upstream:remoteref) refs/heads/main refs/remotes/main [3ms]
2024-12-21 12:08:20.215 [info] > git status -z -uall [47ms]
2024-12-21 12:08:25.249 [info] > git config --get commit.template [11ms]
2024-12-21 12:08:25.252 [info] > git for-each-ref --format=%(refname)%00%(upstream:short)%00%(objectname)%00%(upstream:track)%00%(upstream:remotename)%00%(upstream:remoteref) refs/heads/main refs/remotes/main [3ms]
2024-12-21 12:08:25.299 [info] > git status -z -uall [36ms]
2024-12-21 12:08:30.324 [info] > git config --get commit.template [10ms]
2024-12-21 12:08:30.326 [info] > git for-each-ref --format=%(refname)%00%(upstream:short)%00%(objectname)%00%(upstream:track)%00%(upstream:remotename)%00%(upstream:remoteref) refs/heads/main refs/remotes/main [3ms]
2024-12-21 12:08:30.380 [info] > git status -z -uall [46ms]
2024-12-21 12:08:35.421 [info] > git config --get commit.template [13ms]
2024-12-21 12:08:35.423 [info] > git for-each-ref --format=%(refname)%00%(upstream:short)%00%(objectname)%00%(upstream:track)%00%(upstream:remotename)%00%(upstream:remoteref) refs/heads/main refs/remotes/main [3ms]
2024-12-21 12:08:35.463 [info] > git status -z -uall [32ms]
2024-12-21 12:08:40.492 [info] > git config --get commit.template [3ms]
2024-12-21 12:08:40.501 [info] > git for-each-ref --format=%(refname)%00%(upstream:short)%00%(objectname)%00%(upstream:track)%00%(upstream:remotename)%00%(upstream:remoteref) refs/heads/main refs/remotes/main [3ms]
2024-12-21 12:08:40.552 [info] > git status -z -uall [40ms]
2024-12-21 12:08:49.986 [info] > git config --get commit.template [2ms]
2024-12-21 12:08:50.000 [info] > git for-each-ref --format=%(refname)%00%(upstream:short)%00%(objectname)%00%(upstream:track)%00%(upstream:remotename)%00%(upstream:remoteref) refs/heads/main refs/remotes/main [5ms]
2024-12-21 12:08:50.042 [info] > git status -z -uall [35ms]
2024-12-21 12:10:43.668 [info] > git config --get commit.template [13ms]
2024-12-21 12:10:43.670 [info] > git for-each-ref --format=%(refname)%00%(upstream:short)%00%(objectname)%00%(upstream:track)%00%(upstream:remotename)%00%(upstream:remoteref) refs/heads/main refs/remotes/main [3ms]
2024-12-21 12:10:43.724 [info] > git status -z -uall [48ms]
2024-12-21 12:10:48.763 [info] > git config --get commit.template [14ms]
2024-12-21 12:10:48.766 [info] > git for-each-ref --format=%(refname)%00%(upstream:short)%00%(objectname)%00%(upstream:track)%00%(upstream:remotename)%00%(upstream:remoteref) refs/heads/main refs/remotes/main [4ms]
2024-12-21 12:10:48.806 [info] > git status -z -uall [29ms]
2024-12-21 12:10:53.843 [info] > git config --get commit.template [11ms]
2024-12-21 12:10:53.846 [info] > git for-each-ref --format=%(refname)%00%(upstream:short)%00%(objectname)%00%(upstream:track)%00%(upstream:remotename)%00%(upstream:remoteref) refs/heads/main refs/remotes/main [4ms]
2024-12-21 12:10:53.892 [info] > git status -z -uall [33ms]
2024-12-21 12:10:58.925 [info] > git for-each-ref --format=%(refname)%00%(upstream:short)%00%(objectname)%00%(upstream:track)%00%(upstream:remotename)%00%(upstream:remoteref) refs/heads/main refs/remotes/main [1ms]
2024-12-21 12:10:58.926 [info] > git config --get commit.template [13ms]
2024-12-21 12:10:58.968 [info] > git status -z -uall [34ms]
2024-12-21 12:11:04.004 [info] > git config --get commit.template [13ms]
2024-12-21 12:11:04.007 [info] > git for-each-ref --format=%(refname)%00%(upstream:short)%00%(objectname)%00%(upstream:track)%00%(upstream:remotename)%00%(upstream:remoteref) refs/heads/main refs/remotes/main [4ms]
2024-12-21 12:11:04.046 [info] > git status -z -uall [29ms]
2024-12-21 12:11:47.517 [info] > git config --get commit.template [12ms]
2024-12-21 12:11:47.518 [info] > git for-each-ref --format=%(refname)%00%(upstream:short)%00%(objectname)%00%(upstream:track)%00%(upstream:remotename)%00%(upstream:remoteref) refs/heads/main refs/remotes/main [4ms]
2024-12-21 12:11:47.559 [info] > git status -z -uall [32ms]
2024-12-21 12:13:14.637 [info] > git config --get commit.template [7ms]
2024-12-21 12:13:14.652 [info] > git for-each-ref --format=%(refname)%00%(upstream:short)%00%(objectname)%00%(upstream:track)%00%(upstream:remotename)%00%(upstream:remoteref) refs/heads/main refs/remotes/main [3ms]
2024-12-21 12:13:14.695 [info] > git status -z -uall [35ms]
2024-12-21 12:13:20.429 [info] > git config --get commit.template [3ms]
2024-12-21 12:13:20.441 [info] > git for-each-ref --format=%(refname)%00%(upstream:short)%00%(objectname)%00%(upstream:track)%00%(upstream:remotename)%00%(upstream:remoteref) refs/heads/main refs/remotes/main [3ms]
2024-12-21 12:13:20.489 [info] > git status -z -uall [41ms]
2024-12-21 12:13:25.530 [info] > git config --get commit.template [12ms]
2024-12-21 12:13:25.533 [info] > git for-each-ref --format=%(refname)%00%(upstream:short)%00%(objectname)%00%(upstream:track)%00%(upstream:remotename)%00%(upstream:remoteref) refs/heads/main refs/remotes/main [5ms]
2024-12-21 12:13:25.577 [info] > git status -z -uall [35ms]
2024-12-21 12:13:37.307 [info] > git config --get commit.template [12ms]
2024-12-21 12:13:37.309 [info] > git for-each-ref --format=%(refname)%00%(upstream:short)%00%(objectname)%00%(upstream:track)%00%(upstream:remotename)%00%(upstream:remoteref) refs/heads/main refs/remotes/main [4ms]
2024-12-21 12:13:37.352 [info] > git status -z -uall [33ms]
2024-12-21 12:15:31.063 [info] > git config --get commit.template [11ms]
2024-12-21 12:15:31.066 [info] > git for-each-ref --format=%(refname)%00%(upstream:short)%00%(objectname)%00%(upstream:track)%00%(upstream:remotename)%00%(upstream:remoteref) refs/heads/main refs/remotes/main [3ms]
2024-12-21 12:15:31.109 [info] > git status -z -uall [32ms]
2024-12-21 12:15:50.892 [info] > git config --get commit.template [11ms]
2024-12-21 12:15:50.895 [info] > git for-each-ref --format=%(refname)%00%(upstream:short)%00%(objectname)%00%(upstream:track)%00%(upstream:remotename)%00%(upstream:remoteref) refs/heads/main refs/remotes/main [4ms]
2024-12-21 12:15:50.935 [info] > git status -z -uall [28ms]
2024-12-21 12:16:03.065 [info] > git config --get commit.template [12ms]
2024-12-21 12:16:03.067 [info] > git for-each-ref --format=%(refname)%00%(upstream:short)%00%(objectname)%00%(upstream:track)%00%(upstream:remotename)%00%(upstream:remoteref) refs/heads/main refs/remotes/main [5ms]
2024-12-21 12:16:03.111 [info] > git status -z -uall [33ms]
2024-12-21 12:19:05.380 [info] > git config --get commit.template [12ms]
2024-12-21 12:19:05.383 [info] > git for-each-ref --format=%(refname)%00%(upstream:short)%00%(objectname)%00%(upstream:track)%00%(upstream:remotename)%00%(upstream:remoteref) refs/heads/main refs/remotes/main [4ms]
2024-12-21 12:19:05.435 [info] > git status -z -uall [41ms]
2024-12-21 12:19:10.462 [info] > git config --get commit.template [10ms]
2024-12-21 12:19:10.464 [info] > git for-each-ref --format=%(refname)%00%(upstream:short)%00%(objectname)%00%(upstream:track)%00%(upstream:remotename)%00%(upstream:remoteref) refs/heads/main refs/remotes/main [4ms]
2024-12-21 12:19:10.513 [info] > git status -z -uall [39ms]
2024-12-21 12:19:16.193 [info] > git config --get commit.template [10ms]
2024-12-21 12:19:16.195 [info] > git for-each-ref --format=%(refname)%00%(upstream:short)%00%(objectname)%00%(upstream:track)%00%(upstream:remotename)%00%(upstream:remoteref) refs/heads/main refs/remotes/main [4ms]
2024-12-21 12:19:16.236 [info] > git status -z -uall [33ms]
2024-12-21 12:19:22.416 [info] > git config --get commit.template [11ms]
2024-12-21 12:19:22.419 [info] > git for-each-ref --format=%(refname)%00%(upstream:short)%00%(objectname)%00%(upstream:track)%00%(upstream:remotename)%00%(upstream:remoteref) refs/heads/main refs/remotes/main [3ms]
2024-12-21 12:19:22.459 [info] > git status -z -uall [29ms]
2024-12-21 12:19:42.739 [info] > git config --get commit.template [25ms]
2024-12-21 12:19:42.741 [info] > git for-each-ref --format=%(refname)%00%(upstream:short)%00%(objectname)%00%(upstream:track)%00%(upstream:remotename)%00%(upstream:remoteref) refs/heads/main refs/remotes/main [3ms]
2024-12-21 12:19:42.781 [info] > git status -z -uall [32ms]
2024-12-21 12:20:22.326 [info] > git config --get commit.template [11ms]
2024-12-21 12:20:22.329 [info] > git for-each-ref --format=%(refname)%00%(upstream:short)%00%(objectname)%00%(upstream:track)%00%(upstream:remotename)%00%(upstream:remoteref) refs/heads/main refs/remotes/main [4ms]
2024-12-21 12:20:22.368 [info] > git status -z -uall [30ms]
2024-12-21 12:20:31.236 [info] > git config --get commit.template [11ms]
2024-12-21 12:20:31.238 [info] > git for-each-ref --format=%(refname)%00%(upstream:short)%00%(objectname)%00%(upstream:track)%00%(upstream:remotename)%00%(upstream:remoteref) refs/heads/main refs/remotes/main [4ms]
2024-12-21 12:20:31.283 [info] > git status -z -uall [37ms]
2024-12-21 12:20:41.170 [info] > git config --get commit.template [11ms]
2024-12-21 12:20:41.173 [info] > git for-each-ref --format=%(refname)%00%(upstream:short)%00%(objectname)%00%(upstream:track)%00%(upstream:remotename)%00%(upstream:remoteref) refs/heads/main refs/remotes/main [5ms]
2024-12-21 12:20:41.216 [info] > git status -z -uall [36ms]
2024-12-21 12:20:51.065 [info] > git config --get commit.template [13ms]
2024-12-21 12:20:51.068 [info] > git for-each-ref --format=%(refname)%00%(upstream:short)%00%(objectname)%00%(upstream:track)%00%(upstream:remotename)%00%(upstream:remoteref) refs/heads/main refs/remotes/main [4ms]
2024-12-21 12:20:51.116 [info] > git status -z -uall [37ms]
2024-12-21 12:22:48.728 [info] > git config --get commit.template [12ms]
2024-12-21 12:22:48.731 [info] > git for-each-ref --format=%(refname)%00%(upstream:short)%00%(objectname)%00%(upstream:track)%00%(upstream:remotename)%00%(upstream:remoteref) refs/heads/main refs/remotes/main [3ms]
2024-12-21 12:22:48.771 [info] > git status -z -uall [28ms]
2024-12-21 12:24:21.392 [info] > git config --get commit.template [13ms]
2024-12-21 12:24:21.395 [info] > git for-each-ref --format=%(refname)%00%(upstream:short)%00%(objectname)%00%(upstream:track)%00%(upstream:remotename)%00%(upstream:remoteref) refs/heads/main refs/remotes/main [4ms]
2024-12-21 12:24:21.444 [info] > git status -z -uall [37ms]
2024-12-21 12:25:05.626 [info] > git config --get commit.template [11ms]
2024-12-21 12:25:05.629 [info] > git for-each-ref --format=%(refname)%00%(upstream:short)%00%(objectname)%00%(upstream:track)%00%(upstream:remotename)%00%(upstream:remoteref) refs/heads/main refs/remotes/main [4ms]
2024-12-21 12:25:05.676 [info] > git status -z -uall [36ms]
2024-12-21 12:25:22.434 [info] > git config --get commit.template [11ms]
2024-12-21 12:25:22.437 [info] > git for-each-ref --format=%(refname)%00%(upstream:short)%00%(objectname)%00%(upstream:track)%00%(upstream:remotename)%00%(upstream:remoteref) refs/heads/main refs/remotes/main [4ms]
2024-12-21 12:25:22.476 [info] > git status -z -uall [28ms]
2024-12-21 12:25:31.429 [info] > git config --get commit.template [11ms]
2024-12-21 12:25:31.432 [info] > git for-each-ref --format=%(refname)%00%(upstream:short)%00%(objectname)%00%(upstream:track)%00%(upstream:remotename)%00%(upstream:remoteref) refs/heads/main refs/remotes/main [4ms]
2024-12-21 12:25:31.473 [info] > git status -z -uall [32ms]
2024-12-21 12:25:51.236 [info] > git config --get commit.template [11ms]
2024-12-21 12:25:51.239 [info] > git for-each-ref --format=%(refname)%00%(upstream:short)%00%(objectname)%00%(upstream:track)%00%(upstream:remotename)%00%(upstream:remoteref) refs/heads/main refs/remotes/main [4ms]
2024-12-21 12:25:51.285 [info] > git status -z -uall [37ms]
2024-12-21 12:27:48.975 [info] > git config --get commit.template [13ms]
2024-12-21 12:27:48.977 [info] > git for-each-ref --format=%(refname)%00%(upstream:short)%00%(objectname)%00%(upstream:track)%00%(upstream:remotename)%00%(upstream:remoteref) refs/heads/main refs/remotes/main [3ms]
2024-12-21 12:27:49.021 [info] > git status -z -uall [33ms]
2024-12-21 12:28:52.035 [info] > git config --get commit.template [30ms]
2024-12-21 12:28:52.037 [info] > git for-each-ref --format=%(refname)%00%(upstream:short)%00%(objectname)%00%(upstream:track)%00%(upstream:remotename)%00%(upstream:remoteref) refs/heads/main refs/remotes/main [10ms]
2024-12-21 12:28:52.136 [info] > git status -z -uall [71ms]
2024-12-21 12:33:45.441 [info] > git config --get commit.template [14ms]
2024-12-21 12:33:45.444 [info] > git for-each-ref --format=%(refname)%00%(upstream:short)%00%(objectname)%00%(upstream:track)%00%(upstream:remotename)%00%(upstream:remoteref) refs/heads/main refs/remotes/main [5ms]
2024-12-21 12:33:45.492 [info] > git status -z -uall [36ms]
2024-12-21 12:33:58.190 [info] > git config --get commit.template [15ms]
2024-12-21 12:33:58.195 [info] > git for-each-ref --format=%(refname)%00%(upstream:short)%00%(objectname)%00%(upstream:track)%00%(upstream:remotename)%00%(upstream:remoteref) refs/heads/main refs/remotes/main [6ms]
2024-12-21 12:33:58.240 [info] > git status -z -uall [36ms]
2024-12-21 12:34:09.642 [info] > git config --get commit.template [15ms]
2024-12-21 12:34:09.645 [info] > git for-each-ref --format=%(refname)%00%(upstream:short)%00%(objectname)%00%(upstream:track)%00%(upstream:remotename)%00%(upstream:remoteref) refs/heads/main refs/remotes/main [3ms]
2024-12-21 12:34:09.691 [info] > git status -z -uall [38ms]
2024-12-21 12:34:18.059 [info] > git config --get commit.template [10ms]
2024-12-21 12:34:18.062 [info] > git for-each-ref --format=%(refname)%00%(upstream:short)%00%(objectname)%00%(upstream:track)%00%(upstream:remotename)%00%(upstream:remoteref) refs/heads/main refs/remotes/main [4ms]
2024-12-21 12:34:18.108 [info] > git status -z -uall [38ms]
2024-12-21 12:34:23.142 [info] > git config --get commit.template [11ms]
2024-12-21 12:34:23.145 [info] > git for-each-ref --format=%(refname)%00%(upstream:short)%00%(objectname)%00%(upstream:track)%00%(upstream:remotename)%00%(upstream:remoteref) refs/heads/main refs/remotes/main [4ms]
2024-12-21 12:34:23.191 [info] > git status -z -uall [37ms]
2024-12-21 12:34:35.896 [info] > git config --get commit.template [5ms]
2024-12-21 12:34:35.915 [info] > git for-each-ref --format=%(refname)%00%(upstream:short)%00%(objectname)%00%(upstream:track)%00%(upstream:remotename)%00%(upstream:remoteref) refs/heads/main refs/remotes/main [4ms]
2024-12-21 12:34:35.962 [info] > git status -z -uall [33ms]
2024-12-21 12:34:40.984 [info] > git config --get commit.template [7ms]
2024-12-21 12:34:40.985 [info] > git for-each-ref --format=%(refname)%00%(upstream:short)%00%(objectname)%00%(upstream:track)%00%(upstream:remotename)%00%(upstream:remoteref) refs/heads/main refs/remotes/main [3ms]
2024-12-21 12:34:41.025 [info] > git status -z -uall [32ms]
2024-12-21 12:34:46.050 [info] > git config --get commit.template [9ms]
2024-12-21 12:34:46.051 [info] > git for-each-ref --format=%(refname)%00%(upstream:short)%00%(objectname)%00%(upstream:track)%00%(upstream:remotename)%00%(upstream:remoteref) refs/heads/main refs/remotes/main [2ms]
2024-12-21 12:34:46.086 [info] > git status -z -uall [29ms]
2024-12-21 12:34:51.120 [info] > git config --get commit.template [12ms]
2024-12-21 12:34:51.123 [info] > git for-each-ref --format=%(refname)%00%(upstream:short)%00%(objectname)%00%(upstream:track)%00%(upstream:remotename)%00%(upstream:remoteref) refs/heads/main refs/remotes/main [4ms]
2024-12-21 12:34:51.165 [info] > git status -z -uall [33ms]
2024-12-21 12:35:24.542 [info] > git config --get commit.template [16ms]
2024-12-21 12:35:24.545 [info] > git for-each-ref --format=%(refname)%00%(upstream:short)%00%(objectname)%00%(upstream:track)%00%(upstream:remotename)%00%(upstream:remoteref) refs/heads/main refs/remotes/main [5ms]
2024-12-21 12:35:24.590 [info] > git status -z -uall [37ms]
2024-12-21 12:35:29.621 [info] > git config --get commit.template [11ms]
2024-12-21 12:35:29.623 [info] > git for-each-ref --format=%(refname)%00%(upstream:short)%00%(objectname)%00%(upstream:track)%00%(upstream:remotename)%00%(upstream:remoteref) refs/heads/main refs/remotes/main [3ms]
2024-12-21 12:35:29.679 [info] > git status -z -uall [47ms]
2024-12-21 12:35:34.714 [info] > git config --get commit.template [12ms]
2024-12-21 12:35:34.718 [info] > git for-each-ref --format=%(refname)%00%(upstream:short)%00%(objectname)%00%(upstream:track)%00%(upstream:remotename)%00%(upstream:remoteref) refs/heads/main refs/remotes/main [4ms]
2024-12-21 12:35:34.761 [info] > git status -z -uall [35ms]
2024-12-21 12:35:50.015 [info] > git config --get commit.template [14ms]
2024-12-21 12:35:50.017 [info] > git for-each-ref --format=%(refname)%00%(upstream:short)%00%(objectname)%00%(upstream:track)%00%(upstream:remotename)%00%(upstream:remoteref) refs/heads/main refs/remotes/main [3ms]
2024-12-21 12:35:50.057 [info] > git status -z -uall [33ms]
2024-12-21 12:35:55.093 [info] > git config --get commit.template [12ms]
2024-12-21 12:35:55.096 [info] > git for-each-ref --format=%(refname)%00%(upstream:short)%00%(objectname)%00%(upstream:track)%00%(upstream:remotename)%00%(upstream:remoteref) refs/heads/main refs/remotes/main [4ms]
2024-12-21 12:35:55.141 [info] > git status -z -uall [35ms]
2024-12-21 12:36:41.010 [info] > git config --get commit.template [11ms]
2024-12-21 12:36:41.013 [info] > git for-each-ref --format=%(refname)%00%(upstream:short)%00%(objectname)%00%(upstream:track)%00%(upstream:remotename)%00%(upstream:remoteref) refs/heads/main refs/remotes/main [4ms]
2024-12-21 12:36:41.056 [info] > git status -z -uall [32ms]
2024-12-21 12:38:15.460 [info] > git config --get commit.template [14ms]
2024-12-21 12:38:15.461 [info] > git for-each-ref --format=%(refname)%00%(upstream:short)%00%(objectname)%00%(upstream:track)%00%(upstream:remotename)%00%(upstream:remoteref) refs/heads/main refs/remotes/main [4ms]
2024-12-21 12:38:15.503 [info] > git status -z -uall [30ms]
2024-12-21 12:38:20.536 [info] > git config --get commit.template [12ms]
2024-12-21 12:38:20.538 [info] > git for-each-ref --format=%(refname)%00%(upstream:short)%00%(objectname)%00%(upstream:track)%00%(upstream:remotename)%00%(upstream:remoteref) refs/heads/main refs/remotes/main [4ms]
2024-12-21 12:38:20.586 [info] > git status -z -uall [37ms]
2024-12-21 12:38:25.614 [info] > git config --get commit.template [9ms]
2024-12-21 12:38:25.615 [info] > git for-each-ref --format=%(refname)%00%(upstream:short)%00%(objectname)%00%(upstream:track)%00%(upstream:remotename)%00%(upstream:remoteref) refs/heads/main refs/remotes/main [2ms]
2024-12-21 12:38:25.659 [info] > git status -z -uall [35ms]
2024-12-21 12:38:30.679 [info] > git config --get commit.template [8ms]
2024-12-21 12:38:30.681 [info] > git for-each-ref --format=%(refname)%00%(upstream:short)%00%(objectname)%00%(upstream:track)%00%(upstream:remotename)%00%(upstream:remoteref) refs/heads/main refs/remotes/main [3ms]
2024-12-21 12:38:30.719 [info] > git status -z -uall [30ms]
2024-12-21 12:46:29.768 [info] > git config --get commit.template [3ms]
2024-12-21 12:46:29.783 [info] > git for-each-ref --format=%(refname)%00%(upstream:short)%00%(objectname)%00%(upstream:track)%00%(upstream:remotename)%00%(upstream:remoteref) refs/heads/main refs/remotes/main [5ms]
2024-12-21 12:46:29.824 [info] > git status -z -uall [32ms]
2024-12-21 12:46:34.854 [info] > git config --get commit.template [11ms]
2024-12-21 12:46:34.857 [info] > git for-each-ref --format=%(refname)%00%(upstream:short)%00%(objectname)%00%(upstream:track)%00%(upstream:remotename)%00%(upstream:remoteref) refs/heads/main refs/remotes/main [5ms]
2024-12-21 12:46:34.897 [info] > git status -z -uall [28ms]
2024-12-21 12:54:56.426 [info] > git config --get commit.template [23ms]
2024-12-21 12:54:56.428 [info] > git for-each-ref --format=%(refname)%00%(upstream:short)%00%(objectname)%00%(upstream:track)%00%(upstream:remotename)%00%(upstream:remoteref) refs/heads/main refs/remotes/main [4ms]
2024-12-21 12:54:56.471 [info] > git status -z -uall [37ms]
2024-12-21 12:55:01.508 [info] > git config --get commit.template [1ms]
2024-12-21 12:55:01.527 [info] > git for-each-ref --format=%(refname)%00%(upstream:short)%00%(objectname)%00%(upstream:track)%00%(upstream:remotename)%00%(upstream:remoteref) refs/heads/main refs/remotes/main [4ms]
2024-12-21 12:55:01.633 [info] > git status -z -uall [96ms]
2024-12-21 12:55:06.665 [info] > git config --get commit.template [11ms]
2024-12-21 12:55:06.667 [info] > git for-each-ref --format=%(refname)%00%(upstream:short)%00%(objectname)%00%(upstream:track)%00%(upstream:remotename)%00%(upstream:remoteref) refs/heads/main refs/remotes/main [4ms]
2024-12-21 12:55:06.713 [info] > git status -z -uall [35ms]
2024-12-21 12:55:19.210 [info] > git config --get commit.template [12ms]
2024-12-21 12:55:19.213 [info] > git for-each-ref --format=%(refname)%00%(upstream:short)%00%(objectname)%00%(upstream:track)%00%(upstream:remotename)%00%(upstream:remoteref) refs/heads/main refs/remotes/main [4ms]
2024-12-21 12:55:19.262 [info] > git status -z -uall [38ms]
2024-12-21 12:55:24.290 [info] > git config --get commit.template [12ms]
2024-12-21 12:55:24.292 [info] > git for-each-ref --format=%(refname)%00%(upstream:short)%00%(objectname)%00%(upstream:track)%00%(upstream:remotename)%00%(upstream:remoteref) refs/heads/main refs/remotes/main [3ms]
2024-12-21 12:55:24.333 [info] > git status -z -uall [32ms]
2024-12-21 12:55:32.821 [info] > git config --get commit.template [10ms]
2024-12-21 12:55:32.824 [info] > git for-each-ref --format=%(refname)%00%(upstream:short)%00%(objectname)%00%(upstream:track)%00%(upstream:remotename)%00%(upstream:remoteref) refs/heads/main refs/remotes/main [4ms]
2024-12-21 12:55:32.871 [info] > git status -z -uall [37ms]
2024-12-21 12:55:52.671 [info] > git config --get commit.template [10ms]
2024-12-21 12:55:52.673 [info] > git for-each-ref --format=%(refname)%00%(upstream:short)%00%(objectname)%00%(upstream:track)%00%(upstream:remotename)%00%(upstream:remoteref) refs/heads/main refs/remotes/main [3ms]
2024-12-21 12:55:52.714 [info] > git status -z -uall [33ms]
2024-12-21 12:55:59.606 [info] > git config --get commit.template [8ms]
2024-12-21 12:55:59.607 [info] > git for-each-ref --format=%(refname)%00%(upstream:short)%00%(objectname)%00%(upstream:track)%00%(upstream:remotename)%00%(upstream:remoteref) refs/heads/main refs/remotes/main [3ms]
2024-12-21 12:55:59.649 [info] > git status -z -uall [32ms]
2024-12-21 12:56:04.670 [info] > git config --get commit.template [3ms]
2024-12-21 12:56:04.681 [info] > git for-each-ref --format=%(refname)%00%(upstream:short)%00%(objectname)%00%(upstream:track)%00%(upstream:remotename)%00%(upstream:remoteref) refs/heads/main refs/remotes/main [5ms]
2024-12-21 12:56:04.751 [info] > git status -z -uall [58ms]
2024-12-21 12:56:09.792 [info] > git config --get commit.template [10ms]
2024-12-21 12:56:09.794 [info] > git for-each-ref --format=%(refname)%00%(upstream:short)%00%(objectname)%00%(upstream:track)%00%(upstream:remotename)%00%(upstream:remoteref) refs/heads/main refs/remotes/main [4ms]
2024-12-21 12:56:09.833 [info] > git status -z -uall [28ms]
2024-12-21 12:56:24.029 [info] > git config --get commit.template [10ms]
2024-12-21 12:56:24.030 [info] > git for-each-ref --format=%(refname)%00%(upstream:short)%00%(objectname)%00%(upstream:track)%00%(upstream:remotename)%00%(upstream:remoteref) refs/heads/main refs/remotes/main [3ms]
2024-12-21 12:56:24.081 [info] > git status -z -uall [44ms]
2024-12-21 12:56:29.106 [info] > git config --get commit.template [8ms]
2024-12-21 12:56:29.108 [info] > git for-each-ref --format=%(refname)%00%(upstream:short)%00%(objectname)%00%(upstream:track)%00%(upstream:remotename)%00%(upstream:remoteref) refs/heads/main refs/remotes/main [4ms]
2024-12-21 12:56:29.145 [info] > git status -z -uall [29ms]
2024-12-21 12:56:35.532 [info] > git config --get commit.template [12ms]
2024-12-21 12:56:35.532 [info] > git for-each-ref --format=%(refname)%00%(upstream:short)%00%(objectname)%00%(upstream:track)%00%(upstream:remotename)%00%(upstream:remoteref) refs/heads/main refs/remotes/main [3ms]
2024-12-21 12:56:35.569 [info] > git status -z -uall [29ms]
2024-12-21 12:56:46.931 [info] > git config --get commit.template [2ms]
2024-12-21 12:56:46.940 [info] > git for-each-ref --format=%(refname)%00%(upstream:short)%00%(objectname)%00%(upstream:track)%00%(upstream:remotename)%00%(upstream:remoteref) refs/heads/main refs/remotes/main [2ms]
2024-12-21 12:56:46.978 [info] > git status -z -uall [31ms]
2024-12-21 12:56:52.015 [info] > git config --get commit.template [10ms]
2024-12-21 12:56:52.017 [info] > git for-each-ref --format=%(refname)%00%(upstream:short)%00%(objectname)%00%(upstream:track)%00%(upstream:remotename)%00%(upstream:remoteref) refs/heads/main refs/remotes/main [4ms]
2024-12-21 12:56:52.061 [info] > git status -z -uall [32ms]
2024-12-21 12:56:57.099 [info] > git config --get commit.template [13ms]
2024-12-21 12:56:57.101 [info] > git for-each-ref --format=%(refname)%00%(upstream:short)%00%(objectname)%00%(upstream:track)%00%(upstream:remotename)%00%(upstream:remoteref) refs/heads/main refs/remotes/main [3ms]
2024-12-21 12:56:57.140 [info] > git status -z -uall [32ms]
2024-12-21 12:57:08.063 [info] > git config --get commit.template [3ms]
2024-12-21 12:57:08.076 [info] > git for-each-ref --format=%(refname)%00%(upstream:short)%00%(objectname)%00%(upstream:track)%00%(upstream:remotename)%00%(upstream:remoteref) refs/heads/main refs/remotes/main [4ms]
2024-12-21 12:57:08.134 [info] > git status -z -uall [45ms]
2024-12-21 12:57:17.145 [info] > git config --get commit.template [9ms]
2024-12-21 12:57:17.147 [info] > git for-each-ref --format=%(refname)%00%(upstream:short)%00%(objectname)%00%(upstream:track)%00%(upstream:remotename)%00%(upstream:remoteref) refs/heads/main refs/remotes/main [3ms]
2024-12-21 12:57:17.186 [info] > git status -z -uall [31ms]
2024-12-21 12:57:24.031 [info] > git config --get commit.template [11ms]
2024-12-21 12:57:24.032 [info] > git for-each-ref --format=%(refname)%00%(upstream:short)%00%(objectname)%00%(upstream:track)%00%(upstream:remotename)%00%(upstream:remoteref) refs/heads/main refs/remotes/main [3ms]
2024-12-21 12:57:24.085 [info] > git status -z -uall [45ms]
2024-12-21 12:57:29.119 [info] > git for-each-ref --format=%(refname)%00%(upstream:short)%00%(objectname)%00%(upstream:track)%00%(upstream:remotename)%00%(upstream:remoteref) refs/heads/main refs/remotes/main [3ms]
2024-12-21 12:57:29.119 [info] > git config --get commit.template [15ms]
2024-12-21 12:57:29.157 [info] > git status -z -uall [30ms]
2024-12-21 12:57:34.274 [info] > git config --get commit.template [8ms]
2024-12-21 12:57:34.276 [info] > git for-each-ref --format=%(refname)%00%(upstream:short)%00%(objectname)%00%(upstream:track)%00%(upstream:remotename)%00%(upstream:remoteref) refs/heads/main refs/remotes/main [3ms]
2024-12-21 12:57:34.315 [info] > git status -z -uall [29ms]
2024-12-21 12:57:40.160 [info] > git config --get commit.template [11ms]
2024-12-21 12:57:40.163 [info] > git for-each-ref --format=%(refname)%00%(upstream:short)%00%(objectname)%00%(upstream:track)%00%(upstream:remotename)%00%(upstream:remoteref) refs/heads/main refs/remotes/main [3ms]
2024-12-21 12:57:40.206 [info] > git status -z -uall [30ms]
2024-12-21 12:57:50.425 [info] > git config --get commit.template [10ms]
2024-12-21 12:57:50.428 [info] > git for-each-ref --format=%(refname)%00%(upstream:short)%00%(objectname)%00%(upstream:track)%00%(upstream:remotename)%00%(upstream:remoteref) refs/heads/main refs/remotes/main [2ms]
2024-12-21 12:57:50.477 [info] > git status -z -uall [39ms]
2024-12-21 12:57:55.509 [info] > git config --get commit.template [9ms]
2024-12-21 12:57:55.512 [info] > git for-each-ref --format=%(refname)%00%(upstream:short)%00%(objectname)%00%(upstream:track)%00%(upstream:remotename)%00%(upstream:remoteref) refs/heads/main refs/remotes/main [4ms]
2024-12-21 12:57:55.554 [info] > git status -z -uall [33ms]
2024-12-21 12:58:00.913 [info] > git config --get commit.template [9ms]
2024-12-21 12:58:00.915 [info] > git for-each-ref --format=%(refname)%00%(upstream:short)%00%(objectname)%00%(upstream:track)%00%(upstream:remotename)%00%(upstream:remoteref) refs/heads/main refs/remotes/main [3ms]
2024-12-21 12:58:00.960 [info] > git status -z -uall [39ms]
2024-12-21 12:58:07.117 [info] > git config --get commit.template [9ms]
2024-12-21 12:58:07.119 [info] > git for-each-ref --format=%(refname)%00%(upstream:short)%00%(objectname)%00%(upstream:track)%00%(upstream:remotename)%00%(upstream:remoteref) refs/heads/main refs/remotes/main [3ms]
2024-12-21 12:58:07.159 [info] > git status -z -uall [32ms]
2024-12-21 12:58:12.180 [info] > git config --get commit.template [3ms]
2024-12-21 12:58:12.194 [info] > git for-each-ref --format=%(refname)%00%(upstream:short)%00%(objectname)%00%(upstream:track)%00%(upstream:remotename)%00%(upstream:remoteref) refs/heads/main refs/remotes/main [5ms]
2024-12-21 12:58:12.246 [info] > git status -z -uall [35ms]
2024-12-21 12:58:17.276 [info] > git for-each-ref --format=%(refname)%00%(upstream:short)%00%(objectname)%00%(upstream:track)%00%(upstream:remotename)%00%(upstream:remoteref) refs/heads/main refs/remotes/main [5ms]
2024-12-21 12:58:17.276 [info] > git config --get commit.template [14ms]
2024-12-21 12:58:17.330 [info] > git status -z -uall [41ms]
2024-12-21 12:58:22.365 [info] > git config --get commit.template [12ms]
2024-12-21 12:58:22.368 [info] > git for-each-ref --format=%(refname)%00%(upstream:short)%00%(objectname)%00%(upstream:track)%00%(upstream:remotename)%00%(upstream:remoteref) refs/heads/main refs/remotes/main [4ms]
2024-12-21 12:58:22.406 [info] > git status -z -uall [28ms]
2024-12-21 12:58:27.440 [info] > git config --get commit.template [11ms]
2024-12-21 12:58:27.443 [info] > git for-each-ref --format=%(refname)%00%(upstream:short)%00%(objectname)%00%(upstream:track)%00%(upstream:remotename)%00%(upstream:remoteref) refs/heads/main refs/remotes/main [3ms]
2024-12-21 12:58:27.491 [info] > git status -z -uall [38ms]
2024-12-21 12:58:33.639 [info] > git config --get commit.template [9ms]
2024-12-21 12:58:33.640 [info] > git for-each-ref --format=%(refname)%00%(upstream:short)%00%(objectname)%00%(upstream:track)%00%(upstream:remotename)%00%(upstream:remoteref) refs/heads/main refs/remotes/main [2ms]
2024-12-21 12:58:33.693 [info] > git status -z -uall [45ms]
2024-12-21 12:58:38.723 [info] > git config --get commit.template [10ms]
2024-12-21 12:58:38.726 [info] > git for-each-ref --format=%(refname)%00%(upstream:short)%00%(objectname)%00%(upstream:track)%00%(upstream:remotename)%00%(upstream:remoteref) refs/heads/main refs/remotes/main [4ms]
2024-12-21 12:58:38.770 [info] > git status -z -uall [36ms]
2024-12-21 12:58:43.795 [info] > git config --get commit.template [9ms]
2024-12-21 12:58:43.797 [info] > git for-each-ref --format=%(refname)%00%(upstream:short)%00%(objectname)%00%(upstream:track)%00%(upstream:remotename)%00%(upstream:remoteref) refs/heads/main refs/remotes/main [3ms]
2024-12-21 12:58:43.850 [info] > git status -z -uall [45ms]
2024-12-21 12:58:48.885 [info] > git config --get commit.template [10ms]
2024-12-21 12:58:48.887 [info] > git for-each-ref --format=%(refname)%00%(upstream:short)%00%(objectname)%00%(upstream:track)%00%(upstream:remotename)%00%(upstream:remoteref) refs/heads/main refs/remotes/main [4ms]
2024-12-21 12:58:48.936 [info] > git status -z -uall [37ms]
2024-12-21 12:58:53.962 [info] > git config --get commit.template [11ms]
2024-12-21 12:58:53.964 [info] > git for-each-ref --format=%(refname)%00%(upstream:short)%00%(objectname)%00%(upstream:track)%00%(upstream:remotename)%00%(upstream:remoteref) refs/heads/main refs/remotes/main [3ms]
2024-12-21 12:58:54.007 [info] > git status -z -uall [36ms]
2024-12-21 12:58:59.044 [info] > git config --get commit.template [11ms]
2024-12-21 12:58:59.046 [info] > git for-each-ref --format=%(refname)%00%(upstream:short)%00%(objectname)%00%(upstream:track)%00%(upstream:remotename)%00%(upstream:remoteref) refs/heads/main refs/remotes/main [4ms]
2024-12-21 12:58:59.096 [info] > git status -z -uall [39ms]
2024-12-21 12:59:04.135 [info] > git config --get commit.template [12ms]
2024-12-21 12:59:04.138 [info] > git for-each-ref --format=%(refname)%00%(upstream:short)%00%(objectname)%00%(upstream:track)%00%(upstream:remotename)%00%(upstream:remoteref) refs/heads/main refs/remotes/main [5ms]
2024-12-21 12:59:04.177 [info] > git status -z -uall [28ms]
2024-12-21 12:59:24.071 [info] > git config --get commit.template [12ms]
2024-12-21 12:59:24.074 [info] > git for-each-ref --format=%(refname)%00%(upstream:short)%00%(objectname)%00%(upstream:track)%00%(upstream:remotename)%00%(upstream:remoteref) refs/heads/main refs/remotes/main [4ms]
2024-12-21 12:59:24.118 [info] > git status -z -uall [33ms]
2024-12-21 13:08:40.654 [info] > git config --get commit.template [4ms]
2024-12-21 13:08:40.679 [info] > git for-each-ref --format=%(refname)%00%(upstream:short)%00%(objectname)%00%(upstream:track)%00%(upstream:remotename)%00%(upstream:remoteref) refs/heads/main refs/remotes/main [6ms]
2024-12-21 13:08:40.729 [info] > git status -z -uall [41ms]
2024-12-21 13:08:42.274 [info] > git show --textconv :recipes.json [34ms]
2024-12-21 13:08:42.276 [info] > git ls-files --stage -- /mnt/hdd/HDD(lost+found)/instant_chef_project/recipe_filter/recipes.json [11ms]
2024-12-21 13:08:42.295 [info] > git cat-file -s 707edef6ee807fb93f980837b79f5d270adf335d [3ms]
2024-12-21 13:08:45.756 [info] > git config --get commit.template [11ms]
2024-12-21 13:08:45.758 [info] > git for-each-ref --format=%(refname)%00%(upstream:short)%00%(objectname)%00%(upstream:track)%00%(upstream:remotename)%00%(upstream:remoteref) refs/heads/main refs/remotes/main [3ms]
2024-12-21 13:08:45.811 [info] > git status -z -uall [46ms]
2024-12-21 13:08:52.034 [info] > git show --textconv :controllers/recipeController.js [20ms]
2024-12-21 13:08:52.037 [info] > git ls-files --stage -- /mnt/hdd/HDD(lost+found)/instant_chef_project/recipe_filter/controllers/recipeController.js [7ms]
2024-12-21 13:08:52.083 [info] > git cat-file -s 06094f8c65ce01ecfff5605755fe494404b26b56 [22ms]
2024-12-21 13:08:53.448 [info] > git config --get commit.template [5ms]
2024-12-21 13:08:53.463 [info] > git for-each-ref --format=%(refname)%00%(upstream:short)%00%(objectname)%00%(upstream:track)%00%(upstream:remotename)%00%(upstream:remoteref) refs/heads/main refs/remotes/main [5ms]
2024-12-21 13:08:53.515 [info] > git status -z -uall [40ms]
2024-12-21 13:08:58.545 [info] > git config --get commit.template [9ms]
2024-12-21 13:08:58.546 [info] > git for-each-ref --format=%(refname)%00%(upstream:short)%00%(objectname)%00%(upstream:track)%00%(upstream:remotename)%00%(upstream:remoteref) refs/heads/main refs/remotes/main [3ms]
2024-12-21 13:08:58.587 [info] > git status -z -uall [34ms]
2024-12-21 13:09:05.152 [info] > git config --get commit.template [1ms]
2024-12-21 13:09:05.169 [info] > git for-each-ref --format=%(refname)%00%(upstream:short)%00%(objectname)%00%(upstream:track)%00%(upstream:remotename)%00%(upstream:remoteref) refs/heads/main refs/remotes/main [4ms]
2024-12-21 13:09:05.241 [info] > git status -z -uall [53ms]
2024-12-21 13:09:10.280 [info] > git config --get commit.template [9ms]
2024-12-21 13:09:10.282 [info] > git for-each-ref --format=%(refname)%00%(upstream:short)%00%(objectname)%00%(upstream:track)%00%(upstream:remotename)%00%(upstream:remoteref) refs/heads/main refs/remotes/main [4ms]
2024-12-21 13:09:10.324 [info] > git status -z -uall [36ms]
2024-12-21 13:09:15.369 [info] > git config --get commit.template [12ms]
2024-12-21 13:09:15.372 [info] > git for-each-ref --format=%(refname)%00%(upstream:short)%00%(objectname)%00%(upstream:track)%00%(upstream:remotename)%00%(upstream:remoteref) refs/heads/main refs/remotes/main [4ms]
2024-12-21 13:09:15.411 [info] > git status -z -uall [29ms]
2024-12-21 13:09:16.145 [info] > git show --textconv :recipes.json [13ms]
2024-12-21 13:09:16.147 [info] > git ls-files --stage -- /mnt/hdd/HDD(lost+found)/instant_chef_project/recipe_filter/recipes.json [3ms]
2024-12-21 13:09:16.160 [info] > git cat-file -s 707edef6ee807fb93f980837b79f5d270adf335d [6ms]
2024-12-21 13:09:20.433 [info] > git config --get commit.template [3ms]
2024-12-21 13:09:20.445 [info] > git for-each-ref --format=%(refname)%00%(upstream:short)%00%(objectname)%00%(upstream:track)%00%(upstream:remotename)%00%(upstream:remoteref) refs/heads/main refs/remotes/main [4ms]
2024-12-21 13:09:20.501 [info] > git status -z -uall [48ms]
2024-12-21 13:09:20.537 [info] > git ls-files --stage -- /mnt/hdd/HDD(lost+found)/instant_chef_project/recipe_filter/routes/recipeRoute.js [3ms]
2024-12-21 13:09:20.687 [info] > git cat-file -s a39103df2ccc9047570532f3bed3c9c6d4c75b12 [144ms]
2024-12-21 13:09:20.691 [info] > git show --textconv :routes/recipeRoute.js [165ms]
2024-12-21 13:09:22.277 [info] > git show --textconv :controllers/recipeController.js [28ms]
2024-12-21 13:09:22.278 [info] > git ls-files --stage -- /mnt/hdd/HDD(lost+found)/instant_chef_project/recipe_filter/controllers/recipeController.js [14ms]
2024-12-21 13:09:22.301 [info] > git cat-file -s 06094f8c65ce01ecfff5605755fe494404b26b56 [7ms]
2024-12-21 13:09:24.969 [info] > git show --textconv :recipes.json [10ms]
2024-12-21 13:09:24.976 [info] > git ls-files --stage -- /mnt/hdd/HDD(lost+found)/instant_chef_project/recipe_filter/recipes.json [8ms]
2024-12-21 13:09:24.987 [info] > git cat-file -s 707edef6ee807fb93f980837b79f5d270adf335d [4ms]
2024-12-21 13:09:25.544 [info] > git config --get commit.template [15ms]
2024-12-21 13:09:25.546 [info] > git for-each-ref --format=%(refname)%00%(upstream:short)%00%(objectname)%00%(upstream:track)%00%(upstream:remotename)%00%(upstream:remoteref) refs/heads/main refs/remotes/main [3ms]
2024-12-21 13:09:25.605 [info] > git status -z -uall [48ms]
2024-12-21 13:09:53.332 [info] > git config --get commit.template [13ms]
2024-12-21 13:09:53.336 [info] > git for-each-ref --format=%(refname)%00%(upstream:short)%00%(objectname)%00%(upstream:track)%00%(upstream:remotename)%00%(upstream:remoteref) refs/heads/main refs/remotes/main [5ms]
2024-12-21 13:09:53.377 [info] > git status -z -uall [32ms]
2024-12-21 13:09:58.402 [info] > git config --get commit.template [11ms]
2024-12-21 13:09:58.404 [info] > git for-each-ref --format=%(refname)%00%(upstream:short)%00%(objectname)%00%(upstream:track)%00%(upstream:remotename)%00%(upstream:remoteref) refs/heads/main refs/remotes/main [3ms]
2024-12-21 13:09:58.443 [info] > git status -z -uall [30ms]
2024-12-21 13:11:36.439 [info] > git config --get commit.template [13ms]
2024-12-21 13:11:36.442 [info] > git for-each-ref --format=%(refname)%00%(upstream:short)%00%(objectname)%00%(upstream:track)%00%(upstream:remotename)%00%(upstream:remoteref) refs/heads/main refs/remotes/main [4ms]
2024-12-21 13:11:36.488 [info] > git status -z -uall [34ms]
2024-12-21 13:11:41.520 [info] > git config --get commit.template [10ms]
2024-12-21 13:11:41.522 [info] > git for-each-ref --format=%(refname)%00%(upstream:short)%00%(objectname)%00%(upstream:track)%00%(upstream:remotename)%00%(upstream:remoteref) refs/heads/main refs/remotes/main [3ms]
2024-12-21 13:11:41.562 [info] > git status -z -uall [29ms]
2024-12-21 13:12:51.207 [info] > git config --get commit.template [12ms]
2024-12-21 13:12:51.209 [info] > git for-each-ref --format=%(refname)%00%(upstream:short)%00%(objectname)%00%(upstream:track)%00%(upstream:remotename)%00%(upstream:remoteref) refs/heads/main refs/remotes/main [4ms]
2024-12-21 13:12:51.252 [info] > git status -z -uall [32ms]
2024-12-21 13:14:12.061 [info] > git config --get commit.template [11ms]
2024-12-21 13:14:12.064 [info] > git for-each-ref --format=%(refname)%00%(upstream:short)%00%(objectname)%00%(upstream:track)%00%(upstream:remotename)%00%(upstream:remoteref) refs/heads/main refs/remotes/main [4ms]
2024-12-21 13:14:12.112 [info] > git status -z -uall [37ms]
2024-12-21 13:15:08.475 [info] > git config --get commit.template [11ms]
2024-12-21 13:15:08.478 [info] > git for-each-ref --format=%(refname)%00%(upstream:short)%00%(objectname)%00%(upstream:track)%00%(upstream:remotename)%00%(upstream:remoteref) refs/heads/main refs/remotes/main [4ms]
2024-12-21 13:15:08.521 [info] > git status -z -uall [32ms]
