2024-12-20 13:25:37.672 [info] Log level: Info
2024-12-20 13:25:37.672 [info] Validating found git in: "git"
2024-12-20 13:25:37.942 [info] Using git "2.43.0" from "git"
2024-12-20 13:26:11.182 [info] Log level: Info
2024-12-20 13:26:11.182 [info] Validating found git in: "git"
2024-12-20 13:26:11.182 [info] Using git "2.43.0" from "git"
2024-12-20 13:26:11.189 [info] > git rev-parse --show-toplevel [17ms]
2024-12-20 13:26:11.189 [info] fatal: not a git repository (or any parent up to mount point /mnt)
Stopping at filesystem boundary (GIT_DISCOVERY_ACROSS_FILESYSTEM not set).
2024-12-20 13:26:11.198 [info] > git rev-parse --show-toplevel [2ms]
2024-12-20 13:26:11.199 [info] fatal: not a git repository (or any parent up to mount point /mnt)
Stopping at filesystem boundary (GIT_DISCOVERY_ACROSS_FILESYSTEM not set).
2024-12-20 13:26:16.319 [info] Log level: Info
2024-12-20 13:26:16.319 [info] Validating found git in: "git"
2024-12-20 13:26:16.319 [info] Using git "2.43.0" from "git"
2024-12-20 13:26:16.319 [info] > git rev-parse --show-toplevel [21ms]
2024-12-20 13:26:16.319 [info] fatal: not a git repository (or any parent up to mount point /mnt)
Stopping at filesystem boundary (GIT_DISCOVERY_ACROSS_FILESYSTEM not set).
2024-12-20 13:26:16.324 [info] > git rev-parse --show-toplevel [218ms]
2024-12-20 13:26:16.324 [info] fatal: not a git repository (or any parent up to mount point /mnt)
Stopping at filesystem boundary (GIT_DISCOVERY_ACROSS_FILESYSTEM not set).
2024-12-20 13:26:16.444 [info] > git rev-parse --show-toplevel [41ms]
2024-12-20 13:26:16.444 [info] fatal: not a git repository (or any parent up to mount point /mnt)
Stopping at filesystem boundary (GIT_DISCOVERY_ACROSS_FILESYSTEM not set).
2024-12-20 13:32:10.751 [info] > git rev-parse --show-toplevel [2ms]
2024-12-20 13:32:10.751 [info] fatal: not a git repository (or any parent up to mount point /mnt)
Stopping at filesystem boundary (GIT_DISCOVERY_ACROSS_FILESYSTEM not set).
2024-12-20 13:40:15.129 [info] > git rev-parse --show-toplevel [4ms]
2024-12-20 13:40:15.129 [info] fatal: not a git repository (or any parent up to mount point /mnt)
Stopping at filesystem boundary (GIT_DISCOVERY_ACROSS_FILESYSTEM not set).
2024-12-20 13:57:22.514 [info] > git rev-parse --show-toplevel [4ms]
2024-12-20 13:57:22.514 [info] fatal: not a git repository (or any parent up to mount point /mnt)
Stopping at filesystem boundary (GIT_DISCOVERY_ACROSS_FILESYSTEM not set).
2024-12-20 13:58:22.250 [info] > git rev-parse --show-toplevel [3ms]
2024-12-20 13:58:22.250 [info] fatal: not a git repository (or any parent up to mount point /mnt)
Stopping at filesystem boundary (GIT_DISCOVERY_ACROSS_FILESYSTEM not set).
2024-12-20 14:18:04.499 [info] > git rev-parse --show-toplevel [6ms]
2024-12-20 14:18:04.499 [info] fatal: not a git repository (or any parent up to mount point /mnt)
Stopping at filesystem boundary (GIT_DISCOVERY_ACROSS_FILESYSTEM not set).
2024-12-20 14:18:14.041 [info] > git rev-parse --show-toplevel [5ms]
2024-12-20 14:18:14.041 [info] fatal: not a git repository (or any parent up to mount point /mnt)
Stopping at filesystem boundary (GIT_DISCOVERY_ACROSS_FILESYSTEM not set).
2024-12-20 14:18:15.518 [info] > git rev-parse --show-toplevel [3ms]
2024-12-20 14:18:15.518 [info] fatal: not a git repository (or any parent up to mount point /mnt)
Stopping at filesystem boundary (GIT_DISCOVERY_ACROSS_FILESYSTEM not set).
2024-12-20 14:18:16.173 [info] > git rev-parse --show-toplevel [8ms]
2024-12-20 14:18:16.173 [info] fatal: not a git repository (or any parent up to mount point /mnt)
Stopping at filesystem boundary (GIT_DISCOVERY_ACROSS_FILESYSTEM not set).
2024-12-20 14:18:47.819 [info] > git rev-parse --show-toplevel [6ms]
2024-12-20 14:18:47.819 [info] fatal: not a git repository (or any parent up to mount point /mnt)
Stopping at filesystem boundary (GIT_DISCOVERY_ACROSS_FILESYSTEM not set).
2024-12-20 15:33:10.526 [info] > git rev-parse --show-toplevel [4ms]
2024-12-20 15:33:10.526 [info] fatal: not a git repository (or any parent up to mount point /mnt)
Stopping at filesystem boundary (GIT_DISCOVERY_ACROSS_FILESYSTEM not set).
2024-12-20 15:40:12.955 [info] > git rev-parse --show-toplevel [4ms]
2024-12-20 15:40:12.955 [info] fatal: not a git repository (or any parent up to mount point /mnt)
Stopping at filesystem boundary (GIT_DISCOVERY_ACROSS_FILESYSTEM not set).
2024-12-20 15:44:42.526 [info] > git rev-parse --show-toplevel [5ms]
2024-12-20 15:44:42.526 [info] fatal: not a git repository (or any parent up to mount point /mnt)
Stopping at filesystem boundary (GIT_DISCOVERY_ACROSS_FILESYSTEM not set).
2024-12-20 15:50:09.205 [info] > git rev-parse --show-toplevel [4ms]
2024-12-20 15:50:09.205 [info] fatal: not a git repository (or any parent up to mount point /mnt)
Stopping at filesystem boundary (GIT_DISCOVERY_ACROSS_FILESYSTEM not set).
2024-12-20 15:52:24.156 [info] > git rev-parse --show-toplevel [3ms]
2024-12-20 15:52:24.156 [info] fatal: not a git repository (or any parent up to mount point /mnt)
Stopping at filesystem boundary (GIT_DISCOVERY_ACROSS_FILESYSTEM not set).
2024-12-20 15:52:27.548 [info] > git rev-parse --show-toplevel [3ms]
2024-12-20 15:52:27.548 [info] fatal: not a git repository (or any parent up to mount point /mnt)
Stopping at filesystem boundary (GIT_DISCOVERY_ACROSS_FILESYSTEM not set).
2024-12-20 15:52:30.823 [info] > git rev-parse --show-toplevel [4ms]
2024-12-20 15:52:30.823 [info] fatal: not a git repository (or any parent up to mount point /mnt)
Stopping at filesystem boundary (GIT_DISCOVERY_ACROSS_FILESYSTEM not set).
2024-12-20 16:27:13.804 [info] > git rev-parse --show-toplevel [3ms]
2024-12-20 16:27:13.804 [info] fatal: not a git repository (or any parent up to mount point /mnt)
Stopping at filesystem boundary (GIT_DISCOVERY_ACROSS_FILESYSTEM not set).
2024-12-20 16:27:43.112 [info] > git rev-parse --show-toplevel [12ms]
2024-12-20 16:27:43.112 [info] fatal: not a git repository (or any parent up to mount point /mnt)
Stopping at filesystem boundary (GIT_DISCOVERY_ACROSS_FILESYSTEM not set).
2024-12-20 16:27:59.063 [info] > git rev-parse --show-toplevel [6ms]
2024-12-20 16:27:59.063 [info] fatal: not a git repository (or any parent up to mount point /mnt)
Stopping at filesystem boundary (GIT_DISCOVERY_ACROSS_FILESYSTEM not set).
2024-12-20 16:28:33.436 [info] > git rev-parse --show-toplevel [3ms]
2024-12-20 16:28:33.436 [info] fatal: not a git repository (or any parent up to mount point /mnt)
Stopping at filesystem boundary (GIT_DISCOVERY_ACROSS_FILESYSTEM not set).
2024-12-20 16:29:52.575 [info] > git rev-parse --show-toplevel [3ms]
2024-12-20 16:29:52.576 [info] fatal: not a git repository (or any parent up to mount point /mnt)
Stopping at filesystem boundary (GIT_DISCOVERY_ACROSS_FILESYSTEM not set).
2024-12-20 16:30:45.428 [info] > git rev-parse --show-toplevel [4ms]
2024-12-20 16:30:45.428 [info] fatal: not a git repository (or any parent up to mount point /mnt)
Stopping at filesystem boundary (GIT_DISCOVERY_ACROSS_FILESYSTEM not set).
2024-12-20 16:33:32.902 [info] > git rev-parse --show-toplevel [3ms]
2024-12-20 16:33:32.902 [info] fatal: not a git repository (or any parent up to mount point /mnt)
Stopping at filesystem boundary (GIT_DISCOVERY_ACROSS_FILESYSTEM not set).
2024-12-20 16:33:47.270 [info] > git rev-parse --show-toplevel [5ms]
2024-12-20 16:33:47.270 [info] fatal: not a git repository (or any parent up to mount point /mnt)
Stopping at filesystem boundary (GIT_DISCOVERY_ACROSS_FILESYSTEM not set).
2024-12-20 16:37:54.487 [info] > git rev-parse --show-toplevel [4ms]
2024-12-20 16:37:54.487 [info] fatal: not a git repository (or any parent up to mount point /mnt)
Stopping at filesystem boundary (GIT_DISCOVERY_ACROSS_FILESYSTEM not set).
2024-12-20 16:40:47.636 [info] > git rev-parse --show-toplevel [4ms]
2024-12-20 16:40:47.636 [info] fatal: not a git repository (or any parent up to mount point /mnt)
Stopping at filesystem boundary (GIT_DISCOVERY_ACROSS_FILESYSTEM not set).
2024-12-20 19:07:18.672 [info] > git rev-parse --show-toplevel [6ms]
2024-12-20 19:07:18.672 [info] fatal: not a git repository (or any parent up to mount point /mnt)
Stopping at filesystem boundary (GIT_DISCOVERY_ACROSS_FILESYSTEM not set).
2024-12-20 19:07:45.710 [info] > git rev-parse --show-toplevel [4ms]
2024-12-20 19:07:45.710 [info] fatal: not a git repository (or any parent up to mount point /mnt)
Stopping at filesystem boundary (GIT_DISCOVERY_ACROSS_FILESYSTEM not set).
2024-12-20 19:08:10.866 [info] > git rev-parse --show-toplevel [5ms]
2024-12-20 19:08:10.866 [info] fatal: not a git repository (or any parent up to mount point /mnt)
Stopping at filesystem boundary (GIT_DISCOVERY_ACROSS_FILESYSTEM not set).
2024-12-20 19:09:27.056 [info] > git rev-parse --show-toplevel [3ms]
2024-12-20 19:09:27.056 [info] fatal: not a git repository (or any parent up to mount point /mnt)
Stopping at filesystem boundary (GIT_DISCOVERY_ACROSS_FILESYSTEM not set).
2024-12-20 19:13:42.896 [info] > git rev-parse --show-toplevel [2ms]
2024-12-20 19:13:42.896 [info] fatal: not a git repository (or any parent up to mount point /mnt)
Stopping at filesystem boundary (GIT_DISCOVERY_ACROSS_FILESYSTEM not set).
2024-12-20 19:13:43.771 [info] > git rev-parse --show-toplevel [3ms]
2024-12-20 19:13:43.771 [info] fatal: not a git repository (or any parent up to mount point /mnt)
Stopping at filesystem boundary (GIT_DISCOVERY_ACROSS_FILESYSTEM not set).
2024-12-20 19:13:44.086 [info] > git rev-parse --show-toplevel [1ms]
2024-12-20 19:13:44.086 [info] fatal: not a git repository (or any parent up to mount point /mnt)
Stopping at filesystem boundary (GIT_DISCOVERY_ACROSS_FILESYSTEM not set).
2024-12-20 19:14:02.207 [info] > git rev-parse --show-toplevel [3ms]
2024-12-20 19:14:02.207 [info] fatal: not a git repository (or any parent up to mount point /mnt)
Stopping at filesystem boundary (GIT_DISCOVERY_ACROSS_FILESYSTEM not set).
2024-12-20 19:14:27.589 [info] > git rev-parse --show-toplevel [5ms]
2024-12-20 19:14:27.589 [info] fatal: not a git repository (or any parent up to mount point /mnt)
Stopping at filesystem boundary (GIT_DISCOVERY_ACROSS_FILESYSTEM not set).
2024-12-20 19:14:45.609 [info] > git rev-parse --show-toplevel [2ms]
2024-12-20 19:14:45.609 [info] fatal: not a git repository (or any parent up to mount point /mnt)
Stopping at filesystem boundary (GIT_DISCOVERY_ACROSS_FILESYSTEM not set).
2024-12-20 19:15:30.357 [info] > git rev-parse --show-toplevel [8ms]
2024-12-20 19:15:30.357 [info] fatal: not a git repository (or any parent up to mount point /mnt)
Stopping at filesystem boundary (GIT_DISCOVERY_ACROSS_FILESYSTEM not set).
2024-12-20 19:15:32.225 [info] > git rev-parse --show-toplevel [3ms]
2024-12-20 19:15:32.225 [info] fatal: not a git repository (or any parent up to mount point /mnt)
Stopping at filesystem boundary (GIT_DISCOVERY_ACROSS_FILESYSTEM not set).
2024-12-20 19:15:37.467 [info] > git rev-parse --show-toplevel [2ms]
2024-12-20 19:15:37.467 [info] fatal: not a git repository (or any parent up to mount point /mnt)
Stopping at filesystem boundary (GIT_DISCOVERY_ACROSS_FILESYSTEM not set).
2024-12-20 19:16:21.404 [info] > git rev-parse --show-toplevel [2ms]
2024-12-20 19:16:21.404 [info] fatal: not a git repository (or any parent up to mount point /mnt)
Stopping at filesystem boundary (GIT_DISCOVERY_ACROSS_FILESYSTEM not set).
2024-12-20 19:16:21.417 [info] > git rev-parse --show-toplevel [5ms]
2024-12-20 19:16:21.417 [info] fatal: not a git repository (or any parent up to mount point /mnt)
Stopping at filesystem boundary (GIT_DISCOVERY_ACROSS_FILESYSTEM not set).
2024-12-20 19:16:33.678 [info] > git rev-parse --show-toplevel [2ms]
2024-12-20 19:16:33.678 [info] fatal: not a git repository (or any parent up to mount point /mnt)
Stopping at filesystem boundary (GIT_DISCOVERY_ACROSS_FILESYSTEM not set).
2024-12-20 19:16:33.707 [info] > git rev-parse --show-toplevel [4ms]
2024-12-20 19:16:33.707 [info] fatal: not a git repository (or any parent up to mount point /mnt)
Stopping at filesystem boundary (GIT_DISCOVERY_ACROSS_FILESYSTEM not set).
2024-12-20 19:16:33.716 [info] > git rev-parse --show-toplevel [3ms]
2024-12-20 19:16:33.716 [info] fatal: not a git repository (or any parent up to mount point /mnt)
Stopping at filesystem boundary (GIT_DISCOVERY_ACROSS_FILESYSTEM not set).
2024-12-20 19:17:04.396 [info] > git rev-parse --show-toplevel [6ms]
2024-12-20 19:17:04.396 [info] fatal: not a git repository (or any parent up to mount point /mnt)
Stopping at filesystem boundary (GIT_DISCOVERY_ACROSS_FILESYSTEM not set).
2024-12-20 19:17:04.461 [info] > git rev-parse --show-toplevel [4ms]
2024-12-20 19:17:04.461 [info] fatal: not a git repository (or any parent up to mount point /mnt)
Stopping at filesystem boundary (GIT_DISCOVERY_ACROSS_FILESYSTEM not set).
2024-12-20 19:17:04.470 [info] > git rev-parse --show-toplevel [3ms]
2024-12-20 19:17:04.470 [info] fatal: not a git repository (or any parent up to mount point /mnt)
Stopping at filesystem boundary (GIT_DISCOVERY_ACROSS_FILESYSTEM not set).
2024-12-20 19:17:20.291 [info] > git rev-parse --show-toplevel [2ms]
2024-12-20 19:17:20.291 [info] fatal: not a git repository (or any parent up to mount point /mnt)
Stopping at filesystem boundary (GIT_DISCOVERY_ACROSS_FILESYSTEM not set).
2024-12-20 19:17:20.374 [info] > git rev-parse --show-toplevel [2ms]
2024-12-20 19:17:20.374 [info] fatal: not a git repository (or any parent up to mount point /mnt)
Stopping at filesystem boundary (GIT_DISCOVERY_ACROSS_FILESYSTEM not set).
2024-12-20 19:17:20.387 [info] > git rev-parse --show-toplevel [2ms]
2024-12-20 19:17:20.387 [info] fatal: not a git repository (or any parent up to mount point /mnt)
Stopping at filesystem boundary (GIT_DISCOVERY_ACROSS_FILESYSTEM not set).
2024-12-20 19:17:50.362 [info] > git rev-parse --show-toplevel [2ms]
2024-12-20 19:17:50.362 [info] fatal: not a git repository (or any parent up to mount point /mnt)
Stopping at filesystem boundary (GIT_DISCOVERY_ACROSS_FILESYSTEM not set).
2024-12-20 19:18:10.982 [info] > git rev-parse --show-toplevel [2ms]
2024-12-20 19:18:10.982 [info] fatal: not a git repository (or any parent up to mount point /mnt)
Stopping at filesystem boundary (GIT_DISCOVERY_ACROSS_FILESYSTEM not set).
2024-12-20 19:18:11.224 [info] > git rev-parse --show-toplevel [1ms]
2024-12-20 19:18:11.224 [info] fatal: not a git repository (or any parent up to mount point /mnt)
Stopping at filesystem boundary (GIT_DISCOVERY_ACROSS_FILESYSTEM not set).
2024-12-20 19:18:16.820 [info] > git rev-parse --show-toplevel [3ms]
2024-12-20 19:18:16.821 [info] fatal: not a git repository (or any parent up to mount point /mnt)
Stopping at filesystem boundary (GIT_DISCOVERY_ACROSS_FILESYSTEM not set).
2024-12-20 19:18:19.298 [info] > git rev-parse --show-toplevel [2ms]
2024-12-20 19:18:19.298 [info] fatal: not a git repository (or any parent up to mount point /mnt)
Stopping at filesystem boundary (GIT_DISCOVERY_ACROSS_FILESYSTEM not set).
2024-12-20 19:18:25.669 [info] > git rev-parse --show-toplevel [2ms]
2024-12-20 19:18:25.669 [info] fatal: not a git repository (or any parent up to mount point /mnt)
Stopping at filesystem boundary (GIT_DISCOVERY_ACROSS_FILESYSTEM not set).
2024-12-20 19:18:25.886 [info] > git rev-parse --show-toplevel [4ms]
2024-12-20 19:18:25.886 [info] fatal: not a git repository (or any parent up to mount point /mnt)
Stopping at filesystem boundary (GIT_DISCOVERY_ACROSS_FILESYSTEM not set).
2024-12-20 19:19:01.248 [info] > git rev-parse --show-toplevel [4ms]
2024-12-20 19:19:01.248 [info] fatal: not a git repository (or any parent up to mount point /mnt)
Stopping at filesystem boundary (GIT_DISCOVERY_ACROSS_FILESYSTEM not set).
2024-12-20 19:19:21.093 [info] > git rev-parse --show-toplevel [6ms]
2024-12-20 19:19:21.093 [info] fatal: not a git repository (or any parent up to mount point /mnt)
Stopping at filesystem boundary (GIT_DISCOVERY_ACROSS_FILESYSTEM not set).
2024-12-20 19:19:27.204 [info] > git rev-parse --show-toplevel [3ms]
2024-12-20 19:19:27.204 [info] fatal: not a git repository (or any parent up to mount point /mnt)
Stopping at filesystem boundary (GIT_DISCOVERY_ACROSS_FILESYSTEM not set).
2024-12-20 19:19:32.912 [info] > git rev-parse --show-toplevel [4ms]
2024-12-20 19:19:32.912 [info] fatal: not a git repository (or any parent up to mount point /mnt)
Stopping at filesystem boundary (GIT_DISCOVERY_ACROSS_FILESYSTEM not set).
2024-12-20 20:17:47.975 [info] > git rev-parse --show-toplevel [31ms]
2024-12-20 20:17:47.975 [info] fatal: not a git repository (or any parent up to mount point /mnt)
Stopping at filesystem boundary (GIT_DISCOVERY_ACROSS_FILESYSTEM not set).
2024-12-20 20:18:10.176 [info] > git rev-parse --show-toplevel [2ms]
2024-12-20 20:18:10.176 [info] fatal: not a git repository (or any parent up to mount point /mnt)
Stopping at filesystem boundary (GIT_DISCOVERY_ACROSS_FILESYSTEM not set).
2024-12-20 20:18:35.026 [info] > git rev-parse --show-toplevel [4ms]
2024-12-20 20:18:35.026 [info] fatal: not a git repository (or any parent up to mount point /mnt)
Stopping at filesystem boundary (GIT_DISCOVERY_ACROSS_FILESYSTEM not set).
2024-12-20 20:20:55.163 [info] > git rev-parse --show-toplevel [3ms]
2024-12-20 20:20:55.163 [info] fatal: not a git repository (or any parent up to mount point /mnt)
Stopping at filesystem boundary (GIT_DISCOVERY_ACROSS_FILESYSTEM not set).
2024-12-20 20:22:18.507 [info] > git rev-parse --show-toplevel [3ms]
2024-12-20 20:22:18.508 [info] fatal: not a git repository (or any parent up to mount point /mnt)
Stopping at filesystem boundary (GIT_DISCOVERY_ACROSS_FILESYSTEM not set).
2024-12-20 20:24:51.938 [info] > git rev-parse --show-toplevel [2ms]
2024-12-20 20:24:51.938 [info] fatal: not a git repository (or any parent up to mount point /mnt)
Stopping at filesystem boundary (GIT_DISCOVERY_ACROSS_FILESYSTEM not set).
2024-12-20 20:27:19.657 [info] > git rev-parse --show-toplevel [2ms]
2024-12-20 20:27:19.657 [info] fatal: not a git repository (or any parent up to mount point /mnt)
Stopping at filesystem boundary (GIT_DISCOVERY_ACROSS_FILESYSTEM not set).
2024-12-20 20:27:19.860 [info] > git rev-parse --show-toplevel [2ms]
2024-12-20 20:27:19.860 [info] fatal: not a git repository (or any parent up to mount point /mnt)
Stopping at filesystem boundary (GIT_DISCOVERY_ACROSS_FILESYSTEM not set).
2024-12-20 20:27:29.589 [info] > git rev-parse --show-toplevel [3ms]
2024-12-20 20:27:29.589 [info] fatal: not a git repository (or any parent up to mount point /mnt)
Stopping at filesystem boundary (GIT_DISCOVERY_ACROSS_FILESYSTEM not set).
2024-12-20 20:27:29.775 [info] > git rev-parse --show-toplevel [3ms]
2024-12-20 20:27:29.775 [info] fatal: not a git repository (or any parent up to mount point /mnt)
Stopping at filesystem boundary (GIT_DISCOVERY_ACROSS_FILESYSTEM not set).
2024-12-20 20:28:11.327 [info] > git rev-parse --show-toplevel [2ms]
2024-12-20 20:28:11.327 [info] fatal: not a git repository (or any parent up to mount point /mnt)
Stopping at filesystem boundary (GIT_DISCOVERY_ACROSS_FILESYSTEM not set).
2024-12-20 20:28:11.553 [info] > git rev-parse --show-toplevel [4ms]
2024-12-20 20:28:11.553 [info] fatal: not a git repository (or any parent up to mount point /mnt)
Stopping at filesystem boundary (GIT_DISCOVERY_ACROSS_FILESYSTEM not set).
2024-12-20 20:29:15.947 [info] > git rev-parse --show-toplevel [5ms]
2024-12-20 20:29:15.947 [info] fatal: not a git repository (or any parent up to mount point /mnt)
Stopping at filesystem boundary (GIT_DISCOVERY_ACROSS_FILESYSTEM not set).
2024-12-20 20:29:32.226 [info] > git rev-parse --show-toplevel [3ms]
2024-12-20 20:29:32.226 [info] fatal: not a git repository (or any parent up to mount point /mnt)
Stopping at filesystem boundary (GIT_DISCOVERY_ACROSS_FILESYSTEM not set).
2024-12-20 20:30:25.385 [info] > git rev-parse --show-toplevel [2ms]
2024-12-20 20:30:25.385 [info] fatal: not a git repository (or any parent up to mount point /mnt)
Stopping at filesystem boundary (GIT_DISCOVERY_ACROSS_FILESYSTEM not set).
2024-12-20 20:30:47.456 [info] > git rev-parse --show-toplevel [4ms]
2024-12-20 20:30:47.456 [info] fatal: not a git repository (or any parent up to mount point /mnt)
Stopping at filesystem boundary (GIT_DISCOVERY_ACROSS_FILESYSTEM not set).
2024-12-20 20:31:17.731 [info] > git rev-parse --show-toplevel [3ms]
2024-12-20 20:31:17.731 [info] fatal: not a git repository (or any parent up to mount point /mnt)
Stopping at filesystem boundary (GIT_DISCOVERY_ACROSS_FILESYSTEM not set).
2024-12-20 20:31:53.000 [info] > git rev-parse --show-toplevel [3ms]
2024-12-20 20:31:53.000 [info] fatal: not a git repository (or any parent up to mount point /mnt)
Stopping at filesystem boundary (GIT_DISCOVERY_ACROSS_FILESYSTEM not set).
2024-12-20 20:31:54.940 [info] > git rev-parse --show-toplevel [2ms]
2024-12-20 20:31:54.940 [info] fatal: not a git repository (or any parent up to mount point /mnt)
Stopping at filesystem boundary (GIT_DISCOVERY_ACROSS_FILESYSTEM not set).
2024-12-20 20:31:55.159 [info] > git rev-parse --show-toplevel [3ms]
2024-12-20 20:31:55.159 [info] fatal: not a git repository (or any parent up to mount point /mnt)
Stopping at filesystem boundary (GIT_DISCOVERY_ACROSS_FILESYSTEM not set).
2024-12-20 20:33:01.759 [info] > git rev-parse --show-toplevel [3ms]
2024-12-20 20:33:01.759 [info] fatal: not a git repository (or any parent up to mount point /mnt)
Stopping at filesystem boundary (GIT_DISCOVERY_ACROSS_FILESYSTEM not set).
2024-12-20 20:33:01.976 [info] > git rev-parse --show-toplevel [2ms]
2024-12-20 20:33:01.976 [info] fatal: not a git repository (or any parent up to mount point /mnt)
Stopping at filesystem boundary (GIT_DISCOVERY_ACROSS_FILESYSTEM not set).
2024-12-20 20:33:09.078 [info] > git rev-parse --show-toplevel [3ms]
2024-12-20 20:33:09.078 [info] fatal: not a git repository (or any parent up to mount point /mnt)
Stopping at filesystem boundary (GIT_DISCOVERY_ACROSS_FILESYSTEM not set).
2024-12-20 20:33:09.290 [info] > git rev-parse --show-toplevel [3ms]
2024-12-20 20:33:09.290 [info] fatal: not a git repository (or any parent up to mount point /mnt)
Stopping at filesystem boundary (GIT_DISCOVERY_ACROSS_FILESYSTEM not set).
2024-12-20 20:33:35.007 [info] > git rev-parse --show-toplevel [3ms]
2024-12-20 20:33:35.007 [info] fatal: not a git repository (or any parent up to mount point /mnt)
Stopping at filesystem boundary (GIT_DISCOVERY_ACROSS_FILESYSTEM not set).
2024-12-20 20:36:02.530 [info] > git rev-parse --show-toplevel [3ms]
2024-12-20 20:36:02.531 [info] fatal: not a git repository (or any parent up to mount point /mnt)
Stopping at filesystem boundary (GIT_DISCOVERY_ACROSS_FILESYSTEM not set).
2024-12-20 20:36:17.292 [info] > git rev-parse --show-toplevel [3ms]
2024-12-20 20:36:17.292 [info] fatal: not a git repository (or any parent up to mount point /mnt)
Stopping at filesystem boundary (GIT_DISCOVERY_ACROSS_FILESYSTEM not set).
2024-12-20 20:38:34.716 [info] > git rev-parse --show-toplevel [4ms]
2024-12-20 20:38:34.716 [info] fatal: not a git repository (or any parent up to mount point /mnt)
Stopping at filesystem boundary (GIT_DISCOVERY_ACROSS_FILESYSTEM not set).
2024-12-20 21:37:50.418 [info] > git rev-parse --show-toplevel [3ms]
2024-12-20 21:37:50.418 [info] fatal: not a git repository (or any parent up to mount point /mnt)
Stopping at filesystem boundary (GIT_DISCOVERY_ACROSS_FILESYSTEM not set).
2024-12-20 21:38:08.021 [info] > git rev-parse --show-toplevel [3ms]
2024-12-20 21:38:08.021 [info] fatal: not a git repository (or any parent up to mount point /mnt)
Stopping at filesystem boundary (GIT_DISCOVERY_ACROSS_FILESYSTEM not set).
2024-12-20 21:45:51.431 [info] > git rev-parse --show-toplevel [7ms]
2024-12-20 21:45:51.431 [info] fatal: not a git repository (or any parent up to mount point /mnt)
Stopping at filesystem boundary (GIT_DISCOVERY_ACROSS_FILESYSTEM not set).
2024-12-20 21:49:21.570 [info] > git rev-parse --show-toplevel [3ms]
2024-12-20 21:49:21.570 [info] fatal: not a git repository (or any parent up to mount point /mnt)
Stopping at filesystem boundary (GIT_DISCOVERY_ACROSS_FILESYSTEM not set).
2024-12-20 21:49:26.593 [info] > git rev-parse --show-toplevel [3ms]
2024-12-20 21:49:26.593 [info] fatal: not a git repository (or any parent up to mount point /mnt)
Stopping at filesystem boundary (GIT_DISCOVERY_ACROSS_FILESYSTEM not set).
2024-12-20 22:34:35.350 [info] > git rev-parse --show-toplevel [3ms]
2024-12-20 22:34:35.350 [info] fatal: not a git repository (or any parent up to mount point /mnt)
Stopping at filesystem boundary (GIT_DISCOVERY_ACROSS_FILESYSTEM not set).
2024-12-20 22:39:17.059 [info] > git rev-parse --show-toplevel [3ms]
2024-12-20 22:39:17.059 [info] fatal: not a git repository (or any parent up to mount point /mnt)
Stopping at filesystem boundary (GIT_DISCOVERY_ACROSS_FILESYSTEM not set).
2024-12-20 22:48:15.036 [info] > git rev-parse --show-toplevel [3ms]
2024-12-20 22:48:15.049 [info] > git rev-parse --git-dir --git-common-dir [2ms]
2024-12-20 22:48:15.085 [info] Open repository: /mnt/hdd/HDD(lost+found)/instant_chef_project/recipe_filter
2024-12-20 22:48:15.107 [info] > git config --get commit.template [5ms]
2024-12-20 22:48:15.119 [info] No remotes found in the git config file.
2024-12-20 22:48:15.128 [info] > git for-each-ref --format=%(refname)%00%(upstream:short)%00%(objectname)%00%(upstream:track)%00%(upstream:remotename)%00%(upstream:remoteref) refs/heads/master refs/remotes/master [11ms]
2024-12-20 22:48:15.129 [warning] No such branch: master.
2024-12-20 22:48:15.172 [info] > git status -z -uall [33ms]
2024-12-20 22:48:15.745 [info] > git config --get commit.template [45ms]
2024-12-20 22:48:15.753 [info] > git check-ignore -v -z --stdin [9ms]
2024-12-20 22:48:15.777 [info] No remotes found in the git config file.
2024-12-20 22:48:15.778 [info] > git for-each-ref --format=%(refname)%00%(upstream:short)%00%(objectname)%00%(upstream:track)%00%(upstream:remotename)%00%(upstream:remoteref) refs/heads/master refs/remotes/master [5ms]
2024-12-20 22:48:15.779 [warning] No such branch: master.
2024-12-20 22:48:15.850 [info] > git status -z -uall [54ms]
2024-12-20 22:48:15.851 [info] > git show --textconv :recipes.json [39ms]
2024-12-20 22:48:16.247 [info] > git ls-files --stage -- /mnt/hdd/HDD(lost+found)/instant_chef_project/recipe_filter/recipes.json [412ms]
2024-12-20 22:48:17.280 [info] No remotes found in the git config file.
2024-12-20 22:48:17.281 [info] > git config --get commit.template [13ms]
2024-12-20 22:48:17.281 [info] > git for-each-ref --format=%(refname)%00%(upstream:short)%00%(objectname)%00%(upstream:track)%00%(upstream:remotename)%00%(upstream:remoteref) refs/heads/master refs/remotes/master [2ms]
2024-12-20 22:48:17.282 [warning] No such branch: master.
2024-12-20 22:48:17.300 [info] > git status -z -uall [13ms]
2024-12-20 22:48:22.378 [info] > git config --get commit.template [3ms]
2024-12-20 22:48:22.389 [info] No remotes found in the git config file.
2024-12-20 22:48:22.391 [info] > git for-each-ref --format=%(refname)%00%(upstream:short)%00%(objectname)%00%(upstream:track)%00%(upstream:remotename)%00%(upstream:remoteref) refs/heads/master refs/remotes/master [3ms]
2024-12-20 22:48:22.391 [warning] No such branch: master.
2024-12-20 22:48:22.413 [info] > git status -z -uall [12ms]
2024-12-20 22:48:27.490 [info] No remotes found in the git config file.
2024-12-20 22:48:27.491 [info] > git config --get commit.template [11ms]
2024-12-20 22:48:27.492 [info] > git for-each-ref --format=%(refname)%00%(upstream:short)%00%(objectname)%00%(upstream:track)%00%(upstream:remotename)%00%(upstream:remoteref) refs/heads/master refs/remotes/master [3ms]
2024-12-20 22:48:27.492 [warning] No such branch: master.
2024-12-20 22:48:27.515 [info] > git status -z -uall [14ms]
2024-12-20 22:48:39.306 [info] > git config --get commit.template [4ms]
2024-12-20 22:48:39.318 [info] No remotes found in the git config file.
2024-12-20 22:48:39.320 [info] > git for-each-ref --format=%(refname)%00%(upstream:short)%00%(objectname)%00%(upstream:track)%00%(upstream:remotename)%00%(upstream:remoteref) refs/heads/master refs/remotes/master [3ms]
2024-12-20 22:48:39.320 [warning] No such branch: master.
2024-12-20 22:48:39.352 [info] > git status -z -uall [21ms]
2024-12-20 22:48:44.415 [info] No remotes found in the git config file.
2024-12-20 22:48:44.416 [info] > git config --get commit.template [10ms]
2024-12-20 22:48:44.417 [info] > git for-each-ref --format=%(refname)%00%(upstream:short)%00%(objectname)%00%(upstream:track)%00%(upstream:remotename)%00%(upstream:remoteref) refs/heads/master refs/remotes/master [2ms]
2024-12-20 22:48:44.417 [warning] No such branch: master.
2024-12-20 22:48:44.441 [info] > git status -z -uall [14ms]
2024-12-20 22:48:49.516 [info] No remotes found in the git config file.
2024-12-20 22:48:49.517 [info] > git config --get commit.template [7ms]
2024-12-20 22:48:49.518 [info] > git for-each-ref --format=%(refname)%00%(upstream:short)%00%(objectname)%00%(upstream:track)%00%(upstream:remotename)%00%(upstream:remoteref) refs/heads/master refs/remotes/master [2ms]
2024-12-20 22:48:49.518 [warning] No such branch: master.
2024-12-20 22:48:49.535 [info] > git status -z -uall [12ms]
2024-12-20 22:48:51.935 [info] > git ls-files --stage -- /mnt/hdd/HDD(lost+found)/instant_chef_project/recipe_filter/recipes.json [3ms]
2024-12-20 22:48:51.948 [info] > git cat-file -s 707edef6ee807fb93f980837b79f5d270adf335d [2ms]
2024-12-20 22:48:51.962 [info] > git show --textconv :recipes.json [4ms]
2024-12-20 22:48:54.591 [info] > git config --get commit.template [4ms]
2024-12-20 22:48:54.600 [info] No remotes found in the git config file.
2024-12-20 22:48:54.602 [info] > git for-each-ref --format=%(refname)%00%(upstream:short)%00%(objectname)%00%(upstream:track)%00%(upstream:remotename)%00%(upstream:remoteref) refs/heads/master refs/remotes/master [3ms]
2024-12-20 22:48:54.602 [warning] No such branch: master.
2024-12-20 22:48:54.635 [info] > git status -z -uall [24ms]
2024-12-20 22:49:14.920 [info] > git config --get commit.template [24ms]
2024-12-20 22:49:14.936 [info] No remotes found in the git config file.
2024-12-20 22:49:14.939 [info] > git ls-files --stage -- /mnt/hdd/HDD(lost+found)/instant_chef_project/recipe_filter/recipes.json [20ms]
2024-12-20 22:49:14.950 [info] > git for-each-ref --format=%(refname)%00%(upstream:short)%00%(objectname)%00%(upstream:track)%00%(upstream:remotename)%00%(upstream:remoteref) refs/heads/master refs/remotes/master [14ms]
2024-12-20 22:49:14.961 [info] > git cat-file -s 707edef6ee807fb93f980837b79f5d270adf335d [11ms]
2024-12-20 22:49:14.979 [info] > git status -z -uall [20ms]
2024-12-20 22:49:14.980 [info] > git show --textconv :recipes.json [2ms]
2024-12-20 22:49:20.029 [info] > git config --get commit.template [2ms]
2024-12-20 22:49:20.040 [info] No remotes found in the git config file.
2024-12-20 22:49:20.042 [info] > git for-each-ref --format=%(refname)%00%(upstream:short)%00%(objectname)%00%(upstream:track)%00%(upstream:remotename)%00%(upstream:remoteref) refs/heads/master refs/remotes/master [2ms]
2024-12-20 22:49:20.043 [warning] No such branch: master.
2024-12-20 22:49:20.070 [info] > git status -z -uall [19ms]
2024-12-20 22:49:21.227 [info] > git ls-files --stage -- /mnt/hdd/HDD(lost+found)/instant_chef_project/recipe_filter/recipes.json [3ms]
2024-12-20 22:49:21.238 [info] > git cat-file -s 707edef6ee807fb93f980837b79f5d270adf335d [2ms]
2024-12-20 22:49:21.250 [info] > git show --textconv :recipes.json [3ms]
2024-12-20 22:49:29.343 [info] No remotes found in the git config file.
2024-12-20 22:49:29.344 [info] > git config --get commit.template [18ms]
2024-12-20 22:49:29.345 [info] > git for-each-ref --format=%(refname)%00%(upstream:short)%00%(objectname)%00%(upstream:track)%00%(upstream:remotename)%00%(upstream:remoteref) refs/heads/main refs/remotes/main [3ms]
2024-12-20 22:49:29.367 [info] > git status -z -uall [15ms]
2024-12-20 22:49:34.384 [info] > git config --get commit.template [4ms]
2024-12-20 22:49:34.394 [info] No remotes found in the git config file.
2024-12-20 22:49:34.396 [info] > git for-each-ref --format=%(refname)%00%(upstream:short)%00%(objectname)%00%(upstream:track)%00%(upstream:remotename)%00%(upstream:remoteref) refs/heads/main refs/remotes/main [3ms]
2024-12-20 22:49:34.421 [info] > git status -z -uall [15ms]
2024-12-20 22:49:36.582 [info] > git ls-files --stage -- /mnt/hdd/HDD(lost+found)/instant_chef_project/recipe_filter/recipes.json [3ms]
2024-12-20 22:49:36.596 [info] > git cat-file -s 707edef6ee807fb93f980837b79f5d270adf335d [2ms]
2024-12-20 22:49:36.611 [info] > git show --textconv :recipes.json [4ms]
2024-12-20 22:49:43.549 [info] > git config --get commit.template [18ms]
2024-12-20 22:49:43.550 [info] > git for-each-ref --format=%(refname)%00%(upstream:short)%00%(objectname)%00%(upstream:track)%00%(upstream:remotename)%00%(upstream:remoteref) refs/heads/main refs/remotes/main [2ms]
2024-12-20 22:49:43.569 [info] > git status -z -uall [12ms]
2024-12-20 22:49:48.594 [info] > git config --get commit.template [11ms]
2024-12-20 22:49:48.596 [info] > git for-each-ref --format=%(refname)%00%(upstream:short)%00%(objectname)%00%(upstream:track)%00%(upstream:remotename)%00%(upstream:remoteref) refs/heads/main refs/remotes/main [3ms]
2024-12-20 22:49:48.615 [info] > git status -z -uall [11ms]
2024-12-20 22:50:00.881 [info] > git config --get commit.template [11ms]
2024-12-20 22:50:00.883 [info] > git for-each-ref --format=%(refname)%00%(upstream:short)%00%(objectname)%00%(upstream:track)%00%(upstream:remotename)%00%(upstream:remoteref) refs/heads/main refs/remotes/main [2ms]
2024-12-20 22:50:00.907 [info] > git status -z -uall [15ms]
2024-12-20 22:50:25.565 [info] > git ls-files --stage -- /mnt/hdd/HDD(lost+found)/instant_chef_project/recipe_filter/recipes.json [3ms]
2024-12-20 22:50:25.577 [info] > git cat-file -s 707edef6ee807fb93f980837b79f5d270adf335d [2ms]
2024-12-20 22:50:25.594 [info] > git show --textconv :recipes.json [3ms]
2024-12-20 22:50:25.922 [info] > git config --get commit.template [10ms]
2024-12-20 22:50:25.924 [info] > git for-each-ref --format=%(refname)%00%(upstream:short)%00%(objectname)%00%(upstream:track)%00%(upstream:remotename)%00%(upstream:remoteref) refs/heads/main refs/remotes/main [3ms]
2024-12-20 22:50:25.950 [info] > git status -z -uall [15ms]
2024-12-20 22:50:25.964 [info] > git merge-base refs/heads/main refs/remotes/origin/main [5ms]
2024-12-20 22:50:25.975 [info] > git rev-list --count --left-right refs/heads/main...refs/remotes/origin/main [4ms]
2024-12-20 22:50:25.991 [info] > git diff --name-status -z --diff-filter=ADMR 29be0aa2195374872fc959d742ce0f170c16aae3...refs/remotes/origin/main [6ms]
2024-12-20 23:03:15.876 [info] > git config --get commit.template [15ms]
2024-12-20 23:03:15.878 [info] > git for-each-ref --format=%(refname)%00%(upstream:short)%00%(objectname)%00%(upstream:track)%00%(upstream:remotename)%00%(upstream:remoteref) refs/heads/main refs/remotes/main [7ms]
2024-12-20 23:03:15.909 [info] > git status -z -uall [21ms]
2024-12-20 23:03:20.938 [info] > git config --get commit.template [11ms]
2024-12-20 23:03:20.940 [info] > git for-each-ref --format=%(refname)%00%(upstream:short)%00%(objectname)%00%(upstream:track)%00%(upstream:remotename)%00%(upstream:remoteref) refs/heads/main refs/remotes/main [2ms]
2024-12-20 23:03:20.968 [info] > git status -z -uall [17ms]
