2025-03-07 11:36:34.936 [info] Added views:workbench.panel.markers.view in workbench.panel.markers
2025-03-07 11:36:34.936 [info] Added views:workbench.panel.output in workbench.panel.output
2025-03-07 11:36:34.936 [info] Added views:terminal in terminal
2025-03-07 11:36:34.936 [info] Added views:outline in workbench.view.explorer
2025-03-07 11:36:34.936 [info] Added views:workbench.scm in workbench.view.scm
2025-03-07 11:36:34.936 [info] Added views:workbench.view.search in workbench.view.search
2025-03-07 11:36:34.936 [info] Added views:timeline in workbench.view.explorer
2025-03-07 11:36:34.936 [info] Added views:workbench.explorer.fileView in workbench.view.explorer
2025-03-07 11:36:36.140 [info] Added views:workbench.debug.welcome in workbench.view.debug
2025-03-07 11:36:41.795 [info] Added views:workbench.panel.repl.view in workbench.panel.repl
2025-03-07 11:37:20.058 [info] Added views:workbench.panel.markers.view in workbench.panel.markers
2025-03-07 11:37:20.058 [info] Added views:workbench.panel.output in workbench.panel.output
2025-03-07 11:37:20.058 [info] Added views:terminal in terminal
2025-03-07 11:37:20.058 [info] Added views:outline in workbench.view.explorer
2025-03-07 11:37:20.058 [info] Added views:workbench.scm in workbench.view.scm
2025-03-07 11:37:20.058 [info] Added views:workbench.view.search in workbench.view.search
2025-03-07 11:37:20.058 [info] Added views:timeline in workbench.view.explorer
2025-03-07 11:37:20.058 [info] Added views:workbench.explorer.fileView in workbench.view.explorer
2025-03-07 11:37:20.644 [info] Added views:workbench.debug.welcome in workbench.view.debug
2025-03-07 11:37:23.113 [info] Added views:dotenv.view.vault in workbench.view.extension.dotenv
2025-03-07 11:37:23.841 [info] Added views:workbench.panel.repl.view in workbench.panel.repl
2025-03-07 11:37:31.543 [info] Added views:~remote.forwardedPorts in ~remote.forwardedPortsContainer
