2025-03-07 11:36:37.761 [info] Revived process, old id a0d5a9bd783f66277f165b5fbefe1039-1 -> new id 1
2025-03-07 11:36:37.761 [info] Revived process, old id a0d5a9bd783f66277f165b5fbefe1039-2 -> new id 2
2025-03-07 11:36:37.761 [info] Revived process, old id a0d5a9bd783f66277f165b5fbefe1039-3 -> new id 3
2025-03-07 11:36:38.344 [info] Expanding terminal instance, old id a0d5a9bd783f66277f165b5fbefe1039-1 -> new id 1
2025-03-07 11:36:38.345 [info] Expanding terminal instance, old id a0d5a9bd783f66277f165b5fbefe1039-2 -> new id 2
2025-03-07 11:36:38.345 [info] Expanding terminal instance, old id a0d5a9bd783f66277f165b5fbefe1039-3 -> new id 3
2025-03-07 11:36:42.309 [warning] Persistent process "3": Process had no disconnect runners but was an orphan
2025-03-07 11:36:42.310 [info] Persistent process reconnection "3"
2025-03-07 11:36:42.685 [info] Persistent process "3": Replaying 6594 chars and 1 size events
2025-03-07 11:36:42.722 [warning] Persistent process "1": Process had no disconnect runners but was an orphan
2025-03-07 11:36:42.723 [info] Persistent process reconnection "1"
2025-03-07 11:36:42.740 [warning] Persistent process "2": Process had no disconnect runners but was an orphan
2025-03-07 11:36:42.740 [info] Persistent process reconnection "2"
2025-03-07 11:36:43.485 [info] Persistent process "1": Replaying 4937 chars and 1 size events
2025-03-07 11:36:43.636 [info] Persistent process "2": Replaying 6509 chars and 1 size events
2025-03-07 11:37:20.001 [info] Expanding terminal instance, old id a0d5a9bd783f66277f165b5fbefe1039-1 -> new id undefined
2025-03-07 11:37:20.003 [info] Expanding terminal instance, old id a0d5a9bd783f66277f165b5fbefe1039-2 -> new id undefined
2025-03-07 11:37:20.004 [info] Expanding terminal instance, old id a0d5a9bd783f66277f165b5fbefe1039-3 -> new id undefined
2025-03-07 11:37:22.803 [info] Persistent process reconnection "1"
2025-03-07 11:37:22.805 [info] Persistent process reconnection "2"
2025-03-07 11:37:22.806 [info] Persistent process reconnection "3"
2025-03-07 11:37:22.855 [info] Persistent process "1": Replaying 5056 chars and 1 size events
2025-03-07 11:37:22.866 [info] Persistent process "2": Replaying 6628 chars and 1 size events
2025-03-07 11:37:22.874 [info] Persistent process "3": Replaying 5330 chars and 1 size events
