2025-02-10 06:48:45.017 [info] Extension host with pid 23122 started
2025-02-10 06:48:45.017 [info] Skipping acquiring lock for /mnt/hdd/HDD(lost+found)/instant_chef_project/recipe_filter/~/vscode-safe-mode/User/workspaceStorage/522697373728b07d9de7adb6e62e7b18.
2025-02-10 06:48:45.507 [info] ExtensionService#_doActivateExtension vscode.emmet, startup: false, activationEvent: 'onLanguage'
2025-02-10 06:48:45.567 [info] ExtensionService#_doActivateExtension vscode.extension-editing, startup: false, activationEvent: 'onLanguage:json'
2025-02-10 06:48:45.673 [info] ExtensionService#_doActivateExtension vscode.json-language-features, startup: false, activationEvent: 'onLanguage:json'
2025-02-10 06:48:45.831 [info] ExtensionService#_doActivateExtension vscode.npm, startup: false, activationEvent: 'onLanguage:json'
2025-02-10 06:48:46.313 [info] ExtensionService#_doActivateExtension vscode.git-base, startup: true, activationEvent: '*', root cause: vscode.git
2025-02-10 06:48:46.466 [info] ExtensionService#_doActivateExtension vscode.git, startup: true, activationEvent: '*'
2025-02-10 06:48:46.676 [info] ExtensionService#_doActivateExtension vscode.github, startup: true, activationEvent: '*'
2025-02-10 06:48:46.991 [info] Eager extensions activated
2025-02-10 06:48:47.129 [info] ExtensionService#_doActivateExtension vscode.debug-auto-launch, startup: false, activationEvent: 'onStartupFinished'
2025-02-10 06:48:47.150 [info] ExtensionService#_doActivateExtension vscode.merge-conflict, startup: false, activationEvent: 'onStartupFinished'
2025-02-10 06:48:48.011 [info] ExtensionService#_doActivateExtension vscode.github-authentication, startup: false, activationEvent: 'onAuthenticationRequest:github'
2025-02-10 06:48:57.598 [info] Extension host terminating: renderer closed the MessagePort
2025-02-10 06:48:57.640 [error] Canceled: Canceled
	at new O (/usr/share/code/resources/app/out/vs/workbench/api/node/extensionHostProcess.js:143:47131)
	at c.U (/usr/share/code/resources/app/out/vs/workbench/api/node/extensionHostProcess.js:150:5542)
	at F.<computed>.z.charCodeAt.F.<computed> (/usr/share/code/resources/app/out/vs/workbench/api/node/extensionHostProcess.js:150:2993)
	at r.g (/usr/share/code/resources/app/out/vs/workbench/api/node/extensionHostProcess.js:153:188926)
	at r.executeCommand (/usr/share/code/resources/app/out/vs/workbench/api/node/extensionHostProcess.js:153:188364)
	at k.registerCommand.description (/usr/share/code/resources/app/out/vs/workbench/api/node/extensionHostProcess.js:153:187688)
	at r.h (/usr/share/code/resources/app/out/vs/workbench/api/node/extensionHostProcess.js:153:189465)
	at r.g (/usr/share/code/resources/app/out/vs/workbench/api/node/extensionHostProcess.js:153:188457)
	at r.executeCommand (/usr/share/code/resources/app/out/vs/workbench/api/node/extensionHostProcess.js:153:188364)
	at Object.executeCommand (/usr/share/code/resources/app/out/vs/workbench/api/node/extensionHostProcess.js:163:22673)
	at a.O [as value] (/usr/share/code/resources/app/extensions/git/dist/main.js:2:945138)
	at o.y (/usr/share/code/resources/app/out/vs/workbench/api/node/extensionHostProcess.js:82:660)
	at o.z (/usr/share/code/resources/app/out/vs/workbench/api/node/extensionHostProcess.js:82:730)
	at o.fire (/usr/share/code/resources/app/out/vs/workbench/api/node/extensionHostProcess.js:82:946)
	at Object.p [as dispose] (/usr/share/code/resources/app/extensions/git/dist/main.js:2:964222)
	at /usr/share/code/resources/app/extensions/git/dist/main.js:2:970260
	at Array.forEach (<anonymous>)
	at f.dispose (/usr/share/code/resources/app/extensions/git/dist/main.js:2:970246)
	at h.<anonymous> (/usr/share/code/resources/app/out/vs/workbench/api/node/extensionHostProcess.js:151:3955)
	at h.dispose (/usr/share/code/resources/app/out/vs/workbench/api/node/extensionHostProcess.js:151:4052)
	at h.<anonymous> (/usr/share/code/resources/app/extensions/git/dist/main.js:2:947395)
	at h.dispose (/usr/share/code/resources/app/out/vs/workbench/api/node/extensionHostProcess.js:151:4052)
	at a (/usr/share/code/resources/app/out/vs/workbench/api/node/extensionHostProcess.js:30:744)
	at f.eb (/usr/share/code/resources/app/out/vs/workbench/api/node/extensionHostProcess.js:159:9975)
	at /usr/share/code/resources/app/out/vs/workbench/api/node/extensionHostProcess.js:159:7824
	at Array.map (<anonymous>)
	at f.$ (/usr/share/code/resources/app/out/vs/workbench/api/node/extensionHostProcess.js:159:7811)
	at f.terminate (/usr/share/code/resources/app/out/vs/workbench/api/node/extensionHostProcess.js:159:8085)
	at a.terminate (/usr/share/code/resources/app/out/vs/workbench/api/node/extensionHostProcess.js:163:1513)
	at t (/usr/share/code/resources/app/out/vs/workbench/api/node/extensionHostProcess.js:176:9922)
	at MessagePortMain.<anonymous> (/usr/share/code/resources/app/out/vs/workbench/api/node/extensionHostProcess.js:176:6347)
	at MessagePortMain.emit (node:events:517:28)
	at MessagePortMain._internalPort.emit (node:electron/js2c/utility_init:2:2285) setContext undefined
2025-02-10 06:48:57.641 [error] Canceled: Canceled
	at new O (/usr/share/code/resources/app/out/vs/workbench/api/node/extensionHostProcess.js:143:47131)
	at c.U (/usr/share/code/resources/app/out/vs/workbench/api/node/extensionHostProcess.js:150:5542)
	at F.<computed>.z.charCodeAt.F.<computed> (/usr/share/code/resources/app/out/vs/workbench/api/node/extensionHostProcess.js:150:2993)
	at r.g (/usr/share/code/resources/app/out/vs/workbench/api/node/extensionHostProcess.js:153:188926)
	at r.executeCommand (/usr/share/code/resources/app/out/vs/workbench/api/node/extensionHostProcess.js:153:188364)
	at k.registerCommand.description (/usr/share/code/resources/app/out/vs/workbench/api/node/extensionHostProcess.js:153:187688)
	at r.h (/usr/share/code/resources/app/out/vs/workbench/api/node/extensionHostProcess.js:153:189465)
	at r.g (/usr/share/code/resources/app/out/vs/workbench/api/node/extensionHostProcess.js:153:188457)
	at r.executeCommand (/usr/share/code/resources/app/out/vs/workbench/api/node/extensionHostProcess.js:153:188364)
	at Object.executeCommand (/usr/share/code/resources/app/out/vs/workbench/api/node/extensionHostProcess.js:163:22673)
	at set hasGitHubRepositories [as hasGitHubRepositories] (/usr/share/code/resources/app/extensions/github/dist/extension.js:2:322969)
	at /usr/share/code/resources/app/extensions/github/dist/extension.js:2:323928
	at a.value (/usr/share/code/resources/app/extensions/git/dist/main.js:2:1050711)
	at o.y (/usr/share/code/resources/app/out/vs/workbench/api/node/extensionHostProcess.js:82:660)
	at o.z (/usr/share/code/resources/app/out/vs/workbench/api/node/extensionHostProcess.js:82:730)
	at o.fire (/usr/share/code/resources/app/out/vs/workbench/api/node/extensionHostProcess.js:82:946)
	at Object.p [as dispose] (/usr/share/code/resources/app/extensions/git/dist/main.js:2:964222)
	at /usr/share/code/resources/app/extensions/git/dist/main.js:2:970260
	at Array.forEach (<anonymous>)
	at f.dispose (/usr/share/code/resources/app/extensions/git/dist/main.js:2:970246)
	at h.<anonymous> (/usr/share/code/resources/app/out/vs/workbench/api/node/extensionHostProcess.js:151:3955)
	at h.dispose (/usr/share/code/resources/app/out/vs/workbench/api/node/extensionHostProcess.js:151:4052)
	at h.<anonymous> (/usr/share/code/resources/app/extensions/git/dist/main.js:2:947395)
	at h.dispose (/usr/share/code/resources/app/out/vs/workbench/api/node/extensionHostProcess.js:151:4052)
	at a (/usr/share/code/resources/app/out/vs/workbench/api/node/extensionHostProcess.js:30:744)
	at f.eb (/usr/share/code/resources/app/out/vs/workbench/api/node/extensionHostProcess.js:159:9975)
	at /usr/share/code/resources/app/out/vs/workbench/api/node/extensionHostProcess.js:159:7824
	at Array.map (<anonymous>)
	at f.$ (/usr/share/code/resources/app/out/vs/workbench/api/node/extensionHostProcess.js:159:7811)
	at f.terminate (/usr/share/code/resources/app/out/vs/workbench/api/node/extensionHostProcess.js:159:8085)
	at a.terminate (/usr/share/code/resources/app/out/vs/workbench/api/node/extensionHostProcess.js:163:1513)
	at t (/usr/share/code/resources/app/out/vs/workbench/api/node/extensionHostProcess.js:176:9922)
	at MessagePortMain.<anonymous> (/usr/share/code/resources/app/out/vs/workbench/api/node/extensionHostProcess.js:176:6347)
	at MessagePortMain.emit (node:events:517:28)
	at MessagePortMain._internalPort.emit (node:electron/js2c/utility_init:2:2285) setContext undefined
2025-02-10 06:48:57.644 [info] Extension host with pid 23122 exiting with code 0
2025-02-10 06:49:00.101 [info] Extension host with pid 23471 started
2025-02-10 06:49:00.101 [info] Skipping acquiring lock for /mnt/hdd/HDD(lost+found)/instant_chef_project/recipe_filter/~/vscode-safe-mode/User/workspaceStorage/a0d5a9bd783f66277f165b5fbefe1039.
2025-02-10 06:49:00.483 [info] ExtensionService#_doActivateExtension vscode.emmet, startup: false, activationEvent: 'onLanguage'
2025-02-10 06:49:00.501 [info] ExtensionService#_doActivateExtension vscode.typescript-language-features, startup: false, activationEvent: 'onLanguage:javascript'
2025-02-10 06:49:01.568 [info] ExtensionService#_doActivateExtension vscode.git-base, startup: true, activationEvent: '*', root cause: vscode.git
2025-02-10 06:49:01.573 [info] ExtensionService#_doActivateExtension vscode.npm, startup: true, activationEvent: 'workspaceContains:package.json'
2025-02-10 06:49:01.772 [info] ExtensionService#_doActivateExtension vscode.git, startup: true, activationEvent: '*'
2025-02-10 06:49:01.862 [info] ExtensionService#_doActivateExtension vscode.github, startup: true, activationEvent: '*'
2025-02-10 06:49:02.114 [info] Eager extensions activated
2025-02-10 06:49:02.229 [info] ExtensionService#_doActivateExtension vscode.debug-auto-launch, startup: false, activationEvent: 'onStartupFinished'
2025-02-10 06:49:02.239 [info] ExtensionService#_doActivateExtension vscode.merge-conflict, startup: false, activationEvent: 'onStartupFinished'
2025-02-10 06:49:06.840 [info] ExtensionService#_doActivateExtension vscode.github-authentication, startup: false, activationEvent: 'onAuthenticationRequest:github'
2025-02-10 06:49:23.997 [info] Extension host terminating: renderer closed the MessagePort
2025-02-10 06:49:24.065 [error] Canceled: Canceled
	at new O (/usr/share/code/resources/app/out/vs/workbench/api/node/extensionHostProcess.js:143:47131)
	at c.U (/usr/share/code/resources/app/out/vs/workbench/api/node/extensionHostProcess.js:150:5542)
	at F.<computed>.z.charCodeAt.F.<computed> (/usr/share/code/resources/app/out/vs/workbench/api/node/extensionHostProcess.js:150:2993)
	at r.g (/usr/share/code/resources/app/out/vs/workbench/api/node/extensionHostProcess.js:153:188926)
	at r.executeCommand (/usr/share/code/resources/app/out/vs/workbench/api/node/extensionHostProcess.js:153:188364)
	at k.registerCommand.description (/usr/share/code/resources/app/out/vs/workbench/api/node/extensionHostProcess.js:153:187688)
	at r.h (/usr/share/code/resources/app/out/vs/workbench/api/node/extensionHostProcess.js:153:189465)
	at r.g (/usr/share/code/resources/app/out/vs/workbench/api/node/extensionHostProcess.js:153:188457)
	at r.executeCommand (/usr/share/code/resources/app/out/vs/workbench/api/node/extensionHostProcess.js:153:188364)
	at Object.executeCommand (/usr/share/code/resources/app/out/vs/workbench/api/node/extensionHostProcess.js:163:22673)
	at a.O [as value] (/usr/share/code/resources/app/extensions/git/dist/main.js:2:945138)
	at o.y (/usr/share/code/resources/app/out/vs/workbench/api/node/extensionHostProcess.js:82:660)
	at o.z (/usr/share/code/resources/app/out/vs/workbench/api/node/extensionHostProcess.js:82:730)
	at o.fire (/usr/share/code/resources/app/out/vs/workbench/api/node/extensionHostProcess.js:82:946)
	at Object.p [as dispose] (/usr/share/code/resources/app/extensions/git/dist/main.js:2:964222)
	at /usr/share/code/resources/app/extensions/git/dist/main.js:2:970260
	at Array.forEach (<anonymous>)
	at f.dispose (/usr/share/code/resources/app/extensions/git/dist/main.js:2:970246)
	at h.<anonymous> (/usr/share/code/resources/app/out/vs/workbench/api/node/extensionHostProcess.js:151:3955)
	at h.dispose (/usr/share/code/resources/app/out/vs/workbench/api/node/extensionHostProcess.js:151:4052)
	at h.<anonymous> (/usr/share/code/resources/app/extensions/git/dist/main.js:2:947395)
	at h.dispose (/usr/share/code/resources/app/out/vs/workbench/api/node/extensionHostProcess.js:151:4052)
	at a (/usr/share/code/resources/app/out/vs/workbench/api/node/extensionHostProcess.js:30:744)
	at f.eb (/usr/share/code/resources/app/out/vs/workbench/api/node/extensionHostProcess.js:159:9975)
	at /usr/share/code/resources/app/out/vs/workbench/api/node/extensionHostProcess.js:159:7824
	at Array.map (<anonymous>)
	at f.$ (/usr/share/code/resources/app/out/vs/workbench/api/node/extensionHostProcess.js:159:7811)
	at f.terminate (/usr/share/code/resources/app/out/vs/workbench/api/node/extensionHostProcess.js:159:8085)
	at a.terminate (/usr/share/code/resources/app/out/vs/workbench/api/node/extensionHostProcess.js:163:1513)
	at t (/usr/share/code/resources/app/out/vs/workbench/api/node/extensionHostProcess.js:176:9922)
	at MessagePortMain.<anonymous> (/usr/share/code/resources/app/out/vs/workbench/api/node/extensionHostProcess.js:176:6347)
	at MessagePortMain.emit (node:events:517:28)
	at MessagePortMain._internalPort.emit (node:electron/js2c/utility_init:2:2285) setContext undefined
2025-02-10 06:49:24.067 [error] Canceled: Canceled
	at new O (/usr/share/code/resources/app/out/vs/workbench/api/node/extensionHostProcess.js:143:47131)
	at c.U (/usr/share/code/resources/app/out/vs/workbench/api/node/extensionHostProcess.js:150:5542)
	at F.<computed>.z.charCodeAt.F.<computed> (/usr/share/code/resources/app/out/vs/workbench/api/node/extensionHostProcess.js:150:2993)
	at r.g (/usr/share/code/resources/app/out/vs/workbench/api/node/extensionHostProcess.js:153:188926)
	at r.executeCommand (/usr/share/code/resources/app/out/vs/workbench/api/node/extensionHostProcess.js:153:188364)
	at k.registerCommand.description (/usr/share/code/resources/app/out/vs/workbench/api/node/extensionHostProcess.js:153:187688)
	at r.h (/usr/share/code/resources/app/out/vs/workbench/api/node/extensionHostProcess.js:153:189465)
	at r.g (/usr/share/code/resources/app/out/vs/workbench/api/node/extensionHostProcess.js:153:188457)
	at r.executeCommand (/usr/share/code/resources/app/out/vs/workbench/api/node/extensionHostProcess.js:153:188364)
	at Object.executeCommand (/usr/share/code/resources/app/out/vs/workbench/api/node/extensionHostProcess.js:163:22673)
	at set hasGitHubRepositories [as hasGitHubRepositories] (/usr/share/code/resources/app/extensions/github/dist/extension.js:2:322969)
	at /usr/share/code/resources/app/extensions/github/dist/extension.js:2:323928
	at a.value (/usr/share/code/resources/app/extensions/git/dist/main.js:2:1050711)
	at o.y (/usr/share/code/resources/app/out/vs/workbench/api/node/extensionHostProcess.js:82:660)
	at o.z (/usr/share/code/resources/app/out/vs/workbench/api/node/extensionHostProcess.js:82:730)
	at o.fire (/usr/share/code/resources/app/out/vs/workbench/api/node/extensionHostProcess.js:82:946)
	at Object.p [as dispose] (/usr/share/code/resources/app/extensions/git/dist/main.js:2:964222)
	at /usr/share/code/resources/app/extensions/git/dist/main.js:2:970260
	at Array.forEach (<anonymous>)
	at f.dispose (/usr/share/code/resources/app/extensions/git/dist/main.js:2:970246)
	at h.<anonymous> (/usr/share/code/resources/app/out/vs/workbench/api/node/extensionHostProcess.js:151:3955)
	at h.dispose (/usr/share/code/resources/app/out/vs/workbench/api/node/extensionHostProcess.js:151:4052)
	at h.<anonymous> (/usr/share/code/resources/app/extensions/git/dist/main.js:2:947395)
	at h.dispose (/usr/share/code/resources/app/out/vs/workbench/api/node/extensionHostProcess.js:151:4052)
	at a (/usr/share/code/resources/app/out/vs/workbench/api/node/extensionHostProcess.js:30:744)
	at f.eb (/usr/share/code/resources/app/out/vs/workbench/api/node/extensionHostProcess.js:159:9975)
	at /usr/share/code/resources/app/out/vs/workbench/api/node/extensionHostProcess.js:159:7824
	at Array.map (<anonymous>)
	at f.$ (/usr/share/code/resources/app/out/vs/workbench/api/node/extensionHostProcess.js:159:7811)
	at f.terminate (/usr/share/code/resources/app/out/vs/workbench/api/node/extensionHostProcess.js:159:8085)
	at a.terminate (/usr/share/code/resources/app/out/vs/workbench/api/node/extensionHostProcess.js:163:1513)
	at t (/usr/share/code/resources/app/out/vs/workbench/api/node/extensionHostProcess.js:176:9922)
	at MessagePortMain.<anonymous> (/usr/share/code/resources/app/out/vs/workbench/api/node/extensionHostProcess.js:176:6347)
	at MessagePortMain.emit (node:events:517:28)
	at MessagePortMain._internalPort.emit (node:electron/js2c/utility_init:2:2285) setContext undefined
2025-02-10 06:49:24.068 [info] Extension host with pid 23471 exiting with code 0
2025-02-10 06:49:26.178 [info] Extension host with pid 23837 started
2025-02-10 06:49:26.178 [info] Skipping acquiring lock for /mnt/hdd/HDD(lost+found)/instant_chef_project/recipe_filter/~/vscode-safe-mode/User/workspaceStorage/a0d5a9bd783f66277f165b5fbefe1039.
2025-02-10 06:49:26.534 [info] ExtensionService#_doActivateExtension vscode.emmet, startup: false, activationEvent: 'onLanguage'
2025-02-10 06:49:26.557 [info] ExtensionService#_doActivateExtension vscode.typescript-language-features, startup: false, activationEvent: 'onLanguage:javascript'
2025-02-10 06:49:27.533 [info] ExtensionService#_doActivateExtension vscode.git-base, startup: true, activationEvent: '*', root cause: vscode.git
2025-02-10 06:49:27.541 [info] ExtensionService#_doActivateExtension dotenv.dotenv-vscode, startup: true, activationEvent: '*'
2025-02-10 06:49:27.800 [info] ExtensionService#_doActivateExtension mcright.auto-save, startup: true, activationEvent: '*'
2025-02-10 06:49:27.845 [info] ExtensionService#_doActivateExtension vscode.npm, startup: true, activationEvent: 'workspaceContains:package.json'
2025-02-10 06:49:28.303 [info] ExtensionService#_doActivateExtension vscode.git, startup: true, activationEvent: '*'
2025-02-10 06:49:28.352 [info] ExtensionService#_doActivateExtension vscode.github, startup: true, activationEvent: '*'
2025-02-10 06:49:29.188 [info] ExtensionService#_doActivateExtension vscode.json-language-features, startup: false, activationEvent: 'onLanguage:jsonc'
2025-02-10 06:49:30.162 [info] Eager extensions activated
2025-02-10 06:49:30.362 [info] ExtensionService#_doActivateExtension vscode.github-authentication, startup: false, activationEvent: 'onAuthenticationRequest:github'
2025-02-10 06:49:30.648 [info] ExtensionService#_doActivateExtension vscode.debug-auto-launch, startup: false, activationEvent: 'onStartupFinished'
2025-02-10 06:49:30.661 [info] ExtensionService#_doActivateExtension vscode.merge-conflict, startup: false, activationEvent: 'onStartupFinished'
2025-02-10 06:49:30.713 [info] ExtensionService#_doActivateExtension bradlc.vscode-tailwindcss, startup: false, activationEvent: 'onStartupFinished'
2025-02-10 06:49:31.123 [info] ExtensionService#_doActivateExtension ritwickdey.LiveServer, startup: false, activationEvent: 'onStartupFinished'
2025-02-10 07:09:37.601 [warning] [Decorations] CAPPING events from decorations provider vscode.git 1260
2025-02-10 07:09:48.618 [warning] [Decorations] CAPPING events from decorations provider vscode.git 1260
2025-02-10 07:09:53.739 [warning] [Decorations] CAPPING events from decorations provider vscode.git 1260
2025-02-10 07:09:58.874 [warning] [Decorations] CAPPING events from decorations provider vscode.git 1261
2025-02-10 07:10:03.994 [warning] [Decorations] CAPPING events from decorations provider vscode.git 1261
2025-02-10 07:10:09.114 [warning] [Decorations] CAPPING events from decorations provider vscode.git 1260
2025-02-10 07:10:14.233 [warning] [Decorations] CAPPING events from decorations provider vscode.git 1262
2025-02-10 07:10:19.343 [warning] [Decorations] CAPPING events from decorations provider vscode.git 1263
2025-02-10 07:10:24.455 [warning] [Decorations] CAPPING events from decorations provider vscode.git 1262
2025-02-10 07:10:29.562 [warning] [Decorations] CAPPING events from decorations provider vscode.git 1262
2025-02-10 07:10:34.678 [warning] [Decorations] CAPPING events from decorations provider vscode.git 1262
2025-02-10 07:10:39.832 [warning] [Decorations] CAPPING events from decorations provider vscode.git 1262
2025-02-10 07:10:44.935 [warning] [Decorations] CAPPING events from decorations provider vscode.git 1262
2025-02-10 07:10:50.048 [warning] [Decorations] CAPPING events from decorations provider vscode.git 1262
2025-02-10 07:10:55.164 [warning] [Decorations] CAPPING events from decorations provider vscode.git 1262
2025-02-10 07:11:00.288 [warning] [Decorations] CAPPING events from decorations provider vscode.git 1263
2025-02-10 07:11:05.391 [warning] [Decorations] CAPPING events from decorations provider vscode.git 1265
2025-02-10 07:11:10.502 [warning] [Decorations] CAPPING events from decorations provider vscode.git 1265
2025-02-10 07:11:15.617 [warning] [Decorations] CAPPING events from decorations provider vscode.git 1264
2025-02-10 07:11:34.342 [warning] [Decorations] CAPPING events from decorations provider vscode.git 1269
2025-02-10 07:11:39.454 [warning] [Decorations] CAPPING events from decorations provider vscode.git 1268
2025-02-10 07:11:44.580 [warning] [Decorations] CAPPING events from decorations provider vscode.git 1268
2025-02-10 07:11:49.708 [warning] [Decorations] CAPPING events from decorations provider vscode.git 1268
2025-02-10 07:12:21.944 [warning] [Decorations] CAPPING events from decorations provider vscode.git 1269
2025-02-10 07:12:27.069 [warning] [Decorations] CAPPING events from decorations provider vscode.git 1270
2025-02-10 07:12:32.187 [warning] [Decorations] CAPPING events from decorations provider vscode.git 1270
2025-02-10 07:12:37.306 [warning] [Decorations] CAPPING events from decorations provider vscode.git 1270
2025-02-10 07:12:42.414 [warning] [Decorations] CAPPING events from decorations provider vscode.git 1270
2025-02-10 07:12:47.533 [warning] [Decorations] CAPPING events from decorations provider vscode.git 1270
2025-02-10 07:12:52.649 [warning] [Decorations] CAPPING events from decorations provider vscode.git 1270
2025-02-10 07:12:57.758 [warning] [Decorations] CAPPING events from decorations provider vscode.git 1270
2025-02-10 07:13:02.869 [warning] [Decorations] CAPPING events from decorations provider vscode.git 1270
2025-02-10 07:13:07.988 [warning] [Decorations] CAPPING events from decorations provider vscode.git 1270
2025-02-10 07:14:19.907 [warning] [Decorations] CAPPING events from decorations provider vscode.git 1271
2025-02-10 07:14:25.027 [warning] [Decorations] CAPPING events from decorations provider vscode.git 1270
2025-02-10 07:16:26.055 [warning] [Decorations] CAPPING events from decorations provider vscode.git 1270
2025-02-10 07:16:31.186 [warning] [Decorations] CAPPING events from decorations provider vscode.git 1270
2025-02-10 07:16:41.920 [warning] [Decorations] CAPPING events from decorations provider vscode.git 1270
2025-02-10 07:16:47.056 [warning] [Decorations] CAPPING events from decorations provider vscode.git 1270
2025-02-10 07:16:52.168 [warning] [Decorations] CAPPING events from decorations provider vscode.git 1271
2025-02-10 07:18:58.003 [warning] [Decorations] CAPPING events from decorations provider vscode.git 1273
2025-02-10 07:19:03.145 [warning] [Decorations] CAPPING events from decorations provider vscode.git 1272
2025-02-10 07:20:37.360 [warning] [Decorations] CAPPING events from decorations provider vscode.git 1272
2025-02-10 07:20:42.491 [warning] [Decorations] CAPPING events from decorations provider vscode.git 1272
2025-02-10 07:20:47.603 [warning] [Decorations] CAPPING events from decorations provider vscode.git 1275
2025-02-10 07:20:52.716 [warning] [Decorations] CAPPING events from decorations provider vscode.git 1275
2025-02-10 07:20:57.839 [warning] [Decorations] CAPPING events from decorations provider vscode.git 1274
2025-02-10 07:21:02.949 [warning] [Decorations] CAPPING events from decorations provider vscode.git 1275
2025-02-10 07:21:08.058 [warning] [Decorations] CAPPING events from decorations provider vscode.git 1275
2025-02-10 07:21:13.168 [warning] [Decorations] CAPPING events from decorations provider vscode.git 1275
2025-02-10 07:21:18.271 [warning] [Decorations] CAPPING events from decorations provider vscode.git 1275
2025-02-10 07:21:23.378 [warning] [Decorations] CAPPING events from decorations provider vscode.git 1275
2025-02-10 07:21:28.511 [warning] [Decorations] CAPPING events from decorations provider vscode.git 1275
2025-02-10 07:21:33.620 [warning] [Decorations] CAPPING events from decorations provider vscode.git 1275
2025-02-10 07:21:38.736 [warning] [Decorations] CAPPING events from decorations provider vscode.git 1275
2025-02-10 07:21:43.865 [warning] [Decorations] CAPPING events from decorations provider vscode.git 1275
2025-02-10 07:21:48.995 [warning] [Decorations] CAPPING events from decorations provider vscode.git 1275
2025-02-10 07:21:54.115 [warning] [Decorations] CAPPING events from decorations provider vscode.git 1275
2025-02-10 07:21:59.234 [warning] [Decorations] CAPPING events from decorations provider vscode.git 1275
2025-02-10 07:22:04.349 [warning] [Decorations] CAPPING events from decorations provider vscode.git 1275
2025-02-10 07:22:09.529 [warning] [Decorations] CAPPING events from decorations provider vscode.git 1275
2025-02-10 07:22:14.648 [warning] [Decorations] CAPPING events from decorations provider vscode.git 1275
2025-02-10 07:22:19.755 [warning] [Decorations] CAPPING events from decorations provider vscode.git 1275
2025-02-10 07:22:24.879 [warning] [Decorations] CAPPING events from decorations provider vscode.git 1275
2025-02-10 07:22:29.979 [warning] [Decorations] CAPPING events from decorations provider vscode.git 1275
2025-02-10 07:22:35.091 [warning] [Decorations] CAPPING events from decorations provider vscode.git 1275
2025-02-10 07:22:40.226 [warning] [Decorations] CAPPING events from decorations provider vscode.git 1275
2025-02-10 07:22:45.347 [warning] [Decorations] CAPPING events from decorations provider vscode.git 1275
2025-02-10 07:22:50.469 [warning] [Decorations] CAPPING events from decorations provider vscode.git 1275
2025-02-10 07:27:20.926 [warning] [Decorations] CAPPING events from decorations provider vscode.git 1276
2025-02-10 07:27:26.062 [warning] [Decorations] CAPPING events from decorations provider vscode.git 1274
2025-02-10 07:27:31.194 [warning] [Decorations] CAPPING events from decorations provider vscode.git 1274
2025-02-10 07:27:36.322 [warning] [Decorations] CAPPING events from decorations provider vscode.git 1274
2025-02-10 07:27:41.453 [warning] [Decorations] CAPPING events from decorations provider vscode.git 1274
2025-02-10 07:27:46.581 [warning] [Decorations] CAPPING events from decorations provider vscode.git 1274
2025-02-10 07:27:51.707 [warning] [Decorations] CAPPING events from decorations provider vscode.git 1274
2025-02-10 07:27:56.844 [warning] [Decorations] CAPPING events from decorations provider vscode.git 1274
2025-02-10 07:28:01.958 [warning] [Decorations] CAPPING events from decorations provider vscode.git 1275
2025-02-10 07:28:07.068 [warning] [Decorations] CAPPING events from decorations provider vscode.git 1275
2025-02-10 07:28:12.191 [warning] [Decorations] CAPPING events from decorations provider vscode.git 1275
2025-02-10 07:28:17.320 [warning] [Decorations] CAPPING events from decorations provider vscode.git 1275
2025-02-10 07:28:22.453 [warning] [Decorations] CAPPING events from decorations provider vscode.git 1276
2025-02-10 07:28:27.585 [warning] [Decorations] CAPPING events from decorations provider vscode.git 1276
2025-02-10 07:28:44.037 [warning] [Decorations] CAPPING events from decorations provider vscode.git 1277
2025-02-10 07:28:49.171 [warning] [Decorations] CAPPING events from decorations provider vscode.git 1276
2025-02-10 07:28:54.300 [warning] [Decorations] CAPPING events from decorations provider vscode.git 1277
2025-02-10 07:28:59.416 [warning] [Decorations] CAPPING events from decorations provider vscode.git 1277
2025-02-10 07:29:04.536 [warning] [Decorations] CAPPING events from decorations provider vscode.git 1277
2025-02-10 07:29:09.636 [warning] [Decorations] CAPPING events from decorations provider vscode.git 1278
2025-02-10 07:29:42.099 [warning] [Decorations] CAPPING events from decorations provider vscode.git 1277
2025-02-10 07:29:44.502 [info] ExtensionService#_doActivateExtension vscode.extension-editing, startup: false, activationEvent: 'onLanguage:json'
2025-02-10 07:29:47.222 [warning] [Decorations] CAPPING events from decorations provider vscode.git 1277
2025-02-10 07:29:52.354 [warning] [Decorations] CAPPING events from decorations provider vscode.git 1277
2025-02-10 07:30:13.466 [warning] [Decorations] CAPPING events from decorations provider vscode.git 1277
2025-02-10 07:30:18.631 [warning] [Decorations] CAPPING events from decorations provider vscode.git 1277
2025-02-10 07:34:40.675 [warning] [Decorations] CAPPING events from decorations provider vscode.git 1277
2025-02-10 07:35:48.819 [warning] [Decorations] CAPPING events from decorations provider vscode.git 1300
2025-02-10 07:41:29.167 [warning] [Decorations] CAPPING events from decorations provider vscode.git 1299
2025-02-10 07:41:34.304 [warning] [Decorations] CAPPING events from decorations provider vscode.git 1298
2025-02-10 07:41:39.431 [warning] [Decorations] CAPPING events from decorations provider vscode.git 1298
2025-02-10 07:41:44.550 [warning] [Decorations] CAPPING events from decorations provider vscode.git 1299
2025-02-10 07:41:49.677 [warning] [Decorations] CAPPING events from decorations provider vscode.git 1300
2025-02-10 07:41:54.849 [warning] [Decorations] CAPPING events from decorations provider vscode.git 1299
2025-02-10 07:48:48.954 [warning] [Decorations] CAPPING events from decorations provider vscode.git 1299
2025-02-10 07:48:54.103 [warning] [Decorations] CAPPING events from decorations provider vscode.git 1299
2025-02-10 07:53:16.902 [warning] [Decorations] CAPPING events from decorations provider vscode.git 1299
2025-02-10 07:53:22.033 [warning] [Decorations] CAPPING events from decorations provider vscode.git 1299
2025-02-10 07:53:27.160 [warning] [Decorations] CAPPING events from decorations provider vscode.git 1299
2025-02-10 07:53:32.288 [warning] [Decorations] CAPPING events from decorations provider vscode.git 1299
2025-02-10 16:54:53.327 [warning] [Decorations] CAPPING events from decorations provider vscode.git 1299
2025-02-10 16:54:53.972 [info] Extension host terminating: renderer closed the MessagePort
2025-02-10 16:54:54.107 [error] Canceled: Canceled
	at new O (/usr/share/code/resources/app/out/vs/workbench/api/node/extensionHostProcess.js:143:47131)
	at c.U (/usr/share/code/resources/app/out/vs/workbench/api/node/extensionHostProcess.js:150:5542)
	at F.<computed>.z.charCodeAt.F.<computed> (/usr/share/code/resources/app/out/vs/workbench/api/node/extensionHostProcess.js:150:2993)
	at r.g (/usr/share/code/resources/app/out/vs/workbench/api/node/extensionHostProcess.js:153:188926)
	at r.executeCommand (/usr/share/code/resources/app/out/vs/workbench/api/node/extensionHostProcess.js:153:188364)
	at k.registerCommand.description (/usr/share/code/resources/app/out/vs/workbench/api/node/extensionHostProcess.js:153:187688)
	at r.h (/usr/share/code/resources/app/out/vs/workbench/api/node/extensionHostProcess.js:153:189465)
	at r.g (/usr/share/code/resources/app/out/vs/workbench/api/node/extensionHostProcess.js:153:188457)
	at r.executeCommand (/usr/share/code/resources/app/out/vs/workbench/api/node/extensionHostProcess.js:153:188364)
	at Object.executeCommand (/usr/share/code/resources/app/out/vs/workbench/api/node/extensionHostProcess.js:163:22673)
	at a.O [as value] (/usr/share/code/resources/app/extensions/git/dist/main.js:2:945138)
	at o.y (/usr/share/code/resources/app/out/vs/workbench/api/node/extensionHostProcess.js:82:660)
	at o.z (/usr/share/code/resources/app/out/vs/workbench/api/node/extensionHostProcess.js:82:730)
	at o.fire (/usr/share/code/resources/app/out/vs/workbench/api/node/extensionHostProcess.js:82:946)
	at Object.p [as dispose] (/usr/share/code/resources/app/extensions/git/dist/main.js:2:964222)
	at /usr/share/code/resources/app/extensions/git/dist/main.js:2:970260
	at Array.forEach (<anonymous>)
	at f.dispose (/usr/share/code/resources/app/extensions/git/dist/main.js:2:970246)
	at h.<anonymous> (/usr/share/code/resources/app/out/vs/workbench/api/node/extensionHostProcess.js:151:3955)
	at h.dispose (/usr/share/code/resources/app/out/vs/workbench/api/node/extensionHostProcess.js:151:4052)
	at h.<anonymous> (/usr/share/code/resources/app/extensions/git/dist/main.js:2:947395)
	at h.dispose (/usr/share/code/resources/app/out/vs/workbench/api/node/extensionHostProcess.js:151:4052)
	at a (/usr/share/code/resources/app/out/vs/workbench/api/node/extensionHostProcess.js:30:744)
	at f.eb (/usr/share/code/resources/app/out/vs/workbench/api/node/extensionHostProcess.js:159:9975)
	at /usr/share/code/resources/app/out/vs/workbench/api/node/extensionHostProcess.js:159:7824
	at Array.map (<anonymous>)
	at f.$ (/usr/share/code/resources/app/out/vs/workbench/api/node/extensionHostProcess.js:159:7811)
	at f.terminate (/usr/share/code/resources/app/out/vs/workbench/api/node/extensionHostProcess.js:159:8085)
	at a.terminate (/usr/share/code/resources/app/out/vs/workbench/api/node/extensionHostProcess.js:163:1513)
	at t (/usr/share/code/resources/app/out/vs/workbench/api/node/extensionHostProcess.js:176:9922)
	at MessagePortMain.<anonymous> (/usr/share/code/resources/app/out/vs/workbench/api/node/extensionHostProcess.js:176:6347)
	at MessagePortMain.emit (node:events:517:28)
	at MessagePortMain._internalPort.emit (node:electron/js2c/utility_init:2:2285) setContext undefined
2025-02-10 16:54:54.109 [error] Canceled: Canceled
	at new O (/usr/share/code/resources/app/out/vs/workbench/api/node/extensionHostProcess.js:143:47131)
	at c.U (/usr/share/code/resources/app/out/vs/workbench/api/node/extensionHostProcess.js:150:5542)
	at F.<computed>.z.charCodeAt.F.<computed> (/usr/share/code/resources/app/out/vs/workbench/api/node/extensionHostProcess.js:150:2993)
	at r.g (/usr/share/code/resources/app/out/vs/workbench/api/node/extensionHostProcess.js:153:188926)
	at r.executeCommand (/usr/share/code/resources/app/out/vs/workbench/api/node/extensionHostProcess.js:153:188364)
	at k.registerCommand.description (/usr/share/code/resources/app/out/vs/workbench/api/node/extensionHostProcess.js:153:187688)
	at r.h (/usr/share/code/resources/app/out/vs/workbench/api/node/extensionHostProcess.js:153:189465)
	at r.g (/usr/share/code/resources/app/out/vs/workbench/api/node/extensionHostProcess.js:153:188457)
	at r.executeCommand (/usr/share/code/resources/app/out/vs/workbench/api/node/extensionHostProcess.js:153:188364)
	at Object.executeCommand (/usr/share/code/resources/app/out/vs/workbench/api/node/extensionHostProcess.js:163:22673)
	at set hasGitHubRepositories [as hasGitHubRepositories] (/usr/share/code/resources/app/extensions/github/dist/extension.js:2:322969)
	at /usr/share/code/resources/app/extensions/github/dist/extension.js:2:323928
	at a.value (/usr/share/code/resources/app/extensions/git/dist/main.js:2:1050711)
	at o.y (/usr/share/code/resources/app/out/vs/workbench/api/node/extensionHostProcess.js:82:660)
	at o.z (/usr/share/code/resources/app/out/vs/workbench/api/node/extensionHostProcess.js:82:730)
	at o.fire (/usr/share/code/resources/app/out/vs/workbench/api/node/extensionHostProcess.js:82:946)
	at Object.p [as dispose] (/usr/share/code/resources/app/extensions/git/dist/main.js:2:964222)
	at /usr/share/code/resources/app/extensions/git/dist/main.js:2:970260
	at Array.forEach (<anonymous>)
	at f.dispose (/usr/share/code/resources/app/extensions/git/dist/main.js:2:970246)
	at h.<anonymous> (/usr/share/code/resources/app/out/vs/workbench/api/node/extensionHostProcess.js:151:3955)
	at h.dispose (/usr/share/code/resources/app/out/vs/workbench/api/node/extensionHostProcess.js:151:4052)
	at h.<anonymous> (/usr/share/code/resources/app/extensions/git/dist/main.js:2:947395)
	at h.dispose (/usr/share/code/resources/app/out/vs/workbench/api/node/extensionHostProcess.js:151:4052)
	at a (/usr/share/code/resources/app/out/vs/workbench/api/node/extensionHostProcess.js:30:744)
	at f.eb (/usr/share/code/resources/app/out/vs/workbench/api/node/extensionHostProcess.js:159:9975)
	at /usr/share/code/resources/app/out/vs/workbench/api/node/extensionHostProcess.js:159:7824
	at Array.map (<anonymous>)
	at f.$ (/usr/share/code/resources/app/out/vs/workbench/api/node/extensionHostProcess.js:159:7811)
	at f.terminate (/usr/share/code/resources/app/out/vs/workbench/api/node/extensionHostProcess.js:159:8085)
	at a.terminate (/usr/share/code/resources/app/out/vs/workbench/api/node/extensionHostProcess.js:163:1513)
	at t (/usr/share/code/resources/app/out/vs/workbench/api/node/extensionHostProcess.js:176:9922)
	at MessagePortMain.<anonymous> (/usr/share/code/resources/app/out/vs/workbench/api/node/extensionHostProcess.js:176:6347)
	at MessagePortMain.emit (node:events:517:28)
	at MessagePortMain._internalPort.emit (node:electron/js2c/utility_init:2:2285) setContext undefined
2025-02-10 16:54:54.111 [info] Extension host with pid 23837 exiting with code 0
