2024-12-21 11:15:49.702 [info] Added views:workbench.panel.markers.view in workbench.panel.markers
2024-12-21 11:15:49.702 [info] Added views:workbench.panel.output in workbench.panel.output
2024-12-21 11:15:49.702 [info] Added views:terminal in terminal
2024-12-21 11:15:49.702 [info] Added views:outline in workbench.view.explorer
2024-12-21 11:15:49.702 [info] Added views:workbench.scm in workbench.view.scm
2024-12-21 11:15:49.702 [info] Added views:workbench.view.search in workbench.view.search
2024-12-21 11:15:49.702 [info] Added views:timeline in workbench.view.explorer
2024-12-21 11:15:49.702 [info] Added views:workbench.explorer.fileView in workbench.view.explorer
2024-12-21 11:15:50.691 [info] Added views:workbench.debug.welcome in workbench.view.debug
2024-12-21 11:15:52.778 [info] Added views:workbench.panel.repl.view in workbench.panel.repl
2024-12-21 11:15:56.141 [info] Added views:~remote.forwardedPorts in ~remote.forwardedPortsContainer
2024-12-21 11:20:21.060 [info] Added views:workbench.panel.markers.view in workbench.panel.markers
2024-12-21 11:20:21.060 [info] Added views:workbench.panel.output in workbench.panel.output
2024-12-21 11:20:21.060 [info] Added views:terminal in terminal
2024-12-21 11:20:21.060 [info] Added views:outline in workbench.view.explorer
2024-12-21 11:20:21.060 [info] Added views:workbench.scm in workbench.view.scm
2024-12-21 11:20:21.060 [info] Added views:workbench.view.search in workbench.view.search
2024-12-21 11:20:21.060 [info] Added views:timeline in workbench.view.explorer
2024-12-21 11:20:21.060 [info] Added views:workbench.explorer.fileView in workbench.view.explorer
2024-12-21 11:20:21.515 [info] Added views:workbench.debug.welcome in workbench.view.debug
2024-12-21 11:20:23.112 [info] Added views:dotenv.view.vault in workbench.view.extension.dotenv
2024-12-21 11:20:23.571 [info] Added views:workbench.panel.repl.view in workbench.panel.repl
2024-12-21 11:20:26.578 [info] Added views:~remote.forwardedPorts in ~remote.forwardedPortsContainer
