2025-03-10 10:40:18.099 [info] Started local extension host with pid 4304.
2025-03-10 10:40:19.060 [error] [/home/maskura/.vscode/extensions/ms-python.python-2024.16.1-linux-x64]: Extension is not compatible with Code 1.89.1. Extension requires: ^1.94.0-20240918.
2025-03-10 10:40:19.065 [error] [/home/maskura/.vscode/extensions/ms-python.vscode-pylance-2024.10.1]: Extension is not compatible with Code 1.89.1. Extension requires: ^1.91.0.
2025-03-10 10:40:19.069 [error] [/home/maskura/.vscode/extensions/ms-python.python-2024.18.0-linux-x64]: Extension is not compatible with Code 1.89.1. Extension requires: ^1.94.0-20240918.
2025-03-10 10:40:19.071 [error] [/home/maskura/.vscode/extensions/ms-python.debugpy-2024.12.0-linux-x64]: Extension is not compatible with Code 1.89.1. Extension requires: ^1.92.0.
2025-03-10 10:40:19.072 [error] [/home/maskura/.vscode/extensions/ms-python.python-2024.20.0-linux-x64]: Extension is not compatible with Code 1.89.1. Extension requires: ^1.94.0-20240918.
2025-03-10 10:40:19.076 [error] [/home/maskura/.vscode/extensions/ms-python.python-2024.18.1-linux-x64]: Extension is not compatible with Code 1.89.1. Extension requires: ^1.94.0-20240918.
2025-03-10 10:40:19.084 [error] [/home/maskura/.vscode/extensions/ms-python.vscode-pylance-2024.11.3]: Extension is not compatible with Code 1.89.1. Extension requires: ^1.91.0.
2025-03-10 10:40:19.085 [error] [/home/maskura/.vscode/extensions/ms-python.debugpy-2024.14.0-linux-x64]: Extension is not compatible with Code 1.89.1. Extension requires: ^1.92.0.
2025-03-10 10:40:19.087 [error] [/home/maskura/.vscode/extensions/ms-python.vscode-pylance-2024.11.2]: Extension is not compatible with Code 1.89.1. Extension requires: ^1.91.0.
2025-03-10 10:40:19.091 [error] [/home/maskura/.vscode/extensions/ms-python.vscode-pylance-2024.12.1]: Extension is not compatible with Code 1.89.1. Extension requires: ^1.91.0.
2025-03-10 10:40:19.093 [error] [/home/maskura/.vscode/extensions/ms-python.python-2024.22.0-linux-x64]: Extension is not compatible with Code 1.89.1. Extension requires: ^1.94.0-20240918.
2025-03-10 10:40:19.097 [error] [/home/maskura/.vscode/extensions/ms-python.vscode-pylance-2024.11.1]: Extension is not compatible with Code 1.89.1. Extension requires: ^1.91.0.
2025-03-10 10:40:19.106 [error] [/home/maskura/.vscode/extensions/ms-python.python-2024.22.2-linux-x64]: Extension is not compatible with Code 1.89.1. Extension requires: ^1.94.0-20240918.
2025-03-10 10:40:19.107 [error] [/home/maskura/.vscode/extensions/ms-python.debugpy-2025.0.0-linux-x64]: Extension is not compatible with Code 1.89.1. Extension requires: ^1.92.0.
2025-03-10 10:40:19.112 [error] [/home/maskura/.vscode/extensions/ms-python.python-2024.22.1-linux-x64]: Extension is not compatible with Code 1.89.1. Extension requires: ^1.94.0-20240918.
2025-03-10 10:40:19.113 [error] [/home/maskura/.vscode/extensions/ms-python.python-2025.0.0-linux-x64]: Extension is not compatible with Code 1.89.1. Extension requires: ^1.94.0-20240918.
2025-03-10 10:40:19.114 [error] [/home/maskura/.vscode/extensions/ms-python.debugpy-2025.0.1-linux-x64]: Extension is not compatible with Code 1.89.1. Extension requires: ^1.92.0.
2025-03-10 10:40:19.120 [error] [/home/maskura/.vscode/extensions/ms-python.vscode-pylance-2025.2.1]: Extension is not compatible with Code 1.89.1. Extension requires: ^1.91.0.
2025-03-10 10:40:19.122 [error] [/home/maskura/.vscode/extensions/ms-python.debugpy-2025.4.0-linux-x64]: Extension is not compatible with Code 1.89.1. Extension requires: ^1.92.0.
2025-03-10 10:40:19.122 [error] [/home/maskura/.vscode/extensions/ms-python.python-2025.2.0-linux-x64]: Extension is not compatible with Code 1.89.1. Extension requires: ^1.94.0-20240918.
2025-03-10 10:40:19.130 [error] [/home/maskura/.vscode/extensions/ms-python.vscode-pylance-2025.3.1]: Extension is not compatible with Code 1.89.1. Extension requires: ^1.91.0.
2025-03-10 10:40:27.654 [info] Started local extension host with pid 5117.
2025-03-10 10:40:32.184 [error] [/home/maskura/.vscode/extensions/ms-python.python-2024.16.1-linux-x64]: Extension is not compatible with Code 1.89.1. Extension requires: ^1.94.0-20240918.
2025-03-10 10:40:32.187 [error] [/home/maskura/.vscode/extensions/ms-python.vscode-pylance-2024.10.1]: Extension is not compatible with Code 1.89.1. Extension requires: ^1.91.0.
2025-03-10 10:40:32.190 [error] [/home/maskura/.vscode/extensions/ms-python.python-2024.18.0-linux-x64]: Extension is not compatible with Code 1.89.1. Extension requires: ^1.94.0-20240918.
2025-03-10 10:40:32.191 [error] [/home/maskura/.vscode/extensions/ms-python.debugpy-2024.12.0-linux-x64]: Extension is not compatible with Code 1.89.1. Extension requires: ^1.92.0.
2025-03-10 10:40:32.200 [error] [/home/maskura/.vscode/extensions/ms-python.python-2024.18.1-linux-x64]: Extension is not compatible with Code 1.89.1. Extension requires: ^1.94.0-20240918.
2025-03-10 10:40:32.202 [error] [/home/maskura/.vscode/extensions/ms-python.vscode-pylance-2024.11.2]: Extension is not compatible with Code 1.89.1. Extension requires: ^1.91.0.
2025-03-10 10:40:32.204 [error] [/home/maskura/.vscode/extensions/ms-python.vscode-pylance-2024.11.1]: Extension is not compatible with Code 1.89.1. Extension requires: ^1.91.0.
2025-03-10 10:40:32.206 [error] [/home/maskura/.vscode/extensions/ms-python.python-2024.20.0-linux-x64]: Extension is not compatible with Code 1.89.1. Extension requires: ^1.94.0-20240918.
2025-03-10 10:40:32.209 [error] [/home/maskura/.vscode/extensions/ms-python.vscode-pylance-2024.11.3]: Extension is not compatible with Code 1.89.1. Extension requires: ^1.91.0.
2025-03-10 10:40:32.210 [error] [/home/maskura/.vscode/extensions/ms-python.python-2024.22.0-linux-x64]: Extension is not compatible with Code 1.89.1. Extension requires: ^1.94.0-20240918.
2025-03-10 10:40:32.211 [error] [/home/maskura/.vscode/extensions/ms-python.debugpy-2024.14.0-linux-x64]: Extension is not compatible with Code 1.89.1. Extension requires: ^1.92.0.
2025-03-10 10:40:32.245 [error] [/home/maskura/.vscode/extensions/ms-python.python-2024.22.2-linux-x64]: Extension is not compatible with Code 1.89.1. Extension requires: ^1.94.0-20240918.
2025-03-10 10:40:32.247 [error] [/home/maskura/.vscode/extensions/ms-python.python-2024.22.1-linux-x64]: Extension is not compatible with Code 1.89.1. Extension requires: ^1.94.0-20240918.
2025-03-10 10:40:32.249 [error] [/home/maskura/.vscode/extensions/ms-python.debugpy-2025.0.0-linux-x64]: Extension is not compatible with Code 1.89.1. Extension requires: ^1.92.0.
2025-03-10 10:40:32.252 [error] [/home/maskura/.vscode/extensions/ms-python.vscode-pylance-2024.12.1]: Extension is not compatible with Code 1.89.1. Extension requires: ^1.91.0.
2025-03-10 10:40:32.259 [error] [/home/maskura/.vscode/extensions/ms-python.python-2025.0.0-linux-x64]: Extension is not compatible with Code 1.89.1. Extension requires: ^1.94.0-20240918.
2025-03-10 10:40:32.262 [error] [/home/maskura/.vscode/extensions/ms-python.vscode-pylance-2025.2.1]: Extension is not compatible with Code 1.89.1. Extension requires: ^1.91.0.
2025-03-10 10:40:32.263 [error] [/home/maskura/.vscode/extensions/ms-python.debugpy-2025.0.1-linux-x64]: Extension is not compatible with Code 1.89.1. Extension requires: ^1.92.0.
2025-03-10 10:40:32.264 [error] [/home/maskura/.vscode/extensions/ms-python.debugpy-2025.4.0-linux-x64]: Extension is not compatible with Code 1.89.1. Extension requires: ^1.92.0.
2025-03-10 10:40:32.266 [error] [/home/maskura/.vscode/extensions/ms-python.python-2025.2.0-linux-x64]: Extension is not compatible with Code 1.89.1. Extension requires: ^1.94.0-20240918.
2025-03-10 10:40:32.268 [error] [/home/maskura/.vscode/extensions/ms-python.vscode-pylance-2025.3.1]: Extension is not compatible with Code 1.89.1. Extension requires: ^1.91.0.
2025-03-10 10:40:32.545 [error] Cannot read properties of undefined (reading 'accessToken'): TypeError: Cannot read properties of undefined (reading 'accessToken')
    at p.z (vscode-file://vscode-app/usr/share/code/resources/app/out/vs/workbench/workbench.desktop.main.js:1686:21851)
    at p.C (vscode-file://vscode-app/usr/share/code/resources/app/out/vs/workbench/workbench.desktop.main.js:1686:22484)
    at d.value (vscode-file://vscode-app/usr/share/code/resources/app/out/vs/workbench/workbench.desktop.main.js:1686:21653)
2025-03-10 10:40:55.059 [info] [perf] Render performance baseline is 216ms
