2025-03-10 10:40:17.415 [info] Added views:workbench.panel.markers.view in workbench.panel.markers
2025-03-10 10:40:17.415 [info] Added views:workbench.panel.output in workbench.panel.output
2025-03-10 10:40:17.415 [info] Added views:terminal in terminal
2025-03-10 10:40:17.415 [info] Added views:outline in workbench.view.explorer
2025-03-10 10:40:17.415 [info] Added views:workbench.scm in workbench.view.scm
2025-03-10 10:40:17.415 [info] Added views:workbench.view.search in workbench.view.search
2025-03-10 10:40:17.415 [info] Added views:timeline in workbench.view.explorer
2025-03-10 10:40:17.415 [info] Added views:workbench.explorer.fileView in workbench.view.explorer
2025-03-10 10:40:17.892 [info] Added views:workbench.debug.welcome in workbench.view.debug
2025-03-10 10:40:20.859 [info] Added views:workbench.panel.repl.view in workbench.panel.repl
2025-03-10 10:40:23.828 [info] Added views:~remote.forwardedPorts in ~remote.forwardedPortsContainer
2025-03-10 10:40:27.292 [info] Added views:workbench.panel.markers.view in workbench.panel.markers
2025-03-10 10:40:27.292 [info] Added views:workbench.panel.output in workbench.panel.output
2025-03-10 10:40:27.292 [info] Added views:terminal in terminal
2025-03-10 10:40:27.292 [info] Added views:outline in workbench.view.explorer
2025-03-10 10:40:27.292 [info] Added views:workbench.scm in workbench.view.scm
2025-03-10 10:40:27.292 [info] Added views:workbench.view.search in workbench.view.search
2025-03-10 10:40:27.292 [info] Added views:timeline in workbench.view.explorer
2025-03-10 10:40:27.292 [info] Added views:workbench.explorer.fileView in workbench.view.explorer
2025-03-10 10:40:27.684 [info] Added views:workbench.debug.welcome in workbench.view.debug
2025-03-10 10:40:28.221 [info] Added views:dotenv.view.vault in workbench.view.extension.dotenv
2025-03-10 10:40:28.788 [info] Added views:workbench.panel.repl.view in workbench.panel.repl
2025-03-10 10:40:32.586 [info] Added views:~remote.forwardedPorts in ~remote.forwardedPortsContainer
