2025-02-10 06:48:47.181 [info] Log level: Info
2025-02-10 06:48:47.181 [info] Validating found git in: "git"
2025-02-10 06:48:47.181 [info] Using git "2.43.0" from "git"
2025-02-10 06:48:47.181 [info] > git rev-parse --show-toplevel [18ms]
2025-02-10 06:48:47.181 [info] > git rev-parse --git-dir --git-common-dir [19ms]
2025-02-10 06:48:47.181 [info] Open repository: /mnt/hdd/HDD(lost+found)/instant_chef_project/Instant-Chef
2025-02-10 06:48:47.212 [info] > git config --get commit.template [22ms]
2025-02-10 06:48:47.229 [info] > git rev-parse --show-toplevel [25ms]
2025-02-10 06:48:47.319 [info] > git rev-parse --show-toplevel [37ms]
2025-02-10 06:48:47.336 [info] > git for-each-ref --format=%(refname)%00%(upstream:short)%00%(objectname)%00%(upstream:track)%00%(upstream:remotename)%00%(upstream:remoteref) refs/heads/main refs/remotes/main [73ms]
2025-02-10 06:48:47.348 [info] > git rev-parse --show-toplevel [16ms]
2025-02-10 06:48:47.681 [info] > git status -z -uall [318ms]
2025-02-10 06:48:47.730 [info] > git merge-base refs/heads/main refs/remotes/origin/main [31ms]
2025-02-10 06:48:47.739 [info] > git config --get commit.template [10ms]
2025-02-10 06:48:47.749 [info] > git for-each-ref --format=%(refname)%00%(upstream:short)%00%(objectname)%00%(upstream:track)%00%(upstream:remotename)%00%(upstream:remoteref) refs/heads/main refs/remotes/main [2ms]
2025-02-10 06:48:47.758 [info] > git status -z -uall [3ms]
2025-02-10 06:48:47.814 [info] > git rev-list --count --left-right refs/heads/main...refs/remotes/origin/main [77ms]
2025-02-10 06:48:47.842 [info] > git diff --name-status -z --diff-filter=ADMR 27ddea4a9aa4184f1661c24872939107967a45f0...refs/remotes/origin/main [12ms]
2025-02-10 06:48:47.845 [info] > git check-ignore -v -z --stdin [5ms]
2025-02-10 06:48:48.571 [info] > git ls-files --stage -- /mnt/hdd/HDD(lost+found)/instant_chef_project/Instant-Chef/public/recipes.json [2ms]
2025-02-10 06:48:48.661 [info] > git cat-file -s 5b736f9347bd5ca149169c678f3d5dce0c64d6aa [85ms]
2025-02-10 06:48:48.664 [info] > git show --textconv :public/recipes.json [103ms]
2025-02-10 06:49:02.156 [info] Log level: Info
2025-02-10 06:49:02.156 [info] Validating found git in: "git"
2025-02-10 06:49:02.156 [info] Using git "2.43.0" from "git"
2025-02-10 06:49:02.298 [info] > git rev-parse --show-toplevel [154ms]
2025-02-10 06:49:02.323 [info] > git rev-parse --git-dir --git-common-dir [7ms]
2025-02-10 06:49:02.371 [info] Open repository: /mnt/hdd/HDD(lost+found)/instant_chef_project/recipe_filter
2025-02-10 06:49:02.432 [info] > git rev-parse --show-toplevel [33ms]
2025-02-10 06:49:02.433 [info] > git config --get commit.template [43ms]
2025-02-10 06:49:02.486 [info] > git rev-parse --show-toplevel [35ms]
2025-02-10 06:49:02.522 [info] > git rev-parse --show-toplevel [10ms]
2025-02-10 06:49:02.553 [info] > git rev-parse --show-toplevel [10ms]
2025-02-10 06:49:02.575 [info] > git rev-parse --show-toplevel [1ms]
2025-02-10 06:49:02.598 [info] > git rev-parse --show-toplevel [6ms]
2025-02-10 06:49:02.622 [info] > git rev-parse --show-toplevel [7ms]
2025-02-10 06:49:02.642 [info] > git for-each-ref --format=%(refname)%00%(upstream:short)%00%(objectname)%00%(upstream:track)%00%(upstream:remotename)%00%(upstream:remoteref) refs/heads/main refs/remotes/main [166ms]
2025-02-10 06:49:02.647 [info] > git rev-parse --show-toplevel [8ms]
2025-02-10 06:49:03.159 [info] > git check-ignore -v -z --stdin [241ms]
2025-02-10 06:49:04.815 [info] > git ls-files --stage -- /mnt/hdd/HDD(lost+found)/instant_chef_project/recipe_filter/controllers/recipeController.js [4ms]
2025-02-10 06:49:05.055 [info] > git cat-file -s 268158bcb2534ec27fc93c2e3c51317a0f418d0f [233ms]
2025-02-10 06:49:05.061 [info] > git show --textconv :controllers/recipeController.js [258ms]
2025-02-10 06:49:06.762 [info] > git status -z -uall [4089ms]
2025-02-10 06:49:06.798 [info] > git merge-base refs/heads/main refs/remotes/origin/main [25ms]
2025-02-10 06:49:06.817 [info] > git config --get commit.template [18ms]
2025-02-10 06:49:06.827 [info] > git rev-list --count --left-right refs/heads/main...refs/remotes/origin/main [17ms]
2025-02-10 06:49:06.837 [info] > git diff --name-status -z --diff-filter=ADMR 1e0797805dd1aa502520338c30f2c4e5462b6fae...refs/remotes/origin/main [5ms]
2025-02-10 06:49:06.838 [info] > git for-each-ref --format=%(refname)%00%(upstream:short)%00%(objectname)%00%(upstream:track)%00%(upstream:remotename)%00%(upstream:remoteref) refs/heads/main refs/remotes/main [13ms]
2025-02-10 06:49:07.021 [info] > git status -z -uall [73ms]
2025-02-10 06:49:11.633 [info] > git config --get commit.template [6ms]
2025-02-10 06:49:11.634 [info] > git for-each-ref --format=%(refname)%00%(upstream:short)%00%(objectname)%00%(upstream:track)%00%(upstream:remotename)%00%(upstream:remoteref) refs/heads/main refs/remotes/main [3ms]
2025-02-10 06:49:11.685 [info] > git status -z -uall [45ms]
2025-02-10 06:49:28.877 [info] Log level: Info
2025-02-10 06:49:28.877 [info] Validating found git in: "git"
2025-02-10 06:49:28.877 [info] Using git "2.43.0" from "git"
2025-02-10 06:49:28.878 [info] > git rev-parse --show-toplevel [7ms]
2025-02-10 06:49:28.904 [info] > git rev-parse --git-dir --git-common-dir [7ms]
2025-02-10 06:49:28.947 [info] Open repository: /mnt/hdd/HDD(lost+found)/instant_chef_project/recipe_filter
2025-02-10 06:49:29.005 [info] > git config --get commit.template [31ms]
2025-02-10 06:49:29.056 [info] > git for-each-ref --format=%(refname)%00%(upstream:short)%00%(objectname)%00%(upstream:track)%00%(upstream:remotename)%00%(upstream:remoteref) refs/heads/main refs/remotes/main [24ms]
2025-02-10 06:49:29.060 [info] > git rev-parse --show-toplevel [62ms]
2025-02-10 06:49:29.073 [info] > git rev-parse --show-toplevel [4ms]
2025-02-10 06:49:29.359 [info] > git status -z -uall [267ms]
2025-02-10 06:49:29.361 [info] > git rev-parse --show-toplevel [228ms]
2025-02-10 06:49:29.764 [info] > git merge-base refs/heads/main refs/remotes/origin/main [350ms]
2025-02-10 06:49:29.816 [info] > git rev-list --count --left-right refs/heads/main...refs/remotes/origin/main [30ms]
2025-02-10 06:49:29.843 [info] > git config --get commit.template [82ms]
2025-02-10 06:49:29.849 [info] > git rev-parse --show-toplevel [104ms]
2025-02-10 06:49:29.913 [info] > git diff --name-status -z --diff-filter=ADMR 1e0797805dd1aa502520338c30f2c4e5462b6fae...refs/remotes/origin/main [72ms]
2025-02-10 06:49:29.946 [info] > git rev-parse --show-toplevel [35ms]
2025-02-10 06:49:30.073 [info] > git for-each-ref --format=%(refname)%00%(upstream:short)%00%(objectname)%00%(upstream:track)%00%(upstream:remotename)%00%(upstream:remoteref) refs/heads/main refs/remotes/main [132ms]
2025-02-10 06:49:30.142 [info] > git check-ignore -v -z --stdin [27ms]
2025-02-10 06:49:30.155 [info] > git rev-parse --show-toplevel [83ms]
2025-02-10 06:49:30.202 [info] > git rev-parse --show-toplevel [22ms]
2025-02-10 06:49:30.248 [info] > git rev-parse --show-toplevel [6ms]
2025-02-10 06:49:30.299 [info] > git status -z -uall [78ms]
2025-02-10 06:49:33.784 [info] > git show --textconv :controllers/recipeController.js [31ms]
2025-02-10 06:49:33.788 [info] > git ls-files --stage -- /mnt/hdd/HDD(lost+found)/instant_chef_project/recipe_filter/controllers/recipeController.js [16ms]
2025-02-10 06:49:33.799 [info] > git cat-file -s 268158bcb2534ec27fc93c2e3c51317a0f418d0f [1ms]
2025-02-10 06:49:46.938 [info] > git config --get commit.template [1ms]
2025-02-10 06:49:46.952 [info] > git for-each-ref --format=%(refname)%00%(upstream:short)%00%(objectname)%00%(upstream:track)%00%(upstream:remotename)%00%(upstream:remoteref) refs/heads/main refs/remotes/main [4ms]
2025-02-10 06:49:47.097 [info] > git status -z -uall [122ms]
2025-02-10 06:49:52.132 [info] > git config --get commit.template [8ms]
2025-02-10 06:49:52.134 [info] > git for-each-ref --format=%(refname)%00%(upstream:short)%00%(objectname)%00%(upstream:track)%00%(upstream:remotename)%00%(upstream:remoteref) refs/heads/main refs/remotes/main [3ms]
2025-02-10 06:49:52.183 [info] > git status -z -uall [43ms]
2025-02-10 06:49:57.210 [info] > git config --get commit.template [10ms]
2025-02-10 06:49:57.213 [info] > git for-each-ref --format=%(refname)%00%(upstream:short)%00%(objectname)%00%(upstream:track)%00%(upstream:remotename)%00%(upstream:remoteref) refs/heads/main refs/remotes/main [4ms]
2025-02-10 06:49:57.255 [info] > git status -z -uall [34ms]
2025-02-10 06:50:02.287 [info] > git config --get commit.template [10ms]
2025-02-10 06:50:02.289 [info] > git for-each-ref --format=%(refname)%00%(upstream:short)%00%(objectname)%00%(upstream:track)%00%(upstream:remotename)%00%(upstream:remoteref) refs/heads/main refs/remotes/main [3ms]
2025-02-10 06:50:02.333 [info] > git status -z -uall [34ms]
2025-02-10 06:50:03.847 [info] > git ls-files --stage -- /mnt/hdd/HDD(lost+found)/instant_chef_project/recipe_filter/app.js [11ms]
2025-02-10 06:50:03.937 [info] > git show --textconv :app.js [114ms]
2025-02-10 06:50:03.938 [info] > git cat-file -s 89afd4ec1e2778f23f6704983ce9721c5a8dfe84 [83ms]
2025-02-10 06:50:07.355 [info] > git config --get commit.template [7ms]
2025-02-10 06:50:07.356 [info] > git for-each-ref --format=%(refname)%00%(upstream:short)%00%(objectname)%00%(upstream:track)%00%(upstream:remotename)%00%(upstream:remoteref) refs/heads/main refs/remotes/main [3ms]
2025-02-10 06:50:07.408 [info] > git status -z -uall [46ms]
2025-02-10 06:50:12.437 [info] > git config --get commit.template [8ms]
2025-02-10 06:50:12.440 [info] > git for-each-ref --format=%(refname)%00%(upstream:short)%00%(objectname)%00%(upstream:track)%00%(upstream:remotename)%00%(upstream:remoteref) refs/heads/main refs/remotes/main [3ms]
2025-02-10 06:50:12.486 [info] > git status -z -uall [38ms]
2025-02-10 06:50:17.517 [info] > git config --get commit.template [10ms]
2025-02-10 06:50:17.519 [info] > git for-each-ref --format=%(refname)%00%(upstream:short)%00%(objectname)%00%(upstream:track)%00%(upstream:remotename)%00%(upstream:remoteref) refs/heads/main refs/remotes/main [3ms]
2025-02-10 06:50:17.571 [info] > git status -z -uall [42ms]
2025-02-10 06:50:22.601 [info] > git config --get commit.template [9ms]
2025-02-10 06:50:22.603 [info] > git for-each-ref --format=%(refname)%00%(upstream:short)%00%(objectname)%00%(upstream:track)%00%(upstream:remotename)%00%(upstream:remoteref) refs/heads/main refs/remotes/main [4ms]
2025-02-10 06:50:22.650 [info] > git status -z -uall [38ms]
2025-02-10 06:50:27.683 [info] > git config --get commit.template [10ms]
2025-02-10 06:50:27.684 [info] > git for-each-ref --format=%(refname)%00%(upstream:short)%00%(objectname)%00%(upstream:track)%00%(upstream:remotename)%00%(upstream:remoteref) refs/heads/main refs/remotes/main [3ms]
2025-02-10 06:50:27.732 [info] > git status -z -uall [39ms]
2025-02-10 06:51:26.505 [info] > git config --get commit.template [7ms]
2025-02-10 06:51:26.507 [info] > git for-each-ref --format=%(refname)%00%(upstream:short)%00%(objectname)%00%(upstream:track)%00%(upstream:remotename)%00%(upstream:remoteref) refs/heads/main refs/remotes/main [2ms]
2025-02-10 06:51:26.568 [info] > git status -z -uall [55ms]
2025-02-10 06:52:26.507 [info] > git config --get commit.template [9ms]
2025-02-10 06:52:26.508 [info] > git for-each-ref --format=%(refname)%00%(upstream:short)%00%(objectname)%00%(upstream:track)%00%(upstream:remotename)%00%(upstream:remoteref) refs/heads/main refs/remotes/main [3ms]
2025-02-10 06:52:26.561 [info] > git status -z -uall [48ms]
2025-02-10 06:52:39.244 [info] > git config --get commit.template [3ms]
2025-02-10 06:52:39.257 [info] > git for-each-ref --format=%(refname)%00%(upstream:short)%00%(objectname)%00%(upstream:track)%00%(upstream:remotename)%00%(upstream:remoteref) refs/heads/main refs/remotes/main [5ms]
2025-02-10 06:52:39.322 [info] > git status -z -uall [57ms]
2025-02-10 07:06:03.127 [info] > git config --get commit.template [3ms]
2025-02-10 07:06:03.141 [info] > git for-each-ref --format=%(refname)%00%(upstream:short)%00%(objectname)%00%(upstream:track)%00%(upstream:remotename)%00%(upstream:remoteref) refs/heads/main refs/remotes/main [4ms]
2025-02-10 07:06:03.198 [info] > git status -z -uall [49ms]
2025-02-10 07:06:08.227 [info] > git config --get commit.template [10ms]
2025-02-10 07:06:08.229 [info] > git for-each-ref --format=%(refname)%00%(upstream:short)%00%(objectname)%00%(upstream:track)%00%(upstream:remotename)%00%(upstream:remoteref) refs/heads/main refs/remotes/main [3ms]
2025-02-10 07:06:08.279 [info] > git status -z -uall [40ms]
2025-02-10 07:06:13.308 [info] > git config --get commit.template [9ms]
2025-02-10 07:06:13.310 [info] > git for-each-ref --format=%(refname)%00%(upstream:short)%00%(objectname)%00%(upstream:track)%00%(upstream:remotename)%00%(upstream:remoteref) refs/heads/main refs/remotes/main [3ms]
2025-02-10 07:06:13.358 [info] > git status -z -uall [42ms]
2025-02-10 07:06:40.107 [info] > git config --get commit.template [7ms]
2025-02-10 07:06:40.120 [info] > git for-each-ref --format=%(refname)%00%(upstream:short)%00%(objectname)%00%(upstream:track)%00%(upstream:remotename)%00%(upstream:remoteref) refs/heads/main refs/remotes/main [2ms]
2025-02-10 07:06:40.174 [info] > git status -z -uall [47ms]
2025-02-10 07:06:45.200 [info] > git config --get commit.template [9ms]
2025-02-10 07:06:45.201 [info] > git for-each-ref --format=%(refname)%00%(upstream:short)%00%(objectname)%00%(upstream:track)%00%(upstream:remotename)%00%(upstream:remoteref) refs/heads/main refs/remotes/main [2ms]
2025-02-10 07:06:45.264 [info] > git status -z -uall [55ms]
2025-02-10 07:09:01.476 [info] > git config --get commit.template [19ms]
2025-02-10 07:09:01.479 [info] > git for-each-ref --format=%(refname)%00%(upstream:short)%00%(objectname)%00%(upstream:track)%00%(upstream:remotename)%00%(upstream:remoteref) refs/heads/main refs/remotes/main [8ms]
2025-02-10 07:09:01.535 [info] > git status -z -uall [44ms]
2025-02-10 07:09:06.556 [info] > git config --get commit.template [3ms]
2025-02-10 07:09:06.567 [info] > git for-each-ref --format=%(refname)%00%(upstream:short)%00%(objectname)%00%(upstream:track)%00%(upstream:remotename)%00%(upstream:remoteref) refs/heads/main refs/remotes/main [3ms]
2025-02-10 07:09:06.613 [info] > git status -z -uall [38ms]
2025-02-10 07:09:37.481 [info] > git config --get commit.template [7ms]
2025-02-10 07:09:37.482 [info] > git for-each-ref --format=%(refname)%00%(upstream:short)%00%(objectname)%00%(upstream:track)%00%(upstream:remotename)%00%(upstream:remoteref) refs/heads/main refs/remotes/main [2ms]
2025-02-10 07:09:37.549 [info] > git status -z -uall [59ms]
2025-02-10 07:09:48.488 [info] > git config --get commit.template [2ms]
2025-02-10 07:09:48.502 [info] > git for-each-ref --format=%(refname)%00%(upstream:short)%00%(objectname)%00%(upstream:track)%00%(upstream:remotename)%00%(upstream:remoteref) refs/heads/main refs/remotes/main [1ms]
2025-02-10 07:09:48.576 [info] > git status -z -uall [63ms]
2025-02-10 07:09:50.624 [info] > git show --textconv :.env [8ms]
2025-02-10 07:09:50.627 [info] > git ls-files --stage -- /mnt/hdd/HDD(lost+found)/instant_chef_project/recipe_filter/.env [4ms]
2025-02-10 07:09:50.636 [info] > git cat-file -s 1de1ba297694bcdd1cf034a9000f7e2e548f6d06 [4ms]
2025-02-10 07:09:53.642 [info] > git config --get commit.template [8ms]
2025-02-10 07:09:53.645 [info] > git for-each-ref --format=%(refname)%00%(upstream:short)%00%(objectname)%00%(upstream:track)%00%(upstream:remotename)%00%(upstream:remoteref) refs/heads/main refs/remotes/main [3ms]
2025-02-10 07:09:53.696 [info] > git status -z -uall [44ms]
2025-02-10 07:09:58.769 [info] > git config --get commit.template [9ms]
2025-02-10 07:09:58.771 [info] > git for-each-ref --format=%(refname)%00%(upstream:short)%00%(objectname)%00%(upstream:track)%00%(upstream:remotename)%00%(upstream:remoteref) refs/heads/main refs/remotes/main [2ms]
2025-02-10 07:09:58.819 [info] > git status -z -uall [40ms]
2025-02-10 07:10:03.901 [info] > git config --get commit.template [9ms]
2025-02-10 07:10:03.903 [info] > git for-each-ref --format=%(refname)%00%(upstream:short)%00%(objectname)%00%(upstream:track)%00%(upstream:remotename)%00%(upstream:remoteref) refs/heads/main refs/remotes/main [3ms]
2025-02-10 07:10:03.951 [info] > git status -z -uall [43ms]
2025-02-10 07:10:09.024 [info] > git config --get commit.template [10ms]
2025-02-10 07:10:09.026 [info] > git for-each-ref --format=%(refname)%00%(upstream:short)%00%(objectname)%00%(upstream:track)%00%(upstream:remotename)%00%(upstream:remoteref) refs/heads/main refs/remotes/main [3ms]
2025-02-10 07:10:09.074 [info] > git status -z -uall [40ms]
2025-02-10 07:10:14.140 [info] > git config --get commit.template [9ms]
2025-02-10 07:10:14.142 [info] > git for-each-ref --format=%(refname)%00%(upstream:short)%00%(objectname)%00%(upstream:track)%00%(upstream:remotename)%00%(upstream:remoteref) refs/heads/main refs/remotes/main [3ms]
2025-02-10 07:10:14.192 [info] > git status -z -uall [41ms]
2025-02-10 07:10:19.257 [info] > git config --get commit.template [9ms]
2025-02-10 07:10:19.259 [info] > git for-each-ref --format=%(refname)%00%(upstream:short)%00%(objectname)%00%(upstream:track)%00%(upstream:remotename)%00%(upstream:remoteref) refs/heads/main refs/remotes/main [3ms]
2025-02-10 07:10:19.309 [info] > git status -z -uall [40ms]
2025-02-10 07:10:24.370 [info] > git config --get commit.template [9ms]
2025-02-10 07:10:24.372 [info] > git for-each-ref --format=%(refname)%00%(upstream:short)%00%(objectname)%00%(upstream:track)%00%(upstream:remotename)%00%(upstream:remoteref) refs/heads/main refs/remotes/main [3ms]
2025-02-10 07:10:24.420 [info] > git status -z -uall [42ms]
2025-02-10 07:10:29.484 [info] > git config --get commit.template [7ms]
2025-02-10 07:10:29.486 [info] > git for-each-ref --format=%(refname)%00%(upstream:short)%00%(objectname)%00%(upstream:track)%00%(upstream:remotename)%00%(upstream:remoteref) refs/heads/main refs/remotes/main [3ms]
2025-02-10 07:10:29.541 [info] > git status -z -uall [49ms]
2025-02-10 07:10:31.078 [info] > git show --textconv :app.js [6ms]
2025-02-10 07:10:31.082 [info] > git ls-files --stage -- /mnt/hdd/HDD(lost+found)/instant_chef_project/recipe_filter/app.js [5ms]
2025-02-10 07:10:31.093 [info] > git cat-file -s 89afd4ec1e2778f23f6704983ce9721c5a8dfe84 [4ms]
2025-02-10 07:10:34.583 [info] > git config --get commit.template [5ms]
2025-02-10 07:10:34.584 [info] > git for-each-ref --format=%(refname)%00%(upstream:short)%00%(objectname)%00%(upstream:track)%00%(upstream:remotename)%00%(upstream:remoteref) refs/heads/main refs/remotes/main [2ms]
2025-02-10 07:10:34.648 [info] > git status -z -uall [57ms]
2025-02-10 07:10:39.700 [info] > git config --get commit.template [8ms]
2025-02-10 07:10:39.701 [info] > git for-each-ref --format=%(refname)%00%(upstream:short)%00%(objectname)%00%(upstream:track)%00%(upstream:remotename)%00%(upstream:remoteref) refs/heads/main refs/remotes/main [3ms]
2025-02-10 07:10:39.790 [info] > git status -z -uall [84ms]
2025-02-10 07:10:44.855 [info] > git config --get commit.template [9ms]
2025-02-10 07:10:44.857 [info] > git for-each-ref --format=%(refname)%00%(upstream:short)%00%(objectname)%00%(upstream:track)%00%(upstream:remotename)%00%(upstream:remoteref) refs/heads/main refs/remotes/main [4ms]
2025-02-10 07:10:44.912 [info] > git status -z -uall [49ms]
2025-02-10 07:10:47.128 [info] > git show --textconv :.env [6ms]
2025-02-10 07:10:47.133 [info] > git ls-files --stage -- /mnt/hdd/HDD(lost+found)/instant_chef_project/recipe_filter/.env [6ms]
2025-02-10 07:10:47.141 [info] > git cat-file -s 1de1ba297694bcdd1cf034a9000f7e2e548f6d06 [2ms]
2025-02-10 07:10:49.957 [info] > git config --get commit.template [9ms]
2025-02-10 07:10:49.960 [info] > git for-each-ref --format=%(refname)%00%(upstream:short)%00%(objectname)%00%(upstream:track)%00%(upstream:remotename)%00%(upstream:remoteref) refs/heads/main refs/remotes/main [3ms]
2025-02-10 07:10:50.008 [info] > git status -z -uall [42ms]
2025-02-10 07:10:55.081 [info] > git config --get commit.template [9ms]
2025-02-10 07:10:55.082 [info] > git for-each-ref --format=%(refname)%00%(upstream:short)%00%(objectname)%00%(upstream:track)%00%(upstream:remotename)%00%(upstream:remoteref) refs/heads/main refs/remotes/main [3ms]
2025-02-10 07:10:55.135 [info] > git status -z -uall [47ms]
2025-02-10 07:11:00.189 [info] > git config --get commit.template [9ms]
2025-02-10 07:11:00.191 [info] > git for-each-ref --format=%(refname)%00%(upstream:short)%00%(objectname)%00%(upstream:track)%00%(upstream:remotename)%00%(upstream:remoteref) refs/heads/main refs/remotes/main [3ms]
2025-02-10 07:11:00.241 [info] > git status -z -uall [43ms]
2025-02-10 07:11:05.313 [info] > git config --get commit.template [9ms]
2025-02-10 07:11:05.315 [info] > git for-each-ref --format=%(refname)%00%(upstream:short)%00%(objectname)%00%(upstream:track)%00%(upstream:remotename)%00%(upstream:remoteref) refs/heads/main refs/remotes/main [3ms]
2025-02-10 07:11:05.366 [info] > git status -z -uall [43ms]
2025-02-10 07:11:10.416 [info] > git config --get commit.template [9ms]
2025-02-10 07:11:10.418 [info] > git for-each-ref --format=%(refname)%00%(upstream:short)%00%(objectname)%00%(upstream:track)%00%(upstream:remotename)%00%(upstream:remoteref) refs/heads/main refs/remotes/main [3ms]
2025-02-10 07:11:10.471 [info] > git status -z -uall [43ms]
2025-02-10 07:11:15.529 [info] > git config --get commit.template [8ms]
2025-02-10 07:11:15.530 [info] > git for-each-ref --format=%(refname)%00%(upstream:short)%00%(objectname)%00%(upstream:track)%00%(upstream:remotename)%00%(upstream:remoteref) refs/heads/main refs/remotes/main [3ms]
2025-02-10 07:11:15.590 [info] > git status -z -uall [49ms]
2025-02-10 07:11:34.265 [info] > git for-each-ref --format=%(refname)%00%(upstream:short)%00%(objectname)%00%(upstream:track)%00%(upstream:remotename)%00%(upstream:remoteref) refs/heads/main refs/remotes/main [2ms]
2025-02-10 07:11:34.265 [info] > git config --get commit.template [12ms]
2025-02-10 07:11:34.316 [info] > git status -z -uall [44ms]
2025-02-10 07:11:39.364 [info] > git config --get commit.template [7ms]
2025-02-10 07:11:39.366 [info] > git for-each-ref --format=%(refname)%00%(upstream:short)%00%(objectname)%00%(upstream:track)%00%(upstream:remotename)%00%(upstream:remoteref) refs/heads/main refs/remotes/main [3ms]
2025-02-10 07:11:39.418 [info] > git status -z -uall [46ms]
2025-02-10 07:11:44.481 [info] > git config --get commit.template [8ms]
2025-02-10 07:11:44.483 [info] > git for-each-ref --format=%(refname)%00%(upstream:short)%00%(objectname)%00%(upstream:track)%00%(upstream:remotename)%00%(upstream:remoteref) refs/heads/main refs/remotes/main [3ms]
2025-02-10 07:11:44.533 [info] > git status -z -uall [42ms]
2025-02-10 07:11:49.612 [info] > git config --get commit.template [9ms]
2025-02-10 07:11:49.613 [info] > git for-each-ref --format=%(refname)%00%(upstream:short)%00%(objectname)%00%(upstream:track)%00%(upstream:remotename)%00%(upstream:remoteref) refs/heads/main refs/remotes/main [3ms]
2025-02-10 07:11:49.667 [info] > git status -z -uall [46ms]
2025-02-10 07:11:52.448 [info] > git show --textconv :routes/chatbotRoute.js [9ms]
2025-02-10 07:11:52.451 [info] > git ls-files --stage -- /mnt/hdd/HDD(lost+found)/instant_chef_project/recipe_filter/routes/chatbotRoute.js [5ms]
2025-02-10 07:11:52.690 [info] > git check-ignore -v -z --stdin [4ms]
2025-02-10 07:12:21.854 [info] > git config --get commit.template [13ms]
2025-02-10 07:12:21.856 [info] > git for-each-ref --format=%(refname)%00%(upstream:short)%00%(objectname)%00%(upstream:track)%00%(upstream:remotename)%00%(upstream:remoteref) refs/heads/main refs/remotes/main [3ms]
2025-02-10 07:12:21.916 [info] > git status -z -uall [54ms]
2025-02-10 07:12:26.962 [info] > git config --get commit.template [8ms]
2025-02-10 07:12:26.964 [info] > git for-each-ref --format=%(refname)%00%(upstream:short)%00%(objectname)%00%(upstream:track)%00%(upstream:remotename)%00%(upstream:remoteref) refs/heads/main refs/remotes/main [3ms]
2025-02-10 07:12:27.020 [info] > git status -z -uall [50ms]
2025-02-10 07:12:32.093 [info] > git config --get commit.template [9ms]
2025-02-10 07:12:32.095 [info] > git for-each-ref --format=%(refname)%00%(upstream:short)%00%(objectname)%00%(upstream:track)%00%(upstream:remotename)%00%(upstream:remoteref) refs/heads/main refs/remotes/main [3ms]
2025-02-10 07:12:32.144 [info] > git status -z -uall [41ms]
2025-02-10 07:12:37.215 [info] > git config --get commit.template [9ms]
2025-02-10 07:12:37.217 [info] > git for-each-ref --format=%(refname)%00%(upstream:short)%00%(objectname)%00%(upstream:track)%00%(upstream:remotename)%00%(upstream:remoteref) refs/heads/main refs/remotes/main [3ms]
2025-02-10 07:12:37.266 [info] > git status -z -uall [41ms]
2025-02-10 07:12:42.333 [info] > git config --get commit.template [8ms]
2025-02-10 07:12:42.335 [info] > git for-each-ref --format=%(refname)%00%(upstream:short)%00%(objectname)%00%(upstream:track)%00%(upstream:remotename)%00%(upstream:remoteref) refs/heads/main refs/remotes/main [2ms]
2025-02-10 07:12:42.385 [info] > git status -z -uall [42ms]
2025-02-10 07:12:47.442 [info] > git config --get commit.template [10ms]
2025-02-10 07:12:47.444 [info] > git for-each-ref --format=%(refname)%00%(upstream:short)%00%(objectname)%00%(upstream:track)%00%(upstream:remotename)%00%(upstream:remoteref) refs/heads/main refs/remotes/main [3ms]
2025-02-10 07:12:47.494 [info] > git status -z -uall [41ms]
2025-02-10 07:12:52.563 [info] > git config --get commit.template [9ms]
2025-02-10 07:12:52.565 [info] > git for-each-ref --format=%(refname)%00%(upstream:short)%00%(objectname)%00%(upstream:track)%00%(upstream:remotename)%00%(upstream:remoteref) refs/heads/main refs/remotes/main [3ms]
2025-02-10 07:12:52.614 [info] > git status -z -uall [41ms]
2025-02-10 07:12:57.675 [info] > git config --get commit.template [9ms]
2025-02-10 07:12:57.677 [info] > git for-each-ref --format=%(refname)%00%(upstream:short)%00%(objectname)%00%(upstream:track)%00%(upstream:remotename)%00%(upstream:remoteref) refs/heads/main refs/remotes/main [3ms]
2025-02-10 07:12:57.724 [info] > git status -z -uall [41ms]
2025-02-10 07:13:02.783 [info] > git config --get commit.template [9ms]
2025-02-10 07:13:02.784 [info] > git for-each-ref --format=%(refname)%00%(upstream:short)%00%(objectname)%00%(upstream:track)%00%(upstream:remotename)%00%(upstream:remoteref) refs/heads/main refs/remotes/main [3ms]
2025-02-10 07:13:02.830 [info] > git status -z -uall [40ms]
2025-02-10 07:13:07.896 [info] > git config --get commit.template [9ms]
2025-02-10 07:13:07.898 [info] > git for-each-ref --format=%(refname)%00%(upstream:short)%00%(objectname)%00%(upstream:track)%00%(upstream:remotename)%00%(upstream:remoteref) refs/heads/main refs/remotes/main [3ms]
2025-02-10 07:13:07.949 [info] > git status -z -uall [42ms]
2025-02-10 07:14:19.796 [info] > git config --get commit.template [3ms]
2025-02-10 07:14:19.819 [info] > git for-each-ref --format=%(refname)%00%(upstream:short)%00%(objectname)%00%(upstream:track)%00%(upstream:remotename)%00%(upstream:remoteref) refs/heads/main refs/remotes/main [10ms]
2025-02-10 07:14:19.884 [info] > git status -z -uall [55ms]
2025-02-10 07:14:24.932 [info] > git config --get commit.template [9ms]
2025-02-10 07:14:24.934 [info] > git for-each-ref --format=%(refname)%00%(upstream:short)%00%(objectname)%00%(upstream:track)%00%(upstream:remotename)%00%(upstream:remoteref) refs/heads/main refs/remotes/main [2ms]
2025-02-10 07:14:24.995 [info] > git status -z -uall [50ms]
2025-02-10 07:16:25.956 [info] > git config --get commit.template [4ms]
2025-02-10 07:16:25.967 [info] > git for-each-ref --format=%(refname)%00%(upstream:short)%00%(objectname)%00%(upstream:track)%00%(upstream:remotename)%00%(upstream:remoteref) refs/heads/main refs/remotes/main [3ms]
2025-02-10 07:16:26.027 [info] > git status -z -uall [52ms]
2025-02-10 07:16:31.078 [info] > git config --get commit.template [8ms]
2025-02-10 07:16:31.080 [info] > git for-each-ref --format=%(refname)%00%(upstream:short)%00%(objectname)%00%(upstream:track)%00%(upstream:remotename)%00%(upstream:remoteref) refs/heads/main refs/remotes/main [3ms]
2025-02-10 07:16:31.128 [info] > git status -z -uall [42ms]
2025-02-10 07:16:41.833 [info] > git config --get commit.template [22ms]
2025-02-10 07:16:41.835 [info] > git for-each-ref --format=%(refname)%00%(upstream:short)%00%(objectname)%00%(upstream:track)%00%(upstream:remotename)%00%(upstream:remoteref) refs/heads/main refs/remotes/main [3ms]
2025-02-10 07:16:41.893 [info] > git status -z -uall [53ms]
2025-02-10 07:16:46.942 [info] > git config --get commit.template [9ms]
2025-02-10 07:16:46.943 [info] > git for-each-ref --format=%(refname)%00%(upstream:short)%00%(objectname)%00%(upstream:track)%00%(upstream:remotename)%00%(upstream:remoteref) refs/heads/main refs/remotes/main [2ms]
2025-02-10 07:16:46.997 [info] > git status -z -uall [46ms]
2025-02-10 07:16:52.079 [info] > git for-each-ref --format=%(refname)%00%(upstream:short)%00%(objectname)%00%(upstream:track)%00%(upstream:remotename)%00%(upstream:remoteref) refs/heads/main refs/remotes/main [5ms]
2025-02-10 07:16:52.079 [info] > git config --get commit.template [11ms]
2025-02-10 07:16:52.139 [info] > git status -z -uall [53ms]
2025-02-10 07:18:57.884 [info] > git for-each-ref --format=%(refname)%00%(upstream:short)%00%(objectname)%00%(upstream:track)%00%(upstream:remotename)%00%(upstream:remoteref) refs/heads/main refs/remotes/main [2ms]
2025-02-10 07:18:57.885 [info] > git config --get commit.template [15ms]
2025-02-10 07:18:57.954 [info] > git status -z -uall [57ms]
2025-02-10 07:19:03.029 [info] > git config --get commit.template [9ms]
2025-02-10 07:19:03.030 [info] > git for-each-ref --format=%(refname)%00%(upstream:short)%00%(objectname)%00%(upstream:track)%00%(upstream:remotename)%00%(upstream:remoteref) refs/heads/main refs/remotes/main [3ms]
2025-02-10 07:19:03.082 [info] > git status -z -uall [43ms]
2025-02-10 07:20:37.264 [info] > git config --get commit.template [22ms]
2025-02-10 07:20:37.267 [info] > git for-each-ref --format=%(refname)%00%(upstream:short)%00%(objectname)%00%(upstream:track)%00%(upstream:remotename)%00%(upstream:remoteref) refs/heads/main refs/remotes/main [5ms]
2025-02-10 07:20:37.326 [info] > git status -z -uall [52ms]
2025-02-10 07:20:39.298 [info] > git show --textconv :app.js [24ms]
2025-02-10 07:20:39.303 [info] > git ls-files --stage -- /mnt/hdd/HDD(lost+found)/instant_chef_project/recipe_filter/app.js [7ms]
2025-02-10 07:20:39.326 [info] > git cat-file -s 89afd4ec1e2778f23f6704983ce9721c5a8dfe84 [7ms]
2025-02-10 07:20:42.385 [info] > git config --get commit.template [9ms]
2025-02-10 07:20:42.387 [info] > git for-each-ref --format=%(refname)%00%(upstream:short)%00%(objectname)%00%(upstream:track)%00%(upstream:remotename)%00%(upstream:remoteref) refs/heads/main refs/remotes/main [3ms]
2025-02-10 07:20:42.439 [info] > git status -z -uall [43ms]
2025-02-10 07:20:47.513 [info] > git for-each-ref --format=%(refname)%00%(upstream:short)%00%(objectname)%00%(upstream:track)%00%(upstream:remotename)%00%(upstream:remoteref) refs/heads/main refs/remotes/main [1ms]
2025-02-10 07:20:47.514 [info] > git config --get commit.template [11ms]
2025-02-10 07:20:47.577 [info] > git status -z -uall [55ms]
2025-02-10 07:20:52.626 [info] > git config --get commit.template [7ms]
2025-02-10 07:20:52.628 [info] > git for-each-ref --format=%(refname)%00%(upstream:short)%00%(objectname)%00%(upstream:track)%00%(upstream:remotename)%00%(upstream:remoteref) refs/heads/main refs/remotes/main [2ms]
2025-02-10 07:20:52.693 [info] > git status -z -uall [59ms]
2025-02-10 07:20:57.744 [info] > git config --get commit.template [12ms]
2025-02-10 07:20:57.747 [info] > git for-each-ref --format=%(refname)%00%(upstream:short)%00%(objectname)%00%(upstream:track)%00%(upstream:remotename)%00%(upstream:remoteref) refs/heads/main refs/remotes/main [4ms]
2025-02-10 07:20:57.801 [info] > git status -z -uall [46ms]
2025-02-10 07:21:02.865 [info] > git config --get commit.template [9ms]
2025-02-10 07:21:02.867 [info] > git for-each-ref --format=%(refname)%00%(upstream:short)%00%(objectname)%00%(upstream:track)%00%(upstream:remotename)%00%(upstream:remoteref) refs/heads/main refs/remotes/main [3ms]
2025-02-10 07:21:02.922 [info] > git status -z -uall [45ms]
2025-02-10 07:21:07.965 [info] > git config --get commit.template [7ms]
2025-02-10 07:21:07.967 [info] > git for-each-ref --format=%(refname)%00%(upstream:short)%00%(objectname)%00%(upstream:track)%00%(upstream:remotename)%00%(upstream:remoteref) refs/heads/main refs/remotes/main [3ms]
2025-02-10 07:21:08.029 [info] > git status -z -uall [56ms]
2025-02-10 07:21:13.077 [info] > git config --get commit.template [7ms]
2025-02-10 07:21:13.079 [info] > git for-each-ref --format=%(refname)%00%(upstream:short)%00%(objectname)%00%(upstream:track)%00%(upstream:remotename)%00%(upstream:remoteref) refs/heads/main refs/remotes/main [3ms]
2025-02-10 07:21:13.142 [info] > git status -z -uall [56ms]
2025-02-10 07:21:18.187 [info] > git config --get commit.template [8ms]
2025-02-10 07:21:18.189 [info] > git for-each-ref --format=%(refname)%00%(upstream:short)%00%(objectname)%00%(upstream:track)%00%(upstream:remotename)%00%(upstream:remoteref) refs/heads/main refs/remotes/main [2ms]
2025-02-10 07:21:18.248 [info] > git status -z -uall [53ms]
2025-02-10 07:21:23.292 [info] > git config --get commit.template [7ms]
2025-02-10 07:21:23.294 [info] > git for-each-ref --format=%(refname)%00%(upstream:short)%00%(objectname)%00%(upstream:track)%00%(upstream:remotename)%00%(upstream:remoteref) refs/heads/main refs/remotes/main [2ms]
2025-02-10 07:21:23.349 [info] > git status -z -uall [50ms]
2025-02-10 07:21:28.391 [info] > git config --get commit.template [2ms]
2025-02-10 07:21:28.400 [info] > git for-each-ref --format=%(refname)%00%(upstream:short)%00%(objectname)%00%(upstream:track)%00%(upstream:remotename)%00%(upstream:remoteref) refs/heads/main refs/remotes/main [3ms]
2025-02-10 07:21:28.478 [info] > git status -z -uall [71ms]
2025-02-10 07:21:33.528 [info] > git config --get commit.template [8ms]
2025-02-10 07:21:33.529 [info] > git for-each-ref --format=%(refname)%00%(upstream:short)%00%(objectname)%00%(upstream:track)%00%(upstream:remotename)%00%(upstream:remoteref) refs/heads/main refs/remotes/main [2ms]
2025-02-10 07:21:33.586 [info] > git status -z -uall [51ms]
2025-02-10 07:21:38.645 [info] > git config --get commit.template [9ms]
2025-02-10 07:21:38.647 [info] > git for-each-ref --format=%(refname)%00%(upstream:short)%00%(objectname)%00%(upstream:track)%00%(upstream:remotename)%00%(upstream:remoteref) refs/heads/main refs/remotes/main [3ms]
2025-02-10 07:21:38.702 [info] > git status -z -uall [48ms]
2025-02-10 07:21:43.767 [info] > git config --get commit.template [13ms]
2025-02-10 07:21:43.769 [info] > git for-each-ref --format=%(refname)%00%(upstream:short)%00%(objectname)%00%(upstream:track)%00%(upstream:remotename)%00%(upstream:remoteref) refs/heads/main refs/remotes/main [3ms]
2025-02-10 07:21:43.825 [info] > git status -z -uall [47ms]
2025-02-10 07:21:48.884 [info] > git config --get commit.template [7ms]
2025-02-10 07:21:48.886 [info] > git for-each-ref --format=%(refname)%00%(upstream:short)%00%(objectname)%00%(upstream:track)%00%(upstream:remotename)%00%(upstream:remoteref) refs/heads/main refs/remotes/main [3ms]
2025-02-10 07:21:48.954 [info] > git status -z -uall [61ms]
2025-02-10 07:21:54.020 [info] > git config --get commit.template [9ms]
2025-02-10 07:21:54.022 [info] > git for-each-ref --format=%(refname)%00%(upstream:short)%00%(objectname)%00%(upstream:track)%00%(upstream:remotename)%00%(upstream:remoteref) refs/heads/main refs/remotes/main [3ms]
2025-02-10 07:21:54.076 [info] > git status -z -uall [46ms]
2025-02-10 07:21:59.141 [info] > git config --get commit.template [8ms]
2025-02-10 07:21:59.143 [info] > git for-each-ref --format=%(refname)%00%(upstream:short)%00%(objectname)%00%(upstream:track)%00%(upstream:remotename)%00%(upstream:remoteref) refs/heads/main refs/remotes/main [3ms]
2025-02-10 07:21:59.202 [info] > git status -z -uall [51ms]
2025-02-10 07:22:04.261 [info] > git config --get commit.template [9ms]
2025-02-10 07:22:04.263 [info] > git for-each-ref --format=%(refname)%00%(upstream:short)%00%(objectname)%00%(upstream:track)%00%(upstream:remotename)%00%(upstream:remoteref) refs/heads/main refs/remotes/main [2ms]
2025-02-10 07:22:04.315 [info] > git status -z -uall [45ms]
2025-02-10 07:22:09.407 [info] > git config --get commit.template [21ms]
2025-02-10 07:22:09.408 [info] > git for-each-ref --format=%(refname)%00%(upstream:short)%00%(objectname)%00%(upstream:track)%00%(upstream:remotename)%00%(upstream:remoteref) refs/heads/main refs/remotes/main [3ms]
2025-02-10 07:22:09.494 [info] > git status -z -uall [73ms]
2025-02-10 07:22:14.557 [info] > git config --get commit.template [7ms]
2025-02-10 07:22:14.559 [info] > git for-each-ref --format=%(refname)%00%(upstream:short)%00%(objectname)%00%(upstream:track)%00%(upstream:remotename)%00%(upstream:remoteref) refs/heads/main refs/remotes/main [3ms]
2025-02-10 07:22:14.619 [info] > git status -z -uall [52ms]
2025-02-10 07:22:19.668 [info] > git config --get commit.template [8ms]
2025-02-10 07:22:19.670 [info] > git for-each-ref --format=%(refname)%00%(upstream:short)%00%(objectname)%00%(upstream:track)%00%(upstream:remotename)%00%(upstream:remoteref) refs/heads/main refs/remotes/main [3ms]
2025-02-10 07:22:19.731 [info] > git status -z -uall [55ms]
2025-02-10 07:22:24.780 [info] > git config --get commit.template [9ms]
2025-02-10 07:22:24.783 [info] > git for-each-ref --format=%(refname)%00%(upstream:short)%00%(objectname)%00%(upstream:track)%00%(upstream:remotename)%00%(upstream:remoteref) refs/heads/main refs/remotes/main [3ms]
2025-02-10 07:22:24.837 [info] > git status -z -uall [45ms]
2025-02-10 07:22:29.904 [info] > git config --get commit.template [9ms]
2025-02-10 07:22:29.906 [info] > git for-each-ref --format=%(refname)%00%(upstream:short)%00%(objectname)%00%(upstream:track)%00%(upstream:remotename)%00%(upstream:remoteref) refs/heads/main refs/remotes/main [3ms]
2025-02-10 07:22:29.960 [info] > git status -z -uall [45ms]
2025-02-10 07:22:35.003 [info] > git config --get commit.template [9ms]
2025-02-10 07:22:35.005 [info] > git for-each-ref --format=%(refname)%00%(upstream:short)%00%(objectname)%00%(upstream:track)%00%(upstream:remotename)%00%(upstream:remoteref) refs/heads/main refs/remotes/main [3ms]
2025-02-10 07:22:35.059 [info] > git status -z -uall [46ms]
2025-02-10 07:22:40.128 [info] > git for-each-ref --format=%(refname)%00%(upstream:short)%00%(objectname)%00%(upstream:track)%00%(upstream:remotename)%00%(upstream:remoteref) refs/heads/main refs/remotes/main [17ms]
2025-02-10 07:22:40.128 [info] > git config --get commit.template [25ms]
2025-02-10 07:22:40.203 [info] > git status -z -uall [70ms]
2025-02-10 07:22:45.251 [info] > git config --get commit.template [11ms]
2025-02-10 07:22:45.253 [info] > git for-each-ref --format=%(refname)%00%(upstream:short)%00%(objectname)%00%(upstream:track)%00%(upstream:remotename)%00%(upstream:remoteref) refs/heads/main refs/remotes/main [3ms]
2025-02-10 07:22:45.308 [info] > git status -z -uall [44ms]
2025-02-10 07:22:50.372 [info] > git config --get commit.template [10ms]
2025-02-10 07:22:50.374 [info] > git for-each-ref --format=%(refname)%00%(upstream:short)%00%(objectname)%00%(upstream:track)%00%(upstream:remotename)%00%(upstream:remoteref) refs/heads/main refs/remotes/main [3ms]
2025-02-10 07:22:50.446 [info] > git status -z -uall [67ms]
2025-02-10 07:24:27.658 [info] > git show --textconv :routes/chatbotRoute.js [8ms]
2025-02-10 07:24:27.664 [info] > git ls-files --stage -- /mnt/hdd/HDD(lost+found)/instant_chef_project/recipe_filter/routes/chatbotRoute.js [7ms]
2025-02-10 07:24:37.012 [info] > git ls-files --stage -- /mnt/hdd/HDD(lost+found)/instant_chef_project/recipe_filter/routes/recipeRoute.js [3ms]
2025-02-10 07:24:37.039 [info] > git show --textconv :routes/recipeRoute.js [38ms]
2025-02-10 07:24:37.040 [info] > git cat-file -s 1dc01d29a87cca117485faa5c1415c615c8dd40c [22ms]
2025-02-10 07:24:41.641 [info] > git show --textconv :controllers/recipeController.js [9ms]
2025-02-10 07:24:41.645 [info] > git ls-files --stage -- /mnt/hdd/HDD(lost+found)/instant_chef_project/recipe_filter/controllers/recipeController.js [6ms]
2025-02-10 07:24:41.659 [info] > git cat-file -s 268158bcb2534ec27fc93c2e3c51317a0f418d0f [5ms]
2025-02-10 07:24:58.866 [info] > git show --textconv :db/connect.js [7ms]
2025-02-10 07:24:58.869 [info] > git ls-files --stage -- /mnt/hdd/HDD(lost+found)/instant_chef_project/recipe_filter/db/connect.js [4ms]
2025-02-10 07:24:58.881 [info] > git cat-file -s 5634807c23a8ff864a86f03df090cdb542256bcd [4ms]
2025-02-10 07:25:08.485 [info] > git show --textconv :app.js [8ms]
2025-02-10 07:25:08.489 [info] > git ls-files --stage -- /mnt/hdd/HDD(lost+found)/instant_chef_project/recipe_filter/app.js [5ms]
2025-02-10 07:25:08.499 [info] > git cat-file -s 89afd4ec1e2778f23f6704983ce9721c5a8dfe84 [4ms]
2025-02-10 07:25:23.093 [info] > git show --textconv :.env [7ms]
2025-02-10 07:25:23.097 [info] > git ls-files --stage -- /mnt/hdd/HDD(lost+found)/instant_chef_project/recipe_filter/.env [5ms]
2025-02-10 07:25:23.108 [info] > git cat-file -s 1de1ba297694bcdd1cf034a9000f7e2e548f6d06 [3ms]
2025-02-10 07:25:28.590 [info] > git show --textconv :routes/chatbotRoute.js [8ms]
2025-02-10 07:25:28.594 [info] > git ls-files --stage -- /mnt/hdd/HDD(lost+found)/instant_chef_project/recipe_filter/routes/chatbotRoute.js [5ms]
2025-02-10 07:25:31.191 [info] > git show --textconv :app.js [9ms]
2025-02-10 07:25:31.195 [info] > git ls-files --stage -- /mnt/hdd/HDD(lost+found)/instant_chef_project/recipe_filter/app.js [6ms]
2025-02-10 07:25:31.204 [info] > git cat-file -s 89afd4ec1e2778f23f6704983ce9721c5a8dfe84 [3ms]
2025-02-10 07:27:20.768 [info] > git config --get commit.template [13ms]
2025-02-10 07:27:20.770 [info] > git for-each-ref --format=%(refname)%00%(upstream:short)%00%(objectname)%00%(upstream:track)%00%(upstream:remotename)%00%(upstream:remoteref) refs/heads/main refs/remotes/main [4ms]
2025-02-10 07:27:20.862 [info] > git status -z -uall [84ms]
2025-02-10 07:27:25.949 [info] > git config --get commit.template [9ms]
2025-02-10 07:27:25.951 [info] > git for-each-ref --format=%(refname)%00%(upstream:short)%00%(objectname)%00%(upstream:track)%00%(upstream:remotename)%00%(upstream:remoteref) refs/heads/main refs/remotes/main [3ms]
2025-02-10 07:27:26.007 [info] > git status -z -uall [47ms]
2025-02-10 07:27:31.088 [info] > git config --get commit.template [10ms]
2025-02-10 07:27:31.090 [info] > git for-each-ref --format=%(refname)%00%(upstream:short)%00%(objectname)%00%(upstream:track)%00%(upstream:remotename)%00%(upstream:remoteref) refs/heads/main refs/remotes/main [4ms]
2025-02-10 07:27:31.146 [info] > git status -z -uall [47ms]
2025-02-10 07:27:36.220 [info] > git config --get commit.template [7ms]
2025-02-10 07:27:36.222 [info] > git for-each-ref --format=%(refname)%00%(upstream:short)%00%(objectname)%00%(upstream:track)%00%(upstream:remotename)%00%(upstream:remoteref) refs/heads/main refs/remotes/main [3ms]
2025-02-10 07:27:36.277 [info] > git status -z -uall [47ms]
2025-02-10 07:27:41.351 [info] > git config --get commit.template [10ms]
2025-02-10 07:27:41.352 [info] > git for-each-ref --format=%(refname)%00%(upstream:short)%00%(objectname)%00%(upstream:track)%00%(upstream:remotename)%00%(upstream:remoteref) refs/heads/main refs/remotes/main [2ms]
2025-02-10 07:27:41.404 [info] > git status -z -uall [44ms]
2025-02-10 07:27:46.486 [info] > git config --get commit.template [10ms]
2025-02-10 07:27:46.487 [info] > git for-each-ref --format=%(refname)%00%(upstream:short)%00%(objectname)%00%(upstream:track)%00%(upstream:remotename)%00%(upstream:remoteref) refs/heads/main refs/remotes/main [2ms]
2025-02-10 07:27:46.541 [info] > git status -z -uall [46ms]
2025-02-10 07:27:47.487 [info] > git show --textconv :routes/chatbotRoute.js [8ms]
2025-02-10 07:27:47.491 [info] > git ls-files --stage -- /mnt/hdd/HDD(lost+found)/instant_chef_project/recipe_filter/routes/chatbotRoute.js [5ms]
2025-02-10 07:27:51.606 [info] > git config --get commit.template [9ms]
2025-02-10 07:27:51.608 [info] > git for-each-ref --format=%(refname)%00%(upstream:short)%00%(objectname)%00%(upstream:track)%00%(upstream:remotename)%00%(upstream:remoteref) refs/heads/main refs/remotes/main [3ms]
2025-02-10 07:27:51.662 [info] > git status -z -uall [45ms]
2025-02-10 07:27:56.735 [info] > git config --get commit.template [9ms]
2025-02-10 07:27:56.737 [info] > git for-each-ref --format=%(refname)%00%(upstream:short)%00%(objectname)%00%(upstream:track)%00%(upstream:remotename)%00%(upstream:remoteref) refs/heads/main refs/remotes/main [3ms]
2025-02-10 07:27:56.798 [info] > git status -z -uall [52ms]
2025-02-10 07:28:01.868 [info] > git config --get commit.template [9ms]
2025-02-10 07:28:01.871 [info] > git for-each-ref --format=%(refname)%00%(upstream:short)%00%(objectname)%00%(upstream:track)%00%(upstream:remotename)%00%(upstream:remoteref) refs/heads/main refs/remotes/main [3ms]
2025-02-10 07:28:01.925 [info] > git status -z -uall [46ms]
2025-02-10 07:28:06.979 [info] > git config --get commit.template [8ms]
2025-02-10 07:28:06.980 [info] > git for-each-ref --format=%(refname)%00%(upstream:short)%00%(objectname)%00%(upstream:track)%00%(upstream:remotename)%00%(upstream:remoteref) refs/heads/main refs/remotes/main [2ms]
2025-02-10 07:28:07.031 [info] > git status -z -uall [45ms]
2025-02-10 07:28:12.094 [info] > git config --get commit.template [9ms]
2025-02-10 07:28:12.095 [info] > git for-each-ref --format=%(refname)%00%(upstream:short)%00%(objectname)%00%(upstream:track)%00%(upstream:remotename)%00%(upstream:remoteref) refs/heads/main refs/remotes/main [3ms]
2025-02-10 07:28:12.149 [info] > git status -z -uall [45ms]
2025-02-10 07:28:17.208 [info] > git config --get commit.template [2ms]
2025-02-10 07:28:17.220 [info] > git for-each-ref --format=%(refname)%00%(upstream:short)%00%(objectname)%00%(upstream:track)%00%(upstream:remotename)%00%(upstream:remoteref) refs/heads/main refs/remotes/main [3ms]
2025-02-10 07:28:17.291 [info] > git status -z -uall [65ms]
2025-02-10 07:28:22.341 [info] > git config --get commit.template [8ms]
2025-02-10 07:28:22.342 [info] > git for-each-ref --format=%(refname)%00%(upstream:short)%00%(objectname)%00%(upstream:track)%00%(upstream:remotename)%00%(upstream:remoteref) refs/heads/main refs/remotes/main [3ms]
2025-02-10 07:28:22.415 [info] > git status -z -uall [66ms]
2025-02-10 07:28:27.479 [info] > git config --get commit.template [9ms]
2025-02-10 07:28:27.481 [info] > git for-each-ref --format=%(refname)%00%(upstream:short)%00%(objectname)%00%(upstream:track)%00%(upstream:remotename)%00%(upstream:remoteref) refs/heads/main refs/remotes/main [3ms]
2025-02-10 07:28:27.536 [info] > git status -z -uall [46ms]
2025-02-10 07:28:43.952 [info] > git config --get commit.template [10ms]
2025-02-10 07:28:43.954 [info] > git for-each-ref --format=%(refname)%00%(upstream:short)%00%(objectname)%00%(upstream:track)%00%(upstream:remotename)%00%(upstream:remoteref) refs/heads/main refs/remotes/main [3ms]
2025-02-10 07:28:44.015 [info] > git status -z -uall [55ms]
2025-02-10 07:28:49.062 [info] > git config --get commit.template [8ms]
2025-02-10 07:28:49.064 [info] > git for-each-ref --format=%(refname)%00%(upstream:short)%00%(objectname)%00%(upstream:track)%00%(upstream:remotename)%00%(upstream:remoteref) refs/heads/main refs/remotes/main [3ms]
2025-02-10 07:28:49.119 [info] > git status -z -uall [46ms]
2025-02-10 07:28:54.196 [info] > git config --get commit.template [11ms]
2025-02-10 07:28:54.197 [info] > git for-each-ref --format=%(refname)%00%(upstream:short)%00%(objectname)%00%(upstream:track)%00%(upstream:remotename)%00%(upstream:remoteref) refs/heads/main refs/remotes/main [3ms]
2025-02-10 07:28:54.269 [info] > git status -z -uall [65ms]
2025-02-10 07:28:59.321 [info] > git config --get commit.template [8ms]
2025-02-10 07:28:59.322 [info] > git for-each-ref --format=%(refname)%00%(upstream:short)%00%(objectname)%00%(upstream:track)%00%(upstream:remotename)%00%(upstream:remoteref) refs/heads/main refs/remotes/main [3ms]
2025-02-10 07:28:59.383 [info] > git status -z -uall [55ms]
2025-02-10 07:29:04.435 [info] > git config --get commit.template [7ms]
2025-02-10 07:29:04.437 [info] > git for-each-ref --format=%(refname)%00%(upstream:short)%00%(objectname)%00%(upstream:track)%00%(upstream:remotename)%00%(upstream:remoteref) refs/heads/main refs/remotes/main [2ms]
2025-02-10 07:29:04.513 [info] > git status -z -uall [71ms]
2025-02-10 07:29:09.556 [info] > git config --get commit.template [9ms]
2025-02-10 07:29:09.558 [info] > git for-each-ref --format=%(refname)%00%(upstream:short)%00%(objectname)%00%(upstream:track)%00%(upstream:remotename)%00%(upstream:remoteref) refs/heads/main refs/remotes/main [3ms]
2025-02-10 07:29:09.610 [info] > git status -z -uall [45ms]
2025-02-10 07:29:41.978 [info] > git config --get commit.template [12ms]
2025-02-10 07:29:41.980 [info] > git for-each-ref --format=%(refname)%00%(upstream:short)%00%(objectname)%00%(upstream:track)%00%(upstream:remotename)%00%(upstream:remoteref) refs/heads/main refs/remotes/main [4ms]
2025-02-10 07:29:42.048 [info] > git status -z -uall [62ms]
2025-02-10 07:29:44.702 [info] > git ls-files --stage -- /mnt/hdd/HDD(lost+found)/instant_chef_project/recipe_filter/package-lock.json [21ms]
2025-02-10 07:29:44.720 [info] > git show --textconv :package-lock.json [59ms]
2025-02-10 07:29:44.727 [info] > git cat-file -s e14c3909f47d19359ecef5f14e4f5a6193057959 [9ms]
2025-02-10 07:29:45.591 [info] > git show --textconv :app.js [9ms]
2025-02-10 07:29:45.594 [info] > git ls-files --stage -- /mnt/hdd/HDD(lost+found)/instant_chef_project/recipe_filter/app.js [5ms]
2025-02-10 07:29:45.601 [info] > git cat-file -s 89afd4ec1e2778f23f6704983ce9721c5a8dfe84 [2ms]
2025-02-10 07:29:47.124 [info] > git config --get commit.template [10ms]
2025-02-10 07:29:47.126 [info] > git for-each-ref --format=%(refname)%00%(upstream:short)%00%(objectname)%00%(upstream:track)%00%(upstream:remotename)%00%(upstream:remoteref) refs/heads/main refs/remotes/main [3ms]
2025-02-10 07:29:47.180 [info] > git status -z -uall [45ms]
2025-02-10 07:29:52.249 [info] > git config --get commit.template [9ms]
2025-02-10 07:29:52.251 [info] > git for-each-ref --format=%(refname)%00%(upstream:short)%00%(objectname)%00%(upstream:track)%00%(upstream:remotename)%00%(upstream:remoteref) refs/heads/main refs/remotes/main [3ms]
2025-02-10 07:29:52.307 [info] > git status -z -uall [47ms]
2025-02-10 07:30:13.369 [info] > git config --get commit.template [11ms]
2025-02-10 07:30:13.373 [info] > git for-each-ref --format=%(refname)%00%(upstream:short)%00%(objectname)%00%(upstream:track)%00%(upstream:remotename)%00%(upstream:remoteref) refs/heads/main refs/remotes/main [5ms]
2025-02-10 07:30:13.431 [info] > git status -z -uall [51ms]
2025-02-10 07:30:18.496 [info] > git config --get commit.template [2ms]
2025-02-10 07:30:18.510 [info] > git for-each-ref --format=%(refname)%00%(upstream:short)%00%(objectname)%00%(upstream:track)%00%(upstream:remotename)%00%(upstream:remoteref) refs/heads/main refs/remotes/main [4ms]
2025-02-10 07:30:18.594 [info] > git status -z -uall [73ms]
2025-02-10 07:34:40.590 [info] > git config --get commit.template [12ms]
2025-02-10 07:34:40.591 [info] > git for-each-ref --format=%(refname)%00%(upstream:short)%00%(objectname)%00%(upstream:track)%00%(upstream:remotename)%00%(upstream:remoteref) refs/heads/main refs/remotes/main [3ms]
2025-02-10 07:34:40.651 [info] > git status -z -uall [53ms]
2025-02-10 07:35:48.712 [info] > git for-each-ref --format=%(refname)%00%(upstream:short)%00%(objectname)%00%(upstream:track)%00%(upstream:remotename)%00%(upstream:remoteref) refs/heads/main refs/remotes/main [4ms]
2025-02-10 07:35:48.713 [info] > git config --get commit.template [19ms]
2025-02-10 07:35:48.773 [info] > git status -z -uall [51ms]
2025-02-10 07:41:28.962 [info] > git config --get commit.template [1ms]
2025-02-10 07:41:28.975 [info] > git for-each-ref --format=%(refname)%00%(upstream:short)%00%(objectname)%00%(upstream:track)%00%(upstream:remotename)%00%(upstream:remoteref) refs/heads/main refs/remotes/main [6ms]
2025-02-10 07:41:29.066 [info] > git status -z -uall [81ms]
2025-02-10 07:41:34.191 [info] > git config --get commit.template [1ms]
2025-02-10 07:41:34.203 [info] > git for-each-ref --format=%(refname)%00%(upstream:short)%00%(objectname)%00%(upstream:track)%00%(upstream:remotename)%00%(upstream:remoteref) refs/heads/main refs/remotes/main [1ms]
2025-02-10 07:41:34.277 [info] > git status -z -uall [63ms]
2025-02-10 07:41:39.322 [info] > git config --get commit.template [8ms]
2025-02-10 07:41:39.323 [info] > git for-each-ref --format=%(refname)%00%(upstream:short)%00%(objectname)%00%(upstream:track)%00%(upstream:remotename)%00%(upstream:remoteref) refs/heads/main refs/remotes/main [2ms]
2025-02-10 07:41:39.397 [info] > git status -z -uall [67ms]
2025-02-10 07:41:44.453 [info] > git config --get commit.template [7ms]
2025-02-10 07:41:44.454 [info] > git for-each-ref --format=%(refname)%00%(upstream:short)%00%(objectname)%00%(upstream:track)%00%(upstream:remotename)%00%(upstream:remoteref) refs/heads/main refs/remotes/main [2ms]
2025-02-10 07:41:44.524 [info] > git status -z -uall [63ms]
2025-02-10 07:41:49.574 [info] > git config --get commit.template [9ms]
2025-02-10 07:41:49.577 [info] > git for-each-ref --format=%(refname)%00%(upstream:short)%00%(objectname)%00%(upstream:track)%00%(upstream:remotename)%00%(upstream:remoteref) refs/heads/main refs/remotes/main [4ms]
2025-02-10 07:41:49.631 [info] > git status -z -uall [45ms]
2025-02-10 07:41:54.707 [info] > git config --get commit.template [10ms]
2025-02-10 07:41:54.709 [info] > git for-each-ref --format=%(refname)%00%(upstream:short)%00%(objectname)%00%(upstream:track)%00%(upstream:remotename)%00%(upstream:remoteref) refs/heads/main refs/remotes/main [3ms]
2025-02-10 07:41:54.825 [info] > git status -z -uall [104ms]
2025-02-10 07:48:48.810 [info] > git config --get commit.template [7ms]
2025-02-10 07:48:48.837 [info] > git for-each-ref --format=%(refname)%00%(upstream:short)%00%(objectname)%00%(upstream:track)%00%(upstream:remotename)%00%(upstream:remoteref) refs/heads/main refs/remotes/main [6ms]
2025-02-10 07:48:48.935 [info] > git status -z -uall [83ms]
2025-02-10 07:48:53.976 [info] > git config --get commit.template [7ms]
2025-02-10 07:48:53.978 [info] > git for-each-ref --format=%(refname)%00%(upstream:short)%00%(objectname)%00%(upstream:track)%00%(upstream:remotename)%00%(upstream:remoteref) refs/heads/main refs/remotes/main [3ms]
2025-02-10 07:48:54.036 [info] > git status -z -uall [49ms]
2025-02-10 07:53:16.796 [info] > git config --get commit.template [10ms]
2025-02-10 07:53:16.798 [info] > git for-each-ref --format=%(refname)%00%(upstream:short)%00%(objectname)%00%(upstream:track)%00%(upstream:remotename)%00%(upstream:remoteref) refs/heads/main refs/remotes/main [3ms]
2025-02-10 07:53:16.864 [info] > git status -z -uall [55ms]
2025-02-10 07:53:21.923 [info] > git config --get commit.template [8ms]
2025-02-10 07:53:21.925 [info] > git for-each-ref --format=%(refname)%00%(upstream:short)%00%(objectname)%00%(upstream:track)%00%(upstream:remotename)%00%(upstream:remoteref) refs/heads/main refs/remotes/main [3ms]
2025-02-10 07:53:21.977 [info] > git status -z -uall [45ms]
2025-02-10 07:53:27.060 [info] > git config --get commit.template [9ms]
2025-02-10 07:53:27.062 [info] > git for-each-ref --format=%(refname)%00%(upstream:short)%00%(objectname)%00%(upstream:track)%00%(upstream:remotename)%00%(upstream:remoteref) refs/heads/main refs/remotes/main [3ms]
2025-02-10 07:53:27.116 [info] > git status -z -uall [46ms]
2025-02-10 07:53:32.187 [info] > git config --get commit.template [10ms]
2025-02-10 07:53:32.189 [info] > git for-each-ref --format=%(refname)%00%(upstream:short)%00%(objectname)%00%(upstream:track)%00%(upstream:remotename)%00%(upstream:remoteref) refs/heads/main refs/remotes/main [3ms]
2025-02-10 07:53:32.243 [info] > git status -z -uall [45ms]
2025-02-10 16:54:53.198 [info] > git config --get commit.template [2ms]
2025-02-10 16:54:53.213 [info] > git for-each-ref --format=%(refname)%00%(upstream:short)%00%(objectname)%00%(upstream:track)%00%(upstream:remotename)%00%(upstream:remoteref) refs/heads/main refs/remotes/main [4ms]
2025-02-10 16:54:53.284 [info] > git status -z -uall [60ms]
