2025-03-07 21:22:57.129 [info] Revived process, old id a0d5a9bd783f66277f165b5fbefe1039-1 -> new id 1
2025-03-07 21:22:57.129 [info] Revived process, old id a0d5a9bd783f66277f165b5fbefe1039-2 -> new id 2
2025-03-07 21:22:57.130 [info] Revived process, old id a0d5a9bd783f66277f165b5fbefe1039-3 -> new id 3
2025-03-07 21:22:57.130 [info] Revived process, old id a0d5a9bd783f66277f165b5fbefe1039-4 -> new id 4
2025-03-07 21:22:57.755 [info] Expanding terminal instance, old id a0d5a9bd783f66277f165b5fbefe1039-1 -> new id 1
2025-03-07 21:22:57.755 [info] Expanding terminal instance, old id a0d5a9bd783f66277f165b5fbefe1039-2 -> new id 2
2025-03-07 21:22:57.755 [info] Expanding terminal instance, old id a0d5a9bd783f66277f165b5fbefe1039-3 -> new id 3
2025-03-07 21:22:57.755 [info] Expanding terminal instance, old id a0d5a9bd783f66277f165b5fbefe1039-4 -> new id 4
2025-03-07 21:22:58.804 [warning] Persistent process "1": Process had no disconnect runners but was an orphan
2025-03-07 21:22:58.804 [info] Persistent process reconnection "1"
2025-03-07 21:22:58.807 [warning] Persistent process "2": Process had no disconnect runners but was an orphan
2025-03-07 21:22:58.808 [info] Persistent process reconnection "2"
2025-03-07 21:22:58.809 [warning] Persistent process "3": Process had no disconnect runners but was an orphan
2025-03-07 21:22:58.809 [info] Persistent process reconnection "3"
2025-03-07 21:22:58.810 [warning] Persistent process "4": Process had no disconnect runners but was an orphan
2025-03-07 21:22:58.810 [info] Persistent process reconnection "4"
2025-03-07 21:22:58.941 [info] Persistent process "1": Replaying 4937 chars and 1 size events
2025-03-07 21:22:58.996 [info] Persistent process "2": Replaying 6664 chars and 1 size events
2025-03-07 21:22:59.030 [info] Persistent process "3": Replaying 6487 chars and 1 size events
2025-03-07 21:22:59.058 [info] Persistent process "4": Replaying 7229 chars and 1 size events
