2025-02-10 06:48:43.504 [info] Started local extension host with pid 23122.
2025-02-10 06:48:44.495 [error] [/home/maskura/.vscode/extensions/ms-python.python-2024.16.1-linux-x64]: Extension is not compatible with Code 1.89.1. Extension requires: ^1.94.0-20240918.
2025-02-10 06:48:44.499 [error] [/home/maskura/.vscode/extensions/ms-python.python-2024.18.0-linux-x64]: Extension is not compatible with Code 1.89.1. Extension requires: ^1.94.0-20240918.
2025-02-10 06:48:44.507 [error] [/home/maskura/.vscode/extensions/ms-python.vscode-pylance-2024.10.1]: Extension is not compatible with Code 1.89.1. Extension requires: ^1.91.0.
2025-02-10 06:48:44.513 [error] [/home/maskura/.vscode/extensions/ms-python.vscode-pylance-2024.11.1]: Extension is not compatible with Code 1.89.1. Extension requires: ^1.91.0.
2025-02-10 06:48:44.523 [error] [/home/maskura/.vscode/extensions/ms-python.debugpy-2024.12.0-linux-x64]: Extension is not compatible with Code 1.89.1. Extension requires: ^1.92.0.
2025-02-10 06:48:44.527 [error] [/home/maskura/.vscode/extensions/ms-python.python-2024.18.1-linux-x64]: Extension is not compatible with Code 1.89.1. Extension requires: ^1.94.0-20240918.
2025-02-10 06:48:44.529 [error] [/home/maskura/.vscode/extensions/ms-python.vscode-pylance-2024.11.2]: Extension is not compatible with Code 1.89.1. Extension requires: ^1.91.0.
2025-02-10 06:48:44.531 [error] [/home/maskura/.vscode/extensions/ms-python.vscode-pylance-2024.11.3]: Extension is not compatible with Code 1.89.1. Extension requires: ^1.91.0.
2025-02-10 06:48:44.533 [error] [/home/maskura/.vscode/extensions/ms-python.python-2024.22.0-linux-x64]: Extension is not compatible with Code 1.89.1. Extension requires: ^1.94.0-20240918.
2025-02-10 06:48:44.535 [error] [/home/maskura/.vscode/extensions/ms-python.python-2024.20.0-linux-x64]: Extension is not compatible with Code 1.89.1. Extension requires: ^1.94.0-20240918.
2025-02-10 06:48:44.536 [error] [/home/maskura/.vscode/extensions/ms-python.python-2024.22.1-linux-x64]: Extension is not compatible with Code 1.89.1. Extension requires: ^1.94.0-20240918.
2025-02-10 06:48:44.538 [error] [/home/maskura/.vscode/extensions/ms-python.debugpy-2024.14.0-linux-x64]: Extension is not compatible with Code 1.89.1. Extension requires: ^1.92.0.
2025-02-10 06:48:44.540 [error] [/home/maskura/.vscode/extensions/ms-python.vscode-pylance-2024.12.1]: Extension is not compatible with Code 1.89.1. Extension requires: ^1.91.0.
2025-02-10 06:48:44.544 [error] [/home/maskura/.vscode/extensions/ms-python.python-2024.22.2-linux-x64]: Extension is not compatible with Code 1.89.1. Extension requires: ^1.94.0-20240918.
2025-02-10 06:48:48.243 [error] Cannot read properties of undefined (reading 'accessToken'): TypeError: Cannot read properties of undefined (reading 'accessToken')
    at p.z (vscode-file://vscode-app/usr/share/code/resources/app/out/vs/workbench/workbench.desktop.main.js:1686:21851)
    at p.C (vscode-file://vscode-app/usr/share/code/resources/app/out/vs/workbench/workbench.desktop.main.js:1686:22484)
    at d.value (vscode-file://vscode-app/usr/share/code/resources/app/out/vs/workbench/workbench.desktop.main.js:1686:21653)
2025-02-10 06:48:48.779 [info] [perf] Render performance baseline is 85ms
2025-02-10 06:48:58.911 [info] Started local extension host with pid 23471.
2025-02-10 06:48:59.502 [error] [/home/maskura/.vscode/extensions/ms-python.python-2024.16.1-linux-x64]: Extension is not compatible with Code 1.89.1. Extension requires: ^1.94.0-20240918.
2025-02-10 06:48:59.540 [error] [/home/maskura/.vscode/extensions/ms-python.vscode-pylance-2024.10.1]: Extension is not compatible with Code 1.89.1. Extension requires: ^1.91.0.
2025-02-10 06:48:59.540 [error] [/home/maskura/.vscode/extensions/ms-python.python-2024.18.0-linux-x64]: Extension is not compatible with Code 1.89.1. Extension requires: ^1.94.0-20240918.
2025-02-10 06:48:59.541 [error] [/home/maskura/.vscode/extensions/ms-python.debugpy-2024.12.0-linux-x64]: Extension is not compatible with Code 1.89.1. Extension requires: ^1.92.0.
2025-02-10 06:48:59.542 [error] [/home/maskura/.vscode/extensions/ms-python.vscode-pylance-2024.11.1]: Extension is not compatible with Code 1.89.1. Extension requires: ^1.91.0.
2025-02-10 06:48:59.543 [error] [/home/maskura/.vscode/extensions/ms-python.python-2024.20.0-linux-x64]: Extension is not compatible with Code 1.89.1. Extension requires: ^1.94.0-20240918.
2025-02-10 06:48:59.548 [error] [/home/maskura/.vscode/extensions/ms-python.vscode-pylance-2024.11.2]: Extension is not compatible with Code 1.89.1. Extension requires: ^1.91.0.
2025-02-10 06:48:59.549 [error] [/home/maskura/.vscode/extensions/ms-python.python-2024.18.1-linux-x64]: Extension is not compatible with Code 1.89.1. Extension requires: ^1.94.0-20240918.
2025-02-10 06:48:59.552 [error] [/home/maskura/.vscode/extensions/ms-python.python-2024.22.0-linux-x64]: Extension is not compatible with Code 1.89.1. Extension requires: ^1.94.0-20240918.
2025-02-10 06:48:59.557 [error] [/home/maskura/.vscode/extensions/ms-python.vscode-pylance-2024.11.3]: Extension is not compatible with Code 1.89.1. Extension requires: ^1.91.0.
2025-02-10 06:48:59.559 [error] [/home/maskura/.vscode/extensions/ms-python.debugpy-2024.14.0-linux-x64]: Extension is not compatible with Code 1.89.1. Extension requires: ^1.92.0.
2025-02-10 06:48:59.562 [error] [/home/maskura/.vscode/extensions/ms-python.vscode-pylance-2024.12.1]: Extension is not compatible with Code 1.89.1. Extension requires: ^1.91.0.
2025-02-10 06:48:59.564 [error] [/home/maskura/.vscode/extensions/ms-python.python-2024.22.1-linux-x64]: Extension is not compatible with Code 1.89.1. Extension requires: ^1.94.0-20240918.
2025-02-10 06:48:59.566 [error] [/home/maskura/.vscode/extensions/ms-python.python-2024.22.2-linux-x64]: Extension is not compatible with Code 1.89.1. Extension requires: ^1.94.0-20240918.
2025-02-10 06:49:05.304 [info] [perf] Render performance baseline is 99ms
2025-02-10 06:49:06.943 [error] Cannot read properties of undefined (reading 'accessToken'): TypeError: Cannot read properties of undefined (reading 'accessToken')
    at p.z (vscode-file://vscode-app/usr/share/code/resources/app/out/vs/workbench/workbench.desktop.main.js:1686:21851)
    at p.C (vscode-file://vscode-app/usr/share/code/resources/app/out/vs/workbench/workbench.desktop.main.js:1686:22484)
    at d.value (vscode-file://vscode-app/usr/share/code/resources/app/out/vs/workbench/workbench.desktop.main.js:1686:21653)
2025-02-10 06:49:25.453 [info] Started local extension host with pid 23837.
2025-02-10 06:49:31.005 [error] [/home/maskura/.vscode/extensions/ms-python.python-2024.16.1-linux-x64]: Extension is not compatible with Code 1.89.1. Extension requires: ^1.94.0-20240918.
2025-02-10 06:49:31.006 [error] [/home/maskura/.vscode/extensions/ms-python.vscode-pylance-2024.10.1]: Extension is not compatible with Code 1.89.1. Extension requires: ^1.91.0.
2025-02-10 06:49:31.009 [error] [/home/maskura/.vscode/extensions/ms-python.python-2024.18.0-linux-x64]: Extension is not compatible with Code 1.89.1. Extension requires: ^1.94.0-20240918.
2025-02-10 06:49:31.010 [error] [/home/maskura/.vscode/extensions/ms-python.vscode-pylance-2024.11.1]: Extension is not compatible with Code 1.89.1. Extension requires: ^1.91.0.
2025-02-10 06:49:31.010 [error] [/home/maskura/.vscode/extensions/ms-python.debugpy-2024.12.0-linux-x64]: Extension is not compatible with Code 1.89.1. Extension requires: ^1.92.0.
2025-02-10 06:49:31.015 [error] [/home/maskura/.vscode/extensions/ms-python.python-2024.18.1-linux-x64]: Extension is not compatible with Code 1.89.1. Extension requires: ^1.94.0-20240918.
2025-02-10 06:49:31.016 [error] [/home/maskura/.vscode/extensions/ms-python.python-2024.20.0-linux-x64]: Extension is not compatible with Code 1.89.1. Extension requires: ^1.94.0-20240918.
2025-02-10 06:49:31.016 [error] [/home/maskura/.vscode/extensions/ms-python.vscode-pylance-2024.11.2]: Extension is not compatible with Code 1.89.1. Extension requires: ^1.91.0.
2025-02-10 06:49:31.017 [error] [/home/maskura/.vscode/extensions/ms-python.vscode-pylance-2024.11.3]: Extension is not compatible with Code 1.89.1. Extension requires: ^1.91.0.
2025-02-10 06:49:31.018 [error] [/home/maskura/.vscode/extensions/ms-python.python-2024.22.0-linux-x64]: Extension is not compatible with Code 1.89.1. Extension requires: ^1.94.0-20240918.
2025-02-10 06:49:31.018 [error] [/home/maskura/.vscode/extensions/ms-python.debugpy-2024.14.0-linux-x64]: Extension is not compatible with Code 1.89.1. Extension requires: ^1.92.0.
2025-02-10 06:49:31.023 [error] [/home/maskura/.vscode/extensions/ms-python.vscode-pylance-2024.12.1]: Extension is not compatible with Code 1.89.1. Extension requires: ^1.91.0.
2025-02-10 06:49:31.024 [error] [/home/maskura/.vscode/extensions/ms-python.python-2024.22.1-linux-x64]: Extension is not compatible with Code 1.89.1. Extension requires: ^1.94.0-20240918.
2025-02-10 06:49:31.026 [error] [/home/maskura/.vscode/extensions/ms-python.python-2024.22.2-linux-x64]: Extension is not compatible with Code 1.89.1. Extension requires: ^1.94.0-20240918.
2025-02-10 06:49:31.811 [error] Cannot read properties of undefined (reading 'accessToken'): TypeError: Cannot read properties of undefined (reading 'accessToken')
    at p.z (vscode-file://vscode-app/usr/share/code/resources/app/out/vs/workbench/workbench.desktop.main.js:1686:21851)
    at p.C (vscode-file://vscode-app/usr/share/code/resources/app/out/vs/workbench/workbench.desktop.main.js:1686:22484)
    at d.value (vscode-file://vscode-app/usr/share/code/resources/app/out/vs/workbench/workbench.desktop.main.js:1686:21653)
2025-02-10 06:49:34.783 [info] [perf] Render performance baseline is 126ms
2025-02-10 06:49:41.962 [error] Unknown error while installing extension ms-python.debugpy: Unknown: Unknown error while installing extension ms-python.debugpy
    at J.installFromGallery (/usr/share/code/resources/app/out/vs/code/node/sharedProcess/sharedProcessMain.js:104:59750)
2025-02-10 06:49:43.877 [error] Unknown error while installing extension ms-python.python: Unknown: Unknown error while installing extension ms-python.python
    at J.installFromGallery (/usr/share/code/resources/app/out/vs/code/node/sharedProcess/sharedProcessMain.js:104:59750)
2025-02-10 06:49:56.316 [error] Unknown error while installing extension ms-python.vscode-pylance: Unknown: Unknown error while installing extension ms-python.vscode-pylance
    at J.installFromGallery (/usr/share/code/resources/app/out/vs/code/node/sharedProcess/sharedProcessMain.js:104:59750)
