2025-02-10 06:48:42.640 [info] Added views:workbench.panel.markers.view in workbench.panel.markers
2025-02-10 06:48:42.640 [info] Added views:workbench.panel.output in workbench.panel.output
2025-02-10 06:48:42.640 [info] Added views:terminal in terminal
2025-02-10 06:48:42.640 [info] Added views:outline in workbench.view.explorer
2025-02-10 06:48:42.640 [info] Added views:workbench.scm in workbench.view.scm
2025-02-10 06:48:42.640 [info] Added views:workbench.view.search in workbench.view.search
2025-02-10 06:48:42.640 [info] Added views:timeline in workbench.view.explorer
2025-02-10 06:48:42.640 [info] Added views:workbench.explorer.fileView in workbench.view.explorer
2025-02-10 06:48:43.602 [info] Added views:workbench.debug.welcome in workbench.view.debug
2025-02-10 06:48:45.517 [info] Added views:workbench.panel.repl.view in workbench.panel.repl
2025-02-10 06:48:48.286 [info] Added views:~remote.forwardedPorts in ~remote.forwardedPortsContainer
2025-02-10 06:48:58.638 [info] Added views:workbench.panel.markers.view in workbench.panel.markers
2025-02-10 06:48:58.638 [info] Added views:workbench.panel.output in workbench.panel.output
2025-02-10 06:48:58.638 [info] Added views:terminal in terminal
2025-02-10 06:48:58.638 [info] Added views:outline in workbench.view.explorer
2025-02-10 06:48:58.638 [info] Added views:workbench.scm in workbench.view.scm
2025-02-10 06:48:58.638 [info] Added views:workbench.view.search in workbench.view.search
2025-02-10 06:48:58.638 [info] Added views:timeline in workbench.view.explorer
2025-02-10 06:48:58.638 [info] Added views:workbench.explorer.fileView in workbench.view.explorer
2025-02-10 06:48:58.833 [info] Added views:workbench.debug.welcome in workbench.view.debug
2025-02-10 06:49:00.493 [info] Added views:workbench.panel.repl.view in workbench.panel.repl
2025-02-10 06:49:04.370 [info] Added views:~remote.forwardedPorts in ~remote.forwardedPortsContainer
2025-02-10 06:49:24.952 [info] Added views:workbench.panel.markers.view in workbench.panel.markers
2025-02-10 06:49:24.952 [info] Added views:workbench.panel.output in workbench.panel.output
2025-02-10 06:49:24.952 [info] Added views:terminal in terminal
2025-02-10 06:49:24.952 [info] Added views:outline in workbench.view.explorer
2025-02-10 06:49:24.952 [info] Added views:workbench.scm in workbench.view.scm
2025-02-10 06:49:24.952 [info] Added views:workbench.view.search in workbench.view.search
2025-02-10 06:49:24.952 [info] Added views:timeline in workbench.view.explorer
2025-02-10 06:49:24.952 [info] Added views:workbench.explorer.fileView in workbench.view.explorer
2025-02-10 06:49:25.430 [info] Added views:workbench.debug.welcome in workbench.view.debug
2025-02-10 06:49:25.914 [info] Added views:dotenv.view.vault in workbench.view.extension.dotenv
2025-02-10 06:49:26.545 [info] Added views:workbench.panel.repl.view in workbench.panel.repl
2025-02-10 06:49:32.891 [info] Added views:~remote.forwardedPorts in ~remote.forwardedPortsContainer
