2025-03-07 11:36:53.498 [info] Reading sessions from keychain...
2025-03-07 11:36:53.498 [info] Getting sessions for all scopes...
2025-03-07 11:36:53.498 [info] Getting sessions for all scopes...
2025-03-07 11:36:53.498 [info] Getting sessions for read:user,repo,user:email,workflow...
2025-03-07 11:36:53.750 [info] Got 0 sessions for ...
2025-03-07 11:36:53.750 [info] Got 0 sessions for ...
2025-03-07 11:36:53.751 [info] Got 0 sessions for read:user,repo,user:email,workflow...
2025-03-07 11:37:14.567 [info] Getting sessions for all scopes...
2025-03-07 11:37:14.567 [info] Got 0 sessions for ...
2025-03-07 11:37:30.699 [info] Reading sessions from keychain...
2025-03-07 11:37:30.699 [info] Getting sessions for all scopes...
2025-03-07 11:37:30.699 [info] Getting sessions for all scopes...
2025-03-07 11:37:30.699 [info] Got 0 sessions for ...
2025-03-07 11:37:30.699 [info] Got 0 sessions for ...
2025-03-07 11:37:30.699 [info] Getting sessions for all scopes...
2025-03-07 11:37:30.699 [info] Got 0 sessions for ...
2025-03-07 11:37:30.699 [info] Getting sessions for read:user,repo,user:email,workflow...
2025-03-07 11:37:30.699 [info] Got 0 sessions for read:user,repo,user:email,workflow...
2025-03-07 11:37:31.152 [info] Getting sessions for all scopes...
2025-03-07 11:37:31.152 [info] Got 0 sessions for ...
