2024-12-30 23:51:02.222 [info] Log level: Info
2024-12-30 23:51:02.222 [info] Validating found git in: "git"
2024-12-30 23:51:02.222 [info] Using git "2.43.0" from "git"
2024-12-30 23:51:02.222 [info] > git rev-parse --show-toplevel [59ms]
2024-12-30 23:51:02.222 [info] > git rev-parse --git-dir --git-common-dir [15ms]
2024-12-30 23:51:02.222 [info] Open repository: /mnt/hdd/HDD(lost+found)/instant_chef_project/recipe_filter
2024-12-30 23:51:02.222 [info] > git config --get commit.template [24ms]
2024-12-30 23:51:02.232 [info] > git rev-parse --show-toplevel [47ms]
2024-12-30 23:51:02.265 [info] > git for-each-ref --format=%(refname)%00%(upstream:short)%00%(objectname)%00%(upstream:track)%00%(upstream:remotename)%00%(upstream:remoteref) refs/heads/main refs/remotes/main [17ms]
2024-12-30 23:51:02.276 [info] > git rev-parse --show-toplevel [13ms]
2024-12-30 23:51:02.345 [info] > git rev-parse --show-toplevel [49ms]
2024-12-30 23:51:02.371 [info] > git rev-parse --show-toplevel [2ms]
2024-12-30 23:51:02.426 [info] > git rev-parse --show-toplevel [8ms]
2024-12-30 23:51:02.453 [info] > git status -z -uall [122ms]
2024-12-30 23:51:02.584 [info] > git merge-base refs/heads/main refs/remotes/origin/main [89ms]
2024-12-30 23:51:02.610 [info] > git rev-parse --show-toplevel [159ms]
2024-12-30 23:51:02.872 [info] > git rev-list --count --left-right refs/heads/main...refs/remotes/origin/main [262ms]
2024-12-30 23:51:02.902 [info] > git config --get commit.template [317ms]
2024-12-30 23:51:03.093 [info] > git diff --name-status -z --diff-filter=ADMR 85926a403c70adf575db626f7cfeae5292774141...refs/remotes/origin/main [200ms]
2024-12-30 23:51:03.118 [info] > git for-each-ref --format=%(refname)%00%(upstream:short)%00%(objectname)%00%(upstream:track)%00%(upstream:remotename)%00%(upstream:remoteref) refs/heads/main refs/remotes/main [54ms]
2024-12-30 23:51:03.236 [info] > git status -z -uall [95ms]
2024-12-30 23:51:03.543 [info] > git check-ignore -v -z --stdin [7ms]
2024-12-30 23:51:09.669 [info] Log level: Info
2024-12-30 23:51:09.669 [info] Validating found git in: "git"
2024-12-30 23:51:09.669 [info] Using git "2.43.0" from "git"
2024-12-30 23:51:09.669 [info] > git rev-parse --show-toplevel [6ms]
2024-12-30 23:51:09.670 [info] > git rev-parse --git-dir --git-common-dir [2ms]
2024-12-30 23:51:09.709 [info] Open repository: /mnt/hdd/HDD(lost+found)/instant_chef_project/recipe_filter
2024-12-30 23:51:09.756 [info] > git rev-parse --show-toplevel [7ms]
2024-12-30 23:51:09.758 [info] > git config --get commit.template [22ms]
2024-12-30 23:51:09.817 [info] > git for-each-ref --format=%(refname)%00%(upstream:short)%00%(objectname)%00%(upstream:track)%00%(upstream:remotename)%00%(upstream:remoteref) refs/heads/main refs/remotes/main [13ms]
2024-12-30 23:51:09.818 [info] > git rev-parse --show-toplevel [35ms]
2024-12-30 23:51:09.835 [info] > git rev-parse --show-toplevel [6ms]
2024-12-30 23:51:09.868 [info] > git rev-parse --show-toplevel [5ms]
2024-12-30 23:51:09.890 [info] > git rev-parse --show-toplevel [1ms]
2024-12-30 23:51:09.912 [info] > git status -z -uall [65ms]
2024-12-30 23:51:10.199 [info] > git merge-base refs/heads/main refs/remotes/origin/main [258ms]
2024-12-30 23:51:10.223 [info] > git rev-parse --show-toplevel [315ms]
2024-12-30 23:51:10.252 [info] > git rev-list --count --left-right refs/heads/main...refs/remotes/origin/main [28ms]
2024-12-30 23:51:10.277 [info] > git config --get commit.template [82ms]
2024-12-30 23:51:10.316 [info] > git diff --name-status -z --diff-filter=ADMR 85926a403c70adf575db626f7cfeae5292774141...refs/remotes/origin/main [41ms]
2024-12-30 23:51:10.338 [info] > git for-each-ref --format=%(refname)%00%(upstream:short)%00%(objectname)%00%(upstream:track)%00%(upstream:remotename)%00%(upstream:remoteref) refs/heads/main refs/remotes/main [4ms]
2024-12-30 23:51:10.592 [info] > git status -z -uall [96ms]
2024-12-30 23:51:11.037 [info] > git check-ignore -v -z --stdin [16ms]
2024-12-30 23:51:13.753 [info] > git show --textconv :controllers/recipeController.js [19ms]
2024-12-30 23:51:13.810 [info] > git ls-files --stage -- /mnt/hdd/HDD(lost+found)/instant_chef_project/recipe_filter/controllers/recipeController.js [56ms]
2024-12-30 23:51:13.834 [info] > git cat-file -s 84ffe6afdf4f8696dc6da1eba3f6769561d181e9 [14ms]
2024-12-30 23:51:16.583 [info] > git config --get commit.template [6ms]
2024-12-30 23:51:16.600 [info] > git for-each-ref --format=%(refname)%00%(upstream:short)%00%(objectname)%00%(upstream:track)%00%(upstream:remotename)%00%(upstream:remoteref) refs/heads/main refs/remotes/main [4ms]
2024-12-30 23:51:16.645 [info] > git status -z -uall [37ms]
