2025-03-07 11:36:50.060 [info] Log level: Info
2025-03-07 11:36:50.060 [info] Validating found git in: "git"
2025-03-07 11:36:50.060 [info] Using git "2.43.0" from "git"
2025-03-07 11:36:50.060 [info] > git rev-parse --show-toplevel [74ms]
2025-03-07 11:36:50.060 [info] > git rev-parse --git-dir --git-common-dir [8ms]
2025-03-07 11:36:50.060 [info] Open repository: /mnt/hdd/HDD(lost+found)/instant_chef_project/recipe_filter
2025-03-07 11:36:50.060 [info] > git config --get commit.template [52ms]
2025-03-07 11:36:50.060 [info] > git rev-parse --show-toplevel [54ms]
2025-03-07 11:36:50.060 [info] > git for-each-ref --format=%(refname)%00%(upstream:short)%00%(objectname)%00%(upstream:track)%00%(upstream:remotename)%00%(upstream:remoteref) refs/heads/main refs/remotes/main [186ms]
2025-03-07 11:36:50.060 [info] > git rev-parse --show-toplevel [187ms]
2025-03-07 11:36:50.060 [info] > git rev-parse --show-toplevel [10ms]
2025-03-07 11:36:50.060 [info] > git rev-parse --show-toplevel [4ms]
2025-03-07 11:36:50.060 [info] > git rev-parse --show-toplevel [67ms]
2025-03-07 11:36:50.060 [info] > git rev-parse --show-toplevel [33ms]
2025-03-07 11:36:50.060 [info] > git rev-parse --show-toplevel [23ms]
2025-03-07 11:36:50.060 [info] > git rev-parse --show-toplevel [51ms]
2025-03-07 11:36:51.481 [info] > git check-ignore -v -z --stdin [326ms]
2025-03-07 11:36:52.564 [info] > git status -z -uall [3085ms]
2025-03-07 11:36:52.672 [info] > git config --get commit.template [10ms]
2025-03-07 11:36:52.827 [info] > git for-each-ref --format=%(refname)%00%(upstream:short)%00%(objectname)%00%(upstream:track)%00%(upstream:remotename)%00%(upstream:remoteref) refs/heads/main refs/remotes/main [26ms]
2025-03-07 11:36:53.020 [info] > git status -z -uall [179ms]
2025-03-07 11:37:10.996 [info] > git config --get commit.template [33ms]
2025-03-07 11:37:11.000 [info] > git for-each-ref --format=%(refname)%00%(upstream:short)%00%(objectname)%00%(upstream:track)%00%(upstream:remotename)%00%(upstream:remoteref) refs/heads/main refs/remotes/main [8ms]
2025-03-07 11:37:11.404 [info] > git status -z -uall [382ms]
2025-03-07 11:37:14.407 [info] > git check-ignore -v -z --stdin [41ms]
2025-03-07 11:37:27.868 [info] Log level: Info
2025-03-07 11:37:27.868 [info] Validating found git in: "git"
2025-03-07 11:37:27.868 [info] Using git "2.43.0" from "git"
2025-03-07 11:37:27.868 [info] > git rev-parse --show-toplevel [42ms]
2025-03-07 11:37:27.957 [info] > git rev-parse --git-dir --git-common-dir [20ms]
2025-03-07 11:37:28.070 [info] Open repository: /mnt/hdd/HDD(lost+found)/instant_chef_project/recipe_filter
2025-03-07 11:37:28.281 [info] > git rev-parse --show-toplevel [64ms]
2025-03-07 11:37:28.296 [info] > git config --get commit.template [110ms]
2025-03-07 11:37:28.352 [info] > git rev-parse --show-toplevel [31ms]
2025-03-07 11:37:28.355 [info] > git for-each-ref --format=%(refname)%00%(upstream:short)%00%(objectname)%00%(upstream:track)%00%(upstream:remotename)%00%(upstream:remoteref) refs/heads/main refs/remotes/main [13ms]
2025-03-07 11:37:28.419 [info] > git rev-parse --show-toplevel [3ms]
2025-03-07 11:37:28.447 [info] > git rev-parse --show-toplevel [8ms]
2025-03-07 11:37:28.468 [info] > git rev-parse --show-toplevel [5ms]
2025-03-07 11:37:28.500 [info] > git rev-parse --show-toplevel [7ms]
2025-03-07 11:37:28.537 [info] > git rev-parse --show-toplevel [12ms]
2025-03-07 11:37:28.565 [info] > git rev-parse --show-toplevel [5ms]
2025-03-07 11:37:28.718 [info] > git status -z -uall [346ms]
2025-03-07 11:37:29.473 [info] > git check-ignore -v -z --stdin [239ms]
2025-03-07 11:37:29.492 [info] > git config --get commit.template [104ms]
2025-03-07 11:37:29.698 [info] > git for-each-ref --format=%(refname)%00%(upstream:short)%00%(objectname)%00%(upstream:track)%00%(upstream:remotename)%00%(upstream:remoteref) refs/heads/main refs/remotes/main [87ms]
2025-03-07 11:37:30.296 [info] > git status -z -uall [578ms]
2025-03-07 11:37:32.435 [info] > git ls-files --stage -- /mnt/hdd/HDD(lost+found)/instant_chef_project/recipe_filter/models/userModel.js [25ms]
2025-03-07 11:37:32.472 [info] > git show --textconv :models/userModel.js [112ms]
2025-03-07 11:37:32.483 [info] > git cat-file -s a5cb313e2726eb59e7a8ea923203b6a557ca7015 [37ms]
2025-03-07 11:37:34.648 [info] > git config --get commit.template [2ms]
2025-03-07 11:37:34.671 [info] > git for-each-ref --format=%(refname)%00%(upstream:short)%00%(objectname)%00%(upstream:track)%00%(upstream:remotename)%00%(upstream:remoteref) refs/heads/main refs/remotes/main [5ms]
2025-03-07 11:37:34.870 [info] > git status -z -uall [188ms]
2025-03-07 11:37:39.972 [info] > git config --get commit.template [7ms]
2025-03-07 11:37:40.011 [info] > git for-each-ref --format=%(refname)%00%(upstream:short)%00%(objectname)%00%(upstream:track)%00%(upstream:remotename)%00%(upstream:remoteref) refs/heads/main refs/remotes/main [11ms]
2025-03-07 11:37:40.492 [info] > git status -z -uall [430ms]
2025-03-07 11:37:45.541 [info] > git config --get commit.template [9ms]
2025-03-07 11:37:45.544 [info] > git for-each-ref --format=%(refname)%00%(upstream:short)%00%(objectname)%00%(upstream:track)%00%(upstream:remotename)%00%(upstream:remoteref) refs/heads/main refs/remotes/main [3ms]
2025-03-07 11:37:45.654 [info] > git status -z -uall [105ms]
2025-03-07 11:37:50.887 [info] > git for-each-ref --format=%(refname)%00%(upstream:short)%00%(objectname)%00%(upstream:track)%00%(upstream:remotename)%00%(upstream:remoteref) refs/heads/main refs/remotes/main [11ms]
2025-03-07 11:37:50.888 [info] > git config --get commit.template [21ms]
2025-03-07 11:37:50.984 [info] > git status -z -uall [90ms]
2025-03-07 11:38:43.319 [info] > git config --get commit.template [4ms]
2025-03-07 11:38:43.333 [info] > git for-each-ref --format=%(refname)%00%(upstream:short)%00%(objectname)%00%(upstream:track)%00%(upstream:remotename)%00%(upstream:remoteref) refs/heads/main refs/remotes/main [5ms]
2025-03-07 11:38:43.433 [info] > git status -z -uall [88ms]
2025-03-07 11:38:48.467 [info] > git config --get commit.template [12ms]
2025-03-07 11:38:48.468 [info] > git for-each-ref --format=%(refname)%00%(upstream:short)%00%(objectname)%00%(upstream:track)%00%(upstream:remotename)%00%(upstream:remoteref) refs/heads/main refs/remotes/main [3ms]
2025-03-07 11:38:48.530 [info] > git status -z -uall [56ms]
2025-03-07 11:40:41.551 [info] > git config --get commit.template [15ms]
2025-03-07 11:40:41.553 [info] > git for-each-ref --format=%(refname)%00%(upstream:short)%00%(objectname)%00%(upstream:track)%00%(upstream:remotename)%00%(upstream:remoteref) refs/heads/main refs/remotes/main [4ms]
2025-03-07 11:40:41.635 [info] > git status -z -uall [74ms]
2025-03-07 11:41:56.619 [info] > git show --textconv :.env [11ms]
2025-03-07 11:41:56.628 [info] > git ls-files --stage -- /mnt/hdd/HDD(lost+found)/instant_chef_project/recipe_filter/.env [10ms]
2025-03-07 11:41:58.125 [info] > git config --get commit.template [9ms]
2025-03-07 11:41:58.127 [info] > git for-each-ref --format=%(refname)%00%(upstream:short)%00%(objectname)%00%(upstream:track)%00%(upstream:remotename)%00%(upstream:remoteref) refs/heads/main refs/remotes/main [3ms]
2025-03-07 11:41:58.207 [info] > git status -z -uall [71ms]
2025-03-07 11:42:03.411 [info] > git config --get commit.template [7ms]
2025-03-07 11:42:03.413 [info] > git for-each-ref --format=%(refname)%00%(upstream:short)%00%(objectname)%00%(upstream:track)%00%(upstream:remotename)%00%(upstream:remoteref) refs/heads/main refs/remotes/main [2ms]
2025-03-07 11:42:03.476 [info] > git status -z -uall [57ms]
2025-03-07 11:42:26.964 [info] > git for-each-ref --format=%(refname)%00%(upstream:short)%00%(objectname)%00%(upstream:track)%00%(upstream:remotename)%00%(upstream:remoteref) refs/heads/main refs/remotes/main [4ms]
2025-03-07 11:42:26.965 [info] > git config --get commit.template [21ms]
2025-03-07 11:42:27.041 [info] > git status -z -uall [68ms]
2025-03-07 11:42:32.064 [info] > git config --get commit.template [11ms]
2025-03-07 11:42:32.066 [info] > git for-each-ref --format=%(refname)%00%(upstream:short)%00%(objectname)%00%(upstream:track)%00%(upstream:remotename)%00%(upstream:remoteref) refs/heads/main refs/remotes/main [3ms]
2025-03-07 11:42:32.128 [info] > git status -z -uall [56ms]
2025-03-07 11:42:37.289 [info] > git config --get commit.template [10ms]
2025-03-07 11:42:37.292 [info] > git for-each-ref --format=%(refname)%00%(upstream:short)%00%(objectname)%00%(upstream:track)%00%(upstream:remotename)%00%(upstream:remoteref) refs/heads/main refs/remotes/main [5ms]
2025-03-07 11:42:37.360 [info] > git status -z -uall [61ms]
2025-03-07 11:42:47.913 [info] > git config --get commit.template [9ms]
2025-03-07 11:42:47.915 [info] > git for-each-ref --format=%(refname)%00%(upstream:short)%00%(objectname)%00%(upstream:track)%00%(upstream:remotename)%00%(upstream:remoteref) refs/heads/main refs/remotes/main [2ms]
2025-03-07 11:42:47.978 [info] > git status -z -uall [58ms]
2025-03-07 11:42:57.109 [info] > git config --get commit.template [10ms]
2025-03-07 11:42:57.111 [info] > git for-each-ref --format=%(refname)%00%(upstream:short)%00%(objectname)%00%(upstream:track)%00%(upstream:remotename)%00%(upstream:remoteref) refs/heads/main refs/remotes/main [3ms]
2025-03-07 11:42:57.178 [info] > git status -z -uall [62ms]
2025-03-07 11:43:12.949 [info] > git config --get commit.template [8ms]
2025-03-07 11:43:12.950 [info] > git for-each-ref --format=%(refname)%00%(upstream:short)%00%(objectname)%00%(upstream:track)%00%(upstream:remotename)%00%(upstream:remoteref) refs/heads/main refs/remotes/main [2ms]
2025-03-07 11:43:13.022 [info] > git status -z -uall [62ms]
2025-03-07 11:43:19.180 [info] > git config --get commit.template [8ms]
2025-03-07 11:43:19.182 [info] > git for-each-ref --format=%(refname)%00%(upstream:short)%00%(objectname)%00%(upstream:track)%00%(upstream:remotename)%00%(upstream:remoteref) refs/heads/main refs/remotes/main [3ms]
2025-03-07 11:43:19.249 [info] > git status -z -uall [62ms]
2025-03-07 11:43:24.274 [info] > git config --get commit.template [2ms]
2025-03-07 11:43:24.285 [info] > git for-each-ref --format=%(refname)%00%(upstream:short)%00%(objectname)%00%(upstream:track)%00%(upstream:remotename)%00%(upstream:remoteref) refs/heads/main refs/remotes/main [3ms]
2025-03-07 11:43:24.348 [info] > git status -z -uall [55ms]
2025-03-07 11:43:59.500 [info] > git config --get commit.template [2ms]
2025-03-07 11:43:59.514 [info] > git for-each-ref --format=%(refname)%00%(upstream:short)%00%(objectname)%00%(upstream:track)%00%(upstream:remotename)%00%(upstream:remoteref) refs/heads/main refs/remotes/main [4ms]
2025-03-07 11:43:59.585 [info] > git status -z -uall [63ms]
2025-03-07 11:44:03.191 [info] > git ls-files --stage -- /mnt/hdd/HDD(lost+found)/instant_chef_project/recipe_filter/routes/recipeRoute.js [7ms]
2025-03-07 11:44:03.260 [info] > git show --textconv :routes/recipeRoute.js [88ms]
2025-03-07 11:44:03.263 [info] > git cat-file -s f7c28ad6726d64273fc21401760798d2d754d888 [62ms]
2025-03-07 11:44:04.711 [info] > git config --get commit.template [2ms]
2025-03-07 11:44:04.727 [info] > git for-each-ref --format=%(refname)%00%(upstream:short)%00%(objectname)%00%(upstream:track)%00%(upstream:remotename)%00%(upstream:remoteref) refs/heads/main refs/remotes/main [4ms]
2025-03-07 11:44:04.846 [info] > git status -z -uall [102ms]
2025-03-07 11:44:08.533 [info] > git ls-files --stage -- /mnt/hdd/HDD(lost+found)/instant_chef_project/recipe_filter/routes/chatbotRoute.js [14ms]
2025-03-07 11:44:08.545 [info] > git show --textconv :routes/chatbotRoute.js [45ms]
2025-03-07 11:44:08.547 [info] > git cat-file -s d37bf1f403e1c60bb956d8e415db5b606ae310c1 [4ms]
2025-03-07 11:44:16.550 [info] > git config --get commit.template [2ms]
2025-03-07 11:44:16.559 [info] > git for-each-ref --format=%(refname)%00%(upstream:short)%00%(objectname)%00%(upstream:track)%00%(upstream:remotename)%00%(upstream:remoteref) refs/heads/main refs/remotes/main [3ms]
2025-03-07 11:44:16.624 [info] > git status -z -uall [58ms]
2025-03-07 11:44:18.901 [info] > git ls-files --stage -- /mnt/hdd/HDD(lost+found)/instant_chef_project/recipe_filter/app.js [7ms]
2025-03-07 11:44:18.936 [info] > git show --textconv :app.js [76ms]
2025-03-07 11:44:18.939 [info] > git cat-file -s 687f8d91e16ef4f5271de6e3aa9048840121248c [29ms]
2025-03-07 11:44:21.641 [info] > git config --get commit.template [3ms]
2025-03-07 11:44:21.650 [info] > git for-each-ref --format=%(refname)%00%(upstream:short)%00%(objectname)%00%(upstream:track)%00%(upstream:remotename)%00%(upstream:remoteref) refs/heads/main refs/remotes/main [3ms]
2025-03-07 11:44:21.723 [info] > git status -z -uall [67ms]
2025-03-07 11:45:10.846 [info] > git config --get commit.template [12ms]
2025-03-07 11:45:10.848 [info] > git for-each-ref --format=%(refname)%00%(upstream:short)%00%(objectname)%00%(upstream:track)%00%(upstream:remotename)%00%(upstream:remoteref) refs/heads/main refs/remotes/main [4ms]
2025-03-07 11:45:10.927 [info] > git status -z -uall [70ms]
2025-03-07 11:45:15.949 [info] > git config --get commit.template [7ms]
2025-03-07 11:45:15.951 [info] > git for-each-ref --format=%(refname)%00%(upstream:short)%00%(objectname)%00%(upstream:track)%00%(upstream:remotename)%00%(upstream:remoteref) refs/heads/main refs/remotes/main [3ms]
2025-03-07 11:45:16.021 [info] > git status -z -uall [62ms]
2025-03-07 11:45:21.047 [info] > git config --get commit.template [10ms]
2025-03-07 11:45:21.048 [info] > git for-each-ref --format=%(refname)%00%(upstream:short)%00%(objectname)%00%(upstream:track)%00%(upstream:remotename)%00%(upstream:remoteref) refs/heads/main refs/remotes/main [3ms]
2025-03-07 11:45:21.129 [info] > git status -z -uall [74ms]
2025-03-07 11:45:23.059 [info] > git show --textconv :.env [10ms]
2025-03-07 11:45:23.064 [info] > git ls-files --stage -- /mnt/hdd/HDD(lost+found)/instant_chef_project/recipe_filter/.env [6ms]
2025-03-07 11:45:26.153 [info] > git config --get commit.template [11ms]
2025-03-07 11:45:26.155 [info] > git for-each-ref --format=%(refname)%00%(upstream:short)%00%(objectname)%00%(upstream:track)%00%(upstream:remotename)%00%(upstream:remoteref) refs/heads/main refs/remotes/main [3ms]
2025-03-07 11:45:26.221 [info] > git status -z -uall [59ms]
2025-03-07 11:45:31.248 [info] > git config --get commit.template [11ms]
2025-03-07 11:45:31.250 [info] > git for-each-ref --format=%(refname)%00%(upstream:short)%00%(objectname)%00%(upstream:track)%00%(upstream:remotename)%00%(upstream:remoteref) refs/heads/main refs/remotes/main [3ms]
2025-03-07 11:45:31.326 [info] > git status -z -uall [69ms]
2025-03-07 11:45:36.509 [info] > git config --get commit.template [10ms]
2025-03-07 11:45:36.512 [info] > git for-each-ref --format=%(refname)%00%(upstream:short)%00%(objectname)%00%(upstream:track)%00%(upstream:remotename)%00%(upstream:remoteref) refs/heads/main refs/remotes/main [3ms]
2025-03-07 11:45:36.580 [info] > git status -z -uall [60ms]
2025-03-07 11:45:44.303 [info] > git config --get commit.template [9ms]
2025-03-07 11:45:44.317 [info] > git for-each-ref --format=%(refname)%00%(upstream:short)%00%(objectname)%00%(upstream:track)%00%(upstream:remotename)%00%(upstream:remoteref) refs/heads/main refs/remotes/main [3ms]
2025-03-07 11:45:44.391 [info] > git status -z -uall [65ms]
2025-03-07 11:45:49.415 [info] > git config --get commit.template [9ms]
2025-03-07 11:45:49.417 [info] > git for-each-ref --format=%(refname)%00%(upstream:short)%00%(objectname)%00%(upstream:track)%00%(upstream:remotename)%00%(upstream:remoteref) refs/heads/main refs/remotes/main [3ms]
2025-03-07 11:45:49.489 [info] > git status -z -uall [63ms]
2025-03-07 11:45:54.511 [info] > git config --get commit.template [8ms]
2025-03-07 11:45:54.512 [info] > git for-each-ref --format=%(refname)%00%(upstream:short)%00%(objectname)%00%(upstream:track)%00%(upstream:remotename)%00%(upstream:remoteref) refs/heads/main refs/remotes/main [2ms]
2025-03-07 11:45:54.573 [info] > git status -z -uall [55ms]
2025-03-07 11:45:59.599 [info] > git config --get commit.template [9ms]
2025-03-07 11:45:59.601 [info] > git for-each-ref --format=%(refname)%00%(upstream:short)%00%(objectname)%00%(upstream:track)%00%(upstream:remotename)%00%(upstream:remoteref) refs/heads/main refs/remotes/main [3ms]
2025-03-07 11:45:59.672 [info] > git status -z -uall [65ms]
2025-03-07 11:46:05.842 [info] > git config --get commit.template [7ms]
2025-03-07 11:46:05.844 [info] > git for-each-ref --format=%(refname)%00%(upstream:short)%00%(objectname)%00%(upstream:track)%00%(upstream:remotename)%00%(upstream:remoteref) refs/heads/main refs/remotes/main [3ms]
2025-03-07 11:46:05.909 [info] > git status -z -uall [57ms]
2025-03-07 11:46:10.935 [info] > git config --get commit.template [8ms]
2025-03-07 11:46:10.938 [info] > git for-each-ref --format=%(refname)%00%(upstream:short)%00%(objectname)%00%(upstream:track)%00%(upstream:remotename)%00%(upstream:remoteref) refs/heads/main refs/remotes/main [4ms]
2025-03-07 11:46:11.006 [info] > git status -z -uall [61ms]
2025-03-07 11:46:16.027 [info] > git config --get commit.template [7ms]
2025-03-07 11:46:16.028 [info] > git for-each-ref --format=%(refname)%00%(upstream:short)%00%(objectname)%00%(upstream:track)%00%(upstream:remotename)%00%(upstream:remoteref) refs/heads/main refs/remotes/main [2ms]
2025-03-07 11:46:16.090 [info] > git status -z -uall [56ms]
2025-03-07 11:46:21.117 [info] > git config --get commit.template [10ms]
2025-03-07 11:46:21.119 [info] > git for-each-ref --format=%(refname)%00%(upstream:short)%00%(objectname)%00%(upstream:track)%00%(upstream:remotename)%00%(upstream:remoteref) refs/heads/main refs/remotes/main [3ms]
2025-03-07 11:46:21.182 [info] > git status -z -uall [56ms]
2025-03-07 11:46:26.209 [info] > git config --get commit.template [11ms]
2025-03-07 11:46:26.211 [info] > git for-each-ref --format=%(refname)%00%(upstream:short)%00%(objectname)%00%(upstream:track)%00%(upstream:remotename)%00%(upstream:remoteref) refs/heads/main refs/remotes/main [3ms]
2025-03-07 11:46:26.276 [info] > git status -z -uall [56ms]
2025-03-07 11:46:38.315 [info] > git config --get commit.template [10ms]
2025-03-07 11:46:38.316 [info] > git for-each-ref --format=%(refname)%00%(upstream:short)%00%(objectname)%00%(upstream:track)%00%(upstream:remotename)%00%(upstream:remoteref) refs/heads/main refs/remotes/main [3ms]
2025-03-07 11:46:38.378 [info] > git status -z -uall [56ms]
2025-03-07 11:46:52.065 [info] > git config --get commit.template [7ms]
2025-03-07 11:46:52.066 [info] > git for-each-ref --format=%(refname)%00%(upstream:short)%00%(objectname)%00%(upstream:track)%00%(upstream:remotename)%00%(upstream:remoteref) refs/heads/main refs/remotes/main [2ms]
2025-03-07 11:46:52.133 [info] > git status -z -uall [60ms]
2025-03-07 11:46:57.159 [info] > git config --get commit.template [10ms]
2025-03-07 11:46:57.162 [info] > git for-each-ref --format=%(refname)%00%(upstream:short)%00%(objectname)%00%(upstream:track)%00%(upstream:remotename)%00%(upstream:remoteref) refs/heads/main refs/remotes/main [3ms]
2025-03-07 11:46:57.228 [info] > git status -z -uall [56ms]
2025-03-07 11:47:03.343 [info] > git config --get commit.template [9ms]
2025-03-07 11:47:03.346 [info] > git for-each-ref --format=%(refname)%00%(upstream:short)%00%(objectname)%00%(upstream:track)%00%(upstream:remotename)%00%(upstream:remoteref) refs/heads/main refs/remotes/main [3ms]
2025-03-07 11:47:03.413 [info] > git status -z -uall [59ms]
2025-03-07 11:52:04.039 [info] > git config --get commit.template [4ms]
2025-03-07 11:52:04.054 [info] > git for-each-ref --format=%(refname)%00%(upstream:short)%00%(objectname)%00%(upstream:track)%00%(upstream:remotename)%00%(upstream:remoteref) refs/heads/main refs/remotes/main [4ms]
2025-03-07 11:52:04.127 [info] > git status -z -uall [66ms]
2025-03-07 11:52:09.152 [info] > git config --get commit.template [8ms]
2025-03-07 11:52:09.154 [info] > git for-each-ref --format=%(refname)%00%(upstream:short)%00%(objectname)%00%(upstream:track)%00%(upstream:remotename)%00%(upstream:remoteref) refs/heads/main refs/remotes/main [3ms]
2025-03-07 11:52:09.221 [info] > git status -z -uall [61ms]
2025-03-07 11:52:14.243 [info] > git config --get commit.template [8ms]
2025-03-07 11:52:14.245 [info] > git for-each-ref --format=%(refname)%00%(upstream:short)%00%(objectname)%00%(upstream:track)%00%(upstream:remotename)%00%(upstream:remoteref) refs/heads/main refs/remotes/main [3ms]
2025-03-07 11:52:14.318 [info] > git status -z -uall [68ms]
2025-03-07 11:52:19.346 [info] > git config --get commit.template [9ms]
2025-03-07 11:52:19.348 [info] > git for-each-ref --format=%(refname)%00%(upstream:short)%00%(objectname)%00%(upstream:track)%00%(upstream:remotename)%00%(upstream:remoteref) refs/heads/main refs/remotes/main [3ms]
2025-03-07 11:52:19.410 [info] > git status -z -uall [56ms]
2025-03-07 11:52:24.434 [info] > git config --get commit.template [9ms]
2025-03-07 11:52:24.435 [info] > git for-each-ref --format=%(refname)%00%(upstream:short)%00%(objectname)%00%(upstream:track)%00%(upstream:remotename)%00%(upstream:remoteref) refs/heads/main refs/remotes/main [2ms]
2025-03-07 11:52:24.501 [info] > git status -z -uall [59ms]
2025-03-07 11:55:31.838 [info] > git show --textconv :routes/listmodel.js [16ms]
2025-03-07 11:55:31.851 [info] > git ls-files --stage -- /mnt/hdd/HDD(lost+found)/instant_chef_project/recipe_filter/routes/listmodel.js [15ms]
2025-03-07 11:55:31.996 [info] > git check-ignore -v -z --stdin [14ms]
2025-03-07 11:55:46.819 [info] > git config --get commit.template [29ms]
2025-03-07 11:55:46.823 [info] > git for-each-ref --format=%(refname)%00%(upstream:short)%00%(objectname)%00%(upstream:track)%00%(upstream:remotename)%00%(upstream:remoteref) refs/heads/main refs/remotes/main [9ms]
2025-03-07 11:55:46.911 [info] > git status -z -uall [78ms]
2025-03-07 11:55:51.938 [info] > git config --get commit.template [9ms]
2025-03-07 11:55:51.941 [info] > git for-each-ref --format=%(refname)%00%(upstream:short)%00%(objectname)%00%(upstream:track)%00%(upstream:remotename)%00%(upstream:remoteref) refs/heads/main refs/remotes/main [3ms]
2025-03-07 11:55:52.005 [info] > git status -z -uall [57ms]
2025-03-07 11:56:01.856 [info] > git config --get commit.template [18ms]
2025-03-07 11:56:01.858 [info] > git for-each-ref --format=%(refname)%00%(upstream:short)%00%(objectname)%00%(upstream:track)%00%(upstream:remotename)%00%(upstream:remoteref) refs/heads/main refs/remotes/main [5ms]
2025-03-07 11:56:01.949 [info] > git status -z -uall [81ms]
2025-03-07 11:56:06.972 [info] > git config --get commit.template [7ms]
2025-03-07 11:56:06.974 [info] > git for-each-ref --format=%(refname)%00%(upstream:short)%00%(objectname)%00%(upstream:track)%00%(upstream:remotename)%00%(upstream:remoteref) refs/heads/main refs/remotes/main [2ms]
2025-03-07 11:56:07.037 [info] > git status -z -uall [58ms]
2025-03-07 11:56:12.066 [info] > git config --get commit.template [9ms]
2025-03-07 11:56:12.068 [info] > git for-each-ref --format=%(refname)%00%(upstream:short)%00%(objectname)%00%(upstream:track)%00%(upstream:remotename)%00%(upstream:remoteref) refs/heads/main refs/remotes/main [3ms]
2025-03-07 11:56:12.135 [info] > git status -z -uall [60ms]
2025-03-07 11:56:22.306 [info] > git config --get commit.template [9ms]
2025-03-07 11:56:22.308 [info] > git for-each-ref --format=%(refname)%00%(upstream:short)%00%(objectname)%00%(upstream:track)%00%(upstream:remotename)%00%(upstream:remoteref) refs/heads/main refs/remotes/main [3ms]
2025-03-07 11:56:22.381 [info] > git status -z -uall [68ms]
2025-03-07 11:56:28.698 [info] > git config --get commit.template [12ms]
2025-03-07 11:56:28.700 [info] > git for-each-ref --format=%(refname)%00%(upstream:short)%00%(objectname)%00%(upstream:track)%00%(upstream:remotename)%00%(upstream:remoteref) refs/heads/main refs/remotes/main [4ms]
2025-03-07 11:56:28.767 [info] > git status -z -uall [58ms]
2025-03-07 11:57:58.121 [info] > git config --get commit.template [14ms]
2025-03-07 11:57:58.125 [info] > git for-each-ref --format=%(refname)%00%(upstream:short)%00%(objectname)%00%(upstream:track)%00%(upstream:remotename)%00%(upstream:remoteref) refs/heads/main refs/remotes/main [6ms]
2025-03-07 11:57:58.212 [info] > git status -z -uall [78ms]
2025-03-07 11:58:03.240 [info] > git config --get commit.template [10ms]
2025-03-07 11:58:03.242 [info] > git for-each-ref --format=%(refname)%00%(upstream:short)%00%(objectname)%00%(upstream:track)%00%(upstream:remotename)%00%(upstream:remoteref) refs/heads/main refs/remotes/main [3ms]
2025-03-07 11:58:03.310 [info] > git status -z -uall [59ms]
2025-03-07 11:58:53.131 [info] > git config --get commit.template [20ms]
2025-03-07 11:58:53.138 [info] > git for-each-ref --format=%(refname)%00%(upstream:short)%00%(objectname)%00%(upstream:track)%00%(upstream:remotename)%00%(upstream:remoteref) refs/heads/main refs/remotes/main [11ms]
2025-03-07 11:58:53.226 [info] > git status -z -uall [77ms]
2025-03-07 11:58:58.260 [info] > git config --get commit.template [5ms]
2025-03-07 11:58:58.282 [info] > git for-each-ref --format=%(refname)%00%(upstream:short)%00%(objectname)%00%(upstream:track)%00%(upstream:remotename)%00%(upstream:remoteref) refs/heads/main refs/remotes/main [5ms]
2025-03-07 11:58:58.366 [info] > git status -z -uall [72ms]
2025-03-07 11:59:03.396 [info] > git config --get commit.template [11ms]
2025-03-07 11:59:03.398 [info] > git for-each-ref --format=%(refname)%00%(upstream:short)%00%(objectname)%00%(upstream:track)%00%(upstream:remotename)%00%(upstream:remoteref) refs/heads/main refs/remotes/main [4ms]
2025-03-07 11:59:03.465 [info] > git status -z -uall [57ms]
2025-03-07 11:59:11.693 [info] > git config --get commit.template [11ms]
2025-03-07 11:59:11.695 [info] > git for-each-ref --format=%(refname)%00%(upstream:short)%00%(objectname)%00%(upstream:track)%00%(upstream:remotename)%00%(upstream:remoteref) refs/heads/main refs/remotes/main [4ms]
2025-03-07 11:59:11.759 [info] > git status -z -uall [58ms]
2025-03-07 11:59:16.789 [info] > git config --get commit.template [10ms]
2025-03-07 11:59:16.790 [info] > git for-each-ref --format=%(refname)%00%(upstream:short)%00%(objectname)%00%(upstream:track)%00%(upstream:remotename)%00%(upstream:remoteref) refs/heads/main refs/remotes/main [2ms]
2025-03-07 11:59:16.853 [info] > git status -z -uall [56ms]
2025-03-07 11:59:25.869 [info] > git config --get commit.template [11ms]
2025-03-07 11:59:25.871 [info] > git for-each-ref --format=%(refname)%00%(upstream:short)%00%(objectname)%00%(upstream:track)%00%(upstream:remotename)%00%(upstream:remoteref) refs/heads/main refs/remotes/main [4ms]
2025-03-07 11:59:25.940 [info] > git status -z -uall [59ms]
2025-03-07 11:59:48.442 [info] > git config --get commit.template [16ms]
2025-03-07 11:59:48.443 [info] > git for-each-ref --format=%(refname)%00%(upstream:short)%00%(objectname)%00%(upstream:track)%00%(upstream:remotename)%00%(upstream:remoteref) refs/heads/main refs/remotes/main [7ms]
2025-03-07 11:59:48.534 [info] > git status -z -uall [83ms]
2025-03-07 12:00:09.568 [info] > git config --get commit.template [9ms]
2025-03-07 12:00:09.570 [info] > git for-each-ref --format=%(refname)%00%(upstream:short)%00%(objectname)%00%(upstream:track)%00%(upstream:remotename)%00%(upstream:remoteref) refs/heads/main refs/remotes/main [3ms]
2025-03-07 12:00:09.634 [info] > git status -z -uall [58ms]
2025-03-07 12:00:55.628 [info] > git config --get commit.template [2ms]
2025-03-07 12:00:55.649 [info] > git for-each-ref --format=%(refname)%00%(upstream:short)%00%(objectname)%00%(upstream:track)%00%(upstream:remotename)%00%(upstream:remoteref) refs/heads/main refs/remotes/main [5ms]
2025-03-07 12:00:55.733 [info] > git status -z -uall [73ms]
2025-03-07 12:00:59.529 [info] > git show --textconv :package.json [26ms]
2025-03-07 12:00:59.541 [info] > git ls-files --stage -- /mnt/hdd/HDD(lost+found)/instant_chef_project/recipe_filter/package.json [18ms]
2025-03-07 12:00:59.581 [info] > git cat-file -s 192c23168ce5e3e2b004f1563d7288092a9b900b [18ms]
2025-03-07 12:01:00.982 [info] > git config --get commit.template [10ms]
2025-03-07 12:01:00.983 [info] > git for-each-ref --format=%(refname)%00%(upstream:short)%00%(objectname)%00%(upstream:track)%00%(upstream:remotename)%00%(upstream:remoteref) refs/heads/main refs/remotes/main [4ms]
2025-03-07 12:01:01.051 [info] > git status -z -uall [61ms]
2025-03-07 12:01:06.072 [info] > git config --get commit.template [8ms]
2025-03-07 12:01:06.074 [info] > git for-each-ref --format=%(refname)%00%(upstream:short)%00%(objectname)%00%(upstream:track)%00%(upstream:remotename)%00%(upstream:remoteref) refs/heads/main refs/remotes/main [3ms]
2025-03-07 12:01:06.142 [info] > git status -z -uall [59ms]
2025-03-07 12:01:18.669 [info] > git config --get commit.template [8ms]
2025-03-07 12:01:18.670 [info] > git for-each-ref --format=%(refname)%00%(upstream:short)%00%(objectname)%00%(upstream:track)%00%(upstream:remotename)%00%(upstream:remoteref) refs/heads/main refs/remotes/main [4ms]
2025-03-07 12:01:18.754 [info] > git status -z -uall [77ms]
2025-03-07 12:04:39.860 [info] > git config --get commit.template [19ms]
2025-03-07 12:04:39.909 [info] > git for-each-ref --format=%(refname)%00%(upstream:short)%00%(objectname)%00%(upstream:track)%00%(upstream:remotename)%00%(upstream:remoteref) refs/heads/main refs/remotes/main [7ms]
2025-03-07 12:04:40.089 [info] > git status -z -uall [156ms]
2025-03-07 12:04:45.126 [info] > git config --get commit.template [10ms]
2025-03-07 12:04:45.128 [info] > git for-each-ref --format=%(refname)%00%(upstream:short)%00%(objectname)%00%(upstream:track)%00%(upstream:remotename)%00%(upstream:remoteref) refs/heads/main refs/remotes/main [2ms]
2025-03-07 12:04:45.190 [info] > git status -z -uall [57ms]
2025-03-07 12:06:41.701 [info] > git config --get commit.template [3ms]
2025-03-07 12:06:41.716 [info] > git for-each-ref --format=%(refname)%00%(upstream:short)%00%(objectname)%00%(upstream:track)%00%(upstream:remotename)%00%(upstream:remoteref) refs/heads/main refs/remotes/main [3ms]
2025-03-07 12:06:41.787 [info] > git status -z -uall [63ms]
2025-03-07 12:06:44.069 [info] > git show --textconv :routes/listmodel.js [15ms]
2025-03-07 12:06:44.072 [info] > git ls-files --stage -- /mnt/hdd/HDD(lost+found)/instant_chef_project/recipe_filter/routes/listmodel.js [6ms]
2025-03-07 12:06:46.812 [info] > git config --get commit.template [8ms]
2025-03-07 12:06:46.814 [info] > git for-each-ref --format=%(refname)%00%(upstream:short)%00%(objectname)%00%(upstream:track)%00%(upstream:remotename)%00%(upstream:remoteref) refs/heads/main refs/remotes/main [3ms]
2025-03-07 12:06:46.877 [info] > git status -z -uall [57ms]
2025-03-07 12:06:58.585 [info] > git config --get commit.template [9ms]
2025-03-07 12:06:58.588 [info] > git for-each-ref --format=%(refname)%00%(upstream:short)%00%(objectname)%00%(upstream:track)%00%(upstream:remotename)%00%(upstream:remoteref) refs/heads/main refs/remotes/main [4ms]
2025-03-07 12:06:58.655 [info] > git status -z -uall [57ms]
2025-03-07 12:07:03.688 [info] > git config --get commit.template [11ms]
2025-03-07 12:07:03.690 [info] > git for-each-ref --format=%(refname)%00%(upstream:short)%00%(objectname)%00%(upstream:track)%00%(upstream:remotename)%00%(upstream:remoteref) refs/heads/main refs/remotes/main [2ms]
2025-03-07 12:07:03.756 [info] > git status -z -uall [57ms]
2025-03-07 12:07:20.472 [info] > git config --get commit.template [9ms]
2025-03-07 12:07:20.473 [info] > git for-each-ref --format=%(refname)%00%(upstream:short)%00%(objectname)%00%(upstream:track)%00%(upstream:remotename)%00%(upstream:remoteref) refs/heads/main refs/remotes/main [2ms]
2025-03-07 12:07:20.537 [info] > git status -z -uall [57ms]
2025-03-07 12:07:25.564 [info] > git config --get commit.template [10ms]
2025-03-07 12:07:25.565 [info] > git for-each-ref --format=%(refname)%00%(upstream:short)%00%(objectname)%00%(upstream:track)%00%(upstream:remotename)%00%(upstream:remoteref) refs/heads/main refs/remotes/main [3ms]
2025-03-07 12:07:25.635 [info] > git status -z -uall [63ms]
2025-03-07 12:07:32.833 [info] > git show --textconv :listmodel.js [20ms]
2025-03-07 12:07:32.841 [info] > git ls-files --stage -- /mnt/hdd/HDD(lost+found)/instant_chef_project/recipe_filter/listmodel.js [14ms]
2025-03-07 12:07:32.927 [info] > git check-ignore -v -z --stdin [18ms]
2025-03-07 12:07:34.133 [info] > git config --get commit.template [10ms]
2025-03-07 12:07:34.148 [info] > git for-each-ref --format=%(refname)%00%(upstream:short)%00%(objectname)%00%(upstream:track)%00%(upstream:remotename)%00%(upstream:remoteref) refs/heads/main refs/remotes/main [3ms]
2025-03-07 12:07:34.285 [info] > git status -z -uall [126ms]
2025-03-07 12:07:39.321 [info] > git config --get commit.template [10ms]
2025-03-07 12:07:39.323 [info] > git for-each-ref --format=%(refname)%00%(upstream:short)%00%(objectname)%00%(upstream:track)%00%(upstream:remotename)%00%(upstream:remoteref) refs/heads/main refs/remotes/main [3ms]
2025-03-07 12:07:39.397 [info] > git status -z -uall [68ms]
2025-03-07 12:07:46.664 [info] > git config --get commit.template [8ms]
2025-03-07 12:07:46.666 [info] > git for-each-ref --format=%(refname)%00%(upstream:short)%00%(objectname)%00%(upstream:track)%00%(upstream:remotename)%00%(upstream:remoteref) refs/heads/main refs/remotes/main [3ms]
2025-03-07 12:07:46.730 [info] > git status -z -uall [58ms]
2025-03-07 12:07:51.757 [info] > git config --get commit.template [10ms]
2025-03-07 12:07:51.759 [info] > git for-each-ref --format=%(refname)%00%(upstream:short)%00%(objectname)%00%(upstream:track)%00%(upstream:remotename)%00%(upstream:remoteref) refs/heads/main refs/remotes/main [3ms]
2025-03-07 12:07:51.824 [info] > git status -z -uall [58ms]
2025-03-07 12:07:58.142 [info] > git config --get commit.template [11ms]
2025-03-07 12:07:58.145 [info] > git for-each-ref --format=%(refname)%00%(upstream:short)%00%(objectname)%00%(upstream:track)%00%(upstream:remotename)%00%(upstream:remoteref) refs/heads/main refs/remotes/main [3ms]
2025-03-07 12:07:58.210 [info] > git status -z -uall [56ms]
2025-03-07 12:08:07.925 [info] > git show --textconv :package.json [12ms]
2025-03-07 12:08:07.932 [info] > git ls-files --stage -- /mnt/hdd/HDD(lost+found)/instant_chef_project/recipe_filter/package.json [8ms]
2025-03-07 12:08:07.945 [info] > git cat-file -s 192c23168ce5e3e2b004f1563d7288092a9b900b [4ms]
2025-03-07 12:08:09.419 [info] > git config --get commit.template [11ms]
2025-03-07 12:08:09.421 [info] > git for-each-ref --format=%(refname)%00%(upstream:short)%00%(objectname)%00%(upstream:track)%00%(upstream:remotename)%00%(upstream:remoteref) refs/heads/main refs/remotes/main [3ms]
2025-03-07 12:08:09.486 [info] > git status -z -uall [58ms]
2025-03-07 12:08:21.268 [info] > git config --get commit.template [10ms]
2025-03-07 12:08:21.270 [info] > git for-each-ref --format=%(refname)%00%(upstream:short)%00%(objectname)%00%(upstream:track)%00%(upstream:remotename)%00%(upstream:remoteref) refs/heads/main refs/remotes/main [3ms]
2025-03-07 12:08:21.337 [info] > git status -z -uall [58ms]
2025-03-07 12:09:15.243 [info] > git config --get commit.template [3ms]
2025-03-07 12:09:15.265 [info] > git for-each-ref --format=%(refname)%00%(upstream:short)%00%(objectname)%00%(upstream:track)%00%(upstream:remotename)%00%(upstream:remoteref) refs/heads/main refs/remotes/main [4ms]
2025-03-07 12:09:15.336 [info] > git status -z -uall [62ms]
2025-03-07 12:09:25.782 [info] > git config --get commit.template [12ms]
2025-03-07 12:09:25.785 [info] > git for-each-ref --format=%(refname)%00%(upstream:short)%00%(objectname)%00%(upstream:track)%00%(upstream:remotename)%00%(upstream:remoteref) refs/heads/main refs/remotes/main [4ms]
2025-03-07 12:09:25.852 [info] > git status -z -uall [58ms]
2025-03-07 12:09:30.887 [info] > git config --get commit.template [12ms]
2025-03-07 12:09:30.888 [info] > git for-each-ref --format=%(refname)%00%(upstream:short)%00%(objectname)%00%(upstream:track)%00%(upstream:remotename)%00%(upstream:remoteref) refs/heads/main refs/remotes/main [3ms]
2025-03-07 12:09:30.958 [info] > git status -z -uall [65ms]
2025-03-07 12:09:35.998 [info] > git config --get commit.template [9ms]
2025-03-07 12:09:36.000 [info] > git for-each-ref --format=%(refname)%00%(upstream:short)%00%(objectname)%00%(upstream:track)%00%(upstream:remotename)%00%(upstream:remoteref) refs/heads/main refs/remotes/main [3ms]
2025-03-07 12:09:36.067 [info] > git status -z -uall [59ms]
2025-03-07 12:09:41.095 [info] > git config --get commit.template [10ms]
2025-03-07 12:09:41.097 [info] > git for-each-ref --format=%(refname)%00%(upstream:short)%00%(objectname)%00%(upstream:track)%00%(upstream:remotename)%00%(upstream:remoteref) refs/heads/main refs/remotes/main [4ms]
2025-03-07 12:09:41.171 [info] > git status -z -uall [65ms]
2025-03-07 12:09:52.626 [info] > git config --get commit.template [30ms]
2025-03-07 12:09:52.635 [info] > git for-each-ref --format=%(refname)%00%(upstream:short)%00%(objectname)%00%(upstream:track)%00%(upstream:remotename)%00%(upstream:remoteref) refs/heads/main refs/remotes/main [10ms]
2025-03-07 12:09:52.793 [info] > git status -z -uall [129ms]
2025-03-07 12:09:54.427 [info] > git show --textconv :listmodel.js [11ms]
2025-03-07 12:09:54.431 [info] > git ls-files --stage -- /mnt/hdd/HDD(lost+found)/instant_chef_project/recipe_filter/listmodel.js [6ms]
2025-03-07 12:09:57.832 [info] > git config --get commit.template [11ms]
2025-03-07 12:09:57.834 [info] > git for-each-ref --format=%(refname)%00%(upstream:short)%00%(objectname)%00%(upstream:track)%00%(upstream:remotename)%00%(upstream:remoteref) refs/heads/main refs/remotes/main [3ms]
2025-03-07 12:09:57.901 [info] > git status -z -uall [60ms]
2025-03-07 12:10:02.928 [info] > git config --get commit.template [10ms]
2025-03-07 12:10:02.929 [info] > git for-each-ref --format=%(refname)%00%(upstream:short)%00%(objectname)%00%(upstream:track)%00%(upstream:remotename)%00%(upstream:remoteref) refs/heads/main refs/remotes/main [3ms]
2025-03-07 12:10:02.993 [info] > git status -z -uall [58ms]
2025-03-07 12:11:30.041 [info] > git config --get commit.template [27ms]
2025-03-07 12:11:30.043 [info] > git for-each-ref --format=%(refname)%00%(upstream:short)%00%(objectname)%00%(upstream:track)%00%(upstream:remotename)%00%(upstream:remoteref) refs/heads/main refs/remotes/main [4ms]
2025-03-07 12:11:30.116 [info] > git status -z -uall [63ms]
2025-03-07 12:11:35.138 [info] > git config --get commit.template [2ms]
2025-03-07 12:11:35.151 [info] > git for-each-ref --format=%(refname)%00%(upstream:short)%00%(objectname)%00%(upstream:track)%00%(upstream:remotename)%00%(upstream:remoteref) refs/heads/main refs/remotes/main [3ms]
2025-03-07 12:11:35.229 [info] > git status -z -uall [69ms]
2025-03-07 12:11:40.255 [info] > git config --get commit.template [9ms]
2025-03-07 12:11:40.256 [info] > git for-each-ref --format=%(refname)%00%(upstream:short)%00%(objectname)%00%(upstream:track)%00%(upstream:remotename)%00%(upstream:remoteref) refs/heads/main refs/remotes/main [2ms]
2025-03-07 12:11:40.325 [info] > git status -z -uall [63ms]
2025-03-07 12:11:42.997 [info] > git show --textconv :routes/chatbotRoute.js [51ms]
2025-03-07 12:11:43.012 [info] > git ls-files --stage -- /mnt/hdd/HDD(lost+found)/instant_chef_project/recipe_filter/routes/chatbotRoute.js [21ms]
2025-03-07 12:11:43.054 [info] > git cat-file -s d37bf1f403e1c60bb956d8e415db5b606ae310c1 [6ms]
2025-03-07 12:11:47.110 [info] > git config --get commit.template [11ms]
2025-03-07 12:11:47.112 [info] > git for-each-ref --format=%(refname)%00%(upstream:short)%00%(objectname)%00%(upstream:track)%00%(upstream:remotename)%00%(upstream:remoteref) refs/heads/main refs/remotes/main [3ms]
2025-03-07 12:11:47.178 [info] > git status -z -uall [60ms]
2025-03-07 12:11:55.872 [info] > git config --get commit.template [8ms]
2025-03-07 12:11:55.874 [info] > git for-each-ref --format=%(refname)%00%(upstream:short)%00%(objectname)%00%(upstream:track)%00%(upstream:remotename)%00%(upstream:remoteref) refs/heads/main refs/remotes/main [2ms]
2025-03-07 12:11:55.944 [info] > git status -z -uall [60ms]
2025-03-07 12:12:08.000 [info] > git config --get commit.template [11ms]
2025-03-07 12:12:08.002 [info] > git for-each-ref --format=%(refname)%00%(upstream:short)%00%(objectname)%00%(upstream:track)%00%(upstream:remotename)%00%(upstream:remoteref) refs/heads/main refs/remotes/main [3ms]
2025-03-07 12:12:08.070 [info] > git status -z -uall [61ms]
2025-03-07 12:12:25.770 [info] > git config --get commit.template [11ms]
2025-03-07 12:12:25.772 [info] > git for-each-ref --format=%(refname)%00%(upstream:short)%00%(objectname)%00%(upstream:track)%00%(upstream:remotename)%00%(upstream:remoteref) refs/heads/main refs/remotes/main [3ms]
2025-03-07 12:12:25.836 [info] > git status -z -uall [59ms]
2025-03-07 12:12:32.879 [info] > git config --get commit.template [15ms]
2025-03-07 12:12:32.881 [info] > git for-each-ref --format=%(refname)%00%(upstream:short)%00%(objectname)%00%(upstream:track)%00%(upstream:remotename)%00%(upstream:remoteref) refs/heads/main refs/remotes/main [3ms]
2025-03-07 12:12:32.960 [info] > git status -z -uall [67ms]
2025-03-07 12:12:37.991 [info] > git config --get commit.template [10ms]
2025-03-07 12:12:37.993 [info] > git for-each-ref --format=%(refname)%00%(upstream:short)%00%(objectname)%00%(upstream:track)%00%(upstream:remotename)%00%(upstream:remoteref) refs/heads/main refs/remotes/main [3ms]
2025-03-07 12:12:38.065 [info] > git status -z -uall [61ms]
2025-03-07 12:12:42.915 [info] > git show --textconv :app.js [8ms]
2025-03-07 12:12:42.922 [info] > git ls-files --stage -- /mnt/hdd/HDD(lost+found)/instant_chef_project/recipe_filter/app.js [9ms]
2025-03-07 12:12:42.933 [info] > git cat-file -s 687f8d91e16ef4f5271de6e3aa9048840121248c [5ms]
2025-03-07 12:12:43.091 [info] > git config --get commit.template [12ms]
2025-03-07 12:12:43.093 [info] > git for-each-ref --format=%(refname)%00%(upstream:short)%00%(objectname)%00%(upstream:track)%00%(upstream:remotename)%00%(upstream:remoteref) refs/heads/main refs/remotes/main [4ms]
2025-03-07 12:12:43.172 [info] > git status -z -uall [73ms]
2025-03-07 12:12:48.197 [info] > git config --get commit.template [9ms]
2025-03-07 12:12:48.199 [info] > git for-each-ref --format=%(refname)%00%(upstream:short)%00%(objectname)%00%(upstream:track)%00%(upstream:remotename)%00%(upstream:remoteref) refs/heads/main refs/remotes/main [4ms]
2025-03-07 12:12:48.268 [info] > git status -z -uall [64ms]
2025-03-07 12:12:56.369 [info] > git config --get commit.template [10ms]
2025-03-07 12:12:56.371 [info] > git for-each-ref --format=%(refname)%00%(upstream:short)%00%(objectname)%00%(upstream:track)%00%(upstream:remotename)%00%(upstream:remoteref) refs/heads/main refs/remotes/main [3ms]
2025-03-07 12:12:56.440 [info] > git status -z -uall [62ms]
2025-03-07 12:12:58.561 [info] > git show --textconv :package.json [15ms]
2025-03-07 12:12:58.575 [info] > git ls-files --stage -- /mnt/hdd/HDD(lost+found)/instant_chef_project/recipe_filter/package.json [15ms]
2025-03-07 12:12:58.591 [info] > git cat-file -s 192c23168ce5e3e2b004f1563d7288092a9b900b [8ms]
2025-03-07 12:13:01.489 [info] > git config --get commit.template [6ms]
2025-03-07 12:13:01.501 [info] > git for-each-ref --format=%(refname)%00%(upstream:short)%00%(objectname)%00%(upstream:track)%00%(upstream:remotename)%00%(upstream:remoteref) refs/heads/main refs/remotes/main [3ms]
2025-03-07 12:13:01.612 [info] > git status -z -uall [104ms]
2025-03-07 12:13:06.641 [info] > git config --get commit.template [10ms]
2025-03-07 12:13:06.642 [info] > git for-each-ref --format=%(refname)%00%(upstream:short)%00%(objectname)%00%(upstream:track)%00%(upstream:remotename)%00%(upstream:remoteref) refs/heads/main refs/remotes/main [3ms]
2025-03-07 12:13:06.712 [info] > git status -z -uall [63ms]
2025-03-07 12:13:11.742 [info] > git config --get commit.template [10ms]
2025-03-07 12:13:11.744 [info] > git for-each-ref --format=%(refname)%00%(upstream:short)%00%(objectname)%00%(upstream:track)%00%(upstream:remotename)%00%(upstream:remoteref) refs/heads/main refs/remotes/main [4ms]
2025-03-07 12:13:11.811 [info] > git status -z -uall [59ms]
2025-03-07 12:13:29.618 [info] > git config --get commit.template [14ms]
2025-03-07 12:13:29.621 [info] > git for-each-ref --format=%(refname)%00%(upstream:short)%00%(objectname)%00%(upstream:track)%00%(upstream:remotename)%00%(upstream:remoteref) refs/heads/main refs/remotes/main [4ms]
2025-03-07 12:13:29.736 [info] > git status -z -uall [103ms]
2025-03-07 12:15:03.063 [info] > git show --textconv :routes/chatbotRoute.js [27ms]
2025-03-07 12:15:03.063 [info] > git ls-files --stage -- /mnt/hdd/HDD(lost+found)/instant_chef_project/recipe_filter/routes/chatbotRoute.js [14ms]
2025-03-07 12:15:03.094 [info] > git cat-file -s d37bf1f403e1c60bb956d8e415db5b606ae310c1 [19ms]
2025-03-07 12:15:04.549 [info] > git config --get commit.template [11ms]
2025-03-07 12:15:04.552 [info] > git for-each-ref --format=%(refname)%00%(upstream:short)%00%(objectname)%00%(upstream:track)%00%(upstream:remotename)%00%(upstream:remoteref) refs/heads/main refs/remotes/main [4ms]
2025-03-07 12:15:04.621 [info] > git status -z -uall [60ms]
2025-03-07 12:16:44.771 [info] > git config --get commit.template [22ms]
2025-03-07 12:16:44.774 [info] > git for-each-ref --format=%(refname)%00%(upstream:short)%00%(objectname)%00%(upstream:track)%00%(upstream:remotename)%00%(upstream:remoteref) refs/heads/main refs/remotes/main [7ms]
2025-03-07 12:16:44.858 [info] > git status -z -uall [74ms]
2025-03-07 12:16:49.885 [info] > git config --get commit.template [8ms]
2025-03-07 12:16:49.887 [info] > git for-each-ref --format=%(refname)%00%(upstream:short)%00%(objectname)%00%(upstream:track)%00%(upstream:remotename)%00%(upstream:remoteref) refs/heads/main refs/remotes/main [3ms]
2025-03-07 12:16:49.961 [info] > git status -z -uall [67ms]
2025-03-07 12:17:25.123 [info] > git config --get commit.template [9ms]
2025-03-07 12:17:25.125 [info] > git for-each-ref --format=%(refname)%00%(upstream:short)%00%(objectname)%00%(upstream:track)%00%(upstream:remotename)%00%(upstream:remoteref) refs/heads/main refs/remotes/main [3ms]
2025-03-07 12:17:25.206 [info] > git status -z -uall [73ms]
2025-03-07 12:18:42.142 [info] > git config --get commit.template [5ms]
2025-03-07 12:18:42.158 [info] > git for-each-ref --format=%(refname)%00%(upstream:short)%00%(objectname)%00%(upstream:track)%00%(upstream:remotename)%00%(upstream:remoteref) refs/heads/main refs/remotes/main [4ms]
2025-03-07 12:18:42.240 [info] > git status -z -uall [74ms]
2025-03-07 12:18:47.270 [info] > git config --get commit.template [10ms]
2025-03-07 12:18:47.273 [info] > git for-each-ref --format=%(refname)%00%(upstream:short)%00%(objectname)%00%(upstream:track)%00%(upstream:remotename)%00%(upstream:remoteref) refs/heads/main refs/remotes/main [3ms]
2025-03-07 12:18:47.353 [info] > git status -z -uall [70ms]
2025-03-07 12:18:55.395 [info] > git config --get commit.template [12ms]
2025-03-07 12:18:55.397 [info] > git for-each-ref --format=%(refname)%00%(upstream:short)%00%(objectname)%00%(upstream:track)%00%(upstream:remotename)%00%(upstream:remoteref) refs/heads/main refs/remotes/main [4ms]
2025-03-07 12:18:55.501 [info] > git status -z -uall [97ms]
2025-03-07 12:19:00.558 [info] > git config --get commit.template [33ms]
2025-03-07 12:19:00.571 [info] > git for-each-ref --format=%(refname)%00%(upstream:short)%00%(objectname)%00%(upstream:track)%00%(upstream:remotename)%00%(upstream:remoteref) refs/heads/main refs/remotes/main [6ms]
2025-03-07 12:19:00.666 [info] > git status -z -uall [85ms]
2025-03-07 12:19:05.694 [info] > git config --get commit.template [8ms]
2025-03-07 12:19:05.696 [info] > git for-each-ref --format=%(refname)%00%(upstream:short)%00%(objectname)%00%(upstream:track)%00%(upstream:remotename)%00%(upstream:remoteref) refs/heads/main refs/remotes/main [3ms]
2025-03-07 12:19:05.805 [info] > git status -z -uall [102ms]
2025-03-07 12:20:48.141 [info] > git config --get commit.template [13ms]
2025-03-07 12:20:48.144 [info] > git for-each-ref --format=%(refname)%00%(upstream:short)%00%(objectname)%00%(upstream:track)%00%(upstream:remotename)%00%(upstream:remoteref) refs/heads/main refs/remotes/main [5ms]
2025-03-07 12:20:48.238 [info] > git status -z -uall [85ms]
2025-03-07 12:20:53.271 [info] > git config --get commit.template [12ms]
2025-03-07 12:20:53.273 [info] > git for-each-ref --format=%(refname)%00%(upstream:short)%00%(objectname)%00%(upstream:track)%00%(upstream:remotename)%00%(upstream:remoteref) refs/heads/main refs/remotes/main [3ms]
2025-03-07 12:20:53.338 [info] > git status -z -uall [58ms]
2025-03-07 12:21:00.249 [info] > git config --get commit.template [8ms]
2025-03-07 12:21:00.250 [info] > git for-each-ref --format=%(refname)%00%(upstream:short)%00%(objectname)%00%(upstream:track)%00%(upstream:remotename)%00%(upstream:remoteref) refs/heads/main refs/remotes/main [3ms]
2025-03-07 12:21:00.334 [info] > git status -z -uall [76ms]
2025-03-07 12:21:14.729 [info] > git config --get commit.template [3ms]
2025-03-07 12:21:14.746 [info] > git for-each-ref --format=%(refname)%00%(upstream:short)%00%(objectname)%00%(upstream:track)%00%(upstream:remotename)%00%(upstream:remoteref) refs/heads/main refs/remotes/main [4ms]
2025-03-07 12:21:14.845 [info] > git status -z -uall [86ms]
2025-03-07 12:32:05.707 [info] > git config --get commit.template [16ms]
2025-03-07 12:32:05.754 [info] > git for-each-ref --format=%(refname)%00%(upstream:short)%00%(objectname)%00%(upstream:track)%00%(upstream:remotename)%00%(upstream:remoteref) refs/heads/main refs/remotes/main [20ms]
2025-03-07 12:32:05.921 [info] > git status -z -uall [140ms]
2025-03-07 12:32:10.958 [info] > git config --get commit.template [10ms]
2025-03-07 12:32:10.960 [info] > git for-each-ref --format=%(refname)%00%(upstream:short)%00%(objectname)%00%(upstream:track)%00%(upstream:remotename)%00%(upstream:remoteref) refs/heads/main refs/remotes/main [3ms]
2025-03-07 12:32:11.049 [info] > git status -z -uall [77ms]
2025-03-07 12:32:25.172 [info] > git config --get commit.template [3ms]
2025-03-07 12:32:25.188 [info] > git for-each-ref --format=%(refname)%00%(upstream:short)%00%(objectname)%00%(upstream:track)%00%(upstream:remotename)%00%(upstream:remoteref) refs/heads/main refs/remotes/main [4ms]
2025-03-07 12:32:25.299 [info] > git status -z -uall [102ms]
2025-03-07 12:32:34.026 [info] > git config --get commit.template [11ms]
2025-03-07 12:32:34.028 [info] > git for-each-ref --format=%(refname)%00%(upstream:short)%00%(objectname)%00%(upstream:track)%00%(upstream:remotename)%00%(upstream:remoteref) refs/heads/main refs/remotes/main [3ms]
2025-03-07 12:32:34.117 [info] > git status -z -uall [83ms]
2025-03-07 12:32:39.343 [info] > git config --get commit.template [3ms]
2025-03-07 12:32:39.352 [info] > git for-each-ref --format=%(refname)%00%(upstream:short)%00%(objectname)%00%(upstream:track)%00%(upstream:remotename)%00%(upstream:remoteref) refs/heads/main refs/remotes/main [3ms]
2025-03-07 12:32:39.443 [info] > git status -z -uall [83ms]
2025-03-07 12:32:59.161 [info] > git config --get commit.template [4ms]
2025-03-07 12:32:59.170 [info] > git for-each-ref --format=%(refname)%00%(upstream:short)%00%(objectname)%00%(upstream:track)%00%(upstream:remotename)%00%(upstream:remoteref) refs/heads/main refs/remotes/main [3ms]
2025-03-07 12:32:59.287 [info] > git status -z -uall [110ms]
2025-03-07 12:33:04.315 [info] > git config --get commit.template [3ms]
2025-03-07 12:33:04.332 [info] > git for-each-ref --format=%(refname)%00%(upstream:short)%00%(objectname)%00%(upstream:track)%00%(upstream:remotename)%00%(upstream:remoteref) refs/heads/main refs/remotes/main [4ms]
2025-03-07 12:33:04.439 [info] > git status -z -uall [97ms]
2025-03-07 12:33:25.197 [info] > git config --get commit.template [9ms]
2025-03-07 12:33:25.199 [info] > git for-each-ref --format=%(refname)%00%(upstream:short)%00%(objectname)%00%(upstream:track)%00%(upstream:remotename)%00%(upstream:remoteref) refs/heads/main refs/remotes/main [4ms]
2025-03-07 12:33:25.327 [info] > git status -z -uall [117ms]
2025-03-07 12:34:05.780 [info] > git config --get commit.template [13ms]
2025-03-07 12:34:05.781 [info] > git for-each-ref --format=%(refname)%00%(upstream:short)%00%(objectname)%00%(upstream:track)%00%(upstream:remotename)%00%(upstream:remoteref) refs/heads/main refs/remotes/main [6ms]
2025-03-07 12:34:05.896 [info] > git status -z -uall [100ms]
2025-03-07 12:34:25.228 [info] > git config --get commit.template [17ms]
2025-03-07 12:34:25.232 [info] > git for-each-ref --format=%(refname)%00%(upstream:short)%00%(objectname)%00%(upstream:track)%00%(upstream:remotename)%00%(upstream:remoteref) refs/heads/main refs/remotes/main [9ms]
2025-03-07 12:34:25.336 [info] > git status -z -uall [94ms]
2025-03-07 12:34:52.066 [info] > git show --textconv :.env [33ms]
2025-03-07 12:34:52.077 [info] > git ls-files --stage -- /mnt/hdd/HDD(lost+found)/instant_chef_project/recipe_filter/.env [16ms]
2025-03-07 12:34:53.520 [info] > git config --get commit.template [13ms]
2025-03-07 12:34:53.522 [info] > git for-each-ref --format=%(refname)%00%(upstream:short)%00%(objectname)%00%(upstream:track)%00%(upstream:remotename)%00%(upstream:remoteref) refs/heads/main refs/remotes/main [3ms]
2025-03-07 12:34:53.631 [info] > git status -z -uall [98ms]
2025-03-07 12:34:59.452 [info] > git show --textconv :routes/chatbotRoute.js [100ms]
2025-03-07 12:34:59.462 [info] > git ls-files --stage -- /mnt/hdd/HDD(lost+found)/instant_chef_project/recipe_filter/routes/chatbotRoute.js [58ms]
2025-03-07 12:34:59.517 [info] > git cat-file -s d37bf1f403e1c60bb956d8e415db5b606ae310c1 [15ms]
2025-03-07 12:35:00.540 [info] > git config --get commit.template [12ms]
2025-03-07 12:35:00.542 [info] > git for-each-ref --format=%(refname)%00%(upstream:short)%00%(objectname)%00%(upstream:track)%00%(upstream:remotename)%00%(upstream:remoteref) refs/heads/main refs/remotes/main [5ms]
2025-03-07 12:35:00.667 [info] > git status -z -uall [113ms]
2025-03-07 12:35:05.708 [info] > git config --get commit.template [10ms]
2025-03-07 12:35:05.711 [info] > git for-each-ref --format=%(refname)%00%(upstream:short)%00%(objectname)%00%(upstream:track)%00%(upstream:remotename)%00%(upstream:remoteref) refs/heads/main refs/remotes/main [4ms]
2025-03-07 12:35:05.813 [info] > git status -z -uall [94ms]
2025-03-07 12:35:10.375 [info] > git show --textconv :.env [28ms]
2025-03-07 12:35:10.394 [info] > git ls-files --stage -- /mnt/hdd/HDD(lost+found)/instant_chef_project/recipe_filter/.env [20ms]
2025-03-07 12:35:11.706 [info] > git config --get commit.template [24ms]
2025-03-07 12:35:11.708 [info] > git for-each-ref --format=%(refname)%00%(upstream:short)%00%(objectname)%00%(upstream:track)%00%(upstream:remotename)%00%(upstream:remoteref) refs/heads/main refs/remotes/main [3ms]
2025-03-07 12:35:11.879 [info] > git status -z -uall [154ms]
2025-03-07 12:35:23.792 [info] > git config --get commit.template [28ms]
2025-03-07 12:35:23.797 [info] > git for-each-ref --format=%(refname)%00%(upstream:short)%00%(objectname)%00%(upstream:track)%00%(upstream:remotename)%00%(upstream:remoteref) refs/heads/main refs/remotes/main [11ms]
2025-03-07 12:35:23.965 [info] > git status -z -uall [153ms]
2025-03-07 12:35:29.006 [info] > git config --get commit.template [4ms]
2025-03-07 12:35:29.023 [info] > git for-each-ref --format=%(refname)%00%(upstream:short)%00%(objectname)%00%(upstream:track)%00%(upstream:remotename)%00%(upstream:remoteref) refs/heads/main refs/remotes/main [3ms]
2025-03-07 12:35:29.115 [info] > git status -z -uall [84ms]
2025-03-07 12:35:38.564 [info] > git config --get commit.template [10ms]
2025-03-07 12:35:38.567 [info] > git for-each-ref --format=%(refname)%00%(upstream:short)%00%(objectname)%00%(upstream:track)%00%(upstream:remotename)%00%(upstream:remoteref) refs/heads/main refs/remotes/main [4ms]
2025-03-07 12:35:38.676 [info] > git status -z -uall [103ms]
2025-03-07 12:35:50.664 [info] > git config --get commit.template [3ms]
2025-03-07 12:35:50.673 [info] > git for-each-ref --format=%(refname)%00%(upstream:short)%00%(objectname)%00%(upstream:track)%00%(upstream:remotename)%00%(upstream:remoteref) refs/heads/main refs/remotes/main [3ms]
2025-03-07 12:35:50.783 [info] > git status -z -uall [100ms]
2025-03-07 12:35:55.529 [info] > git show --textconv :routes/chatbotRoute.js [56ms]
2025-03-07 12:35:55.529 [info] > git ls-files --stage -- /mnt/hdd/HDD(lost+found)/instant_chef_project/recipe_filter/routes/chatbotRoute.js [19ms]
2025-03-07 12:35:55.587 [info] > git cat-file -s d37bf1f403e1c60bb956d8e415db5b606ae310c1 [35ms]
2025-03-07 12:35:56.761 [info] > git config --get commit.template [14ms]
2025-03-07 12:35:56.763 [info] > git for-each-ref --format=%(refname)%00%(upstream:short)%00%(objectname)%00%(upstream:track)%00%(upstream:remotename)%00%(upstream:remoteref) refs/heads/main refs/remotes/main [5ms]
2025-03-07 12:35:56.907 [info] > git status -z -uall [137ms]
2025-03-07 12:36:01.951 [info] > git config --get commit.template [11ms]
2025-03-07 12:36:01.955 [info] > git for-each-ref --format=%(refname)%00%(upstream:short)%00%(objectname)%00%(upstream:track)%00%(upstream:remotename)%00%(upstream:remoteref) refs/heads/main refs/remotes/main [6ms]
2025-03-07 12:36:02.095 [info] > git status -z -uall [126ms]
2025-03-07 12:36:17.244 [info] > git config --get commit.template [3ms]
2025-03-07 12:36:17.255 [info] > git for-each-ref --format=%(refname)%00%(upstream:short)%00%(objectname)%00%(upstream:track)%00%(upstream:remotename)%00%(upstream:remoteref) refs/heads/main refs/remotes/main [3ms]
2025-03-07 12:36:17.362 [info] > git status -z -uall [95ms]
2025-03-07 12:36:25.499 [info] > git config --get commit.template [12ms]
2025-03-07 12:36:25.502 [info] > git for-each-ref --format=%(refname)%00%(upstream:short)%00%(objectname)%00%(upstream:track)%00%(upstream:remotename)%00%(upstream:remoteref) refs/heads/main refs/remotes/main [5ms]
2025-03-07 12:36:25.615 [info] > git status -z -uall [104ms]
2025-03-07 12:37:06.065 [info] > git config --get commit.template [16ms]
2025-03-07 12:37:06.068 [info] > git for-each-ref --format=%(refname)%00%(upstream:short)%00%(objectname)%00%(upstream:track)%00%(upstream:remotename)%00%(upstream:remoteref) refs/heads/main refs/remotes/main [5ms]
2025-03-07 12:37:06.164 [info] > git status -z -uall [87ms]
2025-03-07 12:37:16.046 [info] > git config --get commit.template [11ms]
2025-03-07 12:37:16.048 [info] > git for-each-ref --format=%(refname)%00%(upstream:short)%00%(objectname)%00%(upstream:track)%00%(upstream:remotename)%00%(upstream:remoteref) refs/heads/main refs/remotes/main [3ms]
2025-03-07 12:37:16.161 [info] > git status -z -uall [107ms]
2025-03-07 12:37:25.487 [info] > git config --get commit.template [8ms]
2025-03-07 12:37:25.489 [info] > git for-each-ref --format=%(refname)%00%(upstream:short)%00%(objectname)%00%(upstream:track)%00%(upstream:remotename)%00%(upstream:remoteref) refs/heads/main refs/remotes/main [3ms]
2025-03-07 12:37:25.588 [info] > git status -z -uall [91ms]
2025-03-07 12:41:20.673 [info] > git config --get commit.template [20ms]
2025-03-07 12:41:20.675 [info] > git for-each-ref --format=%(refname)%00%(upstream:short)%00%(objectname)%00%(upstream:track)%00%(upstream:remotename)%00%(upstream:remoteref) refs/heads/main refs/remotes/main [4ms]
2025-03-07 12:41:20.824 [info] > git status -z -uall [133ms]
2025-03-07 12:41:25.855 [info] > git config --get commit.template [9ms]
2025-03-07 12:41:25.856 [info] > git for-each-ref --format=%(refname)%00%(upstream:short)%00%(objectname)%00%(upstream:track)%00%(upstream:remotename)%00%(upstream:remoteref) refs/heads/main refs/remotes/main [2ms]
2025-03-07 12:41:25.942 [info] > git status -z -uall [80ms]
2025-03-07 12:52:16.399 [info] > git config --get commit.template [3ms]
2025-03-07 12:52:16.411 [info] > git for-each-ref --format=%(refname)%00%(upstream:short)%00%(objectname)%00%(upstream:track)%00%(upstream:remotename)%00%(upstream:remoteref) refs/heads/main refs/remotes/main [3ms]
2025-03-07 12:52:16.489 [info] > git status -z -uall [71ms]
2025-03-07 12:52:21.531 [info] > git config --get commit.template [19ms]
2025-03-07 12:52:21.533 [info] > git for-each-ref --format=%(refname)%00%(upstream:short)%00%(objectname)%00%(upstream:track)%00%(upstream:remotename)%00%(upstream:remoteref) refs/heads/main refs/remotes/main [3ms]
2025-03-07 12:52:21.626 [info] > git status -z -uall [82ms]
2025-03-07 12:52:26.652 [info] > git config --get commit.template [9ms]
2025-03-07 12:52:26.654 [info] > git for-each-ref --format=%(refname)%00%(upstream:short)%00%(objectname)%00%(upstream:track)%00%(upstream:remotename)%00%(upstream:remoteref) refs/heads/main refs/remotes/main [3ms]
2025-03-07 12:52:26.721 [info] > git status -z -uall [58ms]
2025-03-07 12:52:35.170 [info] > git config --get commit.template [12ms]
2025-03-07 12:52:35.173 [info] > git for-each-ref --format=%(refname)%00%(upstream:short)%00%(objectname)%00%(upstream:track)%00%(upstream:remotename)%00%(upstream:remoteref) refs/heads/main refs/remotes/main [4ms]
2025-03-07 12:52:35.247 [info] > git status -z -uall [63ms]
2025-03-07 12:52:40.290 [info] > git config --get commit.template [12ms]
2025-03-07 12:52:40.292 [info] > git for-each-ref --format=%(refname)%00%(upstream:short)%00%(objectname)%00%(upstream:track)%00%(upstream:remotename)%00%(upstream:remoteref) refs/heads/main refs/remotes/main [4ms]
2025-03-07 12:52:40.360 [info] > git status -z -uall [58ms]
2025-03-07 12:52:59.826 [info] > git show --textconv :routes/recipeRoute.js [10ms]
2025-03-07 12:52:59.831 [info] > git ls-files --stage -- /mnt/hdd/HDD(lost+found)/instant_chef_project/recipe_filter/routes/recipeRoute.js [7ms]
2025-03-07 12:52:59.844 [info] > git cat-file -s f7c28ad6726d64273fc21401760798d2d754d888 [6ms]
2025-03-07 12:53:00.056 [info] > git config --get commit.template [2ms]
2025-03-07 12:53:00.067 [info] > git for-each-ref --format=%(refname)%00%(upstream:short)%00%(objectname)%00%(upstream:track)%00%(upstream:remotename)%00%(upstream:remoteref) refs/heads/main refs/remotes/main [2ms]
2025-03-07 12:53:00.148 [info] > git status -z -uall [73ms]
2025-03-07 12:53:05.186 [info] > git config --get commit.template [12ms]
2025-03-07 12:53:05.189 [info] > git for-each-ref --format=%(refname)%00%(upstream:short)%00%(objectname)%00%(upstream:track)%00%(upstream:remotename)%00%(upstream:remoteref) refs/heads/main refs/remotes/main [4ms]
2025-03-07 12:53:05.257 [info] > git status -z -uall [58ms]
2025-03-07 12:53:41.937 [info] > git config --get commit.template [16ms]
2025-03-07 12:53:41.938 [info] > git for-each-ref --format=%(refname)%00%(upstream:short)%00%(objectname)%00%(upstream:track)%00%(upstream:remotename)%00%(upstream:remoteref) refs/heads/main refs/remotes/main [4ms]
2025-03-07 12:53:42.016 [info] > git status -z -uall [69ms]
2025-03-07 12:54:28.414 [info] > git config --get commit.template [2ms]
2025-03-07 12:54:28.429 [info] > git for-each-ref --format=%(refname)%00%(upstream:short)%00%(objectname)%00%(upstream:track)%00%(upstream:remotename)%00%(upstream:remoteref) refs/heads/main refs/remotes/main [2ms]
2025-03-07 12:54:28.521 [info] > git status -z -uall [81ms]
2025-03-07 12:54:37.832 [info] > git ls-files --stage -- /mnt/hdd/HDD(lost+found)/instant_chef_project/recipe_filter/controllers/recipeController.js [9ms]
2025-03-07 12:54:37.864 [info] > git show --textconv :controllers/recipeController.js [49ms]
2025-03-07 12:54:37.865 [info] > git cat-file -s 7e3c53c2a39fbeb06ec2e8752a6fd747dafb97af [22ms]
2025-03-07 12:54:51.544 [info] > git config --get commit.template [12ms]
2025-03-07 12:54:51.547 [info] > git for-each-ref --format=%(refname)%00%(upstream:short)%00%(objectname)%00%(upstream:track)%00%(upstream:remotename)%00%(upstream:remoteref) refs/heads/main refs/remotes/main [3ms]
2025-03-07 12:54:51.622 [info] > git status -z -uall [64ms]
2025-03-07 12:56:20.485 [info] > git config --get commit.template [4ms]
2025-03-07 12:56:20.500 [info] > git for-each-ref --format=%(refname)%00%(upstream:short)%00%(objectname)%00%(upstream:track)%00%(upstream:remotename)%00%(upstream:remoteref) refs/heads/main refs/remotes/main [4ms]
2025-03-07 12:56:20.582 [info] > git status -z -uall [75ms]
2025-03-07 12:56:27.708 [info] > git for-each-ref --format=%(refname)%00%(upstream:short)%00%(objectname)%00%(upstream:track)%00%(upstream:remotename)%00%(upstream:remoteref) refs/heads/main refs/remotes/main [2ms]
2025-03-07 12:56:27.708 [info] > git config --get commit.template [19ms]
2025-03-07 12:56:27.793 [info] > git status -z -uall [76ms]
2025-03-07 12:56:35.336 [info] > git config --get commit.template [9ms]
2025-03-07 12:56:35.338 [info] > git for-each-ref --format=%(refname)%00%(upstream:short)%00%(objectname)%00%(upstream:track)%00%(upstream:remotename)%00%(upstream:remoteref) refs/heads/main refs/remotes/main [4ms]
2025-03-07 12:56:35.415 [info] > git status -z -uall [71ms]
2025-03-07 12:57:12.942 [info] > git config --get commit.template [2ms]
2025-03-07 12:57:12.955 [info] > git for-each-ref --format=%(refname)%00%(upstream:short)%00%(objectname)%00%(upstream:track)%00%(upstream:remotename)%00%(upstream:remoteref) refs/heads/main refs/remotes/main [2ms]
2025-03-07 12:57:13.047 [info] > git status -z -uall [81ms]
2025-03-07 12:57:18.081 [info] > git config --get commit.template [12ms]
2025-03-07 12:57:18.083 [info] > git for-each-ref --format=%(refname)%00%(upstream:short)%00%(objectname)%00%(upstream:track)%00%(upstream:remotename)%00%(upstream:remoteref) refs/heads/main refs/remotes/main [4ms]
2025-03-07 12:57:18.152 [info] > git status -z -uall [58ms]
2025-03-07 12:57:36.054 [info] > git config --get commit.template [14ms]
2025-03-07 12:57:36.059 [info] > git for-each-ref --format=%(refname)%00%(upstream:short)%00%(objectname)%00%(upstream:track)%00%(upstream:remotename)%00%(upstream:remoteref) refs/heads/main refs/remotes/main [6ms]
2025-03-07 12:57:36.143 [info] > git status -z -uall [73ms]
2025-03-07 12:57:41.181 [info] > git config --get commit.template [12ms]
2025-03-07 12:57:41.184 [info] > git for-each-ref --format=%(refname)%00%(upstream:short)%00%(objectname)%00%(upstream:track)%00%(upstream:remotename)%00%(upstream:remoteref) refs/heads/main refs/remotes/main [4ms]
2025-03-07 12:57:41.254 [info] > git status -z -uall [58ms]
2025-03-07 12:58:24.547 [info] > git config --get commit.template [15ms]
2025-03-07 12:58:24.549 [info] > git for-each-ref --format=%(refname)%00%(upstream:short)%00%(objectname)%00%(upstream:track)%00%(upstream:remotename)%00%(upstream:remoteref) refs/heads/main refs/remotes/main [3ms]
2025-03-07 12:58:24.631 [info] > git status -z -uall [74ms]
2025-03-07 12:58:29.663 [info] > git config --get commit.template [9ms]
2025-03-07 12:58:29.665 [info] > git for-each-ref --format=%(refname)%00%(upstream:short)%00%(objectname)%00%(upstream:track)%00%(upstream:remotename)%00%(upstream:remoteref) refs/heads/main refs/remotes/main [3ms]
2025-03-07 12:58:29.759 [info] > git status -z -uall [86ms]
2025-03-07 12:58:53.874 [info] > git for-each-ref --format=%(refname)%00%(upstream:short)%00%(objectname)%00%(upstream:track)%00%(upstream:remotename)%00%(upstream:remoteref) refs/heads/main refs/remotes/main [2ms]
2025-03-07 12:58:53.874 [info] > git config --get commit.template [13ms]
2025-03-07 12:58:53.942 [info] > git status -z -uall [62ms]
2025-03-07 13:00:27.635 [info] > git for-each-ref --format=%(refname)%00%(upstream:short)%00%(objectname)%00%(upstream:track)%00%(upstream:remotename)%00%(upstream:remoteref) refs/heads/main refs/remotes/main [4ms]
2025-03-07 13:00:27.636 [info] > git config --get commit.template [14ms]
2025-03-07 13:00:27.722 [info] > git status -z -uall [78ms]
2025-03-07 13:00:32.750 [info] > git config --get commit.template [12ms]
2025-03-07 13:00:32.751 [info] > git for-each-ref --format=%(refname)%00%(upstream:short)%00%(objectname)%00%(upstream:track)%00%(upstream:remotename)%00%(upstream:remoteref) refs/heads/main refs/remotes/main [3ms]
2025-03-07 13:00:32.860 [info] > git status -z -uall [100ms]
2025-03-07 13:00:43.715 [info] > git config --get commit.template [4ms]
2025-03-07 13:00:43.734 [info] > git for-each-ref --format=%(refname)%00%(upstream:short)%00%(objectname)%00%(upstream:track)%00%(upstream:remotename)%00%(upstream:remoteref) refs/heads/main refs/remotes/main [6ms]
2025-03-07 13:00:43.851 [info] > git status -z -uall [104ms]
2025-03-07 13:02:35.647 [info] > git config --get commit.template [14ms]
2025-03-07 13:02:35.649 [info] > git for-each-ref --format=%(refname)%00%(upstream:short)%00%(objectname)%00%(upstream:track)%00%(upstream:remotename)%00%(upstream:remoteref) refs/heads/main refs/remotes/main [4ms]
2025-03-07 13:02:35.735 [info] > git status -z -uall [77ms]
2025-03-07 13:02:40.767 [info] > git config --get commit.template [12ms]
2025-03-07 13:02:40.770 [info] > git for-each-ref --format=%(refname)%00%(upstream:short)%00%(objectname)%00%(upstream:track)%00%(upstream:remotename)%00%(upstream:remoteref) refs/heads/main refs/remotes/main [4ms]
2025-03-07 13:02:40.839 [info] > git status -z -uall [59ms]
2025-03-07 13:02:45.878 [info] > git config --get commit.template [13ms]
2025-03-07 13:02:45.881 [info] > git for-each-ref --format=%(refname)%00%(upstream:short)%00%(objectname)%00%(upstream:track)%00%(upstream:remotename)%00%(upstream:remoteref) refs/heads/main refs/remotes/main [4ms]
2025-03-07 13:02:45.950 [info] > git status -z -uall [59ms]
2025-03-07 13:02:50.987 [info] > git config --get commit.template [11ms]
2025-03-07 13:02:50.989 [info] > git for-each-ref --format=%(refname)%00%(upstream:short)%00%(objectname)%00%(upstream:track)%00%(upstream:remotename)%00%(upstream:remoteref) refs/heads/main refs/remotes/main [4ms]
2025-03-07 13:02:51.057 [info] > git status -z -uall [57ms]
2025-03-07 13:03:28.761 [info] > git config --get commit.template [3ms]
2025-03-07 13:03:28.775 [info] > git for-each-ref --format=%(refname)%00%(upstream:short)%00%(objectname)%00%(upstream:track)%00%(upstream:remotename)%00%(upstream:remoteref) refs/heads/main refs/remotes/main [3ms]
2025-03-07 13:03:28.862 [info] > git status -z -uall [76ms]
2025-03-07 13:03:33.903 [info] > git config --get commit.template [13ms]
2025-03-07 13:03:33.905 [info] > git for-each-ref --format=%(refname)%00%(upstream:short)%00%(objectname)%00%(upstream:track)%00%(upstream:remotename)%00%(upstream:remoteref) refs/heads/main refs/remotes/main [3ms]
2025-03-07 13:03:33.972 [info] > git status -z -uall [60ms]
2025-03-07 13:04:16.059 [info] > git config --get commit.template [20ms]
2025-03-07 13:04:16.060 [info] > git for-each-ref --format=%(refname)%00%(upstream:short)%00%(objectname)%00%(upstream:track)%00%(upstream:remotename)%00%(upstream:remoteref) refs/heads/main refs/remotes/main [3ms]
2025-03-07 13:04:16.149 [info] > git status -z -uall [77ms]
2025-03-07 13:04:21.183 [info] > git config --get commit.template [12ms]
2025-03-07 13:04:21.186 [info] > git for-each-ref --format=%(refname)%00%(upstream:short)%00%(objectname)%00%(upstream:track)%00%(upstream:remotename)%00%(upstream:remoteref) refs/heads/main refs/remotes/main [4ms]
2025-03-07 13:04:21.254 [info] > git status -z -uall [57ms]
2025-03-07 13:04:26.288 [info] > git config --get commit.template [2ms]
2025-03-07 13:04:26.303 [info] > git for-each-ref --format=%(refname)%00%(upstream:short)%00%(objectname)%00%(upstream:track)%00%(upstream:remotename)%00%(upstream:remoteref) refs/heads/main refs/remotes/main [3ms]
2025-03-07 13:04:26.421 [info] > git status -z -uall [106ms]
2025-03-07 13:04:31.457 [info] > git config --get commit.template [14ms]
2025-03-07 13:04:31.460 [info] > git for-each-ref --format=%(refname)%00%(upstream:short)%00%(objectname)%00%(upstream:track)%00%(upstream:remotename)%00%(upstream:remoteref) refs/heads/main refs/remotes/main [4ms]
2025-03-07 13:04:31.530 [info] > git status -z -uall [58ms]
2025-03-07 13:04:45.850 [info] > git config --get commit.template [13ms]
2025-03-07 13:04:45.852 [info] > git for-each-ref --format=%(refname)%00%(upstream:short)%00%(objectname)%00%(upstream:track)%00%(upstream:remotename)%00%(upstream:remoteref) refs/heads/main refs/remotes/main [4ms]
2025-03-07 13:04:45.932 [info] > git status -z -uall [73ms]
2025-03-07 13:04:50.972 [info] > git config --get commit.template [13ms]
2025-03-07 13:04:50.975 [info] > git for-each-ref --format=%(refname)%00%(upstream:short)%00%(objectname)%00%(upstream:track)%00%(upstream:remotename)%00%(upstream:remoteref) refs/heads/main refs/remotes/main [4ms]
2025-03-07 13:04:51.061 [info] > git status -z -uall [74ms]
2025-03-07 13:04:56.105 [info] > git config --get commit.template [13ms]
2025-03-07 13:04:56.107 [info] > git for-each-ref --format=%(refname)%00%(upstream:short)%00%(objectname)%00%(upstream:track)%00%(upstream:remotename)%00%(upstream:remoteref) refs/heads/main refs/remotes/main [4ms]
2025-03-07 13:04:56.188 [info] > git status -z -uall [71ms]
2025-03-07 13:11:12.503 [info] > git for-each-ref --format=%(refname)%00%(upstream:short)%00%(objectname)%00%(upstream:track)%00%(upstream:remotename)%00%(upstream:remoteref) refs/heads/main refs/remotes/main [5ms]
2025-03-07 13:11:12.504 [info] > git config --get commit.template [20ms]
2025-03-07 13:11:12.591 [info] > git status -z -uall [77ms]
2025-03-07 13:11:17.634 [info] > git config --get commit.template [14ms]
2025-03-07 13:11:17.637 [info] > git for-each-ref --format=%(refname)%00%(upstream:short)%00%(objectname)%00%(upstream:track)%00%(upstream:remotename)%00%(upstream:remoteref) refs/heads/main refs/remotes/main [4ms]
2025-03-07 13:11:17.708 [info] > git status -z -uall [61ms]
2025-03-07 13:18:24.264 [info] > git config --get commit.template [17ms]
2025-03-07 13:18:24.267 [info] > git for-each-ref --format=%(refname)%00%(upstream:short)%00%(objectname)%00%(upstream:track)%00%(upstream:remotename)%00%(upstream:remoteref) refs/heads/main refs/remotes/main [3ms]
2025-03-07 13:18:24.420 [info] > git status -z -uall [130ms]
2025-03-07 13:46:07.272 [info] > git config --get commit.template [13ms]
2025-03-07 13:46:07.280 [info] > git for-each-ref --format=%(refname)%00%(upstream:short)%00%(objectname)%00%(upstream:track)%00%(upstream:remotename)%00%(upstream:remoteref) refs/heads/main refs/remotes/main [10ms]
2025-03-07 13:46:07.374 [info] > git status -z -uall [82ms]
2025-03-07 13:46:12.412 [info] > git config --get commit.template [11ms]
2025-03-07 13:46:12.414 [info] > git for-each-ref --format=%(refname)%00%(upstream:short)%00%(objectname)%00%(upstream:track)%00%(upstream:remotename)%00%(upstream:remoteref) refs/heads/main refs/remotes/main [4ms]
2025-03-07 13:46:12.487 [info] > git status -z -uall [62ms]
2025-03-07 13:46:17.529 [info] > git config --get commit.template [13ms]
2025-03-07 13:46:17.531 [info] > git for-each-ref --format=%(refname)%00%(upstream:short)%00%(objectname)%00%(upstream:track)%00%(upstream:remotename)%00%(upstream:remoteref) refs/heads/main refs/remotes/main [3ms]
2025-03-07 13:46:17.606 [info] > git status -z -uall [63ms]
