2025-03-10 10:40:22.120 [info] Log level: Info
2025-03-10 10:40:22.120 [info] Validating found git in: "git"
2025-03-10 10:40:22.120 [info] Using git "2.43.0" from "git"
2025-03-10 10:40:22.338 [info] > git rev-parse --show-toplevel [251ms]
2025-03-10 10:40:22.480 [info] > git rev-parse --git-dir --git-common-dir [12ms]
2025-03-10 10:40:22.513 [info] Open repository: /mnt/hdd/HDD(lost+found)/instant_chef_project/recipe_filter
2025-03-10 10:40:22.538 [info] > git config --get commit.template [15ms]
2025-03-10 10:40:22.556 [info] > git rev-parse --show-toplevel [25ms]
2025-03-10 10:40:22.568 [info] > git rev-parse --show-toplevel [5ms]
2025-03-10 10:40:22.579 [info] > git rev-parse --show-toplevel [2ms]
2025-03-10 10:40:22.598 [info] > git rev-parse --show-toplevel [8ms]
2025-03-10 10:40:22.617 [info] > git rev-parse --show-toplevel [5ms]
2025-03-10 10:40:22.630 [info] > git rev-parse --show-toplevel [4ms]
2025-03-10 10:40:22.650 [info] > git rev-parse --show-toplevel [8ms]
2025-03-10 10:40:22.718 [info] > git for-each-ref --format=%(refname)%00%(upstream:short)%00%(objectname)%00%(upstream:track)%00%(upstream:remotename)%00%(upstream:remoteref) refs/heads/main refs/remotes/main [173ms]
2025-03-10 10:40:23.731 [info] > git check-ignore -v -z --stdin [450ms]
2025-03-10 10:40:24.102 [info] > git ls-files --stage -- /mnt/hdd/HDD(lost+found)/instant_chef_project/recipe_filter/recipes.json [6ms]
2025-03-10 10:40:24.933 [info] > git cat-file -s 6bf3c852268a4ef45119eb084669e6931b035885 [825ms]
2025-03-10 10:40:24.937 [info] > git show --textconv :recipes.json [851ms]
2025-03-10 10:40:31.183 [info] Log level: Info
2025-03-10 10:40:31.183 [info] Validating found git in: "git"
2025-03-10 10:40:31.183 [info] Using git "2.43.0" from "git"
2025-03-10 10:40:31.183 [info] > git rev-parse --show-toplevel [582ms]
2025-03-10 10:40:31.204 [info] > git rev-parse --git-dir --git-common-dir [5ms]
2025-03-10 10:40:31.237 [info] Open repository: /mnt/hdd/HDD(lost+found)/instant_chef_project/recipe_filter
2025-03-10 10:40:31.294 [info] > git rev-parse --show-toplevel [29ms]
2025-03-10 10:40:31.298 [info] > git config --get commit.template [39ms]
2025-03-10 10:40:31.332 [info] > git rev-parse --show-toplevel [20ms]
2025-03-10 10:40:31.343 [info] > git for-each-ref --format=%(refname)%00%(upstream:short)%00%(objectname)%00%(upstream:track)%00%(upstream:remotename)%00%(upstream:remoteref) refs/heads/main refs/remotes/main [15ms]
2025-03-10 10:40:31.366 [info] > git rev-parse --show-toplevel [19ms]
2025-03-10 10:40:31.389 [info] > git rev-parse --show-toplevel [6ms]
2025-03-10 10:40:31.408 [info] > git rev-parse --show-toplevel [4ms]
2025-03-10 10:40:31.425 [info] > git rev-parse --show-toplevel [4ms]
2025-03-10 10:40:31.447 [info] > git rev-parse --show-toplevel [7ms]
2025-03-10 10:40:31.481 [info] > git status -z -uall [124ms]
2025-03-10 10:40:31.818 [info] > git config --get commit.template [16ms]
2025-03-10 10:40:31.837 [info] > git for-each-ref --format=%(refname)%00%(upstream:short)%00%(objectname)%00%(upstream:track)%00%(upstream:remotename)%00%(upstream:remoteref) refs/heads/main refs/remotes/main [4ms]
2025-03-10 10:40:31.971 [info] > git status -z -uall [124ms]
2025-03-10 10:40:32.332 [info] > git check-ignore -v -z --stdin [14ms]
2025-03-10 10:40:32.835 [info] > git show --textconv :recipes.json [9ms]
2025-03-10 10:40:32.844 [info] > git ls-files --stage -- /mnt/hdd/HDD(lost+found)/instant_chef_project/recipe_filter/recipes.json [11ms]
2025-03-10 10:40:32.865 [info] > git cat-file -s 6bf3c852268a4ef45119eb084669e6931b035885 [5ms]
2025-03-10 10:40:37.673 [info] > git config --get commit.template [5ms]
2025-03-10 10:40:37.688 [info] > git for-each-ref --format=%(refname)%00%(upstream:short)%00%(objectname)%00%(upstream:track)%00%(upstream:remotename)%00%(upstream:remoteref) refs/heads/main refs/remotes/main [5ms]
2025-03-10 10:40:37.755 [info] > git status -z -uall [57ms]
2025-03-10 10:40:41.573 [info] > git ls-files --stage -- /mnt/hdd/HDD(lost+found)/instant_chef_project/recipe_filter/controllers/recipeController.js [18ms]
2025-03-10 10:40:41.636 [info] > git show --textconv :controllers/recipeController.js [97ms]
2025-03-10 10:40:41.639 [info] > git cat-file -s 6d8f4c356faa45af5d3e2e76cbff87ee8e062b62 [46ms]
2025-03-10 10:40:42.881 [info] > git config --get commit.template [44ms]
2025-03-10 10:40:42.883 [info] > git for-each-ref --format=%(refname)%00%(upstream:short)%00%(objectname)%00%(upstream:track)%00%(upstream:remotename)%00%(upstream:remoteref) refs/heads/main refs/remotes/main [3ms]
2025-03-10 10:40:43.160 [info] > git status -z -uall [249ms]
2025-03-10 10:40:48.248 [info] > git config --get commit.template [1ms]
2025-03-10 10:40:48.259 [info] > git for-each-ref --format=%(refname)%00%(upstream:short)%00%(objectname)%00%(upstream:track)%00%(upstream:remotename)%00%(upstream:remoteref) refs/heads/main refs/remotes/main [4ms]
2025-03-10 10:40:48.405 [info] > git status -z -uall [136ms]
2025-03-10 10:40:53.469 [info] > git config --get commit.template [8ms]
2025-03-10 10:40:53.501 [info] > git for-each-ref --format=%(refname)%00%(upstream:short)%00%(objectname)%00%(upstream:track)%00%(upstream:remotename)%00%(upstream:remoteref) refs/heads/main refs/remotes/main [9ms]
2025-03-10 10:40:53.673 [info] > git status -z -uall [152ms]
2025-03-10 10:40:58.715 [info] > git config --get commit.template [7ms]
2025-03-10 10:40:58.716 [info] > git for-each-ref --format=%(refname)%00%(upstream:short)%00%(objectname)%00%(upstream:track)%00%(upstream:remotename)%00%(upstream:remoteref) refs/heads/main refs/remotes/main [2ms]
2025-03-10 10:40:58.783 [info] > git status -z -uall [61ms]
2025-03-10 10:41:03.820 [info] > git config --get commit.template [11ms]
2025-03-10 10:41:03.822 [info] > git for-each-ref --format=%(refname)%00%(upstream:short)%00%(objectname)%00%(upstream:track)%00%(upstream:remotename)%00%(upstream:remoteref) refs/heads/main refs/remotes/main [3ms]
2025-03-10 10:41:03.880 [info] > git status -z -uall [51ms]
2025-03-10 10:41:19.702 [info] > git config --get commit.template [8ms]
2025-03-10 10:41:19.704 [info] > git for-each-ref --format=%(refname)%00%(upstream:short)%00%(objectname)%00%(upstream:track)%00%(upstream:remotename)%00%(upstream:remoteref) refs/heads/main refs/remotes/main [2ms]
2025-03-10 10:41:19.754 [info] > git status -z -uall [44ms]
2025-03-10 10:41:28.649 [info] > git config --get commit.template [11ms]
2025-03-10 10:41:28.650 [info] > git for-each-ref --format=%(refname)%00%(upstream:short)%00%(objectname)%00%(upstream:track)%00%(upstream:remotename)%00%(upstream:remoteref) refs/heads/main refs/remotes/main [4ms]
2025-03-10 10:41:28.711 [info] > git status -z -uall [52ms]
2025-03-10 10:45:16.847 [info] > git config --get commit.template [9ms]
2025-03-10 10:45:16.848 [info] > git for-each-ref --format=%(refname)%00%(upstream:short)%00%(objectname)%00%(upstream:track)%00%(upstream:remotename)%00%(upstream:remoteref) refs/heads/main refs/remotes/main [3ms]
2025-03-10 10:45:16.901 [info] > git status -z -uall [45ms]
2025-03-10 10:46:39.100 [info] > git config --get commit.template [9ms]
2025-03-10 10:46:39.102 [info] > git for-each-ref --format=%(refname)%00%(upstream:short)%00%(objectname)%00%(upstream:track)%00%(upstream:remotename)%00%(upstream:remoteref) refs/heads/main refs/remotes/main [3ms]
2025-03-10 10:46:39.154 [info] > git status -z -uall [45ms]
2025-03-10 10:48:36.501 [info] > git ls-files --stage -- /mnt/hdd/HDD(lost+found)/instant_chef_project/recipe_filter/routes/chatbotRoute.js [11ms]
2025-03-10 10:48:36.562 [info] > git show --textconv :routes/chatbotRoute.js [87ms]
2025-03-10 10:48:36.562 [info] > git cat-file -s a853e401d649e4a3066816d54b83e4332e124d84 [51ms]
2025-03-10 10:48:37.876 [info] > git config --get commit.template [14ms]
2025-03-10 10:48:37.881 [info] > git for-each-ref --format=%(refname)%00%(upstream:short)%00%(objectname)%00%(upstream:track)%00%(upstream:remotename)%00%(upstream:remoteref) refs/heads/main refs/remotes/main [6ms]
2025-03-10 10:48:37.951 [info] > git status -z -uall [58ms]
2025-03-10 10:48:48.352 [info] > git ls-files --stage -- /mnt/hdd/HDD(lost+found)/instant_chef_project/recipe_filter/routes/recipeRoute.js [7ms]
2025-03-10 10:48:48.406 [info] > git show --textconv :routes/recipeRoute.js [70ms]
2025-03-10 10:48:48.406 [info] > git cat-file -s f7c28ad6726d64273fc21401760798d2d754d888 [46ms]
2025-03-10 10:48:49.706 [info] > git config --get commit.template [10ms]
2025-03-10 10:48:49.710 [info] > git for-each-ref --format=%(refname)%00%(upstream:short)%00%(objectname)%00%(upstream:track)%00%(upstream:remotename)%00%(upstream:remoteref) refs/heads/main refs/remotes/main [6ms]
2025-03-10 10:48:49.802 [info] > git status -z -uall [81ms]
2025-03-10 10:49:19.982 [info] > git config --get commit.template [9ms]
2025-03-10 10:49:19.983 [info] > git for-each-ref --format=%(refname)%00%(upstream:short)%00%(objectname)%00%(upstream:track)%00%(upstream:remotename)%00%(upstream:remoteref) refs/heads/main refs/remotes/main [2ms]
2025-03-10 10:49:20.033 [info] > git status -z -uall [44ms]
2025-03-10 10:49:28.934 [info] > git config --get commit.template [9ms]
2025-03-10 10:49:28.936 [info] > git for-each-ref --format=%(refname)%00%(upstream:short)%00%(objectname)%00%(upstream:track)%00%(upstream:remotename)%00%(upstream:remoteref) refs/heads/main refs/remotes/main [3ms]
2025-03-10 10:49:28.987 [info] > git status -z -uall [44ms]
2025-03-10 10:49:56.848 [info] > git config --get commit.template [10ms]
2025-03-10 10:49:56.849 [info] > git for-each-ref --format=%(refname)%00%(upstream:short)%00%(objectname)%00%(upstream:track)%00%(upstream:remotename)%00%(upstream:remoteref) refs/heads/main refs/remotes/main [3ms]
2025-03-10 10:49:56.900 [info] > git status -z -uall [45ms]
2025-03-10 10:50:17.094 [info] > git config --get commit.template [2ms]
2025-03-10 10:50:17.105 [info] > git for-each-ref --format=%(refname)%00%(upstream:short)%00%(objectname)%00%(upstream:track)%00%(upstream:remotename)%00%(upstream:remoteref) refs/heads/main refs/remotes/main [2ms]
2025-03-10 10:50:17.157 [info] > git status -z -uall [44ms]
2025-03-10 10:50:46.316 [info] > git config --get commit.template [7ms]
2025-03-10 10:50:46.317 [info] > git for-each-ref --format=%(refname)%00%(upstream:short)%00%(objectname)%00%(upstream:track)%00%(upstream:remotename)%00%(upstream:remoteref) refs/heads/main refs/remotes/main [2ms]
2025-03-10 10:50:46.366 [info] > git status -z -uall [43ms]
2025-03-10 10:51:26.446 [info] > git config --get commit.template [9ms]
2025-03-10 10:51:26.447 [info] > git for-each-ref --format=%(refname)%00%(upstream:short)%00%(objectname)%00%(upstream:track)%00%(upstream:remotename)%00%(upstream:remoteref) refs/heads/main refs/remotes/main [2ms]
2025-03-10 10:51:26.498 [info] > git status -z -uall [45ms]
2025-03-10 10:52:16.628 [info] > git config --get commit.template [9ms]
2025-03-10 10:52:16.630 [info] > git for-each-ref --format=%(refname)%00%(upstream:short)%00%(objectname)%00%(upstream:track)%00%(upstream:remotename)%00%(upstream:remoteref) refs/heads/main refs/remotes/main [3ms]
2025-03-10 10:52:16.679 [info] > git status -z -uall [44ms]
2025-03-10 10:52:36.131 [info] > git config --get commit.template [9ms]
2025-03-10 10:52:36.133 [info] > git for-each-ref --format=%(refname)%00%(upstream:short)%00%(objectname)%00%(upstream:track)%00%(upstream:remotename)%00%(upstream:remoteref) refs/heads/main refs/remotes/main [3ms]
2025-03-10 10:52:36.183 [info] > git status -z -uall [43ms]
2025-03-10 10:53:41.255 [info] > git ls-files --stage -- /mnt/hdd/HDD(lost+found)/instant_chef_project/recipe_filter/firebase/firebaseAuthMiddleware.js [3ms]
2025-03-10 10:53:41.576 [info] > git cat-file -s 5a1621ea798eb3689976b3b2003179f844601b87 [315ms]
2025-03-10 10:53:41.578 [info] > git show --textconv :firebase/firebaseAuthMiddleware.js [334ms]
2025-03-10 10:53:53.405 [info] > git config --get commit.template [9ms]
2025-03-10 10:53:53.406 [info] > git for-each-ref --format=%(refname)%00%(upstream:short)%00%(objectname)%00%(upstream:track)%00%(upstream:remotename)%00%(upstream:remoteref) refs/heads/main refs/remotes/main [2ms]
2025-03-10 10:53:53.462 [info] > git status -z -uall [47ms]
2025-03-10 10:54:16.350 [info] > git config --get commit.template [10ms]
2025-03-10 10:54:16.351 [info] > git for-each-ref --format=%(refname)%00%(upstream:short)%00%(objectname)%00%(upstream:track)%00%(upstream:remotename)%00%(upstream:remoteref) refs/heads/main refs/remotes/main [3ms]
2025-03-10 10:54:16.413 [info] > git status -z -uall [54ms]
2025-03-10 10:54:28.709 [info] > git config --get commit.template [9ms]
2025-03-10 10:54:28.711 [info] > git for-each-ref --format=%(refname)%00%(upstream:short)%00%(objectname)%00%(upstream:track)%00%(upstream:remotename)%00%(upstream:remoteref) refs/heads/main refs/remotes/main [2ms]
2025-03-10 10:54:28.767 [info] > git status -z -uall [49ms]
2025-03-10 10:55:17.320 [info] > git config --get commit.template [9ms]
2025-03-10 10:55:17.321 [info] > git for-each-ref --format=%(refname)%00%(upstream:short)%00%(objectname)%00%(upstream:track)%00%(upstream:remotename)%00%(upstream:remoteref) refs/heads/main refs/remotes/main [2ms]
2025-03-10 10:55:17.381 [info] > git status -z -uall [54ms]
2025-03-10 10:55:53.932 [info] > git show --textconv :firebase/firebaseAdmin.js [7ms]
2025-03-10 10:55:53.935 [info] > git ls-files --stage -- /mnt/hdd/HDD(lost+found)/instant_chef_project/recipe_filter/firebase/firebaseAdmin.js [4ms]
2025-03-10 10:55:53.944 [info] > git cat-file -s 06ee5d43a3a94e30ec4d97ec4ac807e924702401 [2ms]
2025-03-10 10:55:55.495 [info] > git show --textconv :firebase/setCoustom.js [8ms]
2025-03-10 10:55:55.499 [info] > git ls-files --stage -- /mnt/hdd/HDD(lost+found)/instant_chef_project/recipe_filter/firebase/setCoustom.js [5ms]
2025-03-10 10:55:55.507 [info] > git cat-file -s 5b39595487303387414e85ae2720a38f6d321f35 [3ms]
2025-03-10 10:55:56.814 [info] > git config --get commit.template [8ms]
2025-03-10 10:55:56.815 [info] > git for-each-ref --format=%(refname)%00%(upstream:short)%00%(objectname)%00%(upstream:track)%00%(upstream:remotename)%00%(upstream:remoteref) refs/heads/main refs/remotes/main [2ms]
2025-03-10 10:55:56.877 [info] > git status -z -uall [56ms]
2025-03-10 10:56:07.609 [info] > git config --get commit.template [10ms]
2025-03-10 10:56:07.611 [info] > git for-each-ref --format=%(refname)%00%(upstream:short)%00%(objectname)%00%(upstream:track)%00%(upstream:remotename)%00%(upstream:remoteref) refs/heads/main refs/remotes/main [3ms]
2025-03-10 10:56:07.670 [info] > git status -z -uall [52ms]
2025-03-10 10:56:28.686 [info] > git config --get commit.template [9ms]
2025-03-10 10:56:28.687 [info] > git for-each-ref --format=%(refname)%00%(upstream:short)%00%(objectname)%00%(upstream:track)%00%(upstream:remotename)%00%(upstream:remoteref) refs/heads/main refs/remotes/main [3ms]
2025-03-10 10:56:28.742 [info] > git status -z -uall [50ms]
2025-03-10 10:57:16.868 [info] > git config --get commit.template [9ms]
2025-03-10 10:57:16.870 [info] > git for-each-ref --format=%(refname)%00%(upstream:short)%00%(objectname)%00%(upstream:track)%00%(upstream:remotename)%00%(upstream:remoteref) refs/heads/main refs/remotes/main [3ms]
2025-03-10 10:57:16.924 [info] > git status -z -uall [48ms]
2025-03-10 10:57:26.829 [info] > git config --get commit.template [9ms]
2025-03-10 10:57:26.831 [info] > git for-each-ref --format=%(refname)%00%(upstream:short)%00%(objectname)%00%(upstream:track)%00%(upstream:remotename)%00%(upstream:remoteref) refs/heads/main refs/remotes/main [4ms]
2025-03-10 10:57:26.886 [info] > git status -z -uall [48ms]
2025-03-10 10:57:36.705 [info] > git config --get commit.template [10ms]
2025-03-10 10:57:36.707 [info] > git for-each-ref --format=%(refname)%00%(upstream:short)%00%(objectname)%00%(upstream:track)%00%(upstream:remotename)%00%(upstream:remoteref) refs/heads/main refs/remotes/main [3ms]
2025-03-10 10:57:36.763 [info] > git status -z -uall [48ms]
2025-03-10 11:00:17.582 [info] > git config --get commit.template [9ms]
2025-03-10 11:00:17.583 [info] > git for-each-ref --format=%(refname)%00%(upstream:short)%00%(objectname)%00%(upstream:track)%00%(upstream:remotename)%00%(upstream:remoteref) refs/heads/main refs/remotes/main [2ms]
2025-03-10 11:00:17.636 [info] > git status -z -uall [47ms]
2025-03-10 11:31:26.467 [info] > git config --get commit.template [12ms]
2025-03-10 11:31:26.471 [info] > git for-each-ref --format=%(refname)%00%(upstream:short)%00%(objectname)%00%(upstream:track)%00%(upstream:remotename)%00%(upstream:remoteref) refs/heads/main refs/remotes/main [5ms]
2025-03-10 11:31:26.577 [info] > git status -z -uall [96ms]
2025-03-10 11:31:31.608 [info] > git config --get commit.template [2ms]
2025-03-10 11:31:31.615 [info] > git for-each-ref --format=%(refname)%00%(upstream:short)%00%(objectname)%00%(upstream:track)%00%(upstream:remotename)%00%(upstream:remoteref) refs/heads/main refs/remotes/main [2ms]
2025-03-10 11:31:31.683 [info] > git status -z -uall [63ms]
2025-03-10 11:32:17.955 [info] > git config --get commit.template [9ms]
2025-03-10 11:32:17.957 [info] > git for-each-ref --format=%(refname)%00%(upstream:short)%00%(objectname)%00%(upstream:track)%00%(upstream:remotename)%00%(upstream:remoteref) refs/heads/main refs/remotes/main [2ms]
2025-03-10 11:32:18.015 [info] > git status -z -uall [51ms]
2025-03-10 11:32:37.805 [info] > git config --get commit.template [9ms]
2025-03-10 11:32:37.806 [info] > git for-each-ref --format=%(refname)%00%(upstream:short)%00%(objectname)%00%(upstream:track)%00%(upstream:remotename)%00%(upstream:remoteref) refs/heads/main refs/remotes/main [2ms]
2025-03-10 11:32:37.863 [info] > git status -z -uall [48ms]
2025-03-10 12:41:23.650 [info] > git config --get commit.template [17ms]
2025-03-10 12:41:23.653 [info] > git for-each-ref --format=%(refname)%00%(upstream:short)%00%(objectname)%00%(upstream:track)%00%(upstream:remotename)%00%(upstream:remoteref) refs/heads/main refs/remotes/main [5ms]
2025-03-10 12:41:23.739 [info] > git status -z -uall [75ms]
