2025-03-07 21:23:01.827 [info] Log level: Info
2025-03-07 21:23:01.827 [info] Validating found git in: "git"
2025-03-07 21:23:01.827 [info] Using git "2.43.0" from "git"
2025-03-07 21:23:01.827 [info] > git rev-parse --show-toplevel [5ms]
2025-03-07 21:23:01.830 [info] > git rev-parse --git-dir --git-common-dir [11ms]
2025-03-07 21:23:01.878 [info] Open repository: /mnt/hdd/HDD(lost+found)/instant_chef_project/recipe_filter
2025-03-07 21:23:01.927 [info] > git rev-parse --show-toplevel [21ms]
2025-03-07 21:23:01.930 [info] > git config --get commit.template [31ms]
2025-03-07 21:23:01.963 [info] > git rev-parse --show-toplevel [16ms]
2025-03-07 21:23:01.973 [info] > git for-each-ref --format=%(refname)%00%(upstream:short)%00%(objectname)%00%(upstream:track)%00%(upstream:remotename)%00%(upstream:remoteref) refs/heads/main refs/remotes/main [15ms]
2025-03-07 21:23:01.992 [info] > git rev-parse --show-toplevel [20ms]
2025-03-07 21:23:02.044 [info] > git rev-parse --show-toplevel [10ms]
2025-03-07 21:23:02.121 [info] > git rev-parse --show-toplevel [51ms]
2025-03-07 21:23:02.155 [info] > git status -z -uall [170ms]
2025-03-07 21:23:02.203 [info] > git rev-parse --show-toplevel [51ms]
2025-03-07 21:23:02.252 [info] > git config --get commit.template [50ms]
2025-03-07 21:23:02.254 [info] > git rev-parse --show-toplevel [4ms]
2025-03-07 21:23:02.359 [info] > git for-each-ref --format=%(refname)%00%(upstream:short)%00%(objectname)%00%(upstream:track)%00%(upstream:remotename)%00%(upstream:remoteref) refs/heads/main refs/remotes/main [90ms]
2025-03-07 21:23:02.488 [info] > git status -z -uall [122ms]
2025-03-07 21:23:02.941 [info] > git check-ignore -v -z --stdin [29ms]
2025-03-07 21:23:04.005 [info] > git show --textconv :.env [18ms]
2025-03-07 21:23:04.015 [info] > git ls-files --stage -- /mnt/hdd/HDD(lost+found)/instant_chef_project/recipe_filter/.env [12ms]
2025-03-07 22:20:59.770 [info] > git config --get commit.template [2ms]
2025-03-07 22:20:59.782 [info] > git for-each-ref --format=%(refname)%00%(upstream:short)%00%(objectname)%00%(upstream:track)%00%(upstream:remotename)%00%(upstream:remoteref) refs/heads/main refs/remotes/main [5ms]
2025-03-07 22:20:59.855 [info] > git status -z -uall [64ms]
2025-03-07 22:21:04.888 [info] > git config --get commit.template [4ms]
2025-03-07 22:21:04.902 [info] > git for-each-ref --format=%(refname)%00%(upstream:short)%00%(objectname)%00%(upstream:track)%00%(upstream:remotename)%00%(upstream:remoteref) refs/heads/main refs/remotes/main [4ms]
2025-03-07 22:21:04.969 [info] > git status -z -uall [58ms]
2025-03-07 22:21:37.556 [info] > git config --get commit.template [14ms]
2025-03-07 22:21:37.557 [info] > git for-each-ref --format=%(refname)%00%(upstream:short)%00%(objectname)%00%(upstream:track)%00%(upstream:remotename)%00%(upstream:remoteref) refs/heads/main refs/remotes/main [2ms]
2025-03-07 22:21:37.640 [info] > git status -z -uall [76ms]
2025-03-08 00:08:34.321 [info] > git config --get commit.template [3ms]
2025-03-08 00:08:34.335 [info] > git for-each-ref --format=%(refname)%00%(upstream:short)%00%(objectname)%00%(upstream:track)%00%(upstream:remotename)%00%(upstream:remoteref) refs/heads/main refs/remotes/main [3ms]
2025-03-08 00:08:34.482 [info] > git status -z -uall [137ms]
2025-03-08 00:08:39.526 [info] > git config --get commit.template [11ms]
2025-03-08 00:08:39.528 [info] > git for-each-ref --format=%(refname)%00%(upstream:short)%00%(objectname)%00%(upstream:track)%00%(upstream:remotename)%00%(upstream:remoteref) refs/heads/main refs/remotes/main [4ms]
2025-03-08 00:08:39.590 [info] > git status -z -uall [54ms]
2025-03-08 00:08:47.415 [info] > git show --textconv :routes/recipeRoute.js [136ms]
2025-03-08 00:08:47.419 [info] > git ls-files --stage -- /mnt/hdd/HDD(lost+found)/instant_chef_project/recipe_filter/routes/recipeRoute.js [113ms]
2025-03-08 00:08:47.443 [info] > git cat-file -s f7c28ad6726d64273fc21401760798d2d754d888 [5ms]
2025-03-08 00:08:48.932 [info] > git config --get commit.template [2ms]
2025-03-08 00:08:48.946 [info] > git for-each-ref --format=%(refname)%00%(upstream:short)%00%(objectname)%00%(upstream:track)%00%(upstream:remotename)%00%(upstream:remoteref) refs/heads/main refs/remotes/main [2ms]
2025-03-08 00:08:49.122 [info] > git status -z -uall [156ms]
2025-03-08 00:08:57.863 [info] > git config --get commit.template [2ms]
2025-03-08 00:08:57.877 [info] > git for-each-ref --format=%(refname)%00%(upstream:short)%00%(objectname)%00%(upstream:track)%00%(upstream:remotename)%00%(upstream:remoteref) refs/heads/main refs/remotes/main [6ms]
2025-03-08 00:08:57.959 [info] > git status -z -uall [73ms]
2025-03-08 00:09:08.397 [info] > git show --textconv :routes/chatbotRoute.js [28ms]
2025-03-08 00:09:08.398 [info] > git ls-files --stage -- /mnt/hdd/HDD(lost+found)/instant_chef_project/recipe_filter/routes/chatbotRoute.js [7ms]
2025-03-08 00:09:08.420 [info] > git cat-file -s a853e401d649e4a3066816d54b83e4332e124d84 [12ms]
2025-03-08 00:13:37.961 [info] > git config --get commit.template [3ms]
2025-03-08 00:13:37.974 [info] > git for-each-ref --format=%(refname)%00%(upstream:short)%00%(objectname)%00%(upstream:track)%00%(upstream:remotename)%00%(upstream:remoteref) refs/heads/main refs/remotes/main [3ms]
2025-03-08 00:13:38.050 [info] > git status -z -uall [69ms]
2025-03-08 00:13:41.397 [info] > git show --textconv :controllers/recipeController.js [17ms]
2025-03-08 00:13:41.403 [info] > git ls-files --stage -- /mnt/hdd/HDD(lost+found)/instant_chef_project/recipe_filter/controllers/recipeController.js [9ms]
2025-03-08 00:13:41.422 [info] > git cat-file -s 6d8f4c356faa45af5d3e2e76cbff87ee8e062b62 [12ms]
2025-03-08 00:13:43.082 [info] > git config --get commit.template [11ms]
2025-03-08 00:13:43.085 [info] > git for-each-ref --format=%(refname)%00%(upstream:short)%00%(objectname)%00%(upstream:track)%00%(upstream:remotename)%00%(upstream:remoteref) refs/heads/main refs/remotes/main [4ms]
2025-03-08 00:13:43.155 [info] > git status -z -uall [60ms]
2025-03-08 00:13:55.711 [info] > git config --get commit.template [12ms]
2025-03-08 00:13:55.714 [info] > git for-each-ref --format=%(refname)%00%(upstream:short)%00%(objectname)%00%(upstream:track)%00%(upstream:remotename)%00%(upstream:remoteref) refs/heads/main refs/remotes/main [3ms]
2025-03-08 00:13:55.789 [info] > git status -z -uall [65ms]
2025-03-08 00:14:00.833 [info] > git config --get commit.template [13ms]
2025-03-08 00:14:00.835 [info] > git for-each-ref --format=%(refname)%00%(upstream:short)%00%(objectname)%00%(upstream:track)%00%(upstream:remotename)%00%(upstream:remoteref) refs/heads/main refs/remotes/main [4ms]
2025-03-08 00:14:00.929 [info] > git status -z -uall [87ms]
2025-03-08 00:16:15.513 [info] > git ls-files --stage -- /mnt/hdd/HDD(lost+found)/instant_chef_project/recipe_filter/models/recipeModel.js [7ms]
2025-03-08 00:16:15.543 [info] > git show --textconv :models/recipeModel.js [45ms]
2025-03-08 00:16:15.543 [info] > git cat-file -s 864533829a7f0dd64839fc3659d21d3e5c3e7e73 [24ms]
2025-03-08 00:16:47.485 [info] > git config --get commit.template [5ms]
2025-03-08 00:16:47.501 [info] > git for-each-ref --format=%(refname)%00%(upstream:short)%00%(objectname)%00%(upstream:track)%00%(upstream:remotename)%00%(upstream:remoteref) refs/heads/main refs/remotes/main [4ms]
2025-03-08 00:16:47.591 [info] > git status -z -uall [79ms]
2025-03-08 00:16:48.892 [info] > git ls-files --stage -- /mnt/hdd/HDD(lost+found)/instant_chef_project/recipe_filter/firebase/firebaseAuthMiddleware.js [10ms]
2025-03-08 00:16:48.906 [info] > git show --textconv :firebase/firebaseAuthMiddleware.js [32ms]
2025-03-08 00:16:48.907 [info] > git cat-file -s 5a1621ea798eb3689976b3b2003179f844601b87 [7ms]
2025-03-08 00:19:01.661 [info] > git config --get commit.template [24ms]
2025-03-08 00:19:01.664 [info] > git for-each-ref --format=%(refname)%00%(upstream:short)%00%(objectname)%00%(upstream:track)%00%(upstream:remotename)%00%(upstream:remoteref) refs/heads/main refs/remotes/main [6ms]
2025-03-08 00:19:01.750 [info] > git status -z -uall [72ms]
2025-03-08 00:19:06.781 [info] > git config --get commit.template [11ms]
2025-03-08 00:19:06.784 [info] > git for-each-ref --format=%(refname)%00%(upstream:short)%00%(objectname)%00%(upstream:track)%00%(upstream:remotename)%00%(upstream:remoteref) refs/heads/main refs/remotes/main [5ms]
2025-03-08 00:19:06.857 [info] > git status -z -uall [64ms]
2025-03-08 00:19:10.142 [info] > git show --textconv :models/recipeModel.js [11ms]
2025-03-08 00:19:10.148 [info] > git ls-files --stage -- /mnt/hdd/HDD(lost+found)/instant_chef_project/recipe_filter/models/recipeModel.js [7ms]
2025-03-08 00:19:10.161 [info] > git cat-file -s 864533829a7f0dd64839fc3659d21d3e5c3e7e73 [2ms]
2025-03-08 00:21:23.809 [info] > git config --get commit.template [11ms]
2025-03-08 00:21:23.811 [info] > git for-each-ref --format=%(refname)%00%(upstream:short)%00%(objectname)%00%(upstream:track)%00%(upstream:remotename)%00%(upstream:remoteref) refs/heads/main refs/remotes/main [4ms]
2025-03-08 00:21:23.912 [info] > git status -z -uall [92ms]
2025-03-08 00:32:33.644 [info] > git config --get commit.template [2ms]
2025-03-08 00:32:33.654 [info] > git for-each-ref --format=%(refname)%00%(upstream:short)%00%(objectname)%00%(upstream:track)%00%(upstream:remotename)%00%(upstream:remoteref) refs/heads/main refs/remotes/main [2ms]
2025-03-08 00:32:33.729 [info] > git status -z -uall [69ms]
2025-03-08 05:10:18.850 [info] > git config --get commit.template [4ms]
2025-03-08 05:10:18.875 [info] > git for-each-ref --format=%(refname)%00%(upstream:short)%00%(objectname)%00%(upstream:track)%00%(upstream:remotename)%00%(upstream:remoteref) refs/heads/main refs/remotes/main [6ms]
2025-03-08 05:10:18.979 [info] > git status -z -uall [88ms]
2025-03-08 05:10:24.012 [info] > git for-each-ref --format=%(refname)%00%(upstream:short)%00%(objectname)%00%(upstream:track)%00%(upstream:remotename)%00%(upstream:remoteref) refs/heads/main refs/remotes/main [4ms]
2025-03-08 05:10:24.012 [info] > git config --get commit.template [13ms]
2025-03-08 05:10:24.093 [info] > git status -z -uall [72ms]
