2025-02-18 19:16:42.330 [info] Added views:workbench.panel.markers.view in workbench.panel.markers
2025-02-18 19:16:42.330 [info] Added views:workbench.panel.output in workbench.panel.output
2025-02-18 19:16:42.330 [info] Added views:terminal in terminal
2025-02-18 19:16:42.330 [info] Added views:outline in workbench.view.explorer
2025-02-18 19:16:42.330 [info] Added views:workbench.scm in workbench.view.scm
2025-02-18 19:16:42.330 [info] Added views:workbench.view.search in workbench.view.search
2025-02-18 19:16:42.330 [info] Added views:timeline in workbench.view.explorer
2025-02-18 19:16:42.330 [info] Added views:workbench.explorer.fileView in workbench.view.explorer
2025-02-18 19:16:43.047 [info] Added views:workbench.debug.welcome in workbench.view.debug
2025-02-18 19:16:45.258 [info] Added views:workbench.panel.repl.view in workbench.panel.repl
2025-02-18 19:16:51.049 [info] Added views:workbench.panel.markers.view in workbench.panel.markers
2025-02-18 19:16:51.049 [info] Added views:workbench.panel.output in workbench.panel.output
2025-02-18 19:16:51.049 [info] Added views:terminal in terminal
2025-02-18 19:16:51.049 [info] Added views:outline in workbench.view.explorer
2025-02-18 19:16:51.049 [info] Added views:workbench.scm in workbench.view.scm
2025-02-18 19:16:51.049 [info] Added views:workbench.view.search in workbench.view.search
2025-02-18 19:16:51.049 [info] Added views:timeline in workbench.view.explorer
2025-02-18 19:16:51.049 [info] Added views:workbench.explorer.fileView in workbench.view.explorer
2025-02-18 19:16:51.420 [info] Added views:workbench.debug.welcome in workbench.view.debug
2025-02-18 19:16:51.864 [info] Added views:dotenv.view.vault in workbench.view.extension.dotenv
2025-02-18 19:16:52.344 [info] Added views:workbench.panel.repl.view in workbench.panel.repl
2025-02-18 19:16:57.546 [info] Added views:~remote.forwardedPorts in ~remote.forwardedPortsContainer
