2025-02-17 12:47:21.975 [info] Started local extension host with pid 55383.
2025-02-17 12:47:22.658 [error] [/home/maskura/.vscode/extensions/ms-python.vscode-pylance-2024.10.1]: Extension is not compatible with Code 1.89.1. Extension requires: ^1.91.0.
2025-02-17 12:47:22.662 [error] [/home/maskura/.vscode/extensions/ms-python.python-2024.16.1-linux-x64]: Extension is not compatible with Code 1.89.1. Extension requires: ^1.94.0-20240918.
2025-02-17 12:47:22.667 [error] [/home/maskura/.vscode/extensions/ms-python.python-2024.18.0-linux-x64]: Extension is not compatible with Code 1.89.1. Extension requires: ^1.94.0-20240918.
2025-02-17 12:47:22.720 [error] [/home/maskura/.vscode/extensions/ms-python.debugpy-2024.12.0-linux-x64]: Extension is not compatible with Code 1.89.1. Extension requires: ^1.92.0.
2025-02-17 12:47:22.724 [error] [/home/maskura/.vscode/extensions/ms-python.vscode-pylance-2024.11.1]: Extension is not compatible with Code 1.89.1. Extension requires: ^1.91.0.
2025-02-17 12:47:22.724 [error] [/home/maskura/.vscode/extensions/ms-python.python-2024.18.1-linux-x64]: Extension is not compatible with Code 1.89.1. Extension requires: ^1.94.0-20240918.
2025-02-17 12:47:22.727 [error] [/home/maskura/.vscode/extensions/ms-python.python-2024.20.0-linux-x64]: Extension is not compatible with Code 1.89.1. Extension requires: ^1.94.0-20240918.
2025-02-17 12:47:22.727 [error] [/home/maskura/.vscode/extensions/ms-python.vscode-pylance-2024.11.2]: Extension is not compatible with Code 1.89.1. Extension requires: ^1.91.0.
2025-02-17 12:47:22.728 [error] [/home/maskura/.vscode/extensions/ms-python.vscode-pylance-2024.11.3]: Extension is not compatible with Code 1.89.1. Extension requires: ^1.91.0.
2025-02-17 12:47:22.729 [error] [/home/maskura/.vscode/extensions/ms-python.debugpy-2024.14.0-linux-x64]: Extension is not compatible with Code 1.89.1. Extension requires: ^1.92.0.
2025-02-17 12:47:22.730 [error] [/home/maskura/.vscode/extensions/ms-python.python-2024.22.0-linux-x64]: Extension is not compatible with Code 1.89.1. Extension requires: ^1.94.0-20240918.
2025-02-17 12:47:22.734 [error] [/home/maskura/.vscode/extensions/ms-python.vscode-pylance-2024.12.1]: Extension is not compatible with Code 1.89.1. Extension requires: ^1.91.0.
2025-02-17 12:47:22.740 [error] [/home/maskura/.vscode/extensions/ms-python.python-2024.22.1-linux-x64]: Extension is not compatible with Code 1.89.1. Extension requires: ^1.94.0-20240918.
2025-02-17 12:47:22.747 [error] [/home/maskura/.vscode/extensions/ms-python.debugpy-2025.0.0-linux-x64]: Extension is not compatible with Code 1.89.1. Extension requires: ^1.92.0.
2025-02-17 12:47:22.764 [error] [/home/maskura/.vscode/extensions/ms-python.python-2024.22.2-linux-x64]: Extension is not compatible with Code 1.89.1. Extension requires: ^1.94.0-20240918.
2025-02-17 12:47:22.764 [error] [/home/maskura/.vscode/extensions/ms-python.python-2025.0.0-linux-x64]: Extension is not compatible with Code 1.89.1. Extension requires: ^1.94.0-20240918.
2025-02-17 12:47:22.765 [error] [/home/maskura/.vscode/extensions/ms-python.debugpy-2025.0.1-linux-x64]: Extension is not compatible with Code 1.89.1. Extension requires: ^1.92.0.
2025-02-17 12:47:22.766 [error] [/home/maskura/.vscode/extensions/ms-python.vscode-pylance-2025.2.1]: Extension is not compatible with Code 1.89.1. Extension requires: ^1.91.0.
2025-02-17 12:47:30.125 [error] Cannot read properties of undefined (reading 'accessToken'): TypeError: Cannot read properties of undefined (reading 'accessToken')
    at p.z (vscode-file://vscode-app/usr/share/code/resources/app/out/vs/workbench/workbench.desktop.main.js:1686:21851)
    at p.C (vscode-file://vscode-app/usr/share/code/resources/app/out/vs/workbench/workbench.desktop.main.js:1686:22484)
    at d.value (vscode-file://vscode-app/usr/share/code/resources/app/out/vs/workbench/workbench.desktop.main.js:1686:21653)
2025-02-17 12:47:32.569 [info] [perf] Render performance baseline is 132ms
