2024-12-30 23:51:03.926 [info] Reading sessions from keychain...
2024-12-30 23:51:03.926 [info] Getting sessions for all scopes...
2024-12-30 23:51:03.927 [info] Getting sessions for all scopes...
2024-12-30 23:51:03.967 [info] Getting sessions for read:user,repo,user:email,workflow...
2024-12-30 23:51:04.005 [info] Got 0 sessions for ...
2024-12-30 23:51:04.006 [info] Got 0 sessions for ...
2024-12-30 23:51:04.006 [info] Got 0 sessions for read:user,repo,user:email,workflow...
2024-12-30 23:51:04.285 [info] Getting sessions for all scopes...
2024-12-30 23:51:04.285 [info] Got 0 sessions for ...
2024-12-30 23:51:11.372 [info] Reading sessions from keychain...
2024-12-30 23:51:11.372 [info] Getting sessions for all scopes...
2024-12-30 23:51:11.372 [info] Getting sessions for all scopes...
2024-12-30 23:51:11.581 [info] Got 0 sessions for ...
2024-12-30 23:51:11.581 [info] Got 0 sessions for ...
2024-12-30 23:51:11.625 [info] Getting sessions for read:user,repo,user:email,workflow...
2024-12-30 23:51:11.625 [info] Got 0 sessions for read:user,repo,user:email,workflow...
2024-12-30 23:51:12.520 [info] Getting sessions for all scopes...
2024-12-30 23:51:12.520 [info] Got 0 sessions for ...
2024-12-30 23:51:13.228 [info] Getting sessions for all scopes...
2024-12-30 23:51:13.228 [info] Got 0 sessions for ...
2024-12-30 23:52:23.051 [info] Reading sessions from keychain...
2024-12-30 23:52:23.052 [info] Getting sessions for all scopes...
2024-12-30 23:52:23.052 [info] Getting sessions for all scopes...
2024-12-30 23:52:23.052 [info] Got 0 sessions for ...
2024-12-30 23:52:23.052 [info] Got 0 sessions for ...
2024-12-30 23:52:23.052 [info] Getting sessions for all scopes...
2024-12-30 23:52:23.052 [info] Got 0 sessions for ...
2024-12-30 23:52:23.052 [info] Getting sessions for read:user,repo,user:email,workflow...
2024-12-30 23:52:23.052 [info] Got 0 sessions for read:user,repo,user:email,workflow...
2024-12-30 23:52:27.677 [info] Reading sessions from keychain...
2024-12-30 23:52:27.678 [info] Getting sessions for all scopes...
2024-12-30 23:52:27.678 [info] Getting sessions for all scopes...
2024-12-30 23:52:27.678 [info] Got 0 sessions for ...
2024-12-30 23:52:27.678 [info] Got 0 sessions for ...
2024-12-30 23:52:27.678 [info] Getting sessions for all scopes...
2024-12-30 23:52:27.678 [info] Got 0 sessions for ...
2024-12-30 23:52:27.682 [info] Getting sessions for read:user,repo,user:email,workflow...
2024-12-30 23:52:27.682 [info] Got 0 sessions for read:user,repo,user:email,workflow...
