2024-12-20 13:25:34.266 [info] Added views:workbench.panel.markers.view in workbench.panel.markers
2024-12-20 13:25:34.267 [info] Added views:workbench.panel.output in workbench.panel.output
2024-12-20 13:25:34.267 [info] Added views:terminal in terminal
2024-12-20 13:25:34.267 [info] Added views:outline in workbench.view.explorer
2024-12-20 13:25:34.267 [info] Added views:workbench.scm in workbench.view.scm
2024-12-20 13:25:34.267 [info] Added views:workbench.view.search in workbench.view.search
2024-12-20 13:25:34.267 [info] Added views:timeline in workbench.view.explorer
2024-12-20 13:25:34.267 [info] Added views:workbench.explorer.emptyView in workbench.view.explorer
2024-12-20 13:25:34.939 [info] Added views:workbench.debug.variablesView,workbench.debug.watchExpressionsView,workbench.debug.callStackView,workbench.debug.breakPointsView in workbench.view.debug
2024-12-20 13:25:36.731 [info] Added views:~remote.forwardedPorts in ~remote.forwardedPortsContainer
2024-12-20 13:25:36.936 [info] Added views:workbench.panel.repl.view in workbench.panel.repl
2024-12-20 13:25:36.938 [info] Removed views:workbench.debug.breakPointsView,workbench.debug.callStackView,workbench.debug.watchExpressionsView,workbench.debug.variablesView from workbench.view.debug
2024-12-20 13:25:36.940 [info] Added views:workbench.debug.welcome in workbench.view.debug
2024-12-20 13:25:54.225 [info] Added views:workbench.panel.markers.view in workbench.panel.markers
2024-12-20 13:25:54.225 [info] Added views:workbench.panel.output in workbench.panel.output
2024-12-20 13:25:54.225 [info] Added views:terminal in terminal
2024-12-20 13:25:54.225 [info] Added views:outline in workbench.view.explorer
2024-12-20 13:25:54.225 [info] Added views:workbench.scm in workbench.view.scm
2024-12-20 13:25:54.225 [info] Added views:workbench.view.search in workbench.view.search
2024-12-20 13:25:54.225 [info] Added views:timeline in workbench.view.explorer
2024-12-20 13:25:54.225 [info] Added views:workbench.explorer.fileView in workbench.view.explorer
2024-12-20 13:25:54.622 [info] Added views:workbench.debug.variablesView,workbench.debug.watchExpressionsView,workbench.debug.callStackView,workbench.debug.breakPointsView in workbench.view.debug
2024-12-20 13:25:55.228 [info] Added views:~remote.forwardedPorts in ~remote.forwardedPortsContainer
2024-12-20 13:25:55.696 [info] Added views:workbench.panel.repl.view in workbench.panel.repl
2024-12-20 13:25:55.700 [info] Removed views:workbench.debug.breakPointsView,workbench.debug.callStackView,workbench.debug.watchExpressionsView,workbench.debug.variablesView from workbench.view.debug
2024-12-20 13:25:55.702 [info] Added views:workbench.debug.welcome in workbench.view.debug
2024-12-20 13:26:04.518 [info] Added views:workbench.panel.markers.view in workbench.panel.markers
2024-12-20 13:26:04.518 [info] Added views:workbench.panel.output in workbench.panel.output
2024-12-20 13:26:04.518 [info] Added views:terminal in terminal
2024-12-20 13:26:04.518 [info] Added views:outline in workbench.view.explorer
2024-12-20 13:26:04.518 [info] Added views:workbench.scm in workbench.view.scm
2024-12-20 13:26:04.518 [info] Added views:workbench.view.search in workbench.view.search
2024-12-20 13:26:04.518 [info] Added views:timeline in workbench.view.explorer
2024-12-20 13:26:04.518 [info] Added views:workbench.explorer.fileView in workbench.view.explorer
2024-12-20 13:26:05.211 [info] Added views:workbench.debug.variablesView,workbench.debug.watchExpressionsView,workbench.debug.callStackView,workbench.debug.breakPointsView in workbench.view.debug
2024-12-20 13:26:05.542 [info] Added views:workbench.panel.repl.view in workbench.panel.repl
2024-12-20 13:26:05.543 [info] Removed views:workbench.debug.breakPointsView,workbench.debug.callStackView,workbench.debug.watchExpressionsView,workbench.debug.variablesView from workbench.view.debug
2024-12-20 13:26:05.544 [info] Added views:workbench.debug.welcome in workbench.view.debug
2024-12-20 13:26:05.569 [info] Added views:~remote.forwardedPorts in ~remote.forwardedPortsContainer
2024-12-20 13:26:14.329 [info] Added views:workbench.panel.markers.view in workbench.panel.markers
2024-12-20 13:26:14.329 [info] Added views:workbench.panel.output in workbench.panel.output
2024-12-20 13:26:14.329 [info] Added views:terminal in terminal
2024-12-20 13:26:14.329 [info] Added views:outline in workbench.view.explorer
2024-12-20 13:26:14.329 [info] Added views:workbench.scm in workbench.view.scm
2024-12-20 13:26:14.329 [info] Added views:workbench.view.search in workbench.view.search
2024-12-20 13:26:14.329 [info] Added views:timeline in workbench.view.explorer
2024-12-20 13:26:14.329 [info] Added views:workbench.explorer.fileView in workbench.view.explorer
2024-12-20 13:26:15.644 [info] Added views:workbench.debug.welcome in workbench.view.debug
2024-12-20 13:26:15.756 [info] Added views:workbench.panel.repl.view in workbench.panel.repl
2024-12-20 13:26:16.619 [info] Added views:~remote.forwardedPorts in ~remote.forwardedPortsContainer
2024-12-20 19:12:38.076 [info] Added views:workbench.views.extensions.installed,workbench.views.extensions.popular,extensions.recommendedList in workbench.view.extensions
2024-12-20 19:12:38.088 [info] Removed views:workbench.views.extensions.popular from workbench.view.extensions
2024-12-20 19:12:41.985 [info] Removed views:extensions.recommendedList,workbench.views.extensions.installed from workbench.view.extensions
2024-12-20 19:12:41.997 [info] Added views:workbench.views.extensions.marketplace in workbench.view.extensions
2024-12-20 19:13:42.922 [info] Added views:dotenv.view.vault in workbench.view.extension.dotenv
