2024-12-30 18:21:08.551 [info] Log level: Info
2024-12-30 18:21:08.551 [info] Validating found git in: "git"
2024-12-30 18:21:08.719 [info] Using git "2.43.0" from "git"
2024-12-30 18:21:08.915 [info] > git rev-parse --show-toplevel [178ms]
2024-12-30 18:21:08.924 [info] > git rev-parse --git-dir --git-common-dir [3ms]
2024-12-30 18:21:08.945 [info] Open repository: /mnt/hdd/HDD(lost+found)/instant_chef_project/recipe_filter
2024-12-30 18:21:08.961 [info] > git config --get commit.template [5ms]
2024-12-30 18:21:08.963 [info] > git rev-parse --show-toplevel [5ms]
2024-12-30 18:21:08.978 [info] > git rev-parse --show-toplevel [3ms]
2024-12-30 18:21:08.985 [info] > git rev-parse --show-toplevel [3ms]
2024-12-30 18:21:08.992 [info] > git rev-parse --show-toplevel [2ms]
2024-12-30 18:21:08.997 [info] > git rev-parse --show-toplevel [1ms]
2024-12-30 18:21:09.114 [info] > git for-each-ref --format=%(refname)%00%(upstream:short)%00%(objectname)%00%(upstream:track)%00%(upstream:remotename)%00%(upstream:remoteref) refs/heads/main refs/remotes/main [144ms]
2024-12-30 18:21:09.518 [info] > git status -z -uall [398ms]
2024-12-30 18:21:09.590 [info] > git merge-base refs/heads/main refs/remotes/origin/main [55ms]
2024-12-30 18:21:09.600 [info] > git config --get commit.template [21ms]
2024-12-30 18:21:09.609 [info] > git for-each-ref --format=%(refname)%00%(upstream:short)%00%(objectname)%00%(upstream:track)%00%(upstream:remotename)%00%(upstream:remoteref) refs/heads/main refs/remotes/main [3ms]
2024-12-30 18:21:09.611 [info] > git rev-list --count --left-right refs/heads/main...refs/remotes/origin/main [14ms]
2024-12-30 18:21:09.697 [info] > git status -z -uall [70ms]
2024-12-30 18:21:09.713 [info] > git diff --name-status -z --diff-filter=ADMR 85926a403c70adf575db626f7cfeae5292774141...refs/remotes/origin/main [96ms]
2024-12-30 18:21:10.247 [info] > git check-ignore -v -z --stdin [13ms]
2024-12-30 18:21:10.722 [info] > git ls-files --stage -- /mnt/hdd/HDD(lost+found)/instant_chef_project/recipe_filter/recipes.json [10ms]
2024-12-30 18:21:10.778 [info] > git show --textconv :recipes.json [79ms]
2024-12-30 18:21:10.783 [info] > git cat-file -s 707edef6ee807fb93f980837b79f5d270adf335d [56ms]
2024-12-30 18:21:16.565 [info] Log level: Info
2024-12-30 18:21:16.568 [info] Validating found git in: "git"
2024-12-30 18:21:16.569 [info] Using git "2.43.0" from "git"
2024-12-30 18:21:16.569 [info] > git rev-parse --show-toplevel [824ms]
2024-12-30 18:21:16.596 [info] > git rev-parse --git-dir --git-common-dir [6ms]
2024-12-30 18:21:16.680 [info] Open repository: /mnt/hdd/HDD(lost+found)/instant_chef_project/recipe_filter
2024-12-30 18:21:16.783 [info] > git rev-parse --show-toplevel [26ms]
2024-12-30 18:21:16.786 [info] > git config --get commit.template [53ms]
2024-12-30 18:21:16.821 [info] > git for-each-ref --format=%(refname)%00%(upstream:short)%00%(objectname)%00%(upstream:track)%00%(upstream:remotename)%00%(upstream:remoteref) refs/heads/main refs/remotes/main [7ms]
2024-12-30 18:21:16.822 [info] > git rev-parse --show-toplevel [21ms]
2024-12-30 18:21:16.848 [info] > git rev-parse --show-toplevel [18ms]
2024-12-30 18:21:16.870 [info] > git rev-parse --show-toplevel [15ms]
2024-12-30 18:21:16.891 [info] > git rev-parse --show-toplevel [1ms]
2024-12-30 18:21:16.916 [info] > git status -z -uall [48ms]
2024-12-30 18:21:16.990 [info] > git merge-base refs/heads/main refs/remotes/origin/main [61ms]
2024-12-30 18:21:17.003 [info] > git config --get commit.template [44ms]
2024-12-30 18:21:17.004 [info] > git rev-list --count --left-right refs/heads/main...refs/remotes/origin/main [6ms]
2024-12-30 18:21:17.015 [info] > git diff --name-status -z --diff-filter=ADMR 85926a403c70adf575db626f7cfeae5292774141...refs/remotes/origin/main [0ms]
2024-12-30 18:21:17.101 [info] > git for-each-ref --format=%(refname)%00%(upstream:short)%00%(objectname)%00%(upstream:track)%00%(upstream:remotename)%00%(upstream:remoteref) refs/heads/main refs/remotes/main [71ms]
2024-12-30 18:21:17.203 [info] > git status -z -uall [77ms]
2024-12-30 18:21:17.628 [info] > git check-ignore -v -z --stdin [7ms]
2024-12-30 18:21:18.265 [info] > git show --textconv :recipes.json [24ms]
2024-12-30 18:21:18.274 [info] > git ls-files --stage -- /mnt/hdd/HDD(lost+found)/instant_chef_project/recipe_filter/recipes.json [10ms]
2024-12-30 18:21:18.298 [info] > git cat-file -s 707edef6ee807fb93f980837b79f5d270adf335d [4ms]
2024-12-30 18:21:20.375 [info] > git config --get commit.template [9ms]
2024-12-30 18:21:20.377 [info] > git for-each-ref --format=%(refname)%00%(upstream:short)%00%(objectname)%00%(upstream:track)%00%(upstream:remotename)%00%(upstream:remoteref) refs/heads/main refs/remotes/main [3ms]
2024-12-30 18:21:20.409 [info] > git status -z -uall [24ms]
2024-12-30 18:21:27.470 [info] > git config --get commit.template [9ms]
2024-12-30 18:21:27.472 [info] > git for-each-ref --format=%(refname)%00%(upstream:short)%00%(objectname)%00%(upstream:track)%00%(upstream:remotename)%00%(upstream:remoteref) refs/heads/main refs/remotes/main [3ms]
2024-12-30 18:21:27.504 [info] > git status -z -uall [23ms]
2024-12-30 18:21:32.534 [info] > git config --get commit.template [10ms]
2024-12-30 18:21:32.536 [info] > git for-each-ref --format=%(refname)%00%(upstream:short)%00%(objectname)%00%(upstream:track)%00%(upstream:remotename)%00%(upstream:remoteref) refs/heads/main refs/remotes/main [4ms]
2024-12-30 18:21:32.573 [info] > git status -z -uall [28ms]
2024-12-30 18:21:37.600 [info] > git config --get commit.template [9ms]
2024-12-30 18:21:37.602 [info] > git for-each-ref --format=%(refname)%00%(upstream:short)%00%(objectname)%00%(upstream:track)%00%(upstream:remotename)%00%(upstream:remoteref) refs/heads/main refs/remotes/main [3ms]
2024-12-30 18:21:37.633 [info] > git status -z -uall [22ms]
2024-12-30 18:21:49.118 [info] > git config --get commit.template [10ms]
2024-12-30 18:21:49.119 [info] > git for-each-ref --format=%(refname)%00%(upstream:short)%00%(objectname)%00%(upstream:track)%00%(upstream:remotename)%00%(upstream:remoteref) refs/heads/main refs/remotes/main [4ms]
2024-12-30 18:21:49.159 [info] > git status -z -uall [31ms]
2024-12-30 18:22:38.932 [info] > git config --get commit.template [2ms]
2024-12-30 18:22:38.943 [info] > git for-each-ref --format=%(refname)%00%(upstream:short)%00%(objectname)%00%(upstream:track)%00%(upstream:remotename)%00%(upstream:remoteref) refs/heads/main refs/remotes/main [3ms]
2024-12-30 18:22:38.969 [info] > git status -z -uall [20ms]
2024-12-30 18:22:43.994 [info] > git config --get commit.template [8ms]
2024-12-30 18:22:43.996 [info] > git for-each-ref --format=%(refname)%00%(upstream:short)%00%(objectname)%00%(upstream:track)%00%(upstream:remotename)%00%(upstream:remoteref) refs/heads/main refs/remotes/main [3ms]
2024-12-30 18:22:44.026 [info] > git status -z -uall [23ms]
2024-12-30 18:22:46.414 [info] > git ls-files --stage -- /mnt/hdd/HDD(lost+found)/instant_chef_project/recipe_filter/controllers/recipeController.js [4ms]
2024-12-30 18:22:46.503 [info] > git show --textconv :controllers/recipeController.js [100ms]
2024-12-30 18:22:46.503 [info] > git cat-file -s 84ffe6afdf4f8696dc6da1eba3f6769561d181e9 [83ms]
2024-12-30 18:22:49.054 [info] > git config --get commit.template [7ms]
2024-12-30 18:22:49.055 [info] > git for-each-ref --format=%(refname)%00%(upstream:short)%00%(objectname)%00%(upstream:track)%00%(upstream:remotename)%00%(upstream:remoteref) refs/heads/main refs/remotes/main [3ms]
2024-12-30 18:22:49.090 [info] > git status -z -uall [27ms]
2024-12-30 18:23:00.017 [info] > git config --get commit.template [7ms]
2024-12-30 18:23:00.019 [info] > git for-each-ref --format=%(refname)%00%(upstream:short)%00%(objectname)%00%(upstream:track)%00%(upstream:remotename)%00%(upstream:remoteref) refs/heads/main refs/remotes/main [3ms]
2024-12-30 18:23:00.043 [info] > git status -z -uall [18ms]
2024-12-30 18:23:14.234 [info] > git config --get commit.template [8ms]
2024-12-30 18:23:14.236 [info] > git for-each-ref --format=%(refname)%00%(upstream:short)%00%(objectname)%00%(upstream:track)%00%(upstream:remotename)%00%(upstream:remoteref) refs/heads/main refs/remotes/main [2ms]
2024-12-30 18:23:14.263 [info] > git status -z -uall [21ms]
2024-12-30 18:23:21.315 [info] > git config --get commit.template [2ms]
2024-12-30 18:23:21.324 [info] > git for-each-ref --format=%(refname)%00%(upstream:short)%00%(objectname)%00%(upstream:track)%00%(upstream:remotename)%00%(upstream:remoteref) refs/heads/main refs/remotes/main [3ms]
2024-12-30 18:23:21.355 [info] > git status -z -uall [25ms]
2024-12-30 18:23:26.380 [info] > git config --get commit.template [9ms]
2024-12-30 18:23:26.381 [info] > git for-each-ref --format=%(refname)%00%(upstream:short)%00%(objectname)%00%(upstream:track)%00%(upstream:remotename)%00%(upstream:remoteref) refs/heads/main refs/remotes/main [2ms]
2024-12-30 18:23:26.408 [info] > git status -z -uall [19ms]
2024-12-30 18:23:31.811 [info] > git config --get commit.template [9ms]
2024-12-30 18:23:31.813 [info] > git for-each-ref --format=%(refname)%00%(upstream:short)%00%(objectname)%00%(upstream:track)%00%(upstream:remotename)%00%(upstream:remoteref) refs/heads/main refs/remotes/main [2ms]
2024-12-30 18:23:31.844 [info] > git status -z -uall [22ms]
2024-12-30 18:23:36.868 [info] > git config --get commit.template [6ms]
2024-12-30 18:23:36.870 [info] > git for-each-ref --format=%(refname)%00%(upstream:short)%00%(objectname)%00%(upstream:track)%00%(upstream:remotename)%00%(upstream:remoteref) refs/heads/main refs/remotes/main [3ms]
2024-12-30 18:23:36.900 [info] > git status -z -uall [22ms]
2024-12-30 18:23:41.925 [info] > git config --get commit.template [8ms]
2024-12-30 18:23:41.927 [info] > git for-each-ref --format=%(refname)%00%(upstream:short)%00%(objectname)%00%(upstream:track)%00%(upstream:remotename)%00%(upstream:remoteref) refs/heads/main refs/remotes/main [3ms]
2024-12-30 18:23:41.954 [info] > git status -z -uall [19ms]
2024-12-30 18:23:49.248 [info] > git config --get commit.template [8ms]
2024-12-30 18:23:49.250 [info] > git for-each-ref --format=%(refname)%00%(upstream:short)%00%(objectname)%00%(upstream:track)%00%(upstream:remotename)%00%(upstream:remoteref) refs/heads/main refs/remotes/main [3ms]
2024-12-30 18:23:49.272 [info] > git status -z -uall [17ms]
2024-12-30 18:23:56.622 [info] > git config --get commit.template [9ms]
2024-12-30 18:23:56.624 [info] > git for-each-ref --format=%(refname)%00%(upstream:short)%00%(objectname)%00%(upstream:track)%00%(upstream:remotename)%00%(upstream:remoteref) refs/heads/main refs/remotes/main [3ms]
2024-12-30 18:23:56.656 [info] > git status -z -uall [23ms]
2024-12-30 18:24:04.325 [info] > git config --get commit.template [2ms]
2024-12-30 18:24:04.334 [info] > git for-each-ref --format=%(refname)%00%(upstream:short)%00%(objectname)%00%(upstream:track)%00%(upstream:remotename)%00%(upstream:remoteref) refs/heads/main refs/remotes/main [3ms]
2024-12-30 18:24:04.361 [info] > git status -z -uall [20ms]
2024-12-30 18:24:08.120 [info] > git ls-files --stage -- /mnt/hdd/HDD(lost+found)/instant_chef_project/recipe_filter/routes/recipeRoute.js [6ms]
2024-12-30 18:24:08.170 [info] > git show --textconv :routes/recipeRoute.js [61ms]
2024-12-30 18:24:08.170 [info] > git cat-file -s a39103df2ccc9047570532f3bed3c9c6d4c75b12 [45ms]
2024-12-30 18:24:13.950 [info] > git config --get commit.template [7ms]
2024-12-30 18:24:13.951 [info] > git for-each-ref --format=%(refname)%00%(upstream:short)%00%(objectname)%00%(upstream:track)%00%(upstream:remotename)%00%(upstream:remoteref) refs/heads/main refs/remotes/main [3ms]
2024-12-30 18:24:13.979 [info] > git status -z -uall [22ms]
2024-12-30 18:24:19.008 [info] > git config --get commit.template [1ms]
2024-12-30 18:24:19.018 [info] > git for-each-ref --format=%(refname)%00%(upstream:short)%00%(objectname)%00%(upstream:track)%00%(upstream:remotename)%00%(upstream:remoteref) refs/heads/main refs/remotes/main [1ms]
2024-12-30 18:24:19.055 [info] > git status -z -uall [28ms]
2024-12-30 18:24:24.073 [info] > git config --get commit.template [2ms]
2024-12-30 18:24:24.081 [info] > git for-each-ref --format=%(refname)%00%(upstream:short)%00%(objectname)%00%(upstream:track)%00%(upstream:remotename)%00%(upstream:remoteref) refs/heads/main refs/remotes/main [2ms]
2024-12-30 18:24:24.106 [info] > git status -z -uall [18ms]
2024-12-30 18:24:29.135 [info] > git config --get commit.template [10ms]
2024-12-30 18:24:29.137 [info] > git for-each-ref --format=%(refname)%00%(upstream:short)%00%(objectname)%00%(upstream:track)%00%(upstream:remotename)%00%(upstream:remoteref) refs/heads/main refs/remotes/main [3ms]
2024-12-30 18:24:29.166 [info] > git status -z -uall [19ms]
2024-12-30 18:24:36.185 [info] > git config --get commit.template [9ms]
2024-12-30 18:24:36.187 [info] > git for-each-ref --format=%(refname)%00%(upstream:short)%00%(objectname)%00%(upstream:track)%00%(upstream:remotename)%00%(upstream:remoteref) refs/heads/main refs/remotes/main [3ms]
2024-12-30 18:24:36.214 [info] > git status -z -uall [22ms]
2024-12-30 18:24:41.242 [info] > git config --get commit.template [9ms]
2024-12-30 18:24:41.245 [info] > git for-each-ref --format=%(refname)%00%(upstream:short)%00%(objectname)%00%(upstream:track)%00%(upstream:remotename)%00%(upstream:remoteref) refs/heads/main refs/remotes/main [4ms]
2024-12-30 18:24:41.274 [info] > git status -z -uall [21ms]
2024-12-30 18:24:46.299 [info] > git config --get commit.template [9ms]
2024-12-30 18:24:46.301 [info] > git for-each-ref --format=%(refname)%00%(upstream:short)%00%(objectname)%00%(upstream:track)%00%(upstream:remotename)%00%(upstream:remoteref) refs/heads/main refs/remotes/main [3ms]
2024-12-30 18:24:46.344 [info] > git status -z -uall [33ms]
2024-12-30 18:24:47.590 [info] > git show --textconv :controllers/recipeController.js [10ms]
2024-12-30 18:24:47.597 [info] > git ls-files --stage -- /mnt/hdd/HDD(lost+found)/instant_chef_project/recipe_filter/controllers/recipeController.js [8ms]
2024-12-30 18:24:47.606 [info] > git cat-file -s 84ffe6afdf4f8696dc6da1eba3f6769561d181e9 [2ms]
2024-12-30 18:24:51.372 [info] > git config --get commit.template [9ms]
2024-12-30 18:24:51.375 [info] > git for-each-ref --format=%(refname)%00%(upstream:short)%00%(objectname)%00%(upstream:track)%00%(upstream:remotename)%00%(upstream:remoteref) refs/heads/main refs/remotes/main [3ms]
2024-12-30 18:24:51.404 [info] > git status -z -uall [20ms]
2024-12-30 18:35:43.072 [info] > git config --get commit.template [3ms]
2024-12-30 18:35:43.084 [info] > git for-each-ref --format=%(refname)%00%(upstream:short)%00%(objectname)%00%(upstream:track)%00%(upstream:remotename)%00%(upstream:remoteref) refs/heads/main refs/remotes/main [2ms]
2024-12-30 18:35:43.113 [info] > git status -z -uall [23ms]
2024-12-30 18:45:40.011 [info] > git config --get commit.template [3ms]
2024-12-30 18:45:40.026 [info] > git for-each-ref --format=%(refname)%00%(upstream:short)%00%(objectname)%00%(upstream:track)%00%(upstream:remotename)%00%(upstream:remoteref) refs/heads/main refs/remotes/main [5ms]
2024-12-30 18:45:40.057 [info] > git status -z -uall [25ms]
2024-12-30 18:45:45.084 [info] > git config --get commit.template [7ms]
2024-12-30 18:45:45.085 [info] > git for-each-ref --format=%(refname)%00%(upstream:short)%00%(objectname)%00%(upstream:track)%00%(upstream:remotename)%00%(upstream:remoteref) refs/heads/main refs/remotes/main [2ms]
2024-12-30 18:45:45.111 [info] > git status -z -uall [20ms]
2024-12-30 18:48:08.179 [info] > git config --get commit.template [17ms]
2024-12-30 18:48:08.188 [info] > git for-each-ref --format=%(refname)%00%(upstream:short)%00%(objectname)%00%(upstream:track)%00%(upstream:remotename)%00%(upstream:remoteref) refs/heads/main refs/remotes/main [13ms]
2024-12-30 18:48:08.222 [info] > git status -z -uall [27ms]
2024-12-30 18:50:05.364 [info] > git config --get commit.template [3ms]
2024-12-30 18:50:05.378 [info] > git for-each-ref --format=%(refname)%00%(upstream:short)%00%(objectname)%00%(upstream:track)%00%(upstream:remotename)%00%(upstream:remoteref) refs/heads/main refs/remotes/main [4ms]
2024-12-30 18:50:05.414 [info] > git status -z -uall [27ms]
2024-12-30 19:17:25.893 [info] > git config --get commit.template [14ms]
2024-12-30 19:17:25.900 [info] > git for-each-ref --format=%(refname)%00%(upstream:short)%00%(objectname)%00%(upstream:track)%00%(upstream:remotename)%00%(upstream:remoteref) refs/heads/main refs/remotes/main [8ms]
2024-12-30 19:17:25.956 [info] > git status -z -uall [40ms]
2024-12-30 19:24:25.749 [info] > git config --get commit.template [3ms]
2024-12-30 19:24:25.760 [info] > git for-each-ref --format=%(refname)%00%(upstream:short)%00%(objectname)%00%(upstream:track)%00%(upstream:remotename)%00%(upstream:remoteref) refs/heads/main refs/remotes/main [2ms]
2024-12-30 19:24:25.789 [info] > git status -z -uall [24ms]
2024-12-30 19:51:42.194 [info] > git config --get commit.template [14ms]
2024-12-30 19:51:42.196 [info] > git for-each-ref --format=%(refname)%00%(upstream:short)%00%(objectname)%00%(upstream:track)%00%(upstream:remotename)%00%(upstream:remoteref) refs/heads/main refs/remotes/main [5ms]
2024-12-30 19:51:42.230 [info] > git status -z -uall [24ms]
