2025-02-10 06:48:48.147 [info] Reading sessions from keychain...
2025-02-10 06:48:48.148 [info] Getting sessions for all scopes...
2025-02-10 06:48:48.148 [info] Getting sessions for all scopes...
2025-02-10 06:48:48.159 [info] Getting sessions for read:user,repo,user:email,workflow...
2025-02-10 06:48:48.160 [info] Getting sessions for all scopes...
2025-02-10 06:48:48.221 [info] Got 0 sessions for ...
2025-02-10 06:48:48.222 [info] Got 0 sessions for ...
2025-02-10 06:48:48.222 [info] Got 0 sessions for read:user,repo,user:email,workflow...
2025-02-10 06:48:48.222 [info] Got 0 sessions for ...
2025-02-10 06:49:06.952 [info] Reading sessions from keychain...
2025-02-10 06:49:06.952 [info] Getting sessions for all scopes...
2025-02-10 06:49:06.952 [info] Getting sessions for all scopes...
2025-02-10 06:49:06.952 [info] Got 0 sessions for ...
2025-02-10 06:49:06.952 [info] Got 0 sessions for ...
2025-02-10 06:49:06.952 [info] Getting sessions for all scopes...
2025-02-10 06:49:06.952 [info] Got 0 sessions for ...
2025-02-10 06:49:06.952 [info] Getting sessions for read:user,repo,user:email,workflow...
2025-02-10 06:49:06.952 [info] Got 0 sessions for read:user,repo,user:email,workflow...
2025-02-10 06:49:31.738 [info] Reading sessions from keychain...
2025-02-10 06:49:31.738 [info] Getting sessions for all scopes...
2025-02-10 06:49:31.738 [info] Getting sessions for all scopes...
2025-02-10 06:49:31.738 [info] Got 0 sessions for ...
2025-02-10 06:49:31.738 [info] Got 0 sessions for ...
2025-02-10 06:49:31.799 [info] Getting sessions for read:user,repo,user:email,workflow...
2025-02-10 06:49:31.799 [info] Got 0 sessions for read:user,repo,user:email,workflow...
2025-02-10 06:49:32.554 [info] Getting sessions for all scopes...
2025-02-10 06:49:32.554 [info] Got 0 sessions for ...
